2023-08-31 19:43:37.653 [info] Invoking resolveAuthority(ssh-remote)...
2023-08-31 19:43:37.654 [info] [LocalProcess0][resolveAuthority(ssh-remote,1)][0ms] obtaining proxy...
2023-08-31 19:43:37.654 [info] [LocalProcess0][resolveAuthority(ssh-remote,1)][0ms] invoking...
2023-08-31 19:43:38.656 [info] [LocalProcess0][resolveAuthority(ssh-remote,1)][1000ms] waiting...
2023-08-31 19:43:39.655 [info] [LocalProcess0][resolveAuthority(ssh-remote,1)][2000ms] waiting...
2023-08-31 19:43:40.655 [info] [LocalProcess0][resolveAuthority(ssh-remote,1)][3000ms] waiting...
2023-08-31 19:43:41.655 [info] [LocalProcess0][resolveAuthority(ssh-remote,1)][4000ms] waiting...
2023-08-31 19:43:42.656 [info] [LocalProcess0][resolveAuthority(ssh-remote,1)][5000ms] waiting...
2023-08-31 19:43:43.656 [info] [LocalProcess0][resolveAuthority(ssh-remote,1)][6000ms] waiting...
2023-08-31 19:43:44.655 [info] [LocalProcess0][resolveAuthority(ssh-remote,1)][7000ms] waiting...
2023-08-31 19:43:45.656 [info] [LocalProcess0][resolveAuthority(ssh-remote,1)][8001ms] waiting...
2023-08-31 19:43:46.656 [info] [LocalProcess0][resolveAuthority(ssh-remote,1)][9000ms] waiting...
2023-08-31 19:43:47.656 [info] [LocalProcess0][resolveAuthority(ssh-remote,1)][10001ms] waiting...
2023-08-31 19:43:48.656 [info] [LocalProcess0][resolveAuthority(ssh-remote,1)][11000ms] waiting...
2023-08-31 19:43:49.656 [info] [LocalProcess0][resolveAuthority(ssh-remote,1)][12000ms] waiting...
2023-08-31 19:43:50.656 [info] [LocalProcess0][resolveAuthority(ssh-remote,1)][13000ms] waiting...
2023-08-31 19:43:51.656 [info] [LocalProcess0][resolveAuthority(ssh-remote,1)][14000ms] waiting...
2023-08-31 19:43:52.655 [info] [LocalProcess0][resolveAuthority(ssh-remote,1)][15000ms] waiting...
2023-08-31 19:43:53.655 [info] [LocalProcess0][resolveAuthority(ssh-remote,1)][16000ms] waiting...
2023-08-31 19:43:54.656 [info] [LocalProcess0][resolveAuthority(ssh-remote,1)][17000ms] waiting...
2023-08-31 19:43:55.655 [info] [LocalProcess0][resolveAuthority(ssh-remote,1)][18000ms] waiting...
2023-08-31 19:43:56.655 [info] [LocalProcess0][resolveAuthority(ssh-remote,1)][19000ms] waiting...
2023-08-31 19:43:57.656 [info] [LocalProcess0][resolveAuthority(ssh-remote,1)][20000ms] waiting...
2023-08-31 19:43:58.656 [info] [LocalProcess0][resolveAuthority(ssh-remote,1)][21001ms] waiting...
2023-08-31 19:43:59.656 [info] [LocalProcess0][resolveAuthority(ssh-remote,1)][22000ms] waiting...
2023-08-31 19:44:00.656 [info] [LocalProcess0][resolveAuthority(ssh-remote,1)][23000ms] waiting...
2023-08-31 19:44:01.656 [info] [LocalProcess0][resolveAuthority(ssh-remote,1)][24001ms] waiting...
2023-08-31 19:44:02.656 [info] [LocalProcess0][resolveAuthority(ssh-remote,1)][25000ms] waiting...
2023-08-31 19:44:03.656 [info] [LocalProcess0][resolveAuthority(ssh-remote,1)][26000ms] waiting...
2023-08-31 19:44:04.656 [info] [LocalProcess0][resolveAuthority(ssh-remote,1)][27000ms] waiting...
2023-08-31 19:44:05.656 [info] [LocalProcess0][resolveAuthority(ssh-remote,1)][28000ms] waiting...
2023-08-31 19:44:06.656 [info] [LocalProcess0][resolveAuthority(ssh-remote,1)][29000ms] waiting...
2023-08-31 19:44:07.656 [info] [LocalProcess0][resolveAuthority(ssh-remote,1)][30000ms] waiting...
2023-08-31 19:44:08.656 [info] [LocalProcess0][resolveAuthority(ssh-remote,1)][31000ms] waiting...
2023-08-31 19:44:09.655 [info] [LocalProcess0][resolveAuthority(ssh-remote,1)][32000ms] waiting...
2023-08-31 19:44:10.655 [info] [LocalProcess0][resolveAuthority(ssh-remote,1)][33000ms] waiting...
2023-08-31 19:44:11.656 [info] [LocalProcess0][resolveAuthority(ssh-remote,1)][34000ms] waiting...
2023-08-31 19:44:12.655 [info] [LocalProcess0][resolveAuthority(ssh-remote,1)][35000ms] waiting...
2023-08-31 19:44:13.655 [info] [LocalProcess0][resolveAuthority(ssh-remote,1)][36000ms] waiting...
2023-08-31 19:44:14.655 [info] [LocalProcess0][resolveAuthority(ssh-remote,1)][37000ms] waiting...
2023-08-31 19:44:15.655 [info] [LocalProcess0][resolveAuthority(ssh-remote,1)][38000ms] waiting...
2023-08-31 19:44:16.655 [info] [LocalProcess0][resolveAuthority(ssh-remote,1)][39000ms] waiting...
2023-08-31 19:44:17.656 [info] [LocalProcess0][resolveAuthority(ssh-remote,1)][40000ms] waiting...
2023-08-31 19:44:18.656 [info] [LocalProcess0][resolveAuthority(ssh-remote,1)][41000ms] waiting...
2023-08-31 19:44:19.655 [info] [LocalProcess0][resolveAuthority(ssh-remote,1)][42000ms] waiting...
2023-08-31 19:44:20.656 [info] [LocalProcess0][resolveAuthority(ssh-remote,1)][43000ms] waiting...
2023-08-31 19:44:21.656 [info] [LocalProcess0][resolveAuthority(ssh-remote,1)][44000ms] waiting...
2023-08-31 19:44:22.656 [info] [LocalProcess0][resolveAuthority(ssh-remote,1)][45000ms] waiting...
2023-08-31 19:44:23.656 [info] [LocalProcess0][resolveAuthority(ssh-remote,1)][46001ms] waiting...
2023-08-31 19:44:24.655 [info] [LocalProcess0][resolveAuthority(ssh-remote,1)][47000ms] waiting...
2023-08-31 19:44:25.655 [info] [LocalProcess0][resolveAuthority(ssh-remote,1)][48000ms] waiting...
2023-08-31 19:44:26.655 [info] [LocalProcess0][resolveAuthority(ssh-remote,1)][49000ms] waiting...
2023-08-31 19:44:27.656 [info] [LocalProcess0][resolveAuthority(ssh-remote,1)][50000ms] waiting...
2023-08-31 19:44:28.656 [info] [LocalProcess0][resolveAuthority(ssh-remote,1)][51000ms] waiting...
2023-08-31 19:44:29.656 [info] [LocalProcess0][resolveAuthority(ssh-remote,1)][52000ms] waiting...
2023-08-31 19:44:30.655 [info] [LocalProcess0][resolveAuthority(ssh-remote,1)][53000ms] waiting...
2023-08-31 19:44:31.655 [info] [LocalProcess0][resolveAuthority(ssh-remote,1)][54000ms] waiting...
2023-08-31 19:44:32.656 [info] [LocalProcess0][resolveAuthority(ssh-remote,1)][55001ms] waiting...
2023-08-31 19:44:33.656 [info] [LocalProcess0][resolveAuthority(ssh-remote,1)][56000ms] waiting...
2023-08-31 19:44:34.655 [info] [LocalProcess0][resolveAuthority(ssh-remote,1)][57000ms] waiting...
2023-08-31 19:44:35.656 [info] [LocalProcess0][resolveAuthority(ssh-remote,1)][58000ms] waiting...
2023-08-31 19:44:36.655 [info] [LocalProcess0][resolveAuthority(ssh-remote,1)][59000ms] waiting...
2023-08-31 19:44:37.655 [info] [LocalProcess0][resolveAuthority(ssh-remote,1)][60000ms] waiting...
2023-08-31 19:44:38.655 [info] [LocalProcess0][resolveAuthority(ssh-remote,1)][61000ms] waiting...
2023-08-31 19:44:39.656 [info] [LocalProcess0][resolveAuthority(ssh-remote,1)][62001ms] waiting...
2023-08-31 19:44:40.656 [info] [LocalProcess0][resolveAuthority(ssh-remote,1)][63000ms] waiting...
2023-08-31 19:44:41.656 [info] [LocalProcess0][resolveAuthority(ssh-remote,1)][64000ms] waiting...
2023-08-31 19:44:42.655 [info] [LocalProcess0][resolveAuthority(ssh-remote,1)][65000ms] waiting...
2023-08-31 19:44:43.656 [info] [LocalProcess0][resolveAuthority(ssh-remote,1)][66000ms] waiting...
2023-08-31 19:44:44.655 [info] [LocalProcess0][resolveAuthority(ssh-remote,1)][67000ms] waiting...
2023-08-31 19:44:45.656 [info] [LocalProcess0][resolveAuthority(ssh-remote,1)][68000ms] waiting...
2023-08-31 19:44:46.656 [info] [LocalProcess0][resolveAuthority(ssh-remote,1)][69000ms] waiting...
2023-08-31 19:44:47.655 [info] [LocalProcess0][resolveAuthority(ssh-remote,1)][70000ms] waiting...
2023-08-31 19:44:48.655 [info] [LocalProcess0][resolveAuthority(ssh-remote,1)][71000ms] waiting...
2023-08-31 19:44:49.655 [info] [LocalProcess0][resolveAuthority(ssh-remote,1)][72000ms] waiting...
2023-08-31 19:44:50.655 [info] [LocalProcess0][resolveAuthority(ssh-remote,1)][73000ms] waiting...
2023-08-31 19:44:51.656 [info] [LocalProcess0][resolveAuthority(ssh-remote,1)][74000ms] waiting...
2023-08-31 19:44:52.655 [info] [LocalProcess0][resolveAuthority(ssh-remote,1)][75000ms] waiting...
2023-08-31 19:44:53.656 [info] [LocalProcess0][resolveAuthority(ssh-remote,1)][76000ms] waiting...
2023-08-31 19:44:54.655 [info] [LocalProcess0][resolveAuthority(ssh-remote,1)][77000ms] waiting...
2023-08-31 19:44:55.655 [info] [LocalProcess0][resolveAuthority(ssh-remote,1)][78000ms] waiting...
2023-08-31 19:44:56.655 [info] [LocalProcess0][resolveAuthority(ssh-remote,1)][79000ms] waiting...
2023-08-31 19:44:57.656 [info] [LocalProcess0][resolveAuthority(ssh-remote,1)][80000ms] waiting...
2023-08-31 19:44:58.655 [info] [LocalProcess0][resolveAuthority(ssh-remote,1)][81000ms] waiting...
2023-08-31 19:44:59.656 [info] [LocalProcess0][resolveAuthority(ssh-remote,1)][82000ms] waiting...
2023-08-31 19:45:00.656 [info] [LocalProcess0][resolveAuthority(ssh-remote,1)][83000ms] waiting...
2023-08-31 19:45:01.656 [info] [LocalProcess0][resolveAuthority(ssh-remote,1)][84000ms] waiting...
2023-08-31 19:45:02.656 [info] [LocalProcess0][resolveAuthority(ssh-remote,1)][85000ms] waiting...
2023-08-31 19:45:03.656 [info] [LocalProcess0][resolveAuthority(ssh-remote,1)][86000ms] waiting...
2023-08-31 19:45:04.655 [info] [LocalProcess0][resolveAuthority(ssh-remote,1)][87000ms] waiting...
2023-08-31 19:45:05.656 [info] [LocalProcess0][resolveAuthority(ssh-remote,1)][88001ms] waiting...
2023-08-31 19:45:06.656 [info] [LocalProcess0][resolveAuthority(ssh-remote,1)][89000ms] waiting...
2023-08-31 19:45:07.655 [info] [LocalProcess0][resolveAuthority(ssh-remote,1)][90000ms] waiting...
2023-08-31 19:45:08.655 [info] [LocalProcess0][resolveAuthority(ssh-remote,1)][91000ms] waiting...
2023-08-31 19:45:09.656 [info] [LocalProcess0][resolveAuthority(ssh-remote,1)][92000ms] waiting...
2023-08-31 19:45:10.656 [info] [LocalProcess0][resolveAuthority(ssh-remote,1)][93000ms] waiting...
2023-08-31 19:45:11.655 [info] [LocalProcess0][resolveAuthority(ssh-remote,1)][94000ms] waiting...
2023-08-31 19:45:12.655 [info] [LocalProcess0][resolveAuthority(ssh-remote,1)][95000ms] waiting...
2023-08-31 19:45:13.656 [info] [LocalProcess0][resolveAuthority(ssh-remote,1)][96000ms] waiting...
2023-08-31 19:45:14.655 [info] [LocalProcess0][resolveAuthority(ssh-remote,1)][97000ms] waiting...
2023-08-31 19:45:15.656 [info] [LocalProcess0][resolveAuthority(ssh-remote,1)][98001ms] waiting...
2023-08-31 19:45:16.655 [info] [LocalProcess0][resolveAuthority(ssh-remote,1)][99000ms] waiting...
2023-08-31 19:45:17.656 [info] [LocalProcess0][resolveAuthority(ssh-remote,1)][100000ms] waiting...
2023-08-31 19:45:18.655 [info] [LocalProcess0][resolveAuthority(ssh-remote,1)][101000ms] waiting...
2023-08-31 19:45:19.656 [info] [LocalProcess0][resolveAuthority(ssh-remote,1)][102000ms] waiting...
2023-08-31 19:45:20.656 [info] [LocalProcess0][resolveAuthority(ssh-remote,1)][103000ms] waiting...
2023-08-31 19:45:21.656 [info] [LocalProcess0][resolveAuthority(ssh-remote,1)][104000ms] waiting...
2023-08-31 19:45:22.655 [info] [LocalProcess0][resolveAuthority(ssh-remote,1)][105000ms] waiting...
2023-08-31 19:45:23.655 [info] [LocalProcess0][resolveAuthority(ssh-remote,1)][106000ms] waiting...
2023-08-31 19:45:24.655 [info] [LocalProcess0][resolveAuthority(ssh-remote,1)][107000ms] waiting...
2023-08-31 19:45:25.655 [info] [LocalProcess0][resolveAuthority(ssh-remote,1)][108000ms] waiting...
2023-08-31 19:45:26.655 [info] [LocalProcess0][resolveAuthority(ssh-remote,1)][109000ms] waiting...
2023-08-31 19:45:27.655 [info] [LocalProcess0][resolveAuthority(ssh-remote,1)][110000ms] waiting...
2023-08-31 19:45:28.655 [info] [LocalProcess0][resolveAuthority(ssh-remote,1)][111000ms] waiting...
2023-08-31 19:45:29.656 [info] [LocalProcess0][resolveAuthority(ssh-remote,1)][112000ms] waiting...
2023-08-31 19:45:30.655 [info] [LocalProcess0][resolveAuthority(ssh-remote,1)][113000ms] waiting...
2023-08-31 19:45:31.655 [info] [LocalProcess0][resolveAuthority(ssh-remote,1)][114000ms] waiting...
2023-08-31 19:45:32.655 [info] [LocalProcess0][resolveAuthority(ssh-remote,1)][115000ms] waiting...
2023-08-31 19:45:33.655 [info] [LocalProcess0][resolveAuthority(ssh-remote,1)][116000ms] waiting...
2023-08-31 19:45:34.656 [info] [LocalProcess0][resolveAuthority(ssh-remote,1)][117000ms] waiting...
2023-08-31 19:45:35.655 [info] [LocalProcess0][resolveAuthority(ssh-remote,1)][118000ms] waiting...
2023-08-31 19:45:36.655 [info] [LocalProcess0][resolveAuthority(ssh-remote,1)][119000ms] waiting...
2023-08-31 19:45:37.655 [info] [LocalProcess0][resolveAuthority(ssh-remote,1)][120000ms] waiting...
2023-08-31 19:45:38.045 [error] [LocalProcess0][resolveAuthority(ssh-remote,1)][120390ms] returned an error {"code":"NotAvailable","message":"Timed out while waiting for the local startup lock","detail":true}
2023-08-31 19:45:38.045 [error] resolveAuthority(ssh-remote) returned an error after 120391 ms Timed out while waiting for the local startup lock
2023-08-31 19:45:38.046 [error] Error received from starting extension host (kind: Remote)
2023-08-31 19:45:38.046 [error] CodeExpectedError: Timed out while waiting for the local startup lock
    at G.ob (vscode-file://vscode-app/opt/visual-studio-code/resources/app/out/vs/workbench/workbench.desktop.main.js:2616:20056)
    at async G.nb (vscode-file://vscode-app/opt/visual-studio-code/resources/app/out/vs/workbench/workbench.desktop.main.js:2616:19327)
    at async G.Lb (vscode-file://vscode-app/opt/visual-studio-code/resources/app/out/vs/workbench/workbench.desktop.main.js:2617:11191)
    at async G.gb (vscode-file://vscode-app/opt/visual-studio-code/resources/app/out/vs/workbench/workbench.desktop.main.js:2616:17108)
2023-08-31 19:45:38.048 [error] [remote-connection][attempt 1] An error occurred in initial connection! Will retry... Error:
2023-08-31 19:45:38.048 [error] CodeExpectedError: Timed out while waiting for the local startup lock
    at G.ob (vscode-file://vscode-app/opt/visual-studio-code/resources/app/out/vs/workbench/workbench.desktop.main.js:2616:20056)
    at async G.nb (vscode-file://vscode-app/opt/visual-studio-code/resources/app/out/vs/workbench/workbench.desktop.main.js:2616:19327)
    at async G.Lb (vscode-file://vscode-app/opt/visual-studio-code/resources/app/out/vs/workbench/workbench.desktop.main.js:2617:11191)
    at async G.gb (vscode-file://vscode-app/opt/visual-studio-code/resources/app/out/vs/workbench/workbench.desktop.main.js:2616:17108)
2023-08-31 19:45:38.049 [error] [remote-connection][attempt 2] An error occurred in initial connection! Will retry... Error:
2023-08-31 19:45:38.050 [error] CodeExpectedError: Timed out while waiting for the local startup lock
    at G.ob (vscode-file://vscode-app/opt/visual-studio-code/resources/app/out/vs/workbench/workbench.desktop.main.js:2616:20056)
    at async G.nb (vscode-file://vscode-app/opt/visual-studio-code/resources/app/out/vs/workbench/workbench.desktop.main.js:2616:19327)
    at async G.Lb (vscode-file://vscode-app/opt/visual-studio-code/resources/app/out/vs/workbench/workbench.desktop.main.js:2617:11191)
    at async G.gb (vscode-file://vscode-app/opt/visual-studio-code/resources/app/out/vs/workbench/workbench.desktop.main.js:2616:17108)
2023-08-31 19:45:38.091 [error] [remote-connection][attempt 3] An error occurred in initial connection! Will retry... Error:
2023-08-31 19:45:38.092 [error] CodeExpectedError: Timed out while waiting for the local startup lock
    at G.ob (vscode-file://vscode-app/opt/visual-studio-code/resources/app/out/vs/workbench/workbench.desktop.main.js:2616:20056)
    at async G.nb (vscode-file://vscode-app/opt/visual-studio-code/resources/app/out/vs/workbench/workbench.desktop.main.js:2616:19327)
    at async G.Lb (vscode-file://vscode-app/opt/visual-studio-code/resources/app/out/vs/workbench/workbench.desktop.main.js:2617:11191)
    at async G.gb (vscode-file://vscode-app/opt/visual-studio-code/resources/app/out/vs/workbench/workbench.desktop.main.js:2616:17108)
2023-08-31 19:45:38.132 [error] [remote-connection][attempt 4] An error occurred in initial connection! Will retry... Error:
2023-08-31 19:45:38.133 [error] CodeExpectedError: Timed out while waiting for the local startup lock
    at G.ob (vscode-file://vscode-app/opt/visual-studio-code/resources/app/out/vs/workbench/workbench.desktop.main.js:2616:20056)
    at async G.nb (vscode-file://vscode-app/opt/visual-studio-code/resources/app/out/vs/workbench/workbench.desktop.main.js:2616:19327)
    at async G.Lb (vscode-file://vscode-app/opt/visual-studio-code/resources/app/out/vs/workbench/workbench.desktop.main.js:2617:11191)
    at async G.gb (vscode-file://vscode-app/opt/visual-studio-code/resources/app/out/vs/workbench/workbench.desktop.main.js:2616:17108)
2023-08-31 19:45:38.134 [error] [remote-connection][attempt 5]  An error occurred in initial connection! It will be treated as a permanent error. Error:
2023-08-31 19:45:38.134 [error] CodeExpectedError: Timed out while waiting for the local startup lock
    at G.ob (vscode-file://vscode-app/opt/visual-studio-code/resources/app/out/vs/workbench/workbench.desktop.main.js:2616:20056)
    at async G.nb (vscode-file://vscode-app/opt/visual-studio-code/resources/app/out/vs/workbench/workbench.desktop.main.js:2616:19327)
    at async G.Lb (vscode-file://vscode-app/opt/visual-studio-code/resources/app/out/vs/workbench/workbench.desktop.main.js:2617:11191)
    at async G.gb (vscode-file://vscode-app/opt/visual-studio-code/resources/app/out/vs/workbench/workbench.desktop.main.js:2616:17108)
2023-08-31 19:45:38.135 [error] CodeExpectedError: Timed out while waiting for the local startup lock
    at G.ob (vscode-file://vscode-app/opt/visual-studio-code/resources/app/out/vs/workbench/workbench.desktop.main.js:2616:20056)
    at async G.nb (vscode-file://vscode-app/opt/visual-studio-code/resources/app/out/vs/workbench/workbench.desktop.main.js:2616:19327)
    at async G.Lb (vscode-file://vscode-app/opt/visual-studio-code/resources/app/out/vs/workbench/workbench.desktop.main.js:2617:11191)
    at async G.gb (vscode-file://vscode-app/opt/visual-studio-code/resources/app/out/vs/workbench/workbench.desktop.main.js:2616:17108)
2023-08-31 19:45:38.137 [error] Cannot register remote filesystem provider. Error while fetching remote environment. Timed out while waiting for the local startup lock
2023-08-31 19:45:38.137 [error] CodeExpectedError: Timed out while waiting for the local startup lock
    at G.ob (vscode-file://vscode-app/opt/visual-studio-code/resources/app/out/vs/workbench/workbench.desktop.main.js:2616:20056)
    at async G.nb (vscode-file://vscode-app/opt/visual-studio-code/resources/app/out/vs/workbench/workbench.desktop.main.js:2616:19327)
    at async G.Lb (vscode-file://vscode-app/opt/visual-studio-code/resources/app/out/vs/workbench/workbench.desktop.main.js:2617:11191)
    at async G.gb (vscode-file://vscode-app/opt/visual-studio-code/resources/app/out/vs/workbench/workbench.desktop.main.js:2616:17108)
2023-08-31 19:45:38.137 [error] CodeExpectedError: Timed out while waiting for the local startup lock
    at G.ob (vscode-file://vscode-app/opt/visual-studio-code/resources/app/out/vs/workbench/workbench.desktop.main.js:2616:20056)
    at async G.nb (vscode-file://vscode-app/opt/visual-studio-code/resources/app/out/vs/workbench/workbench.desktop.main.js:2616:19327)
    at async G.Lb (vscode-file://vscode-app/opt/visual-studio-code/resources/app/out/vs/workbench/workbench.desktop.main.js:2617:11191)
    at async G.gb (vscode-file://vscode-app/opt/visual-studio-code/resources/app/out/vs/workbench/workbench.desktop.main.js:2616:17108)
2023-08-31 19:45:38.137 [error] CodeExpectedError: Timed out while waiting for the local startup lock
    at G.ob (vscode-file://vscode-app/opt/visual-studio-code/resources/app/out/vs/workbench/workbench.desktop.main.js:2616:20056)
    at async G.nb (vscode-file://vscode-app/opt/visual-studio-code/resources/app/out/vs/workbench/workbench.desktop.main.js:2616:19327)
    at async G.Lb (vscode-file://vscode-app/opt/visual-studio-code/resources/app/out/vs/workbench/workbench.desktop.main.js:2617:11191)
    at async G.gb (vscode-file://vscode-app/opt/visual-studio-code/resources/app/out/vs/workbench/workbench.desktop.main.js:2616:17108)
2023-08-31 19:45:38.137 [error] CodeExpectedError: Timed out while waiting for the local startup lock
    at G.ob (vscode-file://vscode-app/opt/visual-studio-code/resources/app/out/vs/workbench/workbench.desktop.main.js:2616:20056)
    at async G.nb (vscode-file://vscode-app/opt/visual-studio-code/resources/app/out/vs/workbench/workbench.desktop.main.js:2616:19327)
    at async G.Lb (vscode-file://vscode-app/opt/visual-studio-code/resources/app/out/vs/workbench/workbench.desktop.main.js:2617:11191)
    at async G.gb (vscode-file://vscode-app/opt/visual-studio-code/resources/app/out/vs/workbench/workbench.desktop.main.js:2616:17108)
2023-08-31 19:45:38.139 [error] CodeExpectedError: Timed out while waiting for the local startup lock
    at G.ob (vscode-file://vscode-app/opt/visual-studio-code/resources/app/out/vs/workbench/workbench.desktop.main.js:2616:20056)
    at async G.nb (vscode-file://vscode-app/opt/visual-studio-code/resources/app/out/vs/workbench/workbench.desktop.main.js:2616:19327)
    at async G.Lb (vscode-file://vscode-app/opt/visual-studio-code/resources/app/out/vs/workbench/workbench.desktop.main.js:2617:11191)
    at async G.gb (vscode-file://vscode-app/opt/visual-studio-code/resources/app/out/vs/workbench/workbench.desktop.main.js:2616:17108)
2023-08-31 19:45:38.143 [warning] Ignoring the error while validating workspace folder vscode-remote://ssh-remote%2Bbtp/storage2/web_server - ENOPRO: No file system provider found for resource 'vscode-remote://ssh-remote%2Bbtp/storage2/web_server'
2023-08-31 19:45:38.144 [error] CodeExpectedError: ENOPRO: No file system provider found for resource 'vscode-remote://ssh-remote%2Bbtp/storage2/web_server'
    at o.j (vscode-file://vscode-app/opt/visual-studio-code/resources/app/out/vs/workbench/workbench.desktop.main.js:627:11395)
    at async o.W (vscode-file://vscode-app/opt/visual-studio-code/resources/app/out/vs/workbench/workbench.desktop.main.js:627:22002)
    at async vscode-file://vscode-app/opt/visual-studio-code/resources/app/out/vs/workbench/workbench.desktop.main.js:627:21897
2023-08-31 19:45:38.144 [error] ENOPRO: No file system provider found for resource 'vscode-remote://ssh-remote%2Bbtp/storage2/web_server/.git/config': CodeExpectedError: ENOPRO: No file system provider found for resource 'vscode-remote://ssh-remote%2Bbtp/storage2/web_server/.git/config'
    at o.j (vscode-file://vscode-app/opt/visual-studio-code/resources/app/out/vs/workbench/workbench.desktop.main.js:627:11395)
    at async o.exists (vscode-file://vscode-app/opt/visual-studio-code/resources/app/out/vs/workbench/workbench.desktop.main.js:627:13602)
    at async Promise.all (index 0)
2023-08-31 19:45:38.153 [error] ENOPRO: No file system provider found for resource 'vscode-remote://ssh-remote%2Bbtp/storage2/web_server/pom.xml': CodeExpectedError: ENOPRO: No file system provider found for resource 'vscode-remote://ssh-remote%2Bbtp/storage2/web_server/pom.xml'
    at o.j (vscode-file://vscode-app/opt/visual-studio-code/resources/app/out/vs/workbench/workbench.desktop.main.js:627:11395)
    at async o.exists (vscode-file://vscode-app/opt/visual-studio-code/resources/app/out/vs/workbench/workbench.desktop.main.js:627:13602)
    at async Promise.all (index 0)
2023-08-31 19:45:38.163 [error] Timed out while waiting for the local startup lock: CodeExpectedError: Timed out while waiting for the local startup lock
    at G.ob (vscode-file://vscode-app/opt/visual-studio-code/resources/app/out/vs/workbench/workbench.desktop.main.js:2616:20056)
    at async G.nb (vscode-file://vscode-app/opt/visual-studio-code/resources/app/out/vs/workbench/workbench.desktop.main.js:2616:19327)
    at async G.Lb (vscode-file://vscode-app/opt/visual-studio-code/resources/app/out/vs/workbench/workbench.desktop.main.js:2617:11191)
    at async G.gb (vscode-file://vscode-app/opt/visual-studio-code/resources/app/out/vs/workbench/workbench.desktop.main.js:2616:17108)
2023-08-31 19:45:38.163 [error] ENOPRO: No file system provider found for resource 'vscode-remote://ssh-remote%2Bbtp/storage2/web_server': CodeExpectedError: ENOPRO: No file system provider found for resource 'vscode-remote://ssh-remote%2Bbtp/storage2/web_server'
    at o.j (vscode-file://vscode-app/opt/visual-studio-code/resources/app/out/vs/workbench/workbench.desktop.main.js:627:11395)
    at async o.n (vscode-file://vscode-app/opt/visual-studio-code/resources/app/out/vs/workbench/workbench.desktop.main.js:627:12185)
    at async o.resolve (vscode-file://vscode-app/opt/visual-studio-code/resources/app/out/vs/workbench/workbench.desktop.main.js:627:12013)
    at async a.i (vscode-file://vscode-app/opt/visual-studio-code/resources/app/out/vs/workbench/workbench.desktop.main.js:1935:5269)
2023-08-31 19:45:38.164 [error] ENOPRO: No file system provider found for resource 'vscode-remote://ssh-remote%2Bbtp/storage2/web_server/.vscode': CodeExpectedError: ENOPRO: No file system provider found for resource 'vscode-remote://ssh-remote%2Bbtp/storage2/web_server/.vscode'
    at o.j (vscode-file://vscode-app/opt/visual-studio-code/resources/app/out/vs/workbench/workbench.desktop.main.js:627:11395)
    at async o.exists (vscode-file://vscode-app/opt/visual-studio-code/resources/app/out/vs/workbench/workbench.desktop.main.js:627:13602)
    at async vscode-file://vscode-app/opt/visual-studio-code/resources/app/out/vs/workbench/workbench.desktop.main.js:1997:6271
    at async Promise.all (index 0)
    at async E.v (vscode-file://vscode-app/opt/visual-studio-code/resources/app/out/vs/workbench/workbench.desktop.main.js:1997:6378)
2023-08-31 19:45:38.164 [error] Timed out while waiting for the local startup lock: CodeExpectedError: Timed out while waiting for the local startup lock
    at G.ob (vscode-file://vscode-app/opt/visual-studio-code/resources/app/out/vs/workbench/workbench.desktop.main.js:2616:20056)
    at async G.nb (vscode-file://vscode-app/opt/visual-studio-code/resources/app/out/vs/workbench/workbench.desktop.main.js:2616:19327)
    at async G.Lb (vscode-file://vscode-app/opt/visual-studio-code/resources/app/out/vs/workbench/workbench.desktop.main.js:2617:11191)
    at async G.gb (vscode-file://vscode-app/opt/visual-studio-code/resources/app/out/vs/workbench/workbench.desktop.main.js:2616:17108)
2023-08-31 19:45:38.462 [error] CodeExpectedError: Timed out while waiting for the local startup lock
    at G.ob (vscode-file://vscode-app/opt/visual-studio-code/resources/app/out/vs/workbench/workbench.desktop.main.js:2616:20056)
    at async G.nb (vscode-file://vscode-app/opt/visual-studio-code/resources/app/out/vs/workbench/workbench.desktop.main.js:2616:19327)
    at async G.Lb (vscode-file://vscode-app/opt/visual-studio-code/resources/app/out/vs/workbench/workbench.desktop.main.js:2617:11191)
    at async G.gb (vscode-file://vscode-app/opt/visual-studio-code/resources/app/out/vs/workbench/workbench.desktop.main.js:2616:17108)
2023-08-31 19:45:40.143 [error] Timed out while waiting for the local startup lock: CodeExpectedError: Timed out while waiting for the local startup lock
    at G.ob (vscode-file://vscode-app/opt/visual-studio-code/resources/app/out/vs/workbench/workbench.desktop.main.js:2616:20056)
    at async G.nb (vscode-file://vscode-app/opt/visual-studio-code/resources/app/out/vs/workbench/workbench.desktop.main.js:2616:19327)
    at async G.Lb (vscode-file://vscode-app/opt/visual-studio-code/resources/app/out/vs/workbench/workbench.desktop.main.js:2617:11191)
    at async G.gb (vscode-file://vscode-app/opt/visual-studio-code/resources/app/out/vs/workbench/workbench.desktop.main.js:2616:17108)
2023-08-31 19:45:51.854 [info] Invoking resolveAuthority(ssh-remote)...
2023-08-31 19:45:51.855 [info] [LocalProcess0][resolveAuthority(ssh-remote,1)][0ms] obtaining proxy...
2023-08-31 19:45:51.855 [info] [LocalProcess0][resolveAuthority(ssh-remote,1)][1ms] invoking...
2023-08-31 19:45:52.857 [info] [LocalProcess0][resolveAuthority(ssh-remote,1)][1001ms] waiting...
2023-08-31 19:45:53.857 [info] [LocalProcess0][resolveAuthority(ssh-remote,1)][2001ms] waiting...
2023-08-31 19:45:54.856 [info] [LocalProcess0][resolveAuthority(ssh-remote,1)][3001ms] waiting...
2023-08-31 19:45:55.857 [info] [LocalProcess0][resolveAuthority(ssh-remote,1)][4001ms] waiting...
2023-08-31 19:45:56.857 [info] [LocalProcess0][resolveAuthority(ssh-remote,1)][5001ms] waiting...
2023-08-31 19:45:57.857 [info] [LocalProcess0][resolveAuthority(ssh-remote,1)][6001ms] waiting...
2023-08-31 19:45:58.857 [info] [LocalProcess0][resolveAuthority(ssh-remote,1)][7001ms] waiting...
2023-08-31 19:45:59.856 [info] [LocalProcess0][resolveAuthority(ssh-remote,1)][8001ms] waiting...
2023-08-31 19:46:00.856 [info] [LocalProcess0][resolveAuthority(ssh-remote,1)][9001ms] waiting...
2023-08-31 19:46:01.856 [info] [LocalProcess0][resolveAuthority(ssh-remote,1)][10001ms] waiting...
2023-08-31 19:46:02.856 [info] [LocalProcess0][resolveAuthority(ssh-remote,1)][11001ms] waiting...
2023-08-31 19:46:03.856 [info] [LocalProcess0][resolveAuthority(ssh-remote,1)][12001ms] waiting...
2023-08-31 19:46:04.856 [info] [LocalProcess0][resolveAuthority(ssh-remote,1)][13001ms] waiting...
2023-08-31 19:46:05.856 [info] [LocalProcess0][resolveAuthority(ssh-remote,1)][14001ms] waiting...
2023-08-31 19:46:06.856 [info] [LocalProcess0][resolveAuthority(ssh-remote,1)][15001ms] waiting...
2023-08-31 19:46:07.183 [error] [LocalProcess0][resolveAuthority(ssh-remote,1)][15329ms] returned an error {"code":"NotAvailable","message":"The connection timed out","detail":true}
2023-08-31 19:46:07.184 [error] resolveAuthority(ssh-remote) returned an error after 15329 ms The connection timed out
2023-08-31 19:46:07.185 [error] Error received from starting extension host (kind: Remote)
2023-08-31 19:46:07.185 [error] CodeExpectedError: The connection timed out
    at G.ob (vscode-file://vscode-app/opt/visual-studio-code/resources/app/out/vs/workbench/workbench.desktop.main.js:2616:20056)
    at async G.nb (vscode-file://vscode-app/opt/visual-studio-code/resources/app/out/vs/workbench/workbench.desktop.main.js:2616:19327)
    at async G.Lb (vscode-file://vscode-app/opt/visual-studio-code/resources/app/out/vs/workbench/workbench.desktop.main.js:2617:11191)
    at async G.gb (vscode-file://vscode-app/opt/visual-studio-code/resources/app/out/vs/workbench/workbench.desktop.main.js:2616:17108)
2023-08-31 19:46:07.186 [error] [remote-connection][attempt 1] An error occurred in initial connection! Will retry... Error:
2023-08-31 19:46:07.186 [error] CodeExpectedError: The connection timed out
    at G.ob (vscode-file://vscode-app/opt/visual-studio-code/resources/app/out/vs/workbench/workbench.desktop.main.js:2616:20056)
    at async G.nb (vscode-file://vscode-app/opt/visual-studio-code/resources/app/out/vs/workbench/workbench.desktop.main.js:2616:19327)
    at async G.Lb (vscode-file://vscode-app/opt/visual-studio-code/resources/app/out/vs/workbench/workbench.desktop.main.js:2617:11191)
    at async G.gb (vscode-file://vscode-app/opt/visual-studio-code/resources/app/out/vs/workbench/workbench.desktop.main.js:2616:17108)
2023-08-31 19:46:07.187 [error] [remote-connection][attempt 2] An error occurred in initial connection! Will retry... Error:
2023-08-31 19:46:07.187 [error] CodeExpectedError: The connection timed out
    at G.ob (vscode-file://vscode-app/opt/visual-studio-code/resources/app/out/vs/workbench/workbench.desktop.main.js:2616:20056)
    at async G.nb (vscode-file://vscode-app/opt/visual-studio-code/resources/app/out/vs/workbench/workbench.desktop.main.js:2616:19327)
    at async G.Lb (vscode-file://vscode-app/opt/visual-studio-code/resources/app/out/vs/workbench/workbench.desktop.main.js:2617:11191)
    at async G.gb (vscode-file://vscode-app/opt/visual-studio-code/resources/app/out/vs/workbench/workbench.desktop.main.js:2616:17108)
2023-08-31 19:46:07.239 [error] [remote-connection][attempt 3] An error occurred in initial connection! Will retry... Error:
2023-08-31 19:46:07.240 [error] CodeExpectedError: The connection timed out
    at G.ob (vscode-file://vscode-app/opt/visual-studio-code/resources/app/out/vs/workbench/workbench.desktop.main.js:2616:20056)
    at async G.nb (vscode-file://vscode-app/opt/visual-studio-code/resources/app/out/vs/workbench/workbench.desktop.main.js:2616:19327)
    at async G.Lb (vscode-file://vscode-app/opt/visual-studio-code/resources/app/out/vs/workbench/workbench.desktop.main.js:2617:11191)
    at async G.gb (vscode-file://vscode-app/opt/visual-studio-code/resources/app/out/vs/workbench/workbench.desktop.main.js:2616:17108)
2023-08-31 19:46:07.280 [error] [remote-connection][attempt 4] An error occurred in initial connection! Will retry... Error:
2023-08-31 19:46:07.280 [error] CodeExpectedError: The connection timed out
    at G.ob (vscode-file://vscode-app/opt/visual-studio-code/resources/app/out/vs/workbench/workbench.desktop.main.js:2616:20056)
    at async G.nb (vscode-file://vscode-app/opt/visual-studio-code/resources/app/out/vs/workbench/workbench.desktop.main.js:2616:19327)
    at async G.Lb (vscode-file://vscode-app/opt/visual-studio-code/resources/app/out/vs/workbench/workbench.desktop.main.js:2617:11191)
    at async G.gb (vscode-file://vscode-app/opt/visual-studio-code/resources/app/out/vs/workbench/workbench.desktop.main.js:2616:17108)
2023-08-31 19:46:07.282 [error] [remote-connection][attempt 5]  An error occurred in initial connection! It will be treated as a permanent error. Error:
2023-08-31 19:46:07.282 [error] CodeExpectedError: The connection timed out
    at G.ob (vscode-file://vscode-app/opt/visual-studio-code/resources/app/out/vs/workbench/workbench.desktop.main.js:2616:20056)
    at async G.nb (vscode-file://vscode-app/opt/visual-studio-code/resources/app/out/vs/workbench/workbench.desktop.main.js:2616:19327)
    at async G.Lb (vscode-file://vscode-app/opt/visual-studio-code/resources/app/out/vs/workbench/workbench.desktop.main.js:2617:11191)
    at async G.gb (vscode-file://vscode-app/opt/visual-studio-code/resources/app/out/vs/workbench/workbench.desktop.main.js:2616:17108)
2023-08-31 19:46:07.283 [error] CodeExpectedError: The connection timed out
    at G.ob (vscode-file://vscode-app/opt/visual-studio-code/resources/app/out/vs/workbench/workbench.desktop.main.js:2616:20056)
    at async G.nb (vscode-file://vscode-app/opt/visual-studio-code/resources/app/out/vs/workbench/workbench.desktop.main.js:2616:19327)
    at async G.Lb (vscode-file://vscode-app/opt/visual-studio-code/resources/app/out/vs/workbench/workbench.desktop.main.js:2617:11191)
    at async G.gb (vscode-file://vscode-app/opt/visual-studio-code/resources/app/out/vs/workbench/workbench.desktop.main.js:2616:17108)
2023-08-31 19:46:07.284 [error] Cannot register remote filesystem provider. Error while fetching remote environment. The connection timed out
2023-08-31 19:46:07.284 [error] CodeExpectedError: The connection timed out
    at G.ob (vscode-file://vscode-app/opt/visual-studio-code/resources/app/out/vs/workbench/workbench.desktop.main.js:2616:20056)
    at async G.nb (vscode-file://vscode-app/opt/visual-studio-code/resources/app/out/vs/workbench/workbench.desktop.main.js:2616:19327)
    at async G.Lb (vscode-file://vscode-app/opt/visual-studio-code/resources/app/out/vs/workbench/workbench.desktop.main.js:2617:11191)
    at async G.gb (vscode-file://vscode-app/opt/visual-studio-code/resources/app/out/vs/workbench/workbench.desktop.main.js:2616:17108)
2023-08-31 19:46:07.284 [error] CodeExpectedError: The connection timed out
    at G.ob (vscode-file://vscode-app/opt/visual-studio-code/resources/app/out/vs/workbench/workbench.desktop.main.js:2616:20056)
    at async G.nb (vscode-file://vscode-app/opt/visual-studio-code/resources/app/out/vs/workbench/workbench.desktop.main.js:2616:19327)
    at async G.Lb (vscode-file://vscode-app/opt/visual-studio-code/resources/app/out/vs/workbench/workbench.desktop.main.js:2617:11191)
    at async G.gb (vscode-file://vscode-app/opt/visual-studio-code/resources/app/out/vs/workbench/workbench.desktop.main.js:2616:17108)
2023-08-31 19:46:07.284 [error] CodeExpectedError: The connection timed out
    at G.ob (vscode-file://vscode-app/opt/visual-studio-code/resources/app/out/vs/workbench/workbench.desktop.main.js:2616:20056)
    at async G.nb (vscode-file://vscode-app/opt/visual-studio-code/resources/app/out/vs/workbench/workbench.desktop.main.js:2616:19327)
    at async G.Lb (vscode-file://vscode-app/opt/visual-studio-code/resources/app/out/vs/workbench/workbench.desktop.main.js:2617:11191)
    at async G.gb (vscode-file://vscode-app/opt/visual-studio-code/resources/app/out/vs/workbench/workbench.desktop.main.js:2616:17108)
2023-08-31 19:46:07.284 [error] CodeExpectedError: The connection timed out
    at G.ob (vscode-file://vscode-app/opt/visual-studio-code/resources/app/out/vs/workbench/workbench.desktop.main.js:2616:20056)
    at async G.nb (vscode-file://vscode-app/opt/visual-studio-code/resources/app/out/vs/workbench/workbench.desktop.main.js:2616:19327)
    at async G.Lb (vscode-file://vscode-app/opt/visual-studio-code/resources/app/out/vs/workbench/workbench.desktop.main.js:2617:11191)
    at async G.gb (vscode-file://vscode-app/opt/visual-studio-code/resources/app/out/vs/workbench/workbench.desktop.main.js:2616:17108)
2023-08-31 19:46:07.286 [error] CodeExpectedError: The connection timed out
    at G.ob (vscode-file://vscode-app/opt/visual-studio-code/resources/app/out/vs/workbench/workbench.desktop.main.js:2616:20056)
    at async G.nb (vscode-file://vscode-app/opt/visual-studio-code/resources/app/out/vs/workbench/workbench.desktop.main.js:2616:19327)
    at async G.Lb (vscode-file://vscode-app/opt/visual-studio-code/resources/app/out/vs/workbench/workbench.desktop.main.js:2617:11191)
    at async G.gb (vscode-file://vscode-app/opt/visual-studio-code/resources/app/out/vs/workbench/workbench.desktop.main.js:2616:17108)
2023-08-31 19:46:07.291 [warning] Ignoring the error while validating workspace folder vscode-remote://ssh-remote%2Bbtp/storage2/web_server - ENOPRO: No file system provider found for resource 'vscode-remote://ssh-remote%2Bbtp/storage2/web_server'
2023-08-31 19:46:07.291 [error] CodeExpectedError: ENOPRO: No file system provider found for resource 'vscode-remote://ssh-remote%2Bbtp/storage2/web_server'
    at o.j (vscode-file://vscode-app/opt/visual-studio-code/resources/app/out/vs/workbench/workbench.desktop.main.js:627:11395)
    at async o.W (vscode-file://vscode-app/opt/visual-studio-code/resources/app/out/vs/workbench/workbench.desktop.main.js:627:22002)
    at async vscode-file://vscode-app/opt/visual-studio-code/resources/app/out/vs/workbench/workbench.desktop.main.js:627:21897
2023-08-31 19:46:07.292 [error] ENOPRO: No file system provider found for resource 'vscode-remote://ssh-remote%2Bbtp/storage2/web_server/.git/config': CodeExpectedError: ENOPRO: No file system provider found for resource 'vscode-remote://ssh-remote%2Bbtp/storage2/web_server/.git/config'
    at o.j (vscode-file://vscode-app/opt/visual-studio-code/resources/app/out/vs/workbench/workbench.desktop.main.js:627:11395)
    at async o.exists (vscode-file://vscode-app/opt/visual-studio-code/resources/app/out/vs/workbench/workbench.desktop.main.js:627:13602)
    at async Promise.all (index 0)
2023-08-31 19:46:07.301 [error] ENOPRO: No file system provider found for resource 'vscode-remote://ssh-remote%2Bbtp/storage2/web_server/pom.xml': CodeExpectedError: ENOPRO: No file system provider found for resource 'vscode-remote://ssh-remote%2Bbtp/storage2/web_server/pom.xml'
    at o.j (vscode-file://vscode-app/opt/visual-studio-code/resources/app/out/vs/workbench/workbench.desktop.main.js:627:11395)
    at async o.exists (vscode-file://vscode-app/opt/visual-studio-code/resources/app/out/vs/workbench/workbench.desktop.main.js:627:13602)
    at async Promise.all (index 0)
2023-08-31 19:46:07.311 [error] The connection timed out: CodeExpectedError: The connection timed out
    at G.ob (vscode-file://vscode-app/opt/visual-studio-code/resources/app/out/vs/workbench/workbench.desktop.main.js:2616:20056)
    at async G.nb (vscode-file://vscode-app/opt/visual-studio-code/resources/app/out/vs/workbench/workbench.desktop.main.js:2616:19327)
    at async G.Lb (vscode-file://vscode-app/opt/visual-studio-code/resources/app/out/vs/workbench/workbench.desktop.main.js:2617:11191)
    at async G.gb (vscode-file://vscode-app/opt/visual-studio-code/resources/app/out/vs/workbench/workbench.desktop.main.js:2616:17108)
2023-08-31 19:46:07.312 [error] ENOPRO: No file system provider found for resource 'vscode-remote://ssh-remote%2Bbtp/storage2/web_server': CodeExpectedError: ENOPRO: No file system provider found for resource 'vscode-remote://ssh-remote%2Bbtp/storage2/web_server'
    at o.j (vscode-file://vscode-app/opt/visual-studio-code/resources/app/out/vs/workbench/workbench.desktop.main.js:627:11395)
    at async o.n (vscode-file://vscode-app/opt/visual-studio-code/resources/app/out/vs/workbench/workbench.desktop.main.js:627:12185)
    at async o.resolve (vscode-file://vscode-app/opt/visual-studio-code/resources/app/out/vs/workbench/workbench.desktop.main.js:627:12013)
    at async a.i (vscode-file://vscode-app/opt/visual-studio-code/resources/app/out/vs/workbench/workbench.desktop.main.js:1935:5269)
2023-08-31 19:46:07.312 [error] ENOPRO: No file system provider found for resource 'vscode-remote://ssh-remote%2Bbtp/storage2/web_server/.vscode': CodeExpectedError: ENOPRO: No file system provider found for resource 'vscode-remote://ssh-remote%2Bbtp/storage2/web_server/.vscode'
    at o.j (vscode-file://vscode-app/opt/visual-studio-code/resources/app/out/vs/workbench/workbench.desktop.main.js:627:11395)
    at async o.exists (vscode-file://vscode-app/opt/visual-studio-code/resources/app/out/vs/workbench/workbench.desktop.main.js:627:13602)
    at async vscode-file://vscode-app/opt/visual-studio-code/resources/app/out/vs/workbench/workbench.desktop.main.js:1997:6271
    at async Promise.all (index 0)
    at async E.v (vscode-file://vscode-app/opt/visual-studio-code/resources/app/out/vs/workbench/workbench.desktop.main.js:1997:6378)
2023-08-31 19:46:07.568 [error] CodeExpectedError: The connection timed out
    at G.ob (vscode-file://vscode-app/opt/visual-studio-code/resources/app/out/vs/workbench/workbench.desktop.main.js:2616:20056)
    at async G.nb (vscode-file://vscode-app/opt/visual-studio-code/resources/app/out/vs/workbench/workbench.desktop.main.js:2616:19327)
    at async G.Lb (vscode-file://vscode-app/opt/visual-studio-code/resources/app/out/vs/workbench/workbench.desktop.main.js:2617:11191)
    at async G.gb (vscode-file://vscode-app/opt/visual-studio-code/resources/app/out/vs/workbench/workbench.desktop.main.js:2616:17108)
2023-08-31 19:46:10.351 [info] Invoking resolveAuthority(ssh-remote)...
2023-08-31 19:46:10.352 [info] [LocalProcess0][resolveAuthority(ssh-remote,1)][0ms] obtaining proxy...
2023-08-31 19:46:10.352 [info] [LocalProcess0][resolveAuthority(ssh-remote,1)][0ms] invoking...
2023-08-31 19:46:11.354 [info] [LocalProcess0][resolveAuthority(ssh-remote,1)][1002ms] waiting...
2023-08-31 19:46:12.352 [info] [LocalProcess0][resolveAuthority(ssh-remote,1)][2001ms] waiting...
2023-08-31 19:46:13.353 [info] [LocalProcess0][resolveAuthority(ssh-remote,1)][3001ms] waiting...
2023-08-31 19:46:14.353 [info] [LocalProcess0][resolveAuthority(ssh-remote,1)][4001ms] waiting...
2023-08-31 19:46:15.353 [info] [LocalProcess0][resolveAuthority(ssh-remote,1)][5001ms] waiting...
2023-08-31 19:46:16.353 [info] [LocalProcess0][resolveAuthority(ssh-remote,1)][6001ms] waiting...
2023-08-31 19:46:17.353 [info] [LocalProcess0][resolveAuthority(ssh-remote,1)][7001ms] waiting...
2023-08-31 19:46:18.353 [info] [LocalProcess0][resolveAuthority(ssh-remote,1)][8001ms] waiting...
2023-08-31 19:46:19.353 [info] [LocalProcess0][resolveAuthority(ssh-remote,1)][9001ms] waiting...
2023-08-31 19:46:20.353 [info] [LocalProcess0][resolveAuthority(ssh-remote,1)][10001ms] waiting...
2023-08-31 19:46:21.353 [info] [LocalProcess0][resolveAuthority(ssh-remote,1)][11001ms] waiting...
2023-08-31 19:46:22.353 [info] [LocalProcess0][resolveAuthority(ssh-remote,1)][12001ms] waiting...
2023-08-31 19:46:23.353 [info] [LocalProcess0][resolveAuthority(ssh-remote,1)][13001ms] waiting...
2023-08-31 19:46:24.353 [info] [LocalProcess0][resolveAuthority(ssh-remote,1)][14001ms] waiting...
2023-08-31 19:46:25.353 [info] [LocalProcess0][resolveAuthority(ssh-remote,1)][15001ms] waiting...
2023-08-31 19:46:25.605 [error] [LocalProcess0][resolveAuthority(ssh-remote,1)][15254ms] returned an error {"code":"NotAvailable","message":"The connection timed out","detail":true}
2023-08-31 19:46:25.606 [error] resolveAuthority(ssh-remote) returned an error after 15254 ms The connection timed out
2023-08-31 19:46:25.606 [error] Error received from starting extension host (kind: Remote)
2023-08-31 19:46:25.606 [error] CodeExpectedError: The connection timed out
    at G.ob (vscode-file://vscode-app/opt/visual-studio-code/resources/app/out/vs/workbench/workbench.desktop.main.js:2616:20056)
    at async G.nb (vscode-file://vscode-app/opt/visual-studio-code/resources/app/out/vs/workbench/workbench.desktop.main.js:2616:19327)
    at async G.Lb (vscode-file://vscode-app/opt/visual-studio-code/resources/app/out/vs/workbench/workbench.desktop.main.js:2617:11191)
    at async G.gb (vscode-file://vscode-app/opt/visual-studio-code/resources/app/out/vs/workbench/workbench.desktop.main.js:2616:17108)
2023-08-31 19:46:25.606 [error] [remote-connection][attempt 1] An error occurred in initial connection! Will retry... Error:
2023-08-31 19:46:25.606 [error] CodeExpectedError: The connection timed out
    at G.ob (vscode-file://vscode-app/opt/visual-studio-code/resources/app/out/vs/workbench/workbench.desktop.main.js:2616:20056)
    at async G.nb (vscode-file://vscode-app/opt/visual-studio-code/resources/app/out/vs/workbench/workbench.desktop.main.js:2616:19327)
    at async G.Lb (vscode-file://vscode-app/opt/visual-studio-code/resources/app/out/vs/workbench/workbench.desktop.main.js:2617:11191)
    at async G.gb (vscode-file://vscode-app/opt/visual-studio-code/resources/app/out/vs/workbench/workbench.desktop.main.js:2616:17108)
2023-08-31 19:46:25.609 [error] [remote-connection][attempt 2] An error occurred in initial connection! Will retry... Error:
2023-08-31 19:46:25.609 [error] CodeExpectedError: The connection timed out
    at G.ob (vscode-file://vscode-app/opt/visual-studio-code/resources/app/out/vs/workbench/workbench.desktop.main.js:2616:20056)
    at async G.nb (vscode-file://vscode-app/opt/visual-studio-code/resources/app/out/vs/workbench/workbench.desktop.main.js:2616:19327)
    at async G.Lb (vscode-file://vscode-app/opt/visual-studio-code/resources/app/out/vs/workbench/workbench.desktop.main.js:2617:11191)
    at async G.gb (vscode-file://vscode-app/opt/visual-studio-code/resources/app/out/vs/workbench/workbench.desktop.main.js:2616:17108)
2023-08-31 19:46:25.650 [error] [remote-connection][attempt 3] An error occurred in initial connection! Will retry... Error:
2023-08-31 19:46:25.652 [error] CodeExpectedError: The connection timed out
    at G.ob (vscode-file://vscode-app/opt/visual-studio-code/resources/app/out/vs/workbench/workbench.desktop.main.js:2616:20056)
    at async G.nb (vscode-file://vscode-app/opt/visual-studio-code/resources/app/out/vs/workbench/workbench.desktop.main.js:2616:19327)
    at async G.Lb (vscode-file://vscode-app/opt/visual-studio-code/resources/app/out/vs/workbench/workbench.desktop.main.js:2617:11191)
    at async G.gb (vscode-file://vscode-app/opt/visual-studio-code/resources/app/out/vs/workbench/workbench.desktop.main.js:2616:17108)
2023-08-31 19:46:25.703 [error] [remote-connection][attempt 4] An error occurred in initial connection! Will retry... Error:
2023-08-31 19:46:25.703 [error] CodeExpectedError: The connection timed out
    at G.ob (vscode-file://vscode-app/opt/visual-studio-code/resources/app/out/vs/workbench/workbench.desktop.main.js:2616:20056)
    at async G.nb (vscode-file://vscode-app/opt/visual-studio-code/resources/app/out/vs/workbench/workbench.desktop.main.js:2616:19327)
    at async G.Lb (vscode-file://vscode-app/opt/visual-studio-code/resources/app/out/vs/workbench/workbench.desktop.main.js:2617:11191)
    at async G.gb (vscode-file://vscode-app/opt/visual-studio-code/resources/app/out/vs/workbench/workbench.desktop.main.js:2616:17108)
2023-08-31 19:46:25.704 [error] [remote-connection][attempt 5]  An error occurred in initial connection! It will be treated as a permanent error. Error:
2023-08-31 19:46:25.704 [error] CodeExpectedError: The connection timed out
    at G.ob (vscode-file://vscode-app/opt/visual-studio-code/resources/app/out/vs/workbench/workbench.desktop.main.js:2616:20056)
    at async G.nb (vscode-file://vscode-app/opt/visual-studio-code/resources/app/out/vs/workbench/workbench.desktop.main.js:2616:19327)
    at async G.Lb (vscode-file://vscode-app/opt/visual-studio-code/resources/app/out/vs/workbench/workbench.desktop.main.js:2617:11191)
    at async G.gb (vscode-file://vscode-app/opt/visual-studio-code/resources/app/out/vs/workbench/workbench.desktop.main.js:2616:17108)
2023-08-31 19:46:25.706 [error] Cannot register remote filesystem provider. Error while fetching remote environment. The connection timed out
2023-08-31 19:46:25.706 [error] CodeExpectedError: The connection timed out
    at G.ob (vscode-file://vscode-app/opt/visual-studio-code/resources/app/out/vs/workbench/workbench.desktop.main.js:2616:20056)
    at async G.nb (vscode-file://vscode-app/opt/visual-studio-code/resources/app/out/vs/workbench/workbench.desktop.main.js:2616:19327)
    at async G.Lb (vscode-file://vscode-app/opt/visual-studio-code/resources/app/out/vs/workbench/workbench.desktop.main.js:2617:11191)
    at async G.gb (vscode-file://vscode-app/opt/visual-studio-code/resources/app/out/vs/workbench/workbench.desktop.main.js:2616:17108)
2023-08-31 19:46:25.713 [error] CodeExpectedError: The connection timed out
    at G.ob (vscode-file://vscode-app/opt/visual-studio-code/resources/app/out/vs/workbench/workbench.desktop.main.js:2616:20056)
    at async G.nb (vscode-file://vscode-app/opt/visual-studio-code/resources/app/out/vs/workbench/workbench.desktop.main.js:2616:19327)
    at async G.Lb (vscode-file://vscode-app/opt/visual-studio-code/resources/app/out/vs/workbench/workbench.desktop.main.js:2617:11191)
    at async G.gb (vscode-file://vscode-app/opt/visual-studio-code/resources/app/out/vs/workbench/workbench.desktop.main.js:2616:17108)
2023-08-31 19:46:25.714 [error] CodeExpectedError: The connection timed out
    at G.ob (vscode-file://vscode-app/opt/visual-studio-code/resources/app/out/vs/workbench/workbench.desktop.main.js:2616:20056)
    at async G.nb (vscode-file://vscode-app/opt/visual-studio-code/resources/app/out/vs/workbench/workbench.desktop.main.js:2616:19327)
    at async G.Lb (vscode-file://vscode-app/opt/visual-studio-code/resources/app/out/vs/workbench/workbench.desktop.main.js:2617:11191)
    at async G.gb (vscode-file://vscode-app/opt/visual-studio-code/resources/app/out/vs/workbench/workbench.desktop.main.js:2616:17108)
2023-08-31 19:46:25.715 [error] CodeExpectedError: The connection timed out
    at G.ob (vscode-file://vscode-app/opt/visual-studio-code/resources/app/out/vs/workbench/workbench.desktop.main.js:2616:20056)
    at async G.nb (vscode-file://vscode-app/opt/visual-studio-code/resources/app/out/vs/workbench/workbench.desktop.main.js:2616:19327)
    at async G.Lb (vscode-file://vscode-app/opt/visual-studio-code/resources/app/out/vs/workbench/workbench.desktop.main.js:2617:11191)
    at async G.gb (vscode-file://vscode-app/opt/visual-studio-code/resources/app/out/vs/workbench/workbench.desktop.main.js:2616:17108)
2023-08-31 19:46:25.717 [warning] Ignoring the error while validating workspace folder vscode-remote://ssh-remote%2Bbtp/storage2/web_server - ENOPRO: No file system provider found for resource 'vscode-remote://ssh-remote%2Bbtp/storage2/web_server'
2023-08-31 19:46:25.717 [error] CodeExpectedError: ENOPRO: No file system provider found for resource 'vscode-remote://ssh-remote%2Bbtp/storage2/web_server'
    at o.j (vscode-file://vscode-app/opt/visual-studio-code/resources/app/out/vs/workbench/workbench.desktop.main.js:627:11395)
    at async o.W (vscode-file://vscode-app/opt/visual-studio-code/resources/app/out/vs/workbench/workbench.desktop.main.js:627:22002)
    at async vscode-file://vscode-app/opt/visual-studio-code/resources/app/out/vs/workbench/workbench.desktop.main.js:627:21897
2023-08-31 19:46:25.727 [error] The connection timed out: CodeExpectedError: The connection timed out
    at G.ob (vscode-file://vscode-app/opt/visual-studio-code/resources/app/out/vs/workbench/workbench.desktop.main.js:2616:20056)
    at async G.nb (vscode-file://vscode-app/opt/visual-studio-code/resources/app/out/vs/workbench/workbench.desktop.main.js:2616:19327)
    at async G.Lb (vscode-file://vscode-app/opt/visual-studio-code/resources/app/out/vs/workbench/workbench.desktop.main.js:2617:11191)
    at async G.gb (vscode-file://vscode-app/opt/visual-studio-code/resources/app/out/vs/workbench/workbench.desktop.main.js:2616:17108)
2023-08-31 19:46:25.728 [error] ENOPRO: No file system provider found for resource 'vscode-remote://ssh-remote%2Bbtp/storage2/web_server/.vscode': CodeExpectedError: ENOPRO: No file system provider found for resource 'vscode-remote://ssh-remote%2Bbtp/storage2/web_server/.vscode'
    at o.j (vscode-file://vscode-app/opt/visual-studio-code/resources/app/out/vs/workbench/workbench.desktop.main.js:627:11395)
    at async o.exists (vscode-file://vscode-app/opt/visual-studio-code/resources/app/out/vs/workbench/workbench.desktop.main.js:627:13602)
    at async vscode-file://vscode-app/opt/visual-studio-code/resources/app/out/vs/workbench/workbench.desktop.main.js:1997:6271
    at async Promise.all (index 0)
    at async E.v (vscode-file://vscode-app/opt/visual-studio-code/resources/app/out/vs/workbench/workbench.desktop.main.js:1997:6378)
2023-08-31 19:46:25.983 [error] CodeExpectedError: The connection timed out
    at G.ob (vscode-file://vscode-app/opt/visual-studio-code/resources/app/out/vs/workbench/workbench.desktop.main.js:2616:20056)
    at async G.nb (vscode-file://vscode-app/opt/visual-studio-code/resources/app/out/vs/workbench/workbench.desktop.main.js:2616:19327)
    at async G.Lb (vscode-file://vscode-app/opt/visual-studio-code/resources/app/out/vs/workbench/workbench.desktop.main.js:2617:11191)
    at async G.gb (vscode-file://vscode-app/opt/visual-studio-code/resources/app/out/vs/workbench/workbench.desktop.main.js:2616:17108)
2023-08-31 19:46:28.780 [info] Invoking resolveAuthority(ssh-remote)...
2023-08-31 19:46:28.780 [info] [LocalProcess0][resolveAuthority(ssh-remote,1)][0ms] obtaining proxy...
2023-08-31 19:46:28.780 [info] [LocalProcess0][resolveAuthority(ssh-remote,1)][1ms] invoking...
2023-08-31 19:46:29.792 [info] [LocalProcess0][resolveAuthority(ssh-remote,1)][1012ms] waiting...
2023-08-31 19:46:30.800 [info] [LocalProcess0][resolveAuthority(ssh-remote,1)][2020ms] waiting...
2023-08-31 19:46:31.781 [info] [LocalProcess0][resolveAuthority(ssh-remote,1)][3001ms] waiting...
2023-08-31 19:46:32.782 [info] [LocalProcess0][resolveAuthority(ssh-remote,1)][4001ms] waiting...
2023-08-31 19:46:33.781 [info] [LocalProcess0][resolveAuthority(ssh-remote,1)][5001ms] waiting...
2023-08-31 19:46:34.781 [info] [LocalProcess0][resolveAuthority(ssh-remote,1)][6001ms] waiting...
2023-08-31 19:46:35.781 [info] [LocalProcess0][resolveAuthority(ssh-remote,1)][7001ms] waiting...
2023-08-31 19:46:36.781 [info] [LocalProcess0][resolveAuthority(ssh-remote,1)][8001ms] waiting...
2023-08-31 19:46:37.781 [info] [LocalProcess0][resolveAuthority(ssh-remote,1)][9001ms] waiting...
2023-08-31 19:46:38.781 [info] [LocalProcess0][resolveAuthority(ssh-remote,1)][10001ms] waiting...
2023-08-31 19:46:39.781 [info] [LocalProcess0][resolveAuthority(ssh-remote,1)][11001ms] waiting...
2023-08-31 19:46:40.781 [info] [LocalProcess0][resolveAuthority(ssh-remote,1)][12001ms] waiting...
2023-08-31 19:46:41.781 [info] [LocalProcess0][resolveAuthority(ssh-remote,1)][13001ms] waiting...
2023-08-31 19:46:42.781 [info] [LocalProcess0][resolveAuthority(ssh-remote,1)][14001ms] waiting...
2023-08-31 19:46:43.782 [info] [LocalProcess0][resolveAuthority(ssh-remote,1)][15001ms] waiting...
2023-08-31 19:46:44.055 [error] [LocalProcess0][resolveAuthority(ssh-remote,1)][15276ms] returned an error {"code":"NotAvailable","message":"The connection timed out","detail":true}
2023-08-31 19:46:44.055 [error] resolveAuthority(ssh-remote) returned an error after 15276 ms The connection timed out
2023-08-31 19:46:44.055 [error] Error received from starting extension host (kind: Remote)
2023-08-31 19:46:44.056 [error] CodeExpectedError: The connection timed out
    at G.ob (vscode-file://vscode-app/opt/visual-studio-code/resources/app/out/vs/workbench/workbench.desktop.main.js:2616:20056)
    at async G.nb (vscode-file://vscode-app/opt/visual-studio-code/resources/app/out/vs/workbench/workbench.desktop.main.js:2616:19327)
    at async G.Lb (vscode-file://vscode-app/opt/visual-studio-code/resources/app/out/vs/workbench/workbench.desktop.main.js:2617:11191)
    at async G.gb (vscode-file://vscode-app/opt/visual-studio-code/resources/app/out/vs/workbench/workbench.desktop.main.js:2616:17108)
2023-08-31 19:46:44.056 [error] [remote-connection][attempt 1] An error occurred in initial connection! Will retry... Error:
2023-08-31 19:46:44.056 [error] CodeExpectedError: The connection timed out
    at G.ob (vscode-file://vscode-app/opt/visual-studio-code/resources/app/out/vs/workbench/workbench.desktop.main.js:2616:20056)
    at async G.nb (vscode-file://vscode-app/opt/visual-studio-code/resources/app/out/vs/workbench/workbench.desktop.main.js:2616:19327)
    at async G.Lb (vscode-file://vscode-app/opt/visual-studio-code/resources/app/out/vs/workbench/workbench.desktop.main.js:2617:11191)
    at async G.gb (vscode-file://vscode-app/opt/visual-studio-code/resources/app/out/vs/workbench/workbench.desktop.main.js:2616:17108)
2023-08-31 19:46:44.057 [error] [remote-connection][attempt 2] An error occurred in initial connection! Will retry... Error:
2023-08-31 19:46:44.057 [error] CodeExpectedError: The connection timed out
    at G.ob (vscode-file://vscode-app/opt/visual-studio-code/resources/app/out/vs/workbench/workbench.desktop.main.js:2616:20056)
    at async G.nb (vscode-file://vscode-app/opt/visual-studio-code/resources/app/out/vs/workbench/workbench.desktop.main.js:2616:19327)
    at async G.Lb (vscode-file://vscode-app/opt/visual-studio-code/resources/app/out/vs/workbench/workbench.desktop.main.js:2617:11191)
    at async G.gb (vscode-file://vscode-app/opt/visual-studio-code/resources/app/out/vs/workbench/workbench.desktop.main.js:2616:17108)
2023-08-31 19:46:44.118 [error] [remote-connection][attempt 3] An error occurred in initial connection! Will retry... Error:
2023-08-31 19:46:44.119 [error] CodeExpectedError: The connection timed out
    at G.ob (vscode-file://vscode-app/opt/visual-studio-code/resources/app/out/vs/workbench/workbench.desktop.main.js:2616:20056)
    at async G.nb (vscode-file://vscode-app/opt/visual-studio-code/resources/app/out/vs/workbench/workbench.desktop.main.js:2616:19327)
    at async G.Lb (vscode-file://vscode-app/opt/visual-studio-code/resources/app/out/vs/workbench/workbench.desktop.main.js:2617:11191)
    at async G.gb (vscode-file://vscode-app/opt/visual-studio-code/resources/app/out/vs/workbench/workbench.desktop.main.js:2616:17108)
2023-08-31 19:46:44.173 [error] [remote-connection][attempt 4] An error occurred in initial connection! Will retry... Error:
2023-08-31 19:46:44.174 [error] CodeExpectedError: The connection timed out
    at G.ob (vscode-file://vscode-app/opt/visual-studio-code/resources/app/out/vs/workbench/workbench.desktop.main.js:2616:20056)
    at async G.nb (vscode-file://vscode-app/opt/visual-studio-code/resources/app/out/vs/workbench/workbench.desktop.main.js:2616:19327)
    at async G.Lb (vscode-file://vscode-app/opt/visual-studio-code/resources/app/out/vs/workbench/workbench.desktop.main.js:2617:11191)
    at async G.gb (vscode-file://vscode-app/opt/visual-studio-code/resources/app/out/vs/workbench/workbench.desktop.main.js:2616:17108)
2023-08-31 19:46:44.185 [error] [remote-connection][attempt 5]  An error occurred in initial connection! It will be treated as a permanent error. Error:
2023-08-31 19:46:44.186 [error] CodeExpectedError: The connection timed out
    at G.ob (vscode-file://vscode-app/opt/visual-studio-code/resources/app/out/vs/workbench/workbench.desktop.main.js:2616:20056)
    at async G.nb (vscode-file://vscode-app/opt/visual-studio-code/resources/app/out/vs/workbench/workbench.desktop.main.js:2616:19327)
    at async G.Lb (vscode-file://vscode-app/opt/visual-studio-code/resources/app/out/vs/workbench/workbench.desktop.main.js:2617:11191)
    at async G.gb (vscode-file://vscode-app/opt/visual-studio-code/resources/app/out/vs/workbench/workbench.desktop.main.js:2616:17108)
2023-08-31 19:46:44.187 [error] CodeExpectedError: The connection timed out
    at G.ob (vscode-file://vscode-app/opt/visual-studio-code/resources/app/out/vs/workbench/workbench.desktop.main.js:2616:20056)
    at async G.nb (vscode-file://vscode-app/opt/visual-studio-code/resources/app/out/vs/workbench/workbench.desktop.main.js:2616:19327)
    at async G.Lb (vscode-file://vscode-app/opt/visual-studio-code/resources/app/out/vs/workbench/workbench.desktop.main.js:2617:11191)
    at async G.gb (vscode-file://vscode-app/opt/visual-studio-code/resources/app/out/vs/workbench/workbench.desktop.main.js:2616:17108)
2023-08-31 19:46:44.187 [error] Cannot register remote filesystem provider. Error while fetching remote environment. The connection timed out
2023-08-31 19:46:44.188 [error] CodeExpectedError: The connection timed out
    at G.ob (vscode-file://vscode-app/opt/visual-studio-code/resources/app/out/vs/workbench/workbench.desktop.main.js:2616:20056)
    at async G.nb (vscode-file://vscode-app/opt/visual-studio-code/resources/app/out/vs/workbench/workbench.desktop.main.js:2616:19327)
    at async G.Lb (vscode-file://vscode-app/opt/visual-studio-code/resources/app/out/vs/workbench/workbench.desktop.main.js:2617:11191)
    at async G.gb (vscode-file://vscode-app/opt/visual-studio-code/resources/app/out/vs/workbench/workbench.desktop.main.js:2616:17108)
2023-08-31 19:46:44.188 [error] CodeExpectedError: The connection timed out
    at G.ob (vscode-file://vscode-app/opt/visual-studio-code/resources/app/out/vs/workbench/workbench.desktop.main.js:2616:20056)
    at async G.nb (vscode-file://vscode-app/opt/visual-studio-code/resources/app/out/vs/workbench/workbench.desktop.main.js:2616:19327)
    at async G.Lb (vscode-file://vscode-app/opt/visual-studio-code/resources/app/out/vs/workbench/workbench.desktop.main.js:2617:11191)
    at async G.gb (vscode-file://vscode-app/opt/visual-studio-code/resources/app/out/vs/workbench/workbench.desktop.main.js:2616:17108)
2023-08-31 19:46:44.188 [error] CodeExpectedError: The connection timed out
    at G.ob (vscode-file://vscode-app/opt/visual-studio-code/resources/app/out/vs/workbench/workbench.desktop.main.js:2616:20056)
    at async G.nb (vscode-file://vscode-app/opt/visual-studio-code/resources/app/out/vs/workbench/workbench.desktop.main.js:2616:19327)
    at async G.Lb (vscode-file://vscode-app/opt/visual-studio-code/resources/app/out/vs/workbench/workbench.desktop.main.js:2617:11191)
    at async G.gb (vscode-file://vscode-app/opt/visual-studio-code/resources/app/out/vs/workbench/workbench.desktop.main.js:2616:17108)
2023-08-31 19:46:44.188 [error] CodeExpectedError: The connection timed out
    at G.ob (vscode-file://vscode-app/opt/visual-studio-code/resources/app/out/vs/workbench/workbench.desktop.main.js:2616:20056)
    at async G.nb (vscode-file://vscode-app/opt/visual-studio-code/resources/app/out/vs/workbench/workbench.desktop.main.js:2616:19327)
    at async G.Lb (vscode-file://vscode-app/opt/visual-studio-code/resources/app/out/vs/workbench/workbench.desktop.main.js:2617:11191)
    at async G.gb (vscode-file://vscode-app/opt/visual-studio-code/resources/app/out/vs/workbench/workbench.desktop.main.js:2616:17108)
2023-08-31 19:46:44.189 [error] CodeExpectedError: The connection timed out
    at G.ob (vscode-file://vscode-app/opt/visual-studio-code/resources/app/out/vs/workbench/workbench.desktop.main.js:2616:20056)
    at async G.nb (vscode-file://vscode-app/opt/visual-studio-code/resources/app/out/vs/workbench/workbench.desktop.main.js:2616:19327)
    at async G.Lb (vscode-file://vscode-app/opt/visual-studio-code/resources/app/out/vs/workbench/workbench.desktop.main.js:2617:11191)
    at async G.gb (vscode-file://vscode-app/opt/visual-studio-code/resources/app/out/vs/workbench/workbench.desktop.main.js:2616:17108)
2023-08-31 19:46:44.192 [warning] Ignoring the error while validating workspace folder vscode-remote://ssh-remote%2Bbtp/storage2/web_server - ENOPRO: No file system provider found for resource 'vscode-remote://ssh-remote%2Bbtp/storage2/web_server'
2023-08-31 19:46:44.192 [error] CodeExpectedError: ENOPRO: No file system provider found for resource 'vscode-remote://ssh-remote%2Bbtp/storage2/web_server'
    at o.j (vscode-file://vscode-app/opt/visual-studio-code/resources/app/out/vs/workbench/workbench.desktop.main.js:627:11395)
    at async o.W (vscode-file://vscode-app/opt/visual-studio-code/resources/app/out/vs/workbench/workbench.desktop.main.js:627:22002)
    at async vscode-file://vscode-app/opt/visual-studio-code/resources/app/out/vs/workbench/workbench.desktop.main.js:627:21897
2023-08-31 19:46:44.192 [error] ENOPRO: No file system provider found for resource 'vscode-remote://ssh-remote%2Bbtp/storage2/web_server/.git/config': CodeExpectedError: ENOPRO: No file system provider found for resource 'vscode-remote://ssh-remote%2Bbtp/storage2/web_server/.git/config'
    at o.j (vscode-file://vscode-app/opt/visual-studio-code/resources/app/out/vs/workbench/workbench.desktop.main.js:627:11395)
    at async o.exists (vscode-file://vscode-app/opt/visual-studio-code/resources/app/out/vs/workbench/workbench.desktop.main.js:627:13602)
    at async Promise.all (index 0)
2023-08-31 19:46:44.199 [error] ENOPRO: No file system provider found for resource 'vscode-remote://ssh-remote%2Bbtp/storage2/web_server/pom.xml': CodeExpectedError: ENOPRO: No file system provider found for resource 'vscode-remote://ssh-remote%2Bbtp/storage2/web_server/pom.xml'
    at o.j (vscode-file://vscode-app/opt/visual-studio-code/resources/app/out/vs/workbench/workbench.desktop.main.js:627:11395)
    at async o.exists (vscode-file://vscode-app/opt/visual-studio-code/resources/app/out/vs/workbench/workbench.desktop.main.js:627:13602)
    at async Promise.all (index 0)
2023-08-31 19:46:44.223 [error] The connection timed out: CodeExpectedError: The connection timed out
    at G.ob (vscode-file://vscode-app/opt/visual-studio-code/resources/app/out/vs/workbench/workbench.desktop.main.js:2616:20056)
    at async G.nb (vscode-file://vscode-app/opt/visual-studio-code/resources/app/out/vs/workbench/workbench.desktop.main.js:2616:19327)
    at async G.Lb (vscode-file://vscode-app/opt/visual-studio-code/resources/app/out/vs/workbench/workbench.desktop.main.js:2617:11191)
    at async G.gb (vscode-file://vscode-app/opt/visual-studio-code/resources/app/out/vs/workbench/workbench.desktop.main.js:2616:17108)
2023-08-31 19:46:44.223 [error] ENOPRO: No file system provider found for resource 'vscode-remote://ssh-remote%2Bbtp/storage2/web_server': CodeExpectedError: ENOPRO: No file system provider found for resource 'vscode-remote://ssh-remote%2Bbtp/storage2/web_server'
    at o.j (vscode-file://vscode-app/opt/visual-studio-code/resources/app/out/vs/workbench/workbench.desktop.main.js:627:11395)
    at async o.n (vscode-file://vscode-app/opt/visual-studio-code/resources/app/out/vs/workbench/workbench.desktop.main.js:627:12185)
    at async o.resolve (vscode-file://vscode-app/opt/visual-studio-code/resources/app/out/vs/workbench/workbench.desktop.main.js:627:12013)
    at async a.i (vscode-file://vscode-app/opt/visual-studio-code/resources/app/out/vs/workbench/workbench.desktop.main.js:1935:5269)
2023-08-31 19:46:44.224 [error] ENOPRO: No file system provider found for resource 'vscode-remote://ssh-remote%2Bbtp/storage2/web_server/.vscode': CodeExpectedError: ENOPRO: No file system provider found for resource 'vscode-remote://ssh-remote%2Bbtp/storage2/web_server/.vscode'
    at o.j (vscode-file://vscode-app/opt/visual-studio-code/resources/app/out/vs/workbench/workbench.desktop.main.js:627:11395)
    at async o.exists (vscode-file://vscode-app/opt/visual-studio-code/resources/app/out/vs/workbench/workbench.desktop.main.js:627:13602)
    at async vscode-file://vscode-app/opt/visual-studio-code/resources/app/out/vs/workbench/workbench.desktop.main.js:1997:6271
    at async Promise.all (index 0)
    at async E.v (vscode-file://vscode-app/opt/visual-studio-code/resources/app/out/vs/workbench/workbench.desktop.main.js:1997:6378)
2023-08-31 19:46:44.516 [error] CodeExpectedError: The connection timed out
    at G.ob (vscode-file://vscode-app/opt/visual-studio-code/resources/app/out/vs/workbench/workbench.desktop.main.js:2616:20056)
    at async G.nb (vscode-file://vscode-app/opt/visual-studio-code/resources/app/out/vs/workbench/workbench.desktop.main.js:2616:19327)
    at async G.Lb (vscode-file://vscode-app/opt/visual-studio-code/resources/app/out/vs/workbench/workbench.desktop.main.js:2617:11191)
    at async G.gb (vscode-file://vscode-app/opt/visual-studio-code/resources/app/out/vs/workbench/workbench.desktop.main.js:2616:17108)
2023-08-31 19:46:46.609 [info] Invoking resolveAuthority(ssh-remote)...
2023-08-31 19:46:46.610 [info] [LocalProcess0][resolveAuthority(ssh-remote,1)][0ms] obtaining proxy...
2023-08-31 19:46:46.611 [info] [LocalProcess0][resolveAuthority(ssh-remote,1)][1ms] invoking...
2023-08-31 19:46:47.620 [info] [LocalProcess0][resolveAuthority(ssh-remote,1)][1011ms] waiting...
2023-08-31 19:46:48.206 [error] [Extension Host] (node:3856) [DEP0005] DeprecationWarning: Buffer() is deprecated due to security and usability issues. Please use the Buffer.alloc(), Buffer.allocUnsafe(), or Buffer.from() methods instead.
(Use `exe --trace-deprecation ...` to show where the warning was created)
2023-08-31 19:46:48.222 [info] [LocalProcess0][resolveAuthority(ssh-remote,1)][1613ms] returned WebSocket(127.0.0.1:39641)
2023-08-31 19:46:48.222 [info] resolveAuthority(ssh-remote) returned 'WebSocket(127.0.0.1:39641)' after 1613 ms
2023-08-31 19:46:48.223 [info] Creating a socket (renderer-Management-1f8262f0-10ac-4b7c-a902-6ada6d8743cf)...
2023-08-31 19:46:48.229 [info] Creating a socket (renderer-ExtensionHost-960ed017-18d2-45fb-b77d-22646f0a7572)...
2023-08-31 19:46:48.413 [info] Creating a socket (renderer-Management-1f8262f0-10ac-4b7c-a902-6ada6d8743cf) was successful after 190 ms.
2023-08-31 19:46:48.472 [info] Creating a socket (renderer-ExtensionHost-960ed017-18d2-45fb-b77d-22646f0a7572) was successful after 243 ms.
2023-08-31 19:46:51.677 [info] [perf] Render performance baseline is 59ms
