2023-08-31 19:43:37.072 [info] Added views:workbench.panel.markers.view in workbench.panel.markers
2023-08-31 19:43:37.072 [info] Added views:workbench.panel.output in workbench.panel.output
2023-08-31 19:43:37.072 [info] Added views:terminal in terminal
2023-08-31 19:43:37.072 [info] Added views:outline in workbench.view.explorer
2023-08-31 19:43:37.072 [info] Added views:workbench.scm in workbench.view.scm
2023-08-31 19:43:37.072 [info] Added views:workbench.view.search in workbench.view.search
2023-08-31 19:43:37.072 [info] Added views:timeline in workbench.view.explorer
2023-08-31 19:43:37.072 [info] Added views:workbench.explorer.fileView in workbench.view.explorer
2023-08-31 19:43:37.312 [info] Added views:workbench.debug.welcome in workbench.view.debug
2023-08-31 19:43:37.666 [info] Added views:~remote.forwardedPorts in ~remote.forwardedPortsContainer
2023-08-31 19:45:38.086 [info] Added views:remoteTargets in workbench.view.remote
2023-08-31 19:45:51.428 [info] Added views:workbench.panel.markers.view in workbench.panel.markers
2023-08-31 19:45:51.428 [info] Added views:workbench.panel.output in workbench.panel.output
2023-08-31 19:45:51.428 [info] Added views:terminal in terminal
2023-08-31 19:45:51.428 [info] Added views:outline in workbench.view.explorer
2023-08-31 19:45:51.428 [info] Added views:workbench.scm in workbench.view.scm
2023-08-31 19:45:51.428 [info] Added views:workbench.view.search in workbench.view.search
2023-08-31 19:45:51.428 [info] Added views:timeline in workbench.view.explorer
2023-08-31 19:45:51.428 [info] Added views:workbench.explorer.fileView in workbench.view.explorer
2023-08-31 19:45:51.786 [info] Added views:workbench.debug.welcome in workbench.view.debug
2023-08-31 19:45:52.402 [info] Added views:~remote.forwardedPorts in ~remote.forwardedPortsContainer
2023-08-31 19:46:07.231 [info] Added views:remoteTargets in workbench.view.remote
2023-08-31 19:46:09.779 [info] Added views:workbench.panel.markers.view in workbench.panel.markers
2023-08-31 19:46:09.780 [info] Added views:workbench.panel.output in workbench.panel.output
2023-08-31 19:46:09.780 [info] Added views:terminal in terminal
2023-08-31 19:46:09.780 [info] Added views:outline in workbench.view.explorer
2023-08-31 19:46:09.780 [info] Added views:workbench.scm in workbench.view.scm
2023-08-31 19:46:09.780 [info] Added views:workbench.view.search in workbench.view.search
2023-08-31 19:46:09.780 [info] Added views:timeline in workbench.view.explorer
2023-08-31 19:46:09.780 [info] Added views:workbench.explorer.fileView in workbench.view.explorer
2023-08-31 19:46:09.900 [info] Added views:workbench.debug.welcome in workbench.view.debug
2023-08-31 19:46:10.516 [info] Added views:~remote.forwardedPorts in ~remote.forwardedPortsContainer
2023-08-31 19:46:25.636 [info] Added views:remoteTargets in workbench.view.remote
2023-08-31 19:46:28.273 [info] Added views:workbench.panel.markers.view in workbench.panel.markers
2023-08-31 19:46:28.273 [info] Added views:workbench.panel.output in workbench.panel.output
2023-08-31 19:46:28.273 [info] Added views:terminal in terminal
2023-08-31 19:46:28.273 [info] Added views:outline in workbench.view.explorer
2023-08-31 19:46:28.273 [info] Added views:workbench.scm in workbench.view.scm
2023-08-31 19:46:28.273 [info] Added views:workbench.view.search in workbench.view.search
2023-08-31 19:46:28.273 [info] Added views:timeline in workbench.view.explorer
2023-08-31 19:46:28.273 [info] Added views:workbench.explorer.fileView in workbench.view.explorer
2023-08-31 19:46:28.464 [info] Added views:workbench.debug.welcome in workbench.view.debug
2023-08-31 19:46:28.802 [info] Added views:~remote.forwardedPorts in ~remote.forwardedPortsContainer
2023-08-31 19:46:44.096 [info] Added views:remoteTargets in workbench.view.remote
2023-08-31 19:46:46.107 [info] Added views:workbench.panel.markers.view in workbench.panel.markers
2023-08-31 19:46:46.107 [info] Added views:workbench.panel.output in workbench.panel.output
2023-08-31 19:46:46.107 [info] Added views:terminal in terminal
2023-08-31 19:46:46.107 [info] Added views:outline in workbench.view.explorer
2023-08-31 19:46:46.107 [info] Added views:workbench.scm in workbench.view.scm
2023-08-31 19:46:46.107 [info] Added views:workbench.view.search in workbench.view.search
2023-08-31 19:46:46.107 [info] Added views:timeline in workbench.view.explorer
2023-08-31 19:46:46.107 [info] Added views:workbench.explorer.fileView in workbench.view.explorer
2023-08-31 19:46:46.282 [info] Added views:workbench.debug.welcome in workbench.view.debug
2023-08-31 19:46:46.640 [info] Added views:~remote.forwardedPorts in ~remote.forwardedPortsContainer
2023-08-31 19:46:49.607 [info] Added views:remoteTargets in workbench.view.remote
2023-08-31 19:46:51.630 [info] Added views:workbench.panel.repl.view in workbench.panel.repl
2023-08-31 19:47:25.898 [info] Added views:workbench.view.testing in workbench.view.extension.test
