2023-08-31 19:45:38.676 [info] Reading sessions from keychain...
2023-08-31 19:45:38.676 [info] Getting sessions for all scopes...
2023-08-31 19:45:38.676 [info] Got stored sessions!
2023-08-31 19:45:38.676 [info] Got 2 verified sessions.
2023-08-31 19:45:38.676 [info] Got 2 sessions for ...
2023-08-31 19:45:38.678 [info] Getting sessions for user:email...
2023-08-31 19:45:38.678 [info] Got 1 sessions for user:email...
2023-08-31 19:46:07.638 [info] Reading sessions from keychain...
2023-08-31 19:46:07.638 [info] Getting sessions for all scopes...
2023-08-31 19:46:07.638 [info] Got stored sessions!
2023-08-31 19:46:07.638 [info] Got 2 verified sessions.
2023-08-31 19:46:07.638 [info] Got 2 sessions for ...
2023-08-31 19:46:07.638 [info] Getting sessions for user:email...
2023-08-31 19:46:07.638 [info] Got 1 sessions for user:email...
2023-08-31 19:46:26.035 [info] Reading sessions from keychain...
2023-08-31 19:46:26.035 [info] Getting sessions for all scopes...
2023-08-31 19:46:26.035 [info] Got stored sessions!
2023-08-31 19:46:26.035 [info] Got 2 verified sessions.
2023-08-31 19:46:26.035 [info] Got 2 sessions for ...
2023-08-31 19:46:26.035 [info] Getting sessions for user:email...
2023-08-31 19:46:26.035 [info] Got 1 sessions for user:email...
2023-08-31 19:46:44.589 [info] Reading sessions from keychain...
2023-08-31 19:46:44.589 [info] Getting sessions for all scopes...
2023-08-31 19:46:44.589 [info] Got stored sessions!
2023-08-31 19:46:44.589 [info] Got 2 verified sessions.
2023-08-31 19:46:44.589 [info] Got 2 sessions for ...
2023-08-31 19:46:44.589 [info] Getting sessions for user:email...
2023-08-31 19:46:44.589 [info] Got 1 sessions for user:email...
2023-08-31 19:46:44.606 [info] Getting sessions for all scopes...
2023-08-31 19:46:44.606 [info] Got 2 sessions for ...
2023-08-31 19:46:44.611 [info] Getting sessions for all scopes...
2023-08-31 19:46:44.611 [info] Got 2 sessions for ...
2023-08-31 19:46:50.041 [info] Reading sessions from keychain...
2023-08-31 19:46:50.041 [info] Getting sessions for all scopes...
2023-08-31 19:46:50.041 [info] Got stored sessions!
2023-08-31 19:46:50.041 [info] Got 2 verified sessions.
2023-08-31 19:46:50.041 [info] Got 2 sessions for ...
2023-08-31 19:46:50.044 [info] Getting sessions for all scopes...
2023-08-31 19:46:50.044 [info] Got 2 sessions for ...
2023-08-31 19:46:51.639 [info] Getting sessions for user:email...
2023-08-31 19:46:51.639 [info] Got 1 sessions for user:email...
2023-08-31 19:46:51.736 [info] Getting sessions for all scopes...
2023-08-31 19:46:51.736 [info] Got 2 sessions for ...
