[20:23:38.898] Log Level: 2
[20:23:38.911] VS Code version: 1.81.1
[20:23:38.911] Remote-SSH version: remote-ssh@0.102.0
[20:23:38.911] linux x64
[20:23:38.918] SSH Resolver called for "ssh-remote+btp", attempt 1
[20:23:38.919] "remote.SSH.useLocalServer": true
[20:23:38.919] "remote.SSH.path": undefined
[20:23:38.919] "remote.SSH.configFile": undefined
[20:23:38.920] "remote.SSH.useFlock": true
[20:23:38.920] "remote.SSH.lockfilesInTmp": false
[20:23:38.920] "remote.SSH.localServerDownload": auto
[20:23:38.920] "remote.SSH.remoteServerListenOnSocket": false
[20:23:38.920] "remote.SSH.showLoginTerminal": false
[20:23:38.920] "remote.SSH.defaultExtensions": []
[20:23:38.920] "remote.SSH.loglevel": 2
[20:23:38.921] "remote.SSH.enableDynamicForwarding": true
[20:23:38.921] "remote.SSH.enableRemoteCommand": false
[20:23:38.921] "remote.SSH.serverPickPortsFromRange": {}
[20:23:38.923] "remote.SSH.serverInstallPath": {}
[20:23:38.927] SSH Resolver called for host: btp
[20:23:38.927] Setting up SSH remote "btp"
[20:23:38.930] Acquiring local install lock: /tmp/vscode-remote-ssh-62d7b149-install.lock
[20:23:38.931] Looking for existing server data file at /home/panda/.config/Code/User/globalStorage/ms-vscode-remote.remote-ssh/vscode-ssh-host-62d7b149-6c3e3dba23e8fadc360aed75ce363ba185c49794-0.102.0/data.json
[20:23:38.932] Using commit id "6c3e3dba23e8fadc360aed75ce363ba185c49794" and quality "stable" for server
[20:23:38.936] Install and start server if needed
[20:23:38.941] PATH: /sbin:/bin:/usr/local/sbin:/usr/local/bin:/usr/bin:/usr/sbin:/usr/bin/site_perl:/usr/bin/vendor_perl:/usr/bin/core_perl:/usr/lib/rustup/bin
[20:23:38.941] Checking ssh with "ssh -V"
[20:23:38.949] > OpenSSH_9.4p1, OpenSSL 3.1.2 1 Aug 2023

[20:23:38.953] askpass server listening on /run/user/1000/vscode-ssh-askpass-c1dea5b6b39a6a47fdaedb33226f9001afd18cb9.sock
[20:23:38.953] Spawning local server with {"serverId":1,"ipcHandlePath":"/run/user/1000/vscode-ssh-askpass-2ad5d030f19c40dae79a1962e3ed9a31a0aff2bc.sock","sshCommand":"ssh","sshArgs":["-v","-T","-D","39579","-o","ConnectTimeout=15","btp"],"serverDataFolderName":".vscode-server","dataFilePath":"/home/panda/.config/Code/User/globalStorage/ms-vscode-remote.remote-ssh/vscode-ssh-host-62d7b149-6c3e3dba23e8fadc360aed75ce363ba185c49794-0.102.0/data.json"}
[20:23:38.953] Local server env: {"SHELL":"/bin/zsh","DISPLAY":":0","ELECTRON_RUN_AS_NODE":"1","SSH_ASKPASS":"/home/panda/.vscode/extensions/ms-vscode-remote.remote-ssh-0.102.0/out/local-server/askpass.sh","VSCODE_SSH_ASKPASS_NODE":"/opt/visual-studio-code/code","VSCODE_SSH_ASKPASS_EXTRA_ARGS":"--ms-enable-electron-run-as-node","VSCODE_SSH_ASKPASS_MAIN":"/home/panda/.vscode/extensions/ms-vscode-remote.remote-ssh-0.102.0/out/askpass-main.js","VSCODE_SSH_ASKPASS_HANDLE":"/run/user/1000/vscode-ssh-askpass-c1dea5b6b39a6a47fdaedb33226f9001afd18cb9.sock"}
[20:23:38.958] Spawned 9278
[20:23:39.057] > local-server-1> Running ssh connection command: "-v -T -D 39579 -o ConnectTimeout=15 btp"
[20:23:39.060] > local-server-1> Spawned ssh, pid=9286
[20:23:39.063] stderr> OpenSSH_9.4p1, OpenSSL 3.1.2 1 Aug 2023
[20:23:39.290] stderr> debug1: Server host key: ssh-ed25519 SHA256:+DATUrYREP0BSwEjvWmY26KRE98fjVAacK1yr5wEiSE
[20:23:39.472] stderr> Authenticated to 192.168.16.203 ([192.168.16.203]:22) using "publickey".
[20:23:39.632] > Welcome to Ubuntu 22.04.2 LTS (GNU/Linux 5.19.0-41-generic x86_64)
> 
>  * Documentation:  https://help.ubuntu.com
>  * Management:     https://landscape.canonical.com
>  * Support:        https://ubuntu.com/advantage
> 
> Expanded Security Maintenance for Applications is not enabled.
> 
> 69 updates can be applied immediately.
> To see these additional updates run: apt list --upgradable
> 
> Enable ESM Apps to receive additional future security updates.
> See https://ubuntu.com/esm or run: sudo pro status
> 
> *** System restart required ***
[20:23:39.641] > ready: ad70f59d14a8
[20:23:39.654] > Linux 5.19.0-41-generic #42~22.04.1-Ubuntu SMP PREEMPT_DYNAMIC Tue Apr 18 17:40:00 UTC 2
[20:23:39.655] Platform: linux
[20:23:39.668] > /bin/bash
[20:23:39.669] Shell: bash
[20:23:39.669] Creating bash subshell inside "bash"
[20:23:39.684] > bash version:  5.1.16(1)-release
[20:23:39.816] > ad70f59d14a8: running
[20:23:39.856] > Acquiring lock on /home/web_server/.vscode-server/bin/6c3e3dba23e8fadc360aed75ce363ba185c49794/vscode-remote-lock.web_server.6c3e3dba23e8fadc360aed75ce363ba185c49794
[20:23:39.862] > Found existing installation at /home/web_server/.vscode-server/bin/6c3e3dba23e8fadc360aed75ce363ba185c49794...
> Checking /home/web_server/.vscode-server/.6c3e3dba23e8fadc360aed75ce363ba185c49794.log and /home/web_server/.vscode-server/.6c3e3dba23e8fadc360aed75ce363ba185c49794.pid for a running server
[20:23:39.864] > Looking for server with pid: 2364480
[20:23:39.909] > Found running server...
[20:23:39.912] >  
> *
> * Visual Studio Code Server
> *
> * By using the software, you agree to
> * the Visual Studio Code Server License Terms (https://aka.ms/vscode-server-license) and
> * the Microsoft Privacy Statement (https://privacy.microsoft.com/en-US/privacystatement).
> *
>  
[20:23:39.927] > Checking server status on port 43229 with wget
[20:23:39.958] > ad70f59d14a8: start
> SSH_AUTH_SOCK====
> DISPLAY====
> webUiAccessToken====
> listeningOn==43229==
> osReleaseId==ubuntu==
> arch==x86_64==
> vscodeArch==x64==
> bitness==64==
> tmpDir==/run/user/1013==
> platform==linux==
> unpackResult====
> didLocalDownload==0==
> downloadTime====
> installTime====
> extInstallTime====
> serverStartTime====
> connectionToken==aa1111a1-aa1a-111a-1aaa-11111111111a==
> ad70f59d14a8: end
[20:23:39.959] Received install output: 
SSH_AUTH_SOCK====
DISPLAY====
webUiAccessToken====
listeningOn==43229==
osReleaseId==ubuntu==
arch==x86_64==
vscodeArch==x64==
bitness==64==
tmpDir==/run/user/1013==
platform==linux==
unpackResult====
didLocalDownload==0==
downloadTime====
installTime====
extInstallTime====
serverStartTime====
connectionToken==aa1111a1-aa1a-111a-1aaa-11111111111a==

[20:23:39.961] Remote server is listening on 43229
[20:23:39.962] Parsed server configuration: {"serverConfiguration":{"remoteListeningOn":{"port":43229},"osReleaseId":"ubuntu","arch":"x86_64","webUiAccessToken":"","sshAuthSock":"","display":"","tmpDir":"/run/user/1013","platform":"linux","connectionToken":"aa1111a1-aa1a-111a-1aaa-11111111111a"},"installUnpackCode":""}
[20:23:39.964] Persisting server connection details to /home/panda/.config/Code/User/globalStorage/ms-vscode-remote.remote-ssh/vscode-ssh-host-62d7b149-6c3e3dba23e8fadc360aed75ce363ba185c49794-0.102.0/data.json
[20:23:39.973] Starting forwarding server. localPort 42183 -> socksPort 39579 -> remotePort 43229
[20:23:39.974] Forwarding server listening on 42183
[20:23:39.975] Waiting for ssh tunnel to be ready
[20:23:39.978] [Forwarding server 42183] Got connection 0
[20:23:39.982] Tunneled 43229 to local port 42183
[20:23:39.982] Resolved "ssh-remote+btp" to "127.0.0.1:42183"
[20:23:40.002] ------




[20:23:40.012] [Forwarding server 42183] Got connection 1
[20:23:40.057] [Forwarding server 42183] Got connection 2
[20:23:58.498] [Forwarding server 42183] Got connection 3
[20:24:42.293] [Forwarding server 42183] Got connection 4
[20:52:42.442] [Forwarding server 42183] Got connection 5
[20:53:47.669] [Forwarding server 42183] Got connection 6
[20:53:59.294] [Forwarding server 42183] Got connection 7
[20:54:41.095] [Forwarding server 42183] Got connection 8
[20:55:50.734] [Forwarding server 42183] Got connection 9
