2023-08-30 00:26:54.642 [info] Added views:workbench.panel.markers.view in workbench.panel.markers
2023-08-30 00:26:54.642 [info] Added views:workbench.panel.output in workbench.panel.output
2023-08-30 00:26:54.642 [info] Added views:terminal in terminal
2023-08-30 00:26:54.642 [info] Added views:outline in workbench.view.explorer
2023-08-30 00:26:54.642 [info] Added views:workbench.scm in workbench.view.scm
2023-08-30 00:26:54.642 [info] Added views:workbench.view.search in workbench.view.search
2023-08-30 00:26:54.642 [info] Added views:timeline in workbench.view.explorer
2023-08-30 00:26:54.642 [info] Added views:workbench.explorer.fileView in workbench.view.explorer
2023-08-30 00:26:54.831 [info] Added views:workbench.debug.welcome in workbench.view.debug
2023-08-30 00:26:56.875 [info] Added views:~remote.forwardedPorts in ~remote.forwardedPortsContainer
2023-08-30 00:26:57.403 [info] Added views:remoteTargets in workbench.view.remote
2023-08-30 00:26:58.484 [info] Added views:workbench.panel.repl.view in workbench.panel.repl
2023-08-30 00:37:56.496 [info] Added views:workbench.views.extensions.local.installed,workbench.views.extensions.remote.installed,workbench.views.extensions.popular,extensions.recommendedList in workbench.view.extensions
2023-08-30 00:37:56.513 [info] Removed views:workbench.views.extensions.popular from workbench.view.extensions
2023-08-30 00:37:59.417 [info] Removed views:extensions.recommendedList,workbench.views.extensions.remote.installed,workbench.views.extensions.local.installed from workbench.view.extensions
2023-08-30 00:37:59.434 [info] Added views:workbench.views.extensions.marketplace in workbench.view.extensions
2023-08-30 00:57:37.817 [info] Removed views:workbench.views.extensions.marketplace from workbench.view.extensions
2023-08-30 00:57:37.857 [info] Added views:workbench.views.extensions.local.installed,workbench.views.extensions.remote.installed,extensions.recommendedList in workbench.view.extensions
2023-08-30 00:57:39.434 [info] Removed views:extensions.recommendedList,workbench.views.extensions.remote.installed,workbench.views.extensions.local.installed from workbench.view.extensions
2023-08-30 00:57:39.448 [info] Added views:workbench.views.extensions.marketplace in workbench.view.extensions
2023-08-30 00:57:55.037 [info] Added views:workbench.view.testing in workbench.view.extension.test
2023-08-30 02:00:40.451 [info] Removed views:workbench.view.testing from workbench.view.extension.test
2023-08-30 02:00:43.028 [info] Added views:workbench.panel.markers.view in workbench.panel.markers
2023-08-30 02:00:43.028 [info] Added views:workbench.panel.output in workbench.panel.output
2023-08-30 02:00:43.028 [info] Added views:terminal in terminal
2023-08-30 02:00:43.028 [info] Added views:outline in workbench.view.explorer
2023-08-30 02:00:43.028 [info] Added views:workbench.scm in workbench.view.scm
2023-08-30 02:00:43.028 [info] Added views:workbench.view.search in workbench.view.search
2023-08-30 02:00:43.028 [info] Added views:timeline in workbench.view.explorer
2023-08-30 02:00:43.028 [info] Added views:workbench.explorer.fileView in workbench.view.explorer
2023-08-30 02:00:43.364 [info] Added views:workbench.debug.welcome in workbench.view.debug
2023-08-30 02:00:43.868 [info] Added views:remoteTargets in workbench.view.remote
2023-08-30 02:00:47.162 [info] Added views:workbench.panel.output in workbench.panel.output
2023-08-30 02:00:47.162 [info] Added views:workbench.panel.markers.view in workbench.panel.markers
2023-08-30 02:00:47.162 [info] Added views:terminal in terminal
2023-08-30 02:00:47.162 [info] Added views:outline in workbench.view.explorer
2023-08-30 02:00:47.162 [info] Added views:workbench.scm in workbench.view.scm
2023-08-30 02:00:47.162 [info] Added views:workbench.view.search in workbench.view.search
2023-08-30 02:00:47.162 [info] Added views:timeline in workbench.view.explorer
2023-08-30 02:00:47.162 [info] Added views:workbench.explorer.fileView in workbench.view.explorer
2023-08-30 02:00:47.512 [info] Added views:workbench.debug.welcome in workbench.view.debug
2023-08-30 02:00:47.855 [info] Added views:remoteTargets in workbench.view.remote
2023-08-30 02:00:50.071 [info] Added views:workbench.panel.markers.view in workbench.panel.markers
2023-08-30 02:00:50.071 [info] Added views:workbench.panel.output in workbench.panel.output
2023-08-30 02:00:50.071 [info] Added views:terminal in terminal
2023-08-30 02:00:50.071 [info] Added views:outline in workbench.view.explorer
2023-08-30 02:00:50.071 [info] Added views:workbench.scm in workbench.view.scm
2023-08-30 02:00:50.071 [info] Added views:workbench.view.search in workbench.view.search
2023-08-30 02:00:50.071 [info] Added views:timeline in workbench.view.explorer
2023-08-30 02:00:50.071 [info] Added views:workbench.explorer.fileView in workbench.view.explorer
2023-08-30 02:00:50.369 [info] Added views:workbench.debug.welcome in workbench.view.debug
2023-08-30 02:00:50.773 [info] Added views:remoteTargets in workbench.view.remote
2023-08-30 02:00:53.022 [info] Added views:workbench.panel.markers.view in workbench.panel.markers
2023-08-30 02:00:53.022 [info] Added views:workbench.panel.output in workbench.panel.output
2023-08-30 02:00:53.022 [info] Added views:terminal in terminal
2023-08-30 02:00:53.022 [info] Added views:outline in workbench.view.explorer
2023-08-30 02:00:53.022 [info] Added views:workbench.scm in workbench.view.scm
2023-08-30 02:00:53.022 [info] Added views:workbench.view.search in workbench.view.search
2023-08-30 02:00:53.022 [info] Added views:timeline in workbench.view.explorer
2023-08-30 02:00:53.022 [info] Added views:workbench.explorer.fileView in workbench.view.explorer
2023-08-30 02:00:53.310 [info] Added views:workbench.debug.welcome in workbench.view.debug
2023-08-30 02:00:53.652 [info] Added views:remoteTargets in workbench.view.remote
2023-08-30 02:00:56.016 [info] Added views:workbench.panel.output in workbench.panel.output
2023-08-30 02:00:56.016 [info] Added views:workbench.panel.markers.view in workbench.panel.markers
2023-08-30 02:00:56.016 [info] Added views:terminal in terminal
2023-08-30 02:00:56.016 [info] Added views:outline in workbench.view.explorer
2023-08-30 02:00:56.016 [info] Added views:workbench.scm in workbench.view.scm
2023-08-30 02:00:56.016 [info] Added views:workbench.view.search in workbench.view.search
2023-08-30 02:00:56.016 [info] Added views:timeline in workbench.view.explorer
2023-08-30 02:00:56.016 [info] Added views:workbench.explorer.fileView in workbench.view.explorer
2023-08-30 02:00:56.344 [info] Added views:workbench.debug.welcome in workbench.view.debug
2023-08-30 02:00:56.856 [info] Added views:remoteTargets in workbench.view.remote
2023-08-30 02:00:58.535 [info] Added views:workbench.panel.markers.view in workbench.panel.markers
2023-08-30 02:00:58.535 [info] Added views:workbench.panel.output in workbench.panel.output
2023-08-30 02:00:58.535 [info] Added views:terminal in terminal
2023-08-30 02:00:58.535 [info] Added views:outline in workbench.view.explorer
2023-08-30 02:00:58.535 [info] Added views:workbench.scm in workbench.view.scm
2023-08-30 02:00:58.535 [info] Added views:workbench.view.search in workbench.view.search
2023-08-30 02:00:58.535 [info] Added views:timeline in workbench.view.explorer
2023-08-30 02:00:58.535 [info] Added views:workbench.explorer.fileView in workbench.view.explorer
2023-08-30 02:00:58.818 [info] Added views:workbench.debug.welcome in workbench.view.debug
2023-08-30 02:00:59.172 [info] Added views:remoteTargets in workbench.view.remote
2023-08-30 02:01:00.634 [info] Added views:workbench.panel.output in workbench.panel.output
2023-08-30 02:01:00.634 [info] Added views:workbench.panel.markers.view in workbench.panel.markers
2023-08-30 02:01:00.634 [info] Added views:terminal in terminal
2023-08-30 02:01:00.634 [info] Added views:outline in workbench.view.explorer
2023-08-30 02:01:00.634 [info] Added views:workbench.scm in workbench.view.scm
2023-08-30 02:01:00.634 [info] Added views:workbench.view.search in workbench.view.search
2023-08-30 02:01:00.634 [info] Added views:timeline in workbench.view.explorer
2023-08-30 02:01:00.634 [info] Added views:workbench.explorer.fileView in workbench.view.explorer
2023-08-30 02:01:00.937 [info] Added views:workbench.debug.welcome in workbench.view.debug
2023-08-30 02:01:01.284 [info] Added views:remoteTargets in workbench.view.remote
2023-08-30 02:01:02.709 [info] Added views:workbench.panel.output in workbench.panel.output
2023-08-30 02:01:02.709 [info] Added views:workbench.panel.markers.view in workbench.panel.markers
2023-08-30 02:01:02.709 [info] Added views:terminal in terminal
2023-08-30 02:01:02.709 [info] Added views:outline in workbench.view.explorer
2023-08-30 02:01:02.709 [info] Added views:workbench.scm in workbench.view.scm
2023-08-30 02:01:02.709 [info] Added views:workbench.view.search in workbench.view.search
2023-08-30 02:01:02.709 [info] Added views:timeline in workbench.view.explorer
2023-08-30 02:01:02.709 [info] Added views:workbench.explorer.fileView in workbench.view.explorer
2023-08-30 02:01:02.991 [info] Added views:workbench.debug.welcome in workbench.view.debug
2023-08-30 02:01:03.407 [info] Added views:remoteTargets in workbench.view.remote
2023-08-30 02:01:05.197 [info] Added views:workbench.panel.markers.view in workbench.panel.markers
2023-08-30 02:01:05.197 [info] Added views:workbench.panel.output in workbench.panel.output
2023-08-30 02:01:05.197 [info] Added views:terminal in terminal
2023-08-30 02:01:05.197 [info] Added views:outline in workbench.view.explorer
2023-08-30 02:01:05.197 [info] Added views:workbench.scm in workbench.view.scm
2023-08-30 02:01:05.197 [info] Added views:workbench.view.search in workbench.view.search
2023-08-30 02:01:05.197 [info] Added views:timeline in workbench.view.explorer
2023-08-30 02:01:05.197 [info] Added views:workbench.explorer.fileView in workbench.view.explorer
2023-08-30 02:01:05.458 [info] Added views:workbench.debug.welcome in workbench.view.debug
2023-08-30 02:01:05.851 [info] Added views:remoteTargets in workbench.view.remote
2023-08-30 02:01:07.679 [info] Added views:workbench.panel.output in workbench.panel.output
2023-08-30 02:01:07.679 [info] Added views:workbench.panel.markers.view in workbench.panel.markers
2023-08-30 02:01:07.679 [info] Added views:terminal in terminal
2023-08-30 02:01:07.679 [info] Added views:outline in workbench.view.explorer
2023-08-30 02:01:07.679 [info] Added views:workbench.scm in workbench.view.scm
2023-08-30 02:01:07.679 [info] Added views:workbench.view.search in workbench.view.search
2023-08-30 02:01:07.679 [info] Added views:timeline in workbench.view.explorer
2023-08-30 02:01:07.679 [info] Added views:workbench.explorer.fileView in workbench.view.explorer
2023-08-30 02:01:07.986 [info] Added views:workbench.debug.welcome in workbench.view.debug
2023-08-30 02:01:08.323 [info] Added views:remoteTargets in workbench.view.remote
2023-08-30 02:01:09.600 [info] Added views:workbench.panel.output in workbench.panel.output
2023-08-30 02:01:09.600 [info] Added views:workbench.panel.markers.view in workbench.panel.markers
2023-08-30 02:01:09.600 [info] Added views:terminal in terminal
2023-08-30 02:01:09.600 [info] Added views:outline in workbench.view.explorer
2023-08-30 02:01:09.600 [info] Added views:workbench.scm in workbench.view.scm
2023-08-30 02:01:09.600 [info] Added views:workbench.view.search in workbench.view.search
2023-08-30 02:01:09.600 [info] Added views:timeline in workbench.view.explorer
2023-08-30 02:01:09.600 [info] Added views:workbench.explorer.fileView in workbench.view.explorer
2023-08-30 02:01:09.894 [info] Added views:workbench.debug.welcome in workbench.view.debug
2023-08-30 02:01:10.237 [info] Added views:remoteTargets in workbench.view.remote
2023-08-30 02:01:11.762 [info] Added views:workbench.panel.markers.view in workbench.panel.markers
2023-08-30 02:01:11.762 [info] Added views:workbench.panel.output in workbench.panel.output
2023-08-30 02:01:11.762 [info] Added views:terminal in terminal
2023-08-30 02:01:11.762 [info] Added views:outline in workbench.view.explorer
2023-08-30 02:01:11.762 [info] Added views:workbench.scm in workbench.view.scm
2023-08-30 02:01:11.762 [info] Added views:workbench.view.search in workbench.view.search
2023-08-30 02:01:11.762 [info] Added views:timeline in workbench.view.explorer
2023-08-30 02:01:11.762 [info] Added views:workbench.explorer.fileView in workbench.view.explorer
2023-08-30 02:01:12.034 [info] Added views:workbench.debug.welcome in workbench.view.debug
2023-08-30 02:01:12.412 [info] Added views:remoteTargets in workbench.view.remote
2023-08-30 02:01:13.586 [info] Added views:workbench.panel.output in workbench.panel.output
2023-08-30 02:01:13.586 [info] Added views:workbench.panel.markers.view in workbench.panel.markers
2023-08-30 02:01:13.586 [info] Added views:terminal in terminal
2023-08-30 02:01:13.586 [info] Added views:outline in workbench.view.explorer
2023-08-30 02:01:13.586 [info] Added views:workbench.scm in workbench.view.scm
2023-08-30 02:01:13.586 [info] Added views:workbench.view.search in workbench.view.search
2023-08-30 02:01:13.586 [info] Added views:timeline in workbench.view.explorer
2023-08-30 02:01:13.586 [info] Added views:workbench.explorer.fileView in workbench.view.explorer
2023-08-30 02:01:13.935 [info] Added views:workbench.debug.welcome in workbench.view.debug
2023-08-30 02:01:29.264 [info] Added views:remoteTargets in workbench.view.remote
2023-08-30 02:01:47.295 [info] Added views:~remote.forwardedPorts in ~remote.forwardedPortsContainer
2023-08-30 02:02:36.666 [info] Added views:workbench.panel.markers.view in workbench.panel.markers
2023-08-30 02:02:36.666 [info] Added views:workbench.panel.output in workbench.panel.output
2023-08-30 02:02:36.666 [info] Added views:terminal in terminal
2023-08-30 02:02:36.666 [info] Added views:outline in workbench.view.explorer
2023-08-30 02:02:36.666 [info] Added views:workbench.scm in workbench.view.scm
2023-08-30 02:02:36.666 [info] Added views:workbench.view.search in workbench.view.search
2023-08-30 02:02:36.666 [info] Added views:timeline in workbench.view.explorer
2023-08-30 02:02:36.666 [info] Added views:workbench.explorer.fileView in workbench.view.explorer
2023-08-30 02:02:37.009 [info] Added views:workbench.debug.welcome in workbench.view.debug
2023-08-30 02:02:38.302 [info] Added views:~remote.forwardedPorts in ~remote.forwardedPortsContainer
2023-08-30 02:02:40.250 [info] Added views:remoteTargets in workbench.view.remote
2023-08-30 02:02:41.072 [info] Added views:workbench.panel.repl.view in workbench.panel.repl
