2023-09-04 15:10:25.029 [info] Using settings sync service https://vscode-sync.trafficmanager.net/
2023-09-04 15:10:25.029 [info] Auto Sync is enabled.
2023-09-04 15:10:25.029 [info] Auto Sync: Suspended until auth token is available.
2023-09-04 15:10:25.444 [info] Deleting non existing profile from backup /home/panda/.config/Code/User/sync/extensions
2023-09-04 15:10:25.446 [info] Deleting non existing profile from backup /home/panda/.config/Code/User/sync/globalState
2023-09-04 15:10:25.448 [info] Deleting non existing profile from backup /home/panda/.config/Code/User/sync/keybindings
2023-09-04 15:10:25.448 [info] Deleting non existing profile from backup /home/panda/.config/Code/User/sync/profiles
2023-09-04 15:10:25.451 [info] Deleting non existing profile from backup /home/panda/.config/Code/User/sync/settings
2023-09-04 15:10:25.451 [info] Deleting non existing profile from backup /home/panda/.config/Code/User/sync/snippets
2023-09-04 15:10:25.452 [info] Deleting non existing profile from backup /home/panda/.config/Code/User/sync/tasks
2023-09-04 15:10:27.587 [info] Auto Sync: Triggered by Interval
2023-09-04 15:10:27.588 [info] Sync started.
2023-09-04 15:10:29.281 [info] Settings: Last sync resource does not exist locally.
2023-09-04 15:10:29.720 [info] Settings: No changes found during synchronizing settings.
2023-09-04 15:10:29.728 [info] Keybindings: Last sync resource does not exist locally.
2023-09-04 15:10:30.011 [info] Keybindings: No changes found during synchronizing keybindings.
2023-09-04 15:10:30.014 [info] Snippets: Last sync resource does not exist locally.
2023-09-04 15:10:30.457 [info] Snippets: No changes found during synchronizing snippets.
2023-09-04 15:10:30.483 [info] Tasks: Last sync resource does not exist locally.
2023-09-04 15:10:30.693 [info] Tasks: No changes found during synchronizing tasks.
2023-09-04 15:10:30.698 [info] GlobalState: Last sync resource does not exist locally.
2023-09-04 15:10:31.042 [info] GlobalState: Last sync resource does not exist locally.
2023-09-04 15:10:31.910 [info] GlobalState: Updated remote ui state. Updated: typescript.1.lastSessionDate,typescript.1.sessionCount,csharp.1.lastSessionDate,csharp.1.sessionCount.
2023-09-04 15:10:31.923 [info] GlobalState: Updated last synchronized ui state
2023-09-04 15:10:31.925 [info] Extensions: Last sync resource does not exist locally.
2023-09-04 15:10:32.160 [info] Extensions: No changes found during synchronizing extensions.
2023-09-04 15:10:32.161 [info] Profiles: Last sync resource does not exist locally.
2023-09-04 15:10:32.326 [info] Profiles: No changes found during synchronizing profiles.
2023-09-04 15:10:32.334 [info] Sync done. Took 4745ms
2023-09-04 15:10:32.667 [info] GlobalState: Last sync data stored locally is not same as the last sync state.
2023-09-04 15:10:37.078 [info] Auto Sync: Triggered by Activity
2023-09-04 15:10:37.079 [info] Sync started.
2023-09-04 15:10:37.281 [info] Settings: No changes found during synchronizing settings.
2023-09-04 15:10:37.287 [info] Keybindings: No changes found during synchronizing keybindings.
2023-09-04 15:10:37.293 [info] Snippets: No changes found during synchronizing snippets.
2023-09-04 15:10:37.297 [info] Tasks: No changes found during synchronizing tasks.
2023-09-04 15:10:38.219 [info] GlobalState: Updated remote ui state. Updated: workbench.activity.pinnedViewlets2,workbench.panel.pinnedPanels.
2023-09-04 15:10:38.225 [info] GlobalState: Updated last synchronized ui state
2023-09-04 15:10:38.300 [info] Extensions: No changes found during synchronizing extensions.
2023-09-04 15:10:38.301 [info] Profiles: No changes found during synchronizing profiles.
2023-09-04 15:10:38.302 [info] Sync done. Took 1224ms
2023-09-04 15:11:16.064 [info] Auto Sync: Triggered by Activity
2023-09-04 15:11:16.065 [info] Sync started.
2023-09-04 15:11:16.868 [info] Settings: No changes found during synchronizing settings.
2023-09-04 15:11:16.876 [info] Keybindings: No changes found during synchronizing keybindings.
2023-09-04 15:11:16.881 [info] Snippets: No changes found during synchronizing snippets.
2023-09-04 15:11:16.884 [info] Tasks: No changes found during synchronizing tasks.
2023-09-04 15:11:16.889 [info] GlobalState: No changes found during synchronizing ui state.
2023-09-04 15:11:16.983 [info] Extensions: No changes found during synchronizing extensions.
2023-09-04 15:11:16.987 [info] Profiles: No changes found during synchronizing profiles.
2023-09-04 15:11:16.990 [info] Sync done. Took 926ms
2023-09-04 15:14:17.142 [info] Auto Sync: Triggered by Activity
2023-09-04 15:14:17.142 [info] Sync started.
2023-09-04 15:14:17.908 [info] Settings: No changes found during synchronizing settings.
2023-09-04 15:14:17.911 [info] Keybindings: No changes found during synchronizing keybindings.
2023-09-04 15:14:17.915 [info] Snippets: No changes found during synchronizing snippets.
2023-09-04 15:14:17.917 [info] Tasks: No changes found during synchronizing tasks.
2023-09-04 15:14:18.368 [info] GlobalState: Updated remote ui state. Added: workbench.view.extension.workspaceViewer.state.hidden. Updated: workbench.activity.pinnedViewlets2.
2023-09-04 15:14:18.375 [info] GlobalState: Updated last synchronized ui state
2023-09-04 15:14:18.486 [info] Extensions: No changes found during synchronizing extensions.
2023-09-04 15:14:18.490 [info] Profiles: No changes found during synchronizing profiles.
2023-09-04 15:14:18.491 [info] Sync done. Took 1349ms
2023-09-04 15:14:19.606 [info] Auto Sync: Triggered by Activity
2023-09-04 15:14:19.607 [info] Sync started.
2023-09-04 15:14:19.791 [info] Settings: No changes found during synchronizing settings.
2023-09-04 15:14:19.794 [info] Keybindings: No changes found during synchronizing keybindings.
2023-09-04 15:14:19.798 [info] Snippets: No changes found during synchronizing snippets.
2023-09-04 15:14:19.801 [info] Tasks: No changes found during synchronizing tasks.
2023-09-04 15:14:19.804 [info] GlobalState: No changes found during synchronizing ui state.
2023-09-04 15:14:19.885 [info] Extensions: No changes found during synchronizing extensions.
2023-09-04 15:14:19.886 [info] Profiles: No changes found during synchronizing profiles.
2023-09-04 15:14:19.887 [info] Sync done. Took 282ms
2023-09-04 15:14:28.004 [info] Auto Sync: Triggered by Activity
2023-09-04 15:14:28.004 [info] Sync started.
2023-09-04 15:14:28.183 [info] Settings: No changes found during synchronizing settings.
2023-09-04 15:14:28.191 [info] Keybindings: No changes found during synchronizing keybindings.
2023-09-04 15:14:28.196 [info] Snippets: No changes found during synchronizing snippets.
2023-09-04 15:14:28.198 [info] Tasks: No changes found during synchronizing tasks.
2023-09-04 15:14:28.630 [info] GlobalState: Updated remote ui state. Updated: workbench.activity.pinnedViewlets2.
2023-09-04 15:14:28.635 [info] GlobalState: Updated last synchronized ui state
2023-09-04 15:14:28.722 [info] Extensions: No changes found during synchronizing extensions.
2023-09-04 15:14:28.723 [info] Profiles: No changes found during synchronizing profiles.
2023-09-04 15:14:28.725 [info] Sync done. Took 721ms
2023-09-04 15:16:25.100 [info] Auto Sync: Triggered by Activity
2023-09-04 15:16:25.101 [info] Sync started.
2023-09-04 15:16:25.243 [info] Settings: No changes found during synchronizing settings.
2023-09-04 15:16:25.246 [info] Keybindings: No changes found during synchronizing keybindings.
2023-09-04 15:16:25.249 [info] Snippets: No changes found during synchronizing snippets.
2023-09-04 15:16:25.251 [info] Tasks: No changes found during synchronizing tasks.
2023-09-04 15:16:25.254 [info] GlobalState: No changes found during synchronizing ui state.
2023-09-04 15:16:25.366 [info] Extensions: No changes found during synchronizing extensions.
2023-09-04 15:16:25.367 [info] Profiles: No changes found during synchronizing profiles.
2023-09-04 15:16:25.369 [info] Sync done. Took 269ms
2023-09-04 15:19:46.941 [info] Auto Sync: Triggered by Activity
2023-09-04 15:19:46.942 [info] Sync started.
2023-09-04 15:19:47.288 [info] Settings: No changes found during synchronizing settings.
2023-09-04 15:19:47.291 [info] Keybindings: No changes found during synchronizing keybindings.
2023-09-04 15:19:47.295 [info] Snippets: No changes found during synchronizing snippets.
2023-09-04 15:19:47.297 [info] Tasks: No changes found during synchronizing tasks.
2023-09-04 15:19:47.301 [info] GlobalState: No changes found during synchronizing ui state.
2023-09-04 15:19:47.417 [info] Extensions: No changes found during synchronizing extensions.
2023-09-04 15:19:47.419 [info] Profiles: No changes found during synchronizing profiles.
2023-09-04 15:19:47.421 [info] Sync done. Took 480ms
2023-09-04 15:19:49.533 [info] Auto Sync: Triggered by Activity
2023-09-04 15:19:49.533 [info] Sync started.
2023-09-04 15:19:49.661 [info] Settings: No changes found during synchronizing settings.
2023-09-04 15:19:49.664 [info] Keybindings: No changes found during synchronizing keybindings.
2023-09-04 15:19:49.668 [info] Snippets: No changes found during synchronizing snippets.
2023-09-04 15:19:49.670 [info] Tasks: No changes found during synchronizing tasks.
2023-09-04 15:19:50.049 [info] GlobalState: Updated remote ui state. Updated: workbench.panel.pinnedPanels.
2023-09-04 15:19:50.053 [info] GlobalState: Updated last synchronized ui state
2023-09-04 15:19:50.121 [info] Extensions: No changes found during synchronizing extensions.
2023-09-04 15:19:50.122 [info] Profiles: No changes found during synchronizing profiles.
2023-09-04 15:19:50.123 [info] Sync done. Took 590ms
2023-09-04 15:21:44.967 [info] Auto Sync: Triggered by Activity
2023-09-04 15:21:44.968 [info] Sync started.
2023-09-04 15:21:45.089 [info] Settings: No changes found during synchronizing settings.
2023-09-04 15:21:45.094 [info] Keybindings: No changes found during synchronizing keybindings.
2023-09-04 15:21:45.099 [info] Snippets: No changes found during synchronizing snippets.
2023-09-04 15:21:45.102 [info] Tasks: No changes found during synchronizing tasks.
2023-09-04 15:21:45.106 [info] GlobalState: No changes found during synchronizing ui state.
2023-09-04 15:21:45.238 [info] Extensions: No changes found during synchronizing extensions.
2023-09-04 15:21:45.239 [info] Profiles: No changes found during synchronizing profiles.
2023-09-04 15:21:45.240 [info] Sync done. Took 273ms
2023-09-04 15:26:45.242 [info] Auto Sync: Triggered by Interval
2023-09-04 15:26:45.243 [info] Sync started.
2023-09-04 15:26:45.590 [info] Settings: No changes found during synchronizing settings.
2023-09-04 15:26:45.594 [info] Keybindings: No changes found during synchronizing keybindings.
2023-09-04 15:26:45.599 [info] Snippets: No changes found during synchronizing snippets.
2023-09-04 15:26:45.601 [info] Tasks: No changes found during synchronizing tasks.
2023-09-04 15:26:45.603 [info] GlobalState: No changes found during synchronizing ui state.
2023-09-04 15:26:45.693 [info] Extensions: No changes found during synchronizing extensions.
2023-09-04 15:26:45.696 [info] Profiles: No changes found during synchronizing profiles.
2023-09-04 15:26:45.697 [info] Sync done. Took 455ms
2023-09-04 15:29:11.868 [info] Auto Sync: Triggered by Activity
2023-09-04 15:29:11.869 [info] Sync started.
2023-09-04 15:29:12.303 [info] Settings: No changes found during synchronizing settings.
2023-09-04 15:29:12.313 [info] Keybindings: No changes found during synchronizing keybindings.
2023-09-04 15:29:12.322 [info] Snippets: No changes found during synchronizing snippets.
2023-09-04 15:29:12.340 [info] Tasks: No changes found during synchronizing tasks.
2023-09-04 15:29:12.354 [info] GlobalState: No changes found during synchronizing ui state.
2023-09-04 15:29:12.438 [info] Extensions: No changes found during synchronizing extensions.
2023-09-04 15:29:12.439 [info] Profiles: No changes found during synchronizing profiles.
2023-09-04 15:29:12.440 [info] Sync done. Took 574ms
2023-09-04 15:34:12.443 [info] Auto Sync: Triggered by Interval
2023-09-04 15:34:12.444 [info] Sync started.
2023-09-04 15:34:12.960 [info] Settings: No changes found during synchronizing settings.
2023-09-04 15:34:12.964 [info] Keybindings: No changes found during synchronizing keybindings.
2023-09-04 15:34:12.968 [info] Snippets: No changes found during synchronizing snippets.
2023-09-04 15:34:12.970 [info] Tasks: No changes found during synchronizing tasks.
2023-09-04 15:34:13.148 [info] GlobalState: No changes found during synchronizing ui state.
2023-09-04 15:34:13.256 [info] Extensions: No changes found during synchronizing extensions.
2023-09-04 15:34:13.259 [info] Profiles: No changes found during synchronizing profiles.
2023-09-04 15:34:13.260 [info] Sync done. Took 818ms
2023-09-04 15:39:13.263 [info] Auto Sync: Triggered by Interval
2023-09-04 15:39:13.263 [info] Sync started.
2023-09-04 15:39:14.084 [info] Settings: No changes found during synchronizing settings.
2023-09-04 15:39:14.088 [info] Keybindings: No changes found during synchronizing keybindings.
2023-09-04 15:39:14.091 [info] Snippets: No changes found during synchronizing snippets.
2023-09-04 15:39:14.093 [info] Tasks: No changes found during synchronizing tasks.
2023-09-04 15:39:14.097 [info] GlobalState: No changes found during synchronizing ui state.
2023-09-04 15:39:14.169 [info] Extensions: No changes found during synchronizing extensions.
2023-09-04 15:39:14.172 [info] Profiles: No changes found during synchronizing profiles.
2023-09-04 15:39:14.174 [info] Sync done. Took 912ms
2023-09-04 15:44:14.176 [info] Auto Sync: Triggered by Interval
2023-09-04 15:44:14.177 [info] Sync started.
2023-09-04 15:44:14.201 [info] Request failed https://vscode-sync.trafficmanager.net/v1/manifest
2023-09-04 15:44:14.201 [error] RequestFailed (UserDataSyncError) syncResource:unknown operationId:unknown: Connection refused for the request 'https://vscode-sync.trafficmanager.net/v1/manifest'.
    at f.v (/opt/visual-studio-code/resources/app/out/vs/code/node/sharedProcess/sharedProcessMain.js:91:126167)
    at async f.manifest (/opt/visual-studio-code/resources/app/out/vs/code/node/sharedProcess/sharedProcessMain.js:91:124343)
    at async i.createSyncTask (/opt/visual-studio-code/resources/app/out/vs/code/node/sharedProcess/sharedProcessMain.js:91:99785)
    at async o.C (/opt/visual-studio-code/resources/app/out/vs/code/node/sharedProcess/sharedProcessMain.js:91:90981)
    at async o.z (/opt/visual-studio-code/resources/app/out/vs/code/node/sharedProcess/sharedProcessMain.js:91:90621)
2023-09-04 15:44:14.202 [error] RequestFailed (UserDataSyncError) syncResource:unknown operationId:unknown: Connection refused for the request 'https://vscode-sync.trafficmanager.net/v1/manifest'.
    at f.v (/opt/visual-studio-code/resources/app/out/vs/code/node/sharedProcess/sharedProcessMain.js:91:126167)
    at async f.manifest (/opt/visual-studio-code/resources/app/out/vs/code/node/sharedProcess/sharedProcessMain.js:91:124343)
    at async i.createSyncTask (/opt/visual-studio-code/resources/app/out/vs/code/node/sharedProcess/sharedProcessMain.js:91:99785)
    at async o.C (/opt/visual-studio-code/resources/app/out/vs/code/node/sharedProcess/sharedProcessMain.js:91:90981)
    at async o.z (/opt/visual-studio-code/resources/app/out/vs/code/node/sharedProcess/sharedProcessMain.js:91:90621)
2023-09-04 15:49:14.204 [info] Auto Sync: Triggered by Interval
2023-09-04 15:49:14.205 [info] Sync started.
2023-09-04 15:49:14.218 [info] Request failed https://vscode-sync.trafficmanager.net/v1/manifest
2023-09-04 15:49:14.219 [error] RequestFailed (UserDataSyncError) syncResource:unknown operationId:unknown: Connection refused for the request 'https://vscode-sync.trafficmanager.net/v1/manifest'.
    at f.v (/opt/visual-studio-code/resources/app/out/vs/code/node/sharedProcess/sharedProcessMain.js:91:126167)
    at async f.manifest (/opt/visual-studio-code/resources/app/out/vs/code/node/sharedProcess/sharedProcessMain.js:91:124343)
    at async i.createSyncTask (/opt/visual-studio-code/resources/app/out/vs/code/node/sharedProcess/sharedProcessMain.js:91:99785)
    at async o.C (/opt/visual-studio-code/resources/app/out/vs/code/node/sharedProcess/sharedProcessMain.js:91:90981)
    at async o.z (/opt/visual-studio-code/resources/app/out/vs/code/node/sharedProcess/sharedProcessMain.js:91:90621)
2023-09-04 15:49:14.219 [error] RequestFailed (UserDataSyncError) syncResource:unknown operationId:unknown: Connection refused for the request 'https://vscode-sync.trafficmanager.net/v1/manifest'.
    at f.v (/opt/visual-studio-code/resources/app/out/vs/code/node/sharedProcess/sharedProcessMain.js:91:126167)
    at async f.manifest (/opt/visual-studio-code/resources/app/out/vs/code/node/sharedProcess/sharedProcessMain.js:91:124343)
    at async i.createSyncTask (/opt/visual-studio-code/resources/app/out/vs/code/node/sharedProcess/sharedProcessMain.js:91:99785)
    at async o.C (/opt/visual-studio-code/resources/app/out/vs/code/node/sharedProcess/sharedProcessMain.js:91:90981)
    at async o.z (/opt/visual-studio-code/resources/app/out/vs/code/node/sharedProcess/sharedProcessMain.js:91:90621)
2023-09-04 15:50:34.798 [info] Auto Sync: Triggered by Activity
2023-09-04 15:50:34.798 [info] Sync started.
2023-09-04 15:50:35.456 [info] Request failed https://vscode-sync.trafficmanager.net/v1/manifest
2023-09-04 15:50:35.457 [error] RequestFailed (UserDataSyncError) syncResource:unknown operationId:unknown: Connection refused for the request 'https://vscode-sync.trafficmanager.net/v1/manifest'.
    at f.v (/opt/visual-studio-code/resources/app/out/vs/code/node/sharedProcess/sharedProcessMain.js:91:126167)
    at async f.manifest (/opt/visual-studio-code/resources/app/out/vs/code/node/sharedProcess/sharedProcessMain.js:91:124343)
    at async i.createSyncTask (/opt/visual-studio-code/resources/app/out/vs/code/node/sharedProcess/sharedProcessMain.js:91:99785)
    at async o.C (/opt/visual-studio-code/resources/app/out/vs/code/node/sharedProcess/sharedProcessMain.js:91:90981)
    at async o.z (/opt/visual-studio-code/resources/app/out/vs/code/node/sharedProcess/sharedProcessMain.js:91:90621)
2023-09-04 15:50:35.457 [error] RequestFailed (UserDataSyncError) syncResource:unknown operationId:unknown: Connection refused for the request 'https://vscode-sync.trafficmanager.net/v1/manifest'.
    at f.v (/opt/visual-studio-code/resources/app/out/vs/code/node/sharedProcess/sharedProcessMain.js:91:126167)
    at async f.manifest (/opt/visual-studio-code/resources/app/out/vs/code/node/sharedProcess/sharedProcessMain.js:91:124343)
    at async i.createSyncTask (/opt/visual-studio-code/resources/app/out/vs/code/node/sharedProcess/sharedProcessMain.js:91:99785)
    at async o.C (/opt/visual-studio-code/resources/app/out/vs/code/node/sharedProcess/sharedProcessMain.js:91:90981)
    at async o.z (/opt/visual-studio-code/resources/app/out/vs/code/node/sharedProcess/sharedProcessMain.js:91:90621)
2023-09-04 15:55:35.458 [info] Auto Sync: Triggered by Interval
2023-09-04 15:55:35.459 [info] Sync started.
2023-09-04 15:55:35.762 [info] Settings: No changes found during synchronizing settings.
2023-09-04 15:55:35.765 [info] Keybindings: No changes found during synchronizing keybindings.
2023-09-04 15:55:35.768 [info] Snippets: No changes found during synchronizing snippets.
2023-09-04 15:55:35.770 [info] Tasks: No changes found during synchronizing tasks.
2023-09-04 15:55:35.773 [info] GlobalState: No changes found during synchronizing ui state.
2023-09-04 15:55:35.858 [info] Extensions: No changes found during synchronizing extensions.
2023-09-04 15:55:35.860 [info] Profiles: No changes found during synchronizing profiles.
2023-09-04 15:55:35.861 [info] Sync done. Took 403ms
2023-09-04 15:56:05.114 [info] Auto Sync: Triggered by Activity
2023-09-04 15:56:05.115 [info] Sync started.
2023-09-04 15:56:05.316 [info] Settings: No changes found during synchronizing settings.
2023-09-04 15:56:05.318 [info] Keybindings: No changes found during synchronizing keybindings.
2023-09-04 15:56:05.322 [info] Snippets: No changes found during synchronizing snippets.
2023-09-04 15:56:05.323 [info] Tasks: No changes found during synchronizing tasks.
2023-09-04 15:56:05.326 [info] GlobalState: No changes found during synchronizing ui state.
2023-09-04 15:56:05.401 [info] Extensions: No changes found during synchronizing extensions.
2023-09-04 15:56:05.402 [info] Profiles: No changes found during synchronizing profiles.
2023-09-04 15:56:05.402 [info] Sync done. Took 289ms
2023-09-04 15:57:00.289 [info] Auto Sync: Triggered by Activity
2023-09-04 15:57:00.290 [info] Sync started.
2023-09-04 15:57:00.614 [info] Settings: No changes found during synchronizing settings.
2023-09-04 15:57:00.617 [info] Keybindings: No changes found during synchronizing keybindings.
2023-09-04 15:57:00.621 [info] Snippets: No changes found during synchronizing snippets.
2023-09-04 15:57:00.623 [info] Tasks: No changes found during synchronizing tasks.
2023-09-04 15:57:00.625 [info] GlobalState: No changes found during synchronizing ui state.
2023-09-04 15:57:00.717 [info] Extensions: No changes found during synchronizing extensions.
2023-09-04 15:57:00.718 [info] Profiles: No changes found during synchronizing profiles.
2023-09-04 15:57:00.719 [info] Sync done. Took 430ms
2023-09-04 15:58:19.169 [info] Auto Sync: Triggered by Activity
2023-09-04 15:58:19.169 [info] Sync started.
2023-09-04 15:58:19.279 [info] Settings: No changes found during synchronizing settings.
2023-09-04 15:58:19.285 [info] Keybindings: No changes found during synchronizing keybindings.
2023-09-04 15:58:19.289 [info] Snippets: No changes found during synchronizing snippets.
2023-09-04 15:58:19.291 [info] Tasks: No changes found during synchronizing tasks.
2023-09-04 15:58:19.294 [info] GlobalState: No changes found during synchronizing ui state.
2023-09-04 15:58:19.412 [info] Extensions: No changes found during synchronizing extensions.
2023-09-04 15:58:19.413 [info] Profiles: No changes found during synchronizing profiles.
2023-09-04 15:58:19.415 [info] Sync done. Took 246ms
2023-09-04 15:58:31.358 [info] Auto Sync: Triggered by Activity
2023-09-04 15:58:31.359 [info] Sync started.
2023-09-04 15:58:31.469 [info] Settings: No changes found during synchronizing settings.
2023-09-04 15:58:31.474 [info] Keybindings: No changes found during synchronizing keybindings.
2023-09-04 15:58:31.477 [info] Snippets: No changes found during synchronizing snippets.
2023-09-04 15:58:31.479 [info] Tasks: No changes found during synchronizing tasks.
2023-09-04 15:58:31.483 [info] GlobalState: No changes found during synchronizing ui state.
2023-09-04 15:58:31.566 [info] Extensions: No changes found during synchronizing extensions.
2023-09-04 15:58:31.567 [info] Profiles: No changes found during synchronizing profiles.
2023-09-04 15:58:31.569 [info] Sync done. Took 212ms
2023-09-04 15:59:59.737 [info] Auto Sync: Triggered by Activity
2023-09-04 15:59:59.737 [info] Sync started.
2023-09-04 15:59:59.855 [info] Settings: No changes found during synchronizing settings.
2023-09-04 15:59:59.862 [info] Keybindings: No changes found during synchronizing keybindings.
2023-09-04 15:59:59.866 [info] Snippets: No changes found during synchronizing snippets.
2023-09-04 15:59:59.868 [info] Tasks: No changes found during synchronizing tasks.
2023-09-04 15:59:59.871 [info] GlobalState: No changes found during synchronizing ui state.
2023-09-04 15:59:59.969 [info] Extensions: No changes found during synchronizing extensions.
2023-09-04 15:59:59.970 [info] Profiles: No changes found during synchronizing profiles.
2023-09-04 15:59:59.971 [info] Sync done. Took 235ms
2023-09-04 16:01:02.428 [info] Auto Sync: Triggered by Activity
2023-09-04 16:01:02.428 [info] Sync started.
2023-09-04 16:01:02.553 [info] Settings: No changes found during synchronizing settings.
2023-09-04 16:01:02.559 [info] Keybindings: No changes found during synchronizing keybindings.
2023-09-04 16:01:02.566 [info] Snippets: No changes found during synchronizing snippets.
2023-09-04 16:01:02.570 [info] Tasks: No changes found during synchronizing tasks.
2023-09-04 16:01:02.574 [info] GlobalState: No changes found during synchronizing ui state.
2023-09-04 16:01:02.657 [info] Extensions: No changes found during synchronizing extensions.
2023-09-04 16:01:02.658 [info] Profiles: No changes found during synchronizing profiles.
2023-09-04 16:01:02.659 [info] Sync done. Took 232ms
2023-09-04 16:01:20.503 [info] Auto Sync: Triggered by Activity
2023-09-04 16:01:20.503 [info] Sync started.
2023-09-04 16:01:20.630 [info] Settings: No changes found during synchronizing settings.
2023-09-04 16:01:20.638 [info] Keybindings: No changes found during synchronizing keybindings.
2023-09-04 16:01:20.644 [info] Snippets: No changes found during synchronizing snippets.
2023-09-04 16:01:20.648 [info] Tasks: No changes found during synchronizing tasks.
2023-09-04 16:01:20.652 [info] GlobalState: No changes found during synchronizing ui state.
2023-09-04 16:01:20.725 [info] Extensions: No changes found during synchronizing extensions.
2023-09-04 16:01:20.726 [info] Profiles: No changes found during synchronizing profiles.
2023-09-04 16:01:20.727 [info] Sync done. Took 225ms
2023-09-04 16:02:19.940 [info] Auto Sync: Triggered by Activity
2023-09-04 16:02:19.940 [info] Sync started.
2023-09-04 16:02:20.368 [info] Settings: No changes found during synchronizing settings.
2023-09-04 16:02:20.379 [info] Keybindings: No changes found during synchronizing keybindings.
2023-09-04 16:02:20.391 [info] Snippets: No changes found during synchronizing snippets.
2023-09-04 16:02:20.399 [info] Tasks: No changes found during synchronizing tasks.
2023-09-04 16:02:20.409 [info] GlobalState: No changes found during synchronizing ui state.
2023-09-04 16:02:20.543 [info] Extensions: No changes found during synchronizing extensions.
2023-09-04 16:02:20.544 [info] Profiles: No changes found during synchronizing profiles.
2023-09-04 16:02:20.545 [info] Sync done. Took 606ms
2023-09-04 16:04:31.102 [info] Auto Sync: Triggered by Activity
2023-09-04 16:04:31.102 [info] Sync started.
2023-09-04 16:04:31.571 [info] Settings: No changes found during synchronizing settings.
2023-09-04 16:04:31.581 [info] Keybindings: No changes found during synchronizing keybindings.
2023-09-04 16:04:31.588 [info] Snippets: No changes found during synchronizing snippets.
2023-09-04 16:04:31.592 [info] Tasks: No changes found during synchronizing tasks.
2023-09-04 16:04:31.597 [info] GlobalState: No changes found during synchronizing ui state.
2023-09-04 16:04:31.672 [info] Extensions: No changes found during synchronizing extensions.
2023-09-04 16:04:31.673 [info] Profiles: No changes found during synchronizing profiles.
2023-09-04 16:04:31.674 [info] Sync done. Took 573ms
2023-09-04 16:09:31.675 [info] Auto Sync: Triggered by Interval
2023-09-04 16:09:31.676 [info] Sync started.
2023-09-04 16:09:32.201 [info] Settings: No changes found during synchronizing settings.
2023-09-04 16:09:32.209 [info] Keybindings: No changes found during synchronizing keybindings.
2023-09-04 16:09:32.222 [info] Snippets: No changes found during synchronizing snippets.
2023-09-04 16:09:32.229 [info] Tasks: No changes found during synchronizing tasks.
2023-09-04 16:09:32.242 [info] GlobalState: No changes found during synchronizing ui state.
2023-09-04 16:09:32.355 [info] Extensions: No changes found during synchronizing extensions.
2023-09-04 16:09:32.356 [info] Profiles: No changes found during synchronizing profiles.
2023-09-04 16:09:32.357 [info] Sync done. Took 682ms
2023-09-04 16:14:32.359 [info] Auto Sync: Triggered by Interval
2023-09-04 16:14:32.360 [info] Sync started.
2023-09-04 16:14:32.836 [info] Settings: No changes found during synchronizing settings.
2023-09-04 16:14:32.840 [info] Keybindings: No changes found during synchronizing keybindings.
2023-09-04 16:14:32.846 [info] Snippets: No changes found during synchronizing snippets.
2023-09-04 16:14:32.849 [info] Tasks: No changes found during synchronizing tasks.
2023-09-04 16:14:32.855 [info] GlobalState: No changes found during synchronizing ui state.
2023-09-04 16:14:32.931 [info] Extensions: No changes found during synchronizing extensions.
2023-09-04 16:14:32.935 [info] Profiles: No changes found during synchronizing profiles.
2023-09-04 16:14:32.937 [info] Sync done. Took 578ms
