2023-09-04 15:10:26.770 [error] [Extension Host] (node:2478) [DEP0005] DeprecationWarning: Buffer() is deprecated due to security and usability issues. Please use the Buffer.alloc(), Buffer.allocUnsafe(), or Buffer.from() methods instead.
(Use `exe --trace-deprecation ...` to show where the warning was created)
2023-09-04 15:10:27.700 [info] [perf] Render performance baseline is 48ms
2023-09-04 15:10:31.884 [info] Invoking resolveAuthority(ssh-remote)...
2023-09-04 15:10:31.884 [info] [LocalProcess0][resolveAuthority(ssh-remote,1)][0ms] obtaining proxy...
2023-09-04 15:10:31.884 [info] [LocalProcess0][resolveAuthority(ssh-remote,1)][0ms] invoking...
2023-09-04 15:10:32.886 [info] [LocalProcess0][resolveAuthority(ssh-remote,1)][1001ms] waiting...
2023-09-04 15:10:33.748 [error] [Extension Host] (node:2932) [DEP0005] DeprecationWarning: Buffer() is deprecated due to security and usability issues. Please use the Buffer.alloc(), Buffer.allocUnsafe(), or Buffer.from() methods instead.
(Use `exe --trace-deprecation ...` to show where the warning was created)
2023-09-04 15:10:33.762 [info] [LocalProcess0][resolveAuthority(ssh-remote,1)][1877ms] returned WebSocket(127.0.0.1:44453)
2023-09-04 15:10:33.762 [info] resolveAuthority(ssh-remote) returned 'WebSocket(127.0.0.1:44453)' after 1877 ms
2023-09-04 15:10:33.764 [info] Creating a socket (renderer-Management-65f5a255-433a-4292-9c47-f3b65c4c61fe)...
2023-09-04 15:10:33.766 [info] Creating a socket (renderer-ExtensionHost-a2de127c-5271-49f7-88d0-9329202fd9c7)...
2023-09-04 15:10:33.785 [info] Creating a socket (renderer-Management-65f5a255-433a-4292-9c47-f3b65c4c61fe) was successful after 22 ms.
2023-09-04 15:10:33.794 [info] Creating a socket (renderer-ExtensionHost-a2de127c-5271-49f7-88d0-9329202fd9c7) was successful after 29 ms.
2023-09-04 15:10:34.847 [info] [perf] Render performance baseline is 58ms
2023-09-04 15:12:22.410 [info] [remote-connection][Management   ][65f5a…][reconnect] received socket timeout event (unacknowledgedMsgCount: 1, timeSinceOldestUnacknowledgedMsg: 20001, timeSinceLastReceivedSomeData: 22002).
2023-09-04 15:12:22.410 [info] [remote-connection][Management   ][65f5a…][reconnect] starting reconnecting loop. You can get more information with the trace log level.
2023-09-04 15:12:22.411 [info] [remote-connection][Management   ][65f5a…][reconnect] resolving connection...
2023-09-04 15:12:22.412 [info] Invoking resolveAuthority(ssh-remote)...
2023-09-04 15:12:22.412 [info] [LocalProcess0][resolveAuthority(ssh-remote,2)][0ms] obtaining proxy...
2023-09-04 15:12:22.412 [info] [LocalProcess0][resolveAuthority(ssh-remote,2)][1ms] invoking...
2023-09-04 15:12:22.567 [error] [LocalProcess0][resolveAuthority(ssh-remote,2)][155ms] returned an error {"code":"TemporarilyNotAvailable","message":"Network is unreachable"}
2023-09-04 15:12:22.567 [error] resolveAuthority(ssh-remote) returned an error after 156 ms Network is unreachable
2023-09-04 15:12:22.567 [info] [remote-connection][Management   ][65f5a…][reconnect] A temporarily not available error occurred while trying to reconnect, will try again...
2023-09-04 15:12:22.568 [info] [remote-connection][Management   ][65f5a…][reconnect] waiting for 5 seconds before reconnecting...
2023-09-04 15:12:23.740 [info] [remote-connection][ExtensionHost][a2de1…][reconnect] received socket timeout event (unacknowledgedMsgCount: 7, timeSinceOldestUnacknowledgedMsg: 20001, timeSinceLastReceivedSomeData: 24601).
2023-09-04 15:12:23.741 [info] [remote-connection][ExtensionHost][a2de1…][reconnect] starting reconnecting loop. You can get more information with the trace log level.
2023-09-04 15:12:23.742 [info] [remote-connection][ExtensionHost][a2de1…][reconnect] resolving connection...
2023-09-04 15:12:23.743 [info] [remote-connection][ExtensionHost][a2de1…][reconnect] A temporarily not available error occurred while trying to reconnect, will try again...
2023-09-04 15:12:23.743 [info] [remote-connection][ExtensionHost][a2de1…][reconnect] waiting for 5 seconds before reconnecting...
2023-09-04 15:12:25.583 [info] [remote-connection][Management   ][65f5a…][reconnect] received socket close event (wasClean: false, code: 1006, reason: ).
2023-09-04 15:12:25.584 [error] {"isTrusted":true}
2023-09-04 15:12:25.584 [info] [remote-connection][ExtensionHost][a2de1…][reconnect] received socket close event (wasClean: false, code: 1006, reason: ).
2023-09-04 15:12:25.584 [error] {"isTrusted":true}
2023-09-04 15:12:27.569 [info] [remote-connection][Management   ][65f5a…][reconnect] resolving connection...
2023-09-04 15:12:27.570 [info] Invoking resolveAuthority(ssh-remote)...
2023-09-04 15:12:27.571 [info] [LocalProcess0][resolveAuthority(ssh-remote,3)][0ms] obtaining proxy...
2023-09-04 15:12:27.572 [info] [LocalProcess0][resolveAuthority(ssh-remote,3)][1ms] invoking...
2023-09-04 15:12:27.757 [error] [LocalProcess0][resolveAuthority(ssh-remote,3)][188ms] returned an error {"code":"TemporarilyNotAvailable","message":"Network is unreachable"}
2023-09-04 15:12:27.758 [error] resolveAuthority(ssh-remote) returned an error after 188 ms Network is unreachable
2023-09-04 15:12:27.758 [info] [remote-connection][Management   ][65f5a…][reconnect] A temporarily not available error occurred while trying to reconnect, will try again...
2023-09-04 15:12:27.758 [info] [remote-connection][Management   ][65f5a…][reconnect] waiting for 5 seconds before reconnecting...
2023-09-04 15:12:28.743 [info] [remote-connection][ExtensionHost][a2de1…][reconnect] resolving connection...
2023-09-04 15:12:28.744 [info] [remote-connection][ExtensionHost][a2de1…][reconnect] A temporarily not available error occurred while trying to reconnect, will try again...
2023-09-04 15:12:28.744 [info] [remote-connection][ExtensionHost][a2de1…][reconnect] waiting for 5 seconds before reconnecting...
2023-09-04 15:12:32.760 [info] [remote-connection][Management   ][65f5a…][reconnect] resolving connection...
2023-09-04 15:12:32.761 [info] Invoking resolveAuthority(ssh-remote)...
2023-09-04 15:12:32.762 [info] [LocalProcess0][resolveAuthority(ssh-remote,4)][0ms] obtaining proxy...
2023-09-04 15:12:32.762 [info] [LocalProcess0][resolveAuthority(ssh-remote,4)][1ms] invoking...
2023-09-04 15:12:32.937 [error] [LocalProcess0][resolveAuthority(ssh-remote,4)][178ms] returned an error {"code":"TemporarilyNotAvailable","message":"Network is unreachable"}
2023-09-04 15:12:32.937 [error] resolveAuthority(ssh-remote) returned an error after 178 ms Network is unreachable
2023-09-04 15:12:32.938 [info] [remote-connection][Management   ][65f5a…][reconnect] A temporarily not available error occurred while trying to reconnect, will try again...
2023-09-04 15:12:32.938 [info] [remote-connection][Management   ][65f5a…][reconnect] waiting for 10 seconds before reconnecting...
2023-09-04 15:12:33.745 [info] [remote-connection][ExtensionHost][a2de1…][reconnect] resolving connection...
2023-09-04 15:12:33.745 [info] [remote-connection][ExtensionHost][a2de1…][reconnect] A temporarily not available error occurred while trying to reconnect, will try again...
2023-09-04 15:12:33.746 [info] [remote-connection][ExtensionHost][a2de1…][reconnect] waiting for 10 seconds before reconnecting...
2023-09-04 15:12:42.995 [info] [remote-connection][Management   ][65f5a…][reconnect] resolving connection...
2023-09-04 15:12:42.995 [info] Invoking resolveAuthority(ssh-remote)...
2023-09-04 15:12:42.996 [info] [LocalProcess0][resolveAuthority(ssh-remote,5)][0ms] obtaining proxy...
2023-09-04 15:12:42.996 [info] [LocalProcess0][resolveAuthority(ssh-remote,5)][0ms] invoking...
2023-09-04 15:12:43.142 [error] [LocalProcess0][resolveAuthority(ssh-remote,5)][147ms] returned an error {"code":"TemporarilyNotAvailable","message":"Network is unreachable"}
2023-09-04 15:12:43.142 [error] resolveAuthority(ssh-remote) returned an error after 147 ms Network is unreachable
2023-09-04 15:12:43.143 [info] [remote-connection][Management   ][65f5a…][reconnect] A temporarily not available error occurred while trying to reconnect, will try again...
2023-09-04 15:12:43.143 [info] [remote-connection][Management   ][65f5a…][reconnect] waiting for 10 seconds before reconnecting...
2023-09-04 15:12:43.747 [info] [remote-connection][ExtensionHost][a2de1…][reconnect] resolving connection...
2023-09-04 15:12:43.748 [info] [remote-connection][ExtensionHost][a2de1…][reconnect] A temporarily not available error occurred while trying to reconnect, will try again...
2023-09-04 15:12:43.749 [info] [remote-connection][ExtensionHost][a2de1…][reconnect] waiting for 10 seconds before reconnecting...
2023-09-04 15:12:45.371 [info] [remote-connection][Management   ][65f5a…][reconnect] resolving connection...
2023-09-04 15:12:45.372 [info] Invoking resolveAuthority(ssh-remote)...
2023-09-04 15:12:45.373 [info] [LocalProcess0][resolveAuthority(ssh-remote,6)][0ms] obtaining proxy...
2023-09-04 15:12:45.374 [info] [LocalProcess0][resolveAuthority(ssh-remote,6)][1ms] invoking...
2023-09-04 15:12:45.550 [error] [LocalProcess0][resolveAuthority(ssh-remote,6)][179ms] returned an error {"code":"TemporarilyNotAvailable","message":"Network is unreachable"}
2023-09-04 15:12:45.550 [error] resolveAuthority(ssh-remote) returned an error after 179 ms Network is unreachable
2023-09-04 15:12:45.551 [info] [remote-connection][Management   ][65f5a…][reconnect] A temporarily not available error occurred while trying to reconnect, will try again...
2023-09-04 15:12:45.551 [info] [remote-connection][Management   ][65f5a…][reconnect] waiting for 10 seconds before reconnecting...
2023-09-04 15:12:46.978 [info] [remote-connection][Management   ][65f5a…][reconnect] resolving connection...
2023-09-04 15:12:46.980 [info] Invoking resolveAuthority(ssh-remote)...
2023-09-04 15:12:46.981 [info] [LocalProcess0][resolveAuthority(ssh-remote,7)][0ms] obtaining proxy...
2023-09-04 15:12:46.982 [info] [LocalProcess0][resolveAuthority(ssh-remote,7)][1ms] invoking...
2023-09-04 15:12:47.152 [error] [LocalProcess0][resolveAuthority(ssh-remote,7)][173ms] returned an error {"code":"TemporarilyNotAvailable","message":"Network is unreachable"}
2023-09-04 15:12:47.152 [error] resolveAuthority(ssh-remote) returned an error after 173 ms Network is unreachable
2023-09-04 15:12:47.152 [info] [remote-connection][Management   ][65f5a…][reconnect] A temporarily not available error occurred while trying to reconnect, will try again...
2023-09-04 15:12:47.152 [info] [remote-connection][Management   ][65f5a…][reconnect] waiting for 10 seconds before reconnecting...
2023-09-04 15:12:48.095 [info] [remote-connection][Management   ][65f5a…][reconnect] resolving connection...
2023-09-04 15:12:48.096 [info] Invoking resolveAuthority(ssh-remote)...
2023-09-04 15:12:48.097 [info] [LocalProcess0][resolveAuthority(ssh-remote,8)][0ms] obtaining proxy...
2023-09-04 15:12:48.098 [info] [LocalProcess0][resolveAuthority(ssh-remote,8)][1ms] invoking...
2023-09-04 15:12:48.267 [error] [LocalProcess0][resolveAuthority(ssh-remote,8)][171ms] returned an error {"code":"TemporarilyNotAvailable","message":"Network is unreachable"}
2023-09-04 15:12:48.267 [error] resolveAuthority(ssh-remote) returned an error after 172 ms Network is unreachable
2023-09-04 15:12:48.267 [info] [remote-connection][Management   ][65f5a…][reconnect] A temporarily not available error occurred while trying to reconnect, will try again...
2023-09-04 15:12:48.267 [info] [remote-connection][Management   ][65f5a…][reconnect] waiting for 10 seconds before reconnecting...
2023-09-04 15:12:49.234 [info] [remote-connection][Management   ][65f5a…][reconnect] resolving connection...
2023-09-04 15:12:49.235 [info] Invoking resolveAuthority(ssh-remote)...
2023-09-04 15:12:49.235 [info] [LocalProcess0][resolveAuthority(ssh-remote,9)][0ms] obtaining proxy...
2023-09-04 15:12:49.236 [info] [LocalProcess0][resolveAuthority(ssh-remote,9)][1ms] invoking...
2023-09-04 15:12:49.413 [error] [LocalProcess0][resolveAuthority(ssh-remote,9)][178ms] returned an error {"code":"TemporarilyNotAvailable","message":"Network is unreachable"}
2023-09-04 15:12:49.414 [error] resolveAuthority(ssh-remote) returned an error after 180 ms Network is unreachable
2023-09-04 15:12:49.414 [info] [remote-connection][Management   ][65f5a…][reconnect] A temporarily not available error occurred while trying to reconnect, will try again...
2023-09-04 15:12:49.414 [info] [remote-connection][Management   ][65f5a…][reconnect] waiting for 30 seconds before reconnecting...
2023-09-04 15:12:50.364 [info] [remote-connection][Management   ][65f5a…][reconnect] resolving connection...
2023-09-04 15:12:50.365 [info] Invoking resolveAuthority(ssh-remote)...
2023-09-04 15:12:50.366 [info] [LocalProcess0][resolveAuthority(ssh-remote,10)][0ms] obtaining proxy...
2023-09-04 15:12:50.367 [info] [LocalProcess0][resolveAuthority(ssh-remote,10)][1ms] invoking...
2023-09-04 15:12:50.537 [error] [LocalProcess0][resolveAuthority(ssh-remote,10)][172ms] returned an error {"code":"TemporarilyNotAvailable","message":"Network is unreachable"}
2023-09-04 15:12:50.537 [error] resolveAuthority(ssh-remote) returned an error after 173 ms Network is unreachable
2023-09-04 15:12:50.537 [info] [remote-connection][Management   ][65f5a…][reconnect] A temporarily not available error occurred while trying to reconnect, will try again...
2023-09-04 15:12:50.537 [info] [remote-connection][Management   ][65f5a…][reconnect] waiting for 30 seconds before reconnecting...
2023-09-04 15:12:51.234 [info] [remote-connection][Management   ][65f5a…][reconnect] resolving connection...
2023-09-04 15:12:51.235 [info] Invoking resolveAuthority(ssh-remote)...
2023-09-04 15:12:51.236 [info] [LocalProcess0][resolveAuthority(ssh-remote,11)][0ms] obtaining proxy...
2023-09-04 15:12:51.237 [info] [LocalProcess0][resolveAuthority(ssh-remote,11)][1ms] invoking...
2023-09-04 15:12:51.402 [error] [LocalProcess0][resolveAuthority(ssh-remote,11)][168ms] returned an error {"code":"TemporarilyNotAvailable","message":"Network is unreachable"}
2023-09-04 15:12:51.402 [error] resolveAuthority(ssh-remote) returned an error after 168 ms Network is unreachable
2023-09-04 15:12:51.402 [info] [remote-connection][Management   ][65f5a…][reconnect] A temporarily not available error occurred while trying to reconnect, will try again...
2023-09-04 15:12:51.402 [info] [remote-connection][Management   ][65f5a…][reconnect] waiting for 30 seconds before reconnecting...
2023-09-04 15:12:53.749 [info] [remote-connection][ExtensionHost][a2de1…][reconnect] resolving connection...
2023-09-04 15:12:53.749 [info] [remote-connection][ExtensionHost][a2de1…][reconnect] A temporarily not available error occurred while trying to reconnect, will try again...
2023-09-04 15:12:53.750 [info] [remote-connection][ExtensionHost][a2de1…][reconnect] waiting for 10 seconds before reconnecting...
2023-09-04 15:12:55.757 [info] [remote-connection][Management   ][65f5a…][reconnect] resolving connection...
2023-09-04 15:12:55.758 [info] Invoking resolveAuthority(ssh-remote)...
2023-09-04 15:12:55.760 [info] [LocalProcess0][resolveAuthority(ssh-remote,12)][0ms] obtaining proxy...
2023-09-04 15:12:55.761 [info] [LocalProcess0][resolveAuthority(ssh-remote,12)][1ms] invoking...
2023-09-04 15:12:55.933 [error] [LocalProcess0][resolveAuthority(ssh-remote,12)][176ms] returned an error {"code":"TemporarilyNotAvailable","message":"Network is unreachable"}
2023-09-04 15:12:55.933 [error] resolveAuthority(ssh-remote) returned an error after 177 ms Network is unreachable
2023-09-04 15:12:55.933 [info] [remote-connection][Management   ][65f5a…][reconnect] A temporarily not available error occurred while trying to reconnect, will try again...
2023-09-04 15:12:55.934 [info] [remote-connection][Management   ][65f5a…][reconnect] waiting for 30 seconds before reconnecting...
2023-09-04 15:13:03.750 [info] [remote-connection][ExtensionHost][a2de1…][reconnect] resolving connection...
2023-09-04 15:13:03.752 [info] [remote-connection][ExtensionHost][a2de1…][reconnect] A temporarily not available error occurred while trying to reconnect, will try again...
2023-09-04 15:13:03.752 [info] [remote-connection][ExtensionHost][a2de1…][reconnect] waiting for 10 seconds before reconnecting...
2023-09-04 15:13:13.752 [info] [remote-connection][ExtensionHost][a2de1…][reconnect] resolving connection...
2023-09-04 15:13:13.806 [info] [remote-connection][ExtensionHost][a2de1…][reconnect] A temporarily not available error occurred while trying to reconnect, will try again...
2023-09-04 15:13:13.807 [info] [remote-connection][ExtensionHost][a2de1…][reconnect] waiting for 10 seconds before reconnecting...
2023-09-04 15:13:16.684 [info] [remote-connection][Management   ][65f5a…][reconnect] resolving connection...
2023-09-04 15:13:16.685 [info] Invoking resolveAuthority(ssh-remote)...
2023-09-04 15:13:16.686 [info] [LocalProcess0][resolveAuthority(ssh-remote,13)][0ms] obtaining proxy...
2023-09-04 15:13:16.687 [info] [LocalProcess0][resolveAuthority(ssh-remote,13)][1ms] invoking...
2023-09-04 15:13:16.866 [error] [LocalProcess0][resolveAuthority(ssh-remote,13)][182ms] returned an error {"code":"TemporarilyNotAvailable","message":"Network is unreachable"}
2023-09-04 15:13:16.867 [error] resolveAuthority(ssh-remote) returned an error after 182 ms Network is unreachable
2023-09-04 15:13:16.867 [info] [remote-connection][Management   ][65f5a…][reconnect] A temporarily not available error occurred while trying to reconnect, will try again...
2023-09-04 15:13:16.867 [info] [remote-connection][Management   ][65f5a…][reconnect] waiting for 30 seconds before reconnecting...
2023-09-04 15:13:18.088 [info] [remote-connection][Management   ][65f5a…][reconnect] resolving connection...
2023-09-04 15:13:18.089 [info] Invoking resolveAuthority(ssh-remote)...
2023-09-04 15:13:18.090 [info] [LocalProcess0][resolveAuthority(ssh-remote,14)][0ms] obtaining proxy...
2023-09-04 15:13:18.091 [info] [LocalProcess0][resolveAuthority(ssh-remote,14)][1ms] invoking...
2023-09-04 15:13:18.266 [error] [LocalProcess0][resolveAuthority(ssh-remote,14)][177ms] returned an error {"code":"TemporarilyNotAvailable","message":"Network is unreachable"}
2023-09-04 15:13:18.266 [error] resolveAuthority(ssh-remote) returned an error after 179 ms Network is unreachable
2023-09-04 15:13:18.266 [info] [remote-connection][Management   ][65f5a…][reconnect] A temporarily not available error occurred while trying to reconnect, will try again...
2023-09-04 15:13:18.267 [info] [remote-connection][Management   ][65f5a…][reconnect] waiting for 30 seconds before reconnecting...
2023-09-04 15:13:19.177 [info] [remote-connection][Management   ][65f5a…][reconnect] resolving connection...
2023-09-04 15:13:19.178 [info] Invoking resolveAuthority(ssh-remote)...
2023-09-04 15:13:19.179 [info] [LocalProcess0][resolveAuthority(ssh-remote,15)][0ms] obtaining proxy...
2023-09-04 15:13:19.180 [info] [LocalProcess0][resolveAuthority(ssh-remote,15)][0ms] invoking...
2023-09-04 15:13:19.348 [error] [LocalProcess0][resolveAuthority(ssh-remote,15)][171ms] returned an error {"code":"TemporarilyNotAvailable","message":"Network is unreachable"}
2023-09-04 15:13:19.348 [error] resolveAuthority(ssh-remote) returned an error after 172 ms Network is unreachable
2023-09-04 15:13:19.349 [info] [remote-connection][Management   ][65f5a…][reconnect] A temporarily not available error occurred while trying to reconnect, will try again...
2023-09-04 15:13:19.349 [info] [remote-connection][Management   ][65f5a…][reconnect] waiting for 30 seconds before reconnecting...
2023-09-04 15:13:20.418 [info] [remote-connection][Management   ][65f5a…][reconnect] resolving connection...
2023-09-04 15:13:20.420 [info] Invoking resolveAuthority(ssh-remote)...
2023-09-04 15:13:20.421 [info] [LocalProcess0][resolveAuthority(ssh-remote,16)][0ms] obtaining proxy...
2023-09-04 15:13:20.422 [info] [LocalProcess0][resolveAuthority(ssh-remote,16)][1ms] invoking...
2023-09-04 15:13:20.588 [error] [LocalProcess0][resolveAuthority(ssh-remote,16)][169ms] returned an error {"code":"TemporarilyNotAvailable","message":"Network is unreachable"}
2023-09-04 15:13:20.588 [error] resolveAuthority(ssh-remote) returned an error after 171 ms Network is unreachable
2023-09-04 15:13:20.588 [info] [remote-connection][Management   ][65f5a…][reconnect] A temporarily not available error occurred while trying to reconnect, will try again...
2023-09-04 15:13:20.588 [info] [remote-connection][Management   ][65f5a…][reconnect] waiting for 30 seconds before reconnecting...
2023-09-04 15:13:21.920 [info] [remote-connection][Management   ][65f5a…][reconnect] resolving connection...
2023-09-04 15:13:21.921 [info] Invoking resolveAuthority(ssh-remote)...
2023-09-04 15:13:21.922 [info] [LocalProcess0][resolveAuthority(ssh-remote,17)][0ms] obtaining proxy...
2023-09-04 15:13:21.923 [info] [LocalProcess0][resolveAuthority(ssh-remote,17)][1ms] invoking...
2023-09-04 15:13:22.096 [error] [LocalProcess0][resolveAuthority(ssh-remote,17)][175ms] returned an error {"code":"TemporarilyNotAvailable","message":"Network is unreachable"}
2023-09-04 15:13:22.097 [error] resolveAuthority(ssh-remote) returned an error after 177 ms Network is unreachable
2023-09-04 15:13:22.097 [info] [remote-connection][Management   ][65f5a…][reconnect] A temporarily not available error occurred while trying to reconnect, will try again...
2023-09-04 15:13:22.097 [info] [remote-connection][Management   ][65f5a…][reconnect] waiting for 30 seconds before reconnecting...
2023-09-04 15:13:23.154 [info] [remote-connection][Management   ][65f5a…][reconnect] resolving connection...
2023-09-04 15:13:23.155 [info] Invoking resolveAuthority(ssh-remote)...
2023-09-04 15:13:23.156 [info] [LocalProcess0][resolveAuthority(ssh-remote,18)][0ms] obtaining proxy...
2023-09-04 15:13:23.158 [info] [LocalProcess0][resolveAuthority(ssh-remote,18)][1ms] invoking...
2023-09-04 15:13:23.325 [error] [LocalProcess0][resolveAuthority(ssh-remote,18)][171ms] returned an error {"code":"TemporarilyNotAvailable","message":"Network is unreachable"}
2023-09-04 15:13:23.326 [error] resolveAuthority(ssh-remote) returned an error after 172 ms Network is unreachable
2023-09-04 15:13:23.326 [info] [remote-connection][Management   ][65f5a…][reconnect] A temporarily not available error occurred while trying to reconnect, will try again...
2023-09-04 15:13:23.326 [info] [remote-connection][Management   ][65f5a…][reconnect] waiting for 30 seconds before reconnecting...
2023-09-04 15:13:23.808 [info] [remote-connection][ExtensionHost][a2de1…][reconnect] resolving connection...
2023-09-04 15:13:23.809 [info] [remote-connection][ExtensionHost][a2de1…][reconnect] A temporarily not available error occurred while trying to reconnect, will try again...
2023-09-04 15:13:23.810 [info] [remote-connection][ExtensionHost][a2de1…][reconnect] waiting for 30 seconds before reconnecting...
2023-09-04 15:13:26.399 [info] [remote-connection][ExtensionHost][a2de1…][reconnect] received socket timeout event (unacknowledgedMsgCount: 8, timeSinceOldestUnacknowledgedMsg: 82661, timeSinceLastReceivedSomeData: 87261).
2023-09-04 15:13:53.327 [info] [remote-connection][Management   ][65f5a…][reconnect] resolving connection...
2023-09-04 15:13:53.352 [info] Invoking resolveAuthority(ssh-remote)...
2023-09-04 15:13:53.353 [info] [LocalProcess0][resolveAuthority(ssh-remote,19)][0ms] obtaining proxy...
2023-09-04 15:13:53.354 [info] [LocalProcess0][resolveAuthority(ssh-remote,19)][2ms] invoking...
2023-09-04 15:13:53.472 [error] [LocalProcess0][resolveAuthority(ssh-remote,19)][120ms] returned an error {"code":"TemporarilyNotAvailable","message":"Network is unreachable"}
2023-09-04 15:13:53.472 [error] resolveAuthority(ssh-remote) returned an error after 120 ms Network is unreachable
2023-09-04 15:13:53.473 [info] [remote-connection][Management   ][65f5a…][reconnect] A temporarily not available error occurred while trying to reconnect, will try again...
2023-09-04 15:13:53.473 [info] [remote-connection][Management   ][65f5a…][reconnect] waiting for 30 seconds before reconnecting...
2023-09-04 15:13:53.809 [info] [remote-connection][ExtensionHost][a2de1…][reconnect] resolving connection...
2023-09-04 15:13:53.810 [info] [remote-connection][ExtensionHost][a2de1…][reconnect] A temporarily not available error occurred while trying to reconnect, will try again...
2023-09-04 15:13:53.811 [info] [remote-connection][ExtensionHost][a2de1…][reconnect] waiting for 30 seconds before reconnecting...
2023-09-04 15:14:11.831 [info] [remote-connection][ExtensionHost][a2de1…][reconnect] received socket timeout event (unacknowledgedMsgCount: 9, timeSinceOldestUnacknowledgedMsg: 128092, timeSinceLastReceivedSomeData: 132692).
2023-09-04 15:14:14.170 [info] [remote-connection][Management   ][65f5a…][reconnect] received socket timeout event (unacknowledgedMsgCount: 2, timeSinceOldestUnacknowledgedMsg: 131814, timeSinceLastReceivedSomeData: 133815).
2023-09-04 15:14:15.804 [info] [remote-connection][Management   ][65f5a…][reconnect] resolving connection...
2023-09-04 15:14:15.805 [info] Invoking resolveAuthority(ssh-remote)...
2023-09-04 15:14:15.806 [info] [LocalProcess0][resolveAuthority(ssh-remote,20)][0ms] obtaining proxy...
2023-09-04 15:14:15.807 [info] [LocalProcess0][resolveAuthority(ssh-remote,20)][0ms] invoking...
2023-09-04 15:14:16.807 [info] [LocalProcess0][resolveAuthority(ssh-remote,20)][1001ms] waiting...
2023-09-04 15:14:17.118 [info] [LocalProcess0][resolveAuthority(ssh-remote,20)][1314ms] returned WebSocket(127.0.0.1:41189)
2023-09-04 15:14:17.118 [info] resolveAuthority(ssh-remote) returned 'WebSocket(127.0.0.1:41189)' after 1315 ms
2023-09-04 15:14:17.119 [info] [remote-connection][Management   ][65f5a…][reconnect] connecting to WebSocket(127.0.0.1:41189)...
2023-09-04 15:14:17.119 [info] Creating a socket (renderer-Management-65f5a255-433a-4292-9c47-f3b65c4c61fe)...
2023-09-04 15:14:17.133 [info] Creating a socket (renderer-Management-65f5a255-433a-4292-9c47-f3b65c4c61fe) was successful after 14 ms.
2023-09-04 15:14:17.162 [info] [remote-connection][Management   ][65f5a…][reconnect] reconnected!
2023-09-04 15:14:23.811 [info] [remote-connection][ExtensionHost][a2de1…][reconnect] resolving connection...
2023-09-04 15:14:23.860 [info] [remote-connection][ExtensionHost][a2de1…][reconnect] connecting to WebSocket(127.0.0.1:41189)...
2023-09-04 15:14:23.860 [info] Creating a socket (renderer-ExtensionHost-a2de127c-5271-49f7-88d0-9329202fd9c7)...
2023-09-04 15:14:23.870 [info] Creating a socket (renderer-ExtensionHost-a2de127c-5271-49f7-88d0-9329202fd9c7) was successful after 10 ms.
2023-09-04 15:14:23.883 [info] [remote-connection][ExtensionHost][a2de1…][reconnect] reconnected!
2023-09-04 15:17:04.785 [error] Error: The file is not displayed in the text editor because it is very large (851.70MB).
    at y (vscode-file://vscode-app/opt/visual-studio-code/resources/app/out/vs/workbench/workbench.desktop.main.js:128:781)
    at q (vscode-file://vscode-app/opt/visual-studio-code/resources/app/out/vs/workbench/workbench.desktop.main.js:762:52375)
    at D (vscode-file://vscode-app/opt/visual-studio-code/resources/app/out/vs/workbench/workbench.desktop.main.js:762:47391)
    at fh.bc (vscode-file://vscode-app/opt/visual-studio-code/resources/app/out/vs/workbench/workbench.desktop.main.js:2297:19434)
    at fh.setInput (vscode-file://vscode-app/opt/visual-studio-code/resources/app/out/vs/workbench/workbench.desktop.main.js:2297:18654)
    at async s.M (vscode-file://vscode-app/opt/visual-studio-code/resources/app/out/vs/workbench/workbench.desktop.main.js:2295:20269)
    at async s.D (vscode-file://vscode-app/opt/visual-studio-code/resources/app/out/vs/workbench/workbench.desktop.main.js:2295:18937)
    at async s.openEditor (vscode-file://vscode-app/opt/visual-studio-code/resources/app/out/vs/workbench/workbench.desktop.main.js:2295:17925)
    at async vscode-file://vscode-app/opt/visual-studio-code/resources/app/out/vs/workbench/workbench.desktop.main.js:2480:12423
    at async r.value (vscode-file://vscode-app/opt/visual-studio-code/resources/app/out/vs/workbench/workbench.desktop.main.js:2513:45402)
2023-09-04 15:17:13.411 [error] Failed to execute 'postMessage' on 'Worker': (E,D,M)=>{if(this.f&&this.u>this.f.threshold*3)return console.warn(`[${this.f.name}] REFUSES to accept new list...<omitted>...R} could not be cloned.: Error: Failed to execute 'postMessage' on 'Worker': (E,D,M)=>{if(this.f&&this.u>this.f.threshold*3)return console.warn(`[${this.f.name}] REFUSES to accept new list...<omitted>...R} could not be cloned.
    at vscode-file://vscode-app/opt/visual-studio-code/resources/app/out/vs/workbench/workbench.desktop.main.js:594:47235
2023-09-04 15:17:20.142 [error] Failed to execute 'postMessage' on 'Worker': (E,D,M)=>{if(this.f&&this.u>this.f.threshold*3)return console.warn(`[${this.f.name}] REFUSES to accept new list...<omitted>...R} could not be cloned.: Error: Failed to execute 'postMessage' on 'Worker': (E,D,M)=>{if(this.f&&this.u>this.f.threshold*3)return console.warn(`[${this.f.name}] REFUSES to accept new list...<omitted>...R} could not be cloned.
    at vscode-file://vscode-app/opt/visual-studio-code/resources/app/out/vs/workbench/workbench.desktop.main.js:594:47235
2023-09-04 15:21:51.259 [error] Failed to execute 'postMessage' on 'Worker': (E,D,M)=>{if(this.f&&this.u>this.f.threshold*3)return console.warn(`[${this.f.name}] REFUSES to accept new list...<omitted>...R} could not be cloned.: Error: Failed to execute 'postMessage' on 'Worker': (E,D,M)=>{if(this.f&&this.u>this.f.threshold*3)return console.warn(`[${this.f.name}] REFUSES to accept new list...<omitted>...R} could not be cloned.
    at vscode-file://vscode-app/opt/visual-studio-code/resources/app/out/vs/workbench/workbench.desktop.main.js:594:47235
2023-09-04 15:28:35.085 [error] Failed to execute 'postMessage' on 'Worker': (E,D,M)=>{if(this.f&&this.u>this.f.threshold*3)return console.warn(`[${this.f.name}] REFUSES to accept new list...<omitted>...R} could not be cloned.: Error: Failed to execute 'postMessage' on 'Worker': (E,D,M)=>{if(this.f&&this.u>this.f.threshold*3)return console.warn(`[${this.f.name}] REFUSES to accept new list...<omitted>...R} could not be cloned.
    at vscode-file://vscode-app/opt/visual-studio-code/resources/app/out/vs/workbench/workbench.desktop.main.js:594:47235
2023-09-04 15:40:02.126 [info] [remote-connection][Management   ][65f5a…][reconnect] received socket timeout event (unacknowledgedMsgCount: 1, timeSinceOldestUnacknowledgedMsg: 20001, timeSinceLastReceivedSomeData: 33302).
2023-09-04 15:40:02.127 [info] [remote-connection][Management   ][65f5a…][reconnect] starting reconnecting loop. You can get more information with the trace log level.
2023-09-04 15:40:02.131 [info] [remote-connection][Management   ][65f5a…][reconnect] resolving connection...
2023-09-04 15:40:02.131 [info] Invoking resolveAuthority(ssh-remote)...
2023-09-04 15:40:02.131 [info] [LocalProcess0][resolveAuthority(ssh-remote,21)][0ms] obtaining proxy...
2023-09-04 15:40:02.131 [info] [LocalProcess0][resolveAuthority(ssh-remote,21)][1ms] invoking...
2023-09-04 15:40:03.133 [info] [LocalProcess0][resolveAuthority(ssh-remote,21)][1001ms] waiting...
2023-09-04 15:40:04.132 [info] [LocalProcess0][resolveAuthority(ssh-remote,21)][2001ms] waiting...
2023-09-04 15:40:04.259 [error] [LocalProcess0][resolveAuthority(ssh-remote,21)][2129ms] returned an error {"code":"TemporarilyNotAvailable","message":"No route to host"}
2023-09-04 15:40:04.259 [error] resolveAuthority(ssh-remote) returned an error after 2129 ms No route to host
2023-09-04 15:40:04.260 [info] [remote-connection][Management   ][65f5a…][reconnect] A temporarily not available error occurred while trying to reconnect, will try again...
2023-09-04 15:40:04.260 [info] [remote-connection][Management   ][65f5a…][reconnect] waiting for 5 seconds before reconnecting...
2023-09-04 15:40:05.948 [info] [remote-connection][Management   ][65f5a…][reconnect] received socket close event (wasClean: false, code: 1006, reason: ).
2023-09-04 15:40:05.949 [error] {"isTrusted":true}
2023-09-04 15:40:05.949 [info] [remote-connection][ExtensionHost][a2de1…][reconnect] received socket close event (wasClean: false, code: 1006, reason: ).
2023-09-04 15:40:05.949 [error] {"isTrusted":true}
2023-09-04 15:40:05.949 [info] [remote-connection][ExtensionHost][a2de1…][reconnect] starting reconnecting loop. You can get more information with the trace log level.
2023-09-04 15:40:05.950 [info] [remote-connection][ExtensionHost][a2de1…][reconnect] resolving connection...
2023-09-04 15:40:05.950 [info] [remote-connection][ExtensionHost][a2de1…][reconnect] A temporarily not available error occurred while trying to reconnect, will try again...
2023-09-04 15:40:05.950 [info] [remote-connection][ExtensionHost][a2de1…][reconnect] waiting for 5 seconds before reconnecting...
2023-09-04 15:40:09.262 [info] [remote-connection][Management   ][65f5a…][reconnect] resolving connection...
2023-09-04 15:40:09.311 [info] Invoking resolveAuthority(ssh-remote)...
2023-09-04 15:40:09.311 [info] [LocalProcess0][resolveAuthority(ssh-remote,22)][0ms] obtaining proxy...
2023-09-04 15:40:09.311 [info] [LocalProcess0][resolveAuthority(ssh-remote,22)][1ms] invoking...
2023-09-04 15:40:10.313 [info] [LocalProcess0][resolveAuthority(ssh-remote,22)][1001ms] waiting...
2023-09-04 15:40:10.314 [error] [LocalProcess0][resolveAuthority(ssh-remote,22)][1003ms] returned an error {"code":"TemporarilyNotAvailable","message":"No route to host"}
2023-09-04 15:40:10.315 [error] resolveAuthority(ssh-remote) returned an error after 1004 ms No route to host
2023-09-04 15:40:10.316 [info] [remote-connection][Management   ][65f5a…][reconnect] A temporarily not available error occurred while trying to reconnect, will try again...
2023-09-04 15:40:10.316 [info] [remote-connection][Management   ][65f5a…][reconnect] waiting for 5 seconds before reconnecting...
2023-09-04 15:40:10.951 [info] [remote-connection][ExtensionHost][a2de1…][reconnect] resolving connection...
2023-09-04 15:40:10.952 [info] [remote-connection][ExtensionHost][a2de1…][reconnect] A temporarily not available error occurred while trying to reconnect, will try again...
2023-09-04 15:40:10.953 [info] [remote-connection][ExtensionHost][a2de1…][reconnect] waiting for 5 seconds before reconnecting...
2023-09-04 15:40:15.320 [info] [remote-connection][Management   ][65f5a…][reconnect] resolving connection...
2023-09-04 15:40:15.321 [info] Invoking resolveAuthority(ssh-remote)...
2023-09-04 15:40:15.322 [info] [LocalProcess0][resolveAuthority(ssh-remote,23)][0ms] obtaining proxy...
2023-09-04 15:40:15.323 [info] [LocalProcess0][resolveAuthority(ssh-remote,23)][1ms] invoking...
2023-09-04 15:40:15.952 [info] [remote-connection][ExtensionHost][a2de1…][reconnect] resolving connection...
2023-09-04 15:40:16.323 [info] [LocalProcess0][resolveAuthority(ssh-remote,23)][1002ms] waiting...
2023-09-04 15:40:17.300 [info] [LocalProcess0][resolveAuthority(ssh-remote,23)][1980ms] returned WebSocket(127.0.0.1:45173)
2023-09-04 15:40:17.300 [info] resolveAuthority(ssh-remote) returned 'WebSocket(127.0.0.1:45173)' after 1980 ms
2023-09-04 15:40:17.300 [info] [remote-connection][Management   ][65f5a…][reconnect] connecting to WebSocket(127.0.0.1:45173)...
2023-09-04 15:40:17.301 [info] Creating a socket (renderer-Management-65f5a255-433a-4292-9c47-f3b65c4c61fe)...
2023-09-04 15:40:17.301 [info] [remote-connection][ExtensionHost][a2de1…][reconnect] connecting to WebSocket(127.0.0.1:45173)...
2023-09-04 15:40:17.302 [info] Creating a socket (renderer-ExtensionHost-a2de127c-5271-49f7-88d0-9329202fd9c7)...
2023-09-04 15:40:17.322 [info] Creating a socket (renderer-Management-65f5a255-433a-4292-9c47-f3b65c4c61fe) was successful after 22 ms.
2023-09-04 15:40:17.373 [info] Creating a socket (renderer-ExtensionHost-a2de127c-5271-49f7-88d0-9329202fd9c7) was successful after 72 ms.
2023-09-04 15:40:17.407 [info] [remote-connection][Management   ][65f5a…][reconnect] reconnected!
2023-09-04 15:40:17.473 [info] [remote-connection][ExtensionHost][a2de1…][reconnect] reconnected!
2023-09-04 15:45:19.126 [info] [remote-connection][Management   ][65f5a…][reconnect] received socket timeout event (unacknowledgedMsgCount: 1, timeSinceOldestUnacknowledgedMsg: 20000, timeSinceLastReceivedSomeData: 80296).
2023-09-04 15:45:19.151 [info] [remote-connection][Management   ][65f5a…][reconnect] starting reconnecting loop. You can get more information with the trace log level.
2023-09-04 15:45:19.153 [info] [remote-connection][Management   ][65f5a…][reconnect] resolving connection...
2023-09-04 15:45:19.153 [info] Invoking resolveAuthority(ssh-remote)...
2023-09-04 15:45:19.153 [info] [LocalProcess0][resolveAuthority(ssh-remote,24)][0ms] obtaining proxy...
2023-09-04 15:45:19.153 [info] [LocalProcess0][resolveAuthority(ssh-remote,24)][1ms] invoking...
2023-09-04 15:45:19.321 [error] [LocalProcess0][resolveAuthority(ssh-remote,24)][169ms] returned an error {"code":"TemporarilyNotAvailable","message":"Network is unreachable"}
2023-09-04 15:45:19.321 [error] resolveAuthority(ssh-remote) returned an error after 169 ms Network is unreachable
2023-09-04 15:45:19.322 [info] [remote-connection][Management   ][65f5a…][reconnect] A temporarily not available error occurred while trying to reconnect, will try again...
2023-09-04 15:45:19.322 [info] [remote-connection][Management   ][65f5a…][reconnect] waiting for 5 seconds before reconnecting...
2023-09-04 15:45:22.967 [info] [remote-connection][Management   ][65f5a…][reconnect] received socket close event (wasClean: false, code: 1006, reason: ).
2023-09-04 15:45:22.968 [error] {"isTrusted":true}
2023-09-04 15:45:22.969 [info] [remote-connection][ExtensionHost][a2de1…][reconnect] received socket close event (wasClean: false, code: 1006, reason: ).
2023-09-04 15:45:22.970 [error] {"isTrusted":true}
2023-09-04 15:45:22.971 [info] [remote-connection][ExtensionHost][a2de1…][reconnect] starting reconnecting loop. You can get more information with the trace log level.
2023-09-04 15:45:22.972 [info] [remote-connection][ExtensionHost][a2de1…][reconnect] resolving connection...
2023-09-04 15:45:22.973 [info] [remote-connection][ExtensionHost][a2de1…][reconnect] A temporarily not available error occurred while trying to reconnect, will try again...
2023-09-04 15:45:22.974 [info] [remote-connection][ExtensionHost][a2de1…][reconnect] waiting for 5 seconds before reconnecting...
2023-09-04 15:45:24.324 [info] [remote-connection][Management   ][65f5a…][reconnect] resolving connection...
2023-09-04 15:45:24.325 [info] Invoking resolveAuthority(ssh-remote)...
2023-09-04 15:45:24.326 [info] [LocalProcess0][resolveAuthority(ssh-remote,25)][0ms] obtaining proxy...
2023-09-04 15:45:24.354 [info] [LocalProcess0][resolveAuthority(ssh-remote,25)][31ms] invoking...
2023-09-04 15:45:24.522 [error] [LocalProcess0][resolveAuthority(ssh-remote,25)][199ms] returned an error {"code":"TemporarilyNotAvailable","message":"Network is unreachable"}
2023-09-04 15:45:24.522 [error] resolveAuthority(ssh-remote) returned an error after 199 ms Network is unreachable
2023-09-04 15:45:24.523 [info] [remote-connection][Management   ][65f5a…][reconnect] A temporarily not available error occurred while trying to reconnect, will try again...
2023-09-04 15:45:24.523 [info] [remote-connection][Management   ][65f5a…][reconnect] waiting for 5 seconds before reconnecting...
2023-09-04 15:45:27.972 [info] [remote-connection][ExtensionHost][a2de1…][reconnect] resolving connection...
2023-09-04 15:45:28.023 [info] [remote-connection][ExtensionHost][a2de1…][reconnect] A temporarily not available error occurred while trying to reconnect, will try again...
2023-09-04 15:45:28.024 [info] [remote-connection][ExtensionHost][a2de1…][reconnect] waiting for 5 seconds before reconnecting...
2023-09-04 15:45:29.524 [info] [remote-connection][Management   ][65f5a…][reconnect] resolving connection...
2023-09-04 15:45:29.525 [info] Invoking resolveAuthority(ssh-remote)...
2023-09-04 15:45:29.526 [info] [LocalProcess0][resolveAuthority(ssh-remote,26)][0ms] obtaining proxy...
2023-09-04 15:45:29.557 [info] [LocalProcess0][resolveAuthority(ssh-remote,26)][32ms] invoking...
2023-09-04 15:45:29.727 [error] [LocalProcess0][resolveAuthority(ssh-remote,26)][203ms] returned an error {"code":"TemporarilyNotAvailable","message":"Network is unreachable"}
2023-09-04 15:45:29.728 [error] resolveAuthority(ssh-remote) returned an error after 203 ms Network is unreachable
2023-09-04 15:45:29.728 [info] [remote-connection][Management   ][65f5a…][reconnect] A temporarily not available error occurred while trying to reconnect, will try again...
2023-09-04 15:45:29.728 [info] [remote-connection][Management   ][65f5a…][reconnect] waiting for 10 seconds before reconnecting...
2023-09-04 15:45:33.025 [info] [remote-connection][ExtensionHost][a2de1…][reconnect] resolving connection...
2023-09-04 15:45:33.026 [info] [remote-connection][ExtensionHost][a2de1…][reconnect] A temporarily not available error occurred while trying to reconnect, will try again...
2023-09-04 15:45:33.027 [info] [remote-connection][ExtensionHost][a2de1…][reconnect] waiting for 10 seconds before reconnecting...
2023-09-04 15:45:39.126 [info] [remote-connection][Management   ][65f5a…][reconnect] received socket timeout event (unacknowledgedMsgCount: 2, timeSinceOldestUnacknowledgedMsg: 40001, timeSinceLastReceivedSomeData: 100297).
2023-09-04 15:45:39.330 [info] [remote-connection][ExtensionHost][a2de1…][reconnect] received socket timeout event (unacknowledgedMsgCount: 25, timeSinceOldestUnacknowledgedMsg: 20000, timeSinceLastReceivedSomeData: 100230).
2023-09-04 15:45:39.730 [info] [remote-connection][Management   ][65f5a…][reconnect] resolving connection...
2023-09-04 15:45:39.731 [info] Invoking resolveAuthority(ssh-remote)...
2023-09-04 15:45:39.731 [info] [LocalProcess0][resolveAuthority(ssh-remote,27)][0ms] obtaining proxy...
2023-09-04 15:45:39.759 [info] [LocalProcess0][resolveAuthority(ssh-remote,27)][29ms] invoking...
2023-09-04 15:45:39.930 [error] [LocalProcess0][resolveAuthority(ssh-remote,27)][200ms] returned an error {"code":"TemporarilyNotAvailable","message":"Network is unreachable"}
2023-09-04 15:45:39.930 [error] resolveAuthority(ssh-remote) returned an error after 200 ms Network is unreachable
2023-09-04 15:45:39.930 [info] [remote-connection][Management   ][65f5a…][reconnect] A temporarily not available error occurred while trying to reconnect, will try again...
2023-09-04 15:45:39.930 [info] [remote-connection][Management   ][65f5a…][reconnect] waiting for 10 seconds before reconnecting...
2023-09-04 15:45:43.027 [info] [remote-connection][ExtensionHost][a2de1…][reconnect] resolving connection...
2023-09-04 15:45:43.028 [info] [remote-connection][ExtensionHost][a2de1…][reconnect] A temporarily not available error occurred while trying to reconnect, will try again...
2023-09-04 15:45:43.028 [info] [remote-connection][ExtensionHost][a2de1…][reconnect] waiting for 10 seconds before reconnecting...
2023-09-04 15:45:49.932 [info] [remote-connection][Management   ][65f5a…][reconnect] resolving connection...
2023-09-04 15:45:49.985 [info] Invoking resolveAuthority(ssh-remote)...
2023-09-04 15:45:49.985 [info] [LocalProcess0][resolveAuthority(ssh-remote,28)][0ms] obtaining proxy...
2023-09-04 15:45:49.996 [info] [LocalProcess0][resolveAuthority(ssh-remote,28)][11ms] invoking...
2023-09-04 15:45:50.162 [error] [LocalProcess0][resolveAuthority(ssh-remote,28)][177ms] returned an error {"code":"TemporarilyNotAvailable","message":"Network is unreachable"}
2023-09-04 15:45:50.163 [error] resolveAuthority(ssh-remote) returned an error after 177 ms Network is unreachable
2023-09-04 15:45:50.163 [info] [remote-connection][Management   ][65f5a…][reconnect] A temporarily not available error occurred while trying to reconnect, will try again...
2023-09-04 15:45:50.163 [info] [remote-connection][Management   ][65f5a…][reconnect] waiting for 10 seconds before reconnecting...
2023-09-04 15:45:53.029 [info] [remote-connection][ExtensionHost][a2de1…][reconnect] resolving connection...
2023-09-04 15:45:53.029 [info] [remote-connection][ExtensionHost][a2de1…][reconnect] A temporarily not available error occurred while trying to reconnect, will try again...
2023-09-04 15:45:53.030 [info] [remote-connection][ExtensionHost][a2de1…][reconnect] waiting for 10 seconds before reconnecting...
2023-09-04 15:45:59.330 [info] [remote-connection][ExtensionHost][a2de1…][reconnect] received socket timeout event (unacknowledgedMsgCount: 45, timeSinceOldestUnacknowledgedMsg: 40000, timeSinceLastReceivedSomeData: 120230).
2023-09-04 15:46:00.165 [info] [remote-connection][Management   ][65f5a…][reconnect] resolving connection...
2023-09-04 15:46:00.166 [info] Invoking resolveAuthority(ssh-remote)...
2023-09-04 15:46:00.167 [info] [LocalProcess0][resolveAuthority(ssh-remote,29)][0ms] obtaining proxy...
2023-09-04 15:46:00.198 [info] [LocalProcess0][resolveAuthority(ssh-remote,29)][32ms] invoking...
2023-09-04 15:46:00.373 [error] [LocalProcess0][resolveAuthority(ssh-remote,29)][208ms] returned an error {"code":"TemporarilyNotAvailable","message":"Network is unreachable"}
2023-09-04 15:46:00.373 [error] resolveAuthority(ssh-remote) returned an error after 209 ms Network is unreachable
2023-09-04 15:46:00.374 [info] [remote-connection][Management   ][65f5a…][reconnect] A temporarily not available error occurred while trying to reconnect, will try again...
2023-09-04 15:46:00.374 [info] [remote-connection][Management   ][65f5a…][reconnect] waiting for 10 seconds before reconnecting...
2023-09-04 15:46:03.030 [info] [remote-connection][ExtensionHost][a2de1…][reconnect] resolving connection...
2023-09-04 15:46:03.031 [info] [remote-connection][ExtensionHost][a2de1…][reconnect] A temporarily not available error occurred while trying to reconnect, will try again...
2023-09-04 15:46:03.032 [info] [remote-connection][ExtensionHost][a2de1…][reconnect] waiting for 10 seconds before reconnecting...
2023-09-04 15:46:10.376 [info] [remote-connection][Management   ][65f5a…][reconnect] resolving connection...
2023-09-04 15:46:10.431 [info] Invoking resolveAuthority(ssh-remote)...
2023-09-04 15:46:10.431 [info] [LocalProcess0][resolveAuthority(ssh-remote,30)][0ms] obtaining proxy...
2023-09-04 15:46:10.439 [info] [LocalProcess0][resolveAuthority(ssh-remote,30)][8ms] invoking...
2023-09-04 15:46:10.606 [error] [LocalProcess0][resolveAuthority(ssh-remote,30)][175ms] returned an error {"code":"TemporarilyNotAvailable","message":"Network is unreachable"}
2023-09-04 15:46:10.607 [error] resolveAuthority(ssh-remote) returned an error after 176 ms Network is unreachable
2023-09-04 15:46:10.607 [info] [remote-connection][Management   ][65f5a…][reconnect] A temporarily not available error occurred while trying to reconnect, will try again...
2023-09-04 15:46:10.607 [info] [remote-connection][Management   ][65f5a…][reconnect] waiting for 10 seconds before reconnecting...
2023-09-04 15:46:13.032 [info] [remote-connection][ExtensionHost][a2de1…][reconnect] resolving connection...
2023-09-04 15:46:13.033 [info] [remote-connection][ExtensionHost][a2de1…][reconnect] A temporarily not available error occurred while trying to reconnect, will try again...
2023-09-04 15:46:13.033 [info] [remote-connection][ExtensionHost][a2de1…][reconnect] waiting for 10 seconds before reconnecting...
2023-09-04 15:46:19.330 [info] [remote-connection][ExtensionHost][a2de1…][reconnect] received socket timeout event (unacknowledgedMsgCount: 65, timeSinceOldestUnacknowledgedMsg: 60001, timeSinceLastReceivedSomeData: 140231).
2023-09-04 15:46:20.609 [info] [remote-connection][Management   ][65f5a…][reconnect] resolving connection...
2023-09-04 15:46:20.610 [info] Invoking resolveAuthority(ssh-remote)...
2023-09-04 15:46:20.612 [info] [LocalProcess0][resolveAuthority(ssh-remote,31)][0ms] obtaining proxy...
2023-09-04 15:46:20.642 [info] [LocalProcess0][resolveAuthority(ssh-remote,31)][32ms] invoking...
2023-09-04 15:46:20.814 [error] [LocalProcess0][resolveAuthority(ssh-remote,31)][205ms] returned an error {"code":"TemporarilyNotAvailable","message":"Network is unreachable"}
2023-09-04 15:46:20.815 [error] resolveAuthority(ssh-remote) returned an error after 205 ms Network is unreachable
2023-09-04 15:46:20.816 [info] [remote-connection][Management   ][65f5a…][reconnect] A temporarily not available error occurred while trying to reconnect, will try again...
2023-09-04 15:46:20.816 [info] [remote-connection][Management   ][65f5a…][reconnect] waiting for 30 seconds before reconnecting...
2023-09-04 15:46:23.033 [info] [remote-connection][ExtensionHost][a2de1…][reconnect] resolving connection...
2023-09-04 15:46:23.034 [info] [remote-connection][ExtensionHost][a2de1…][reconnect] A temporarily not available error occurred while trying to reconnect, will try again...
2023-09-04 15:46:23.035 [info] [remote-connection][ExtensionHost][a2de1…][reconnect] waiting for 30 seconds before reconnecting...
2023-09-04 15:46:39.331 [info] [remote-connection][ExtensionHost][a2de1…][reconnect] received socket timeout event (unacknowledgedMsgCount: 75, timeSinceOldestUnacknowledgedMsg: 80001, timeSinceLastReceivedSomeData: 160231).
2023-09-04 15:46:50.817 [info] [remote-connection][Management   ][65f5a…][reconnect] resolving connection...
2023-09-04 15:46:50.870 [info] Invoking resolveAuthority(ssh-remote)...
2023-09-04 15:46:50.870 [info] [LocalProcess0][resolveAuthority(ssh-remote,32)][0ms] obtaining proxy...
2023-09-04 15:46:50.878 [info] [LocalProcess0][resolveAuthority(ssh-remote,32)][8ms] invoking...
2023-09-04 15:46:51.051 [error] [LocalProcess0][resolveAuthority(ssh-remote,32)][180ms] returned an error {"code":"TemporarilyNotAvailable","message":"Network is unreachable"}
2023-09-04 15:46:51.051 [error] resolveAuthority(ssh-remote) returned an error after 181 ms Network is unreachable
2023-09-04 15:46:51.051 [info] [remote-connection][Management   ][65f5a…][reconnect] A temporarily not available error occurred while trying to reconnect, will try again...
2023-09-04 15:46:51.051 [info] [remote-connection][Management   ][65f5a…][reconnect] waiting for 30 seconds before reconnecting...
2023-09-04 15:46:53.035 [info] [remote-connection][ExtensionHost][a2de1…][reconnect] resolving connection...
2023-09-04 15:46:53.036 [info] [remote-connection][ExtensionHost][a2de1…][reconnect] A temporarily not available error occurred while trying to reconnect, will try again...
2023-09-04 15:46:53.037 [info] [remote-connection][ExtensionHost][a2de1…][reconnect] waiting for 30 seconds before reconnecting...
2023-09-04 15:46:59.331 [info] [remote-connection][ExtensionHost][a2de1…][reconnect] received socket timeout event (unacknowledgedMsgCount: 85, timeSinceOldestUnacknowledgedMsg: 100001, timeSinceLastReceivedSomeData: 180231).
2023-09-04 15:47:21.053 [info] [remote-connection][Management   ][65f5a…][reconnect] resolving connection...
2023-09-04 15:47:21.105 [info] Invoking resolveAuthority(ssh-remote)...
2023-09-04 15:47:21.105 [info] [LocalProcess0][resolveAuthority(ssh-remote,33)][0ms] obtaining proxy...
2023-09-04 15:47:21.112 [info] [remote-connection][ExtensionHost][a2de1…][reconnect] received socket timeout event (unacknowledgedMsgCount: 86, timeSinceOldestUnacknowledgedMsg: 121783, timeSinceLastReceivedSomeData: 202013).
2023-09-04 15:47:21.114 [info] [LocalProcess0][resolveAuthority(ssh-remote,33)][9ms] invoking...
2023-09-04 15:47:21.278 [error] [LocalProcess0][resolveAuthority(ssh-remote,33)][173ms] returned an error {"code":"TemporarilyNotAvailable","message":"Network is unreachable"}
2023-09-04 15:47:21.278 [error] resolveAuthority(ssh-remote) returned an error after 173 ms Network is unreachable
2023-09-04 15:47:21.279 [info] [remote-connection][Management   ][65f5a…][reconnect] A temporarily not available error occurred while trying to reconnect, will try again...
2023-09-04 15:47:21.279 [info] [remote-connection][Management   ][65f5a…][reconnect] waiting for 30 seconds before reconnecting...
2023-09-04 15:47:23.036 [info] [remote-connection][ExtensionHost][a2de1…][reconnect] resolving connection...
2023-09-04 15:47:23.037 [info] [remote-connection][ExtensionHost][a2de1…][reconnect] A temporarily not available error occurred while trying to reconnect, will try again...
2023-09-04 15:47:23.038 [info] [remote-connection][ExtensionHost][a2de1…][reconnect] waiting for 30 seconds before reconnecting...
2023-09-04 15:47:41.113 [info] [remote-connection][ExtensionHost][a2de1…][reconnect] received socket timeout event (unacknowledgedMsgCount: 95, timeSinceOldestUnacknowledgedMsg: 141784, timeSinceLastReceivedSomeData: 222014).
2023-09-04 15:47:51.280 [info] [remote-connection][Management   ][65f5a…][reconnect] resolving connection...
2023-09-04 15:47:51.332 [info] Invoking resolveAuthority(ssh-remote)...
2023-09-04 15:47:51.333 [info] [LocalProcess0][resolveAuthority(ssh-remote,34)][0ms] obtaining proxy...
2023-09-04 15:47:51.340 [info] [LocalProcess0][resolveAuthority(ssh-remote,34)][8ms] invoking...
2023-09-04 15:47:51.547 [error] [LocalProcess0][resolveAuthority(ssh-remote,34)][214ms] returned an error {"code":"TemporarilyNotAvailable","message":"Network is unreachable"}
2023-09-04 15:47:51.547 [error] resolveAuthority(ssh-remote) returned an error after 214 ms Network is unreachable
2023-09-04 15:47:51.547 [info] [remote-connection][Management   ][65f5a…][reconnect] A temporarily not available error occurred while trying to reconnect, will try again...
2023-09-04 15:47:51.547 [info] [remote-connection][Management   ][65f5a…][reconnect] waiting for 30 seconds before reconnecting...
2023-09-04 15:47:53.038 [info] [remote-connection][ExtensionHost][a2de1…][reconnect] resolving connection...
2023-09-04 15:47:53.039 [info] [remote-connection][ExtensionHost][a2de1…][reconnect] A temporarily not available error occurred while trying to reconnect, will try again...
2023-09-04 15:47:53.039 [info] [remote-connection][ExtensionHost][a2de1…][reconnect] waiting for 30 seconds before reconnecting...
2023-09-04 15:48:01.114 [info] [remote-connection][ExtensionHost][a2de1…][reconnect] received socket timeout event (unacknowledgedMsgCount: 105, timeSinceOldestUnacknowledgedMsg: 161785, timeSinceLastReceivedSomeData: 242015).
2023-09-04 15:48:21.550 [info] [remote-connection][Management   ][65f5a…][reconnect] resolving connection...
2023-09-04 15:48:21.603 [info] Invoking resolveAuthority(ssh-remote)...
2023-09-04 15:48:21.604 [info] [LocalProcess0][resolveAuthority(ssh-remote,35)][0ms] obtaining proxy...
2023-09-04 15:48:21.610 [info] [remote-connection][ExtensionHost][a2de1…][reconnect] received socket timeout event (unacknowledgedMsgCount: 106, timeSinceOldestUnacknowledgedMsg: 182282, timeSinceLastReceivedSomeData: 262512).
2023-09-04 15:48:21.613 [info] [LocalProcess0][resolveAuthority(ssh-remote,35)][9ms] invoking...
2023-09-04 15:48:21.789 [error] [LocalProcess0][resolveAuthority(ssh-remote,35)][186ms] returned an error {"code":"TemporarilyNotAvailable","message":"Network is unreachable"}
2023-09-04 15:48:21.790 [error] resolveAuthority(ssh-remote) returned an error after 186 ms Network is unreachable
2023-09-04 15:48:21.790 [info] [remote-connection][Management   ][65f5a…][reconnect] A temporarily not available error occurred while trying to reconnect, will try again...
2023-09-04 15:48:21.790 [info] [remote-connection][Management   ][65f5a…][reconnect] waiting for 30 seconds before reconnecting...
2023-09-04 15:48:23.039 [info] [remote-connection][ExtensionHost][a2de1…][reconnect] resolving connection...
2023-09-04 15:48:23.040 [info] [remote-connection][ExtensionHost][a2de1…][reconnect] A temporarily not available error occurred while trying to reconnect, will try again...
2023-09-04 15:48:23.040 [info] [remote-connection][ExtensionHost][a2de1…][reconnect] waiting for 30 seconds before reconnecting...
2023-09-04 15:48:41.612 [info] [remote-connection][ExtensionHost][a2de1…][reconnect] received socket timeout event (unacknowledgedMsgCount: 115, timeSinceOldestUnacknowledgedMsg: 202282, timeSinceLastReceivedSomeData: 282512).
2023-09-04 15:48:51.792 [info] [remote-connection][Management   ][65f5a…][reconnect] resolving connection...
2023-09-04 15:48:51.845 [info] Invoking resolveAuthority(ssh-remote)...
2023-09-04 15:48:51.845 [info] [LocalProcess0][resolveAuthority(ssh-remote,36)][0ms] obtaining proxy...
2023-09-04 15:48:51.853 [info] [LocalProcess0][resolveAuthority(ssh-remote,36)][9ms] invoking...
2023-09-04 15:48:52.018 [error] [LocalProcess0][resolveAuthority(ssh-remote,36)][173ms] returned an error {"code":"TemporarilyNotAvailable","message":"Network is unreachable"}
2023-09-04 15:48:52.018 [error] resolveAuthority(ssh-remote) returned an error after 173 ms Network is unreachable
2023-09-04 15:48:52.018 [info] [remote-connection][Management   ][65f5a…][reconnect] A temporarily not available error occurred while trying to reconnect, will try again...
2023-09-04 15:48:52.018 [info] [remote-connection][Management   ][65f5a…][reconnect] waiting for 30 seconds before reconnecting...
2023-09-04 15:48:53.047 [info] [remote-connection][ExtensionHost][a2de1…][reconnect] resolving connection...
2023-09-04 15:48:53.048 [info] [remote-connection][ExtensionHost][a2de1…][reconnect] A temporarily not available error occurred while trying to reconnect, will try again...
2023-09-04 15:48:53.049 [info] [remote-connection][ExtensionHost][a2de1…][reconnect] waiting for 30 seconds before reconnecting...
2023-09-04 15:49:01.612 [info] [remote-connection][ExtensionHost][a2de1…][reconnect] received socket timeout event (unacknowledgedMsgCount: 125, timeSinceOldestUnacknowledgedMsg: 222282, timeSinceLastReceivedSomeData: 302512).
2023-09-04 15:49:22.020 [info] [remote-connection][Management   ][65f5a…][reconnect] resolving connection...
2023-09-04 15:49:22.072 [info] Invoking resolveAuthority(ssh-remote)...
2023-09-04 15:49:22.072 [info] [LocalProcess0][resolveAuthority(ssh-remote,37)][0ms] obtaining proxy...
2023-09-04 15:49:22.079 [info] [remote-connection][ExtensionHost][a2de1…][reconnect] received socket timeout event (unacknowledgedMsgCount: 126, timeSinceOldestUnacknowledgedMsg: 242750, timeSinceLastReceivedSomeData: 322980).
2023-09-04 15:49:22.081 [info] [LocalProcess0][resolveAuthority(ssh-remote,37)][8ms] invoking...
2023-09-04 15:49:22.247 [error] [LocalProcess0][resolveAuthority(ssh-remote,37)][174ms] returned an error {"code":"TemporarilyNotAvailable","message":"Network is unreachable"}
2023-09-04 15:49:22.247 [error] resolveAuthority(ssh-remote) returned an error after 175 ms Network is unreachable
2023-09-04 15:49:22.247 [info] [remote-connection][Management   ][65f5a…][reconnect] A temporarily not available error occurred while trying to reconnect, will try again...
2023-09-04 15:49:22.247 [info] [remote-connection][Management   ][65f5a…][reconnect] waiting for 30 seconds before reconnecting...
2023-09-04 15:49:23.048 [info] [remote-connection][ExtensionHost][a2de1…][reconnect] resolving connection...
2023-09-04 15:49:23.050 [info] [remote-connection][ExtensionHost][a2de1…][reconnect] A temporarily not available error occurred while trying to reconnect, will try again...
2023-09-04 15:49:23.051 [info] [remote-connection][ExtensionHost][a2de1…][reconnect] waiting for 30 seconds before reconnecting...
2023-09-04 15:49:42.080 [info] [remote-connection][ExtensionHost][a2de1…][reconnect] received socket timeout event (unacknowledgedMsgCount: 135, timeSinceOldestUnacknowledgedMsg: 262750, timeSinceLastReceivedSomeData: 342980).
2023-09-04 15:49:52.249 [info] [remote-connection][Management   ][65f5a…][reconnect] resolving connection...
2023-09-04 15:49:52.250 [info] Invoking resolveAuthority(ssh-remote)...
2023-09-04 15:49:52.251 [info] [LocalProcess0][resolveAuthority(ssh-remote,38)][0ms] obtaining proxy...
2023-09-04 15:49:52.278 [info] [LocalProcess0][resolveAuthority(ssh-remote,38)][28ms] invoking...
2023-09-04 15:49:52.456 [error] [LocalProcess0][resolveAuthority(ssh-remote,38)][206ms] returned an error {"code":"TemporarilyNotAvailable","message":"Network is unreachable"}
2023-09-04 15:49:52.456 [error] resolveAuthority(ssh-remote) returned an error after 207 ms Network is unreachable
2023-09-04 15:49:52.456 [info] [remote-connection][Management   ][65f5a…][reconnect] A temporarily not available error occurred while trying to reconnect, will try again...
2023-09-04 15:49:52.457 [info] [remote-connection][Management   ][65f5a…][reconnect] waiting for 30 seconds before reconnecting...
2023-09-04 15:49:53.050 [info] [remote-connection][ExtensionHost][a2de1…][reconnect] resolving connection...
2023-09-04 15:49:53.052 [info] [remote-connection][ExtensionHost][a2de1…][reconnect] A temporarily not available error occurred while trying to reconnect, will try again...
2023-09-04 15:49:53.053 [info] [remote-connection][ExtensionHost][a2de1…][reconnect] waiting for 30 seconds before reconnecting...
2023-09-04 15:50:02.079 [info] [remote-connection][ExtensionHost][a2de1…][reconnect] received socket timeout event (unacknowledgedMsgCount: 147, timeSinceOldestUnacknowledgedMsg: 282750, timeSinceLastReceivedSomeData: 362980).
2023-09-04 15:50:22.458 [info] [remote-connection][Management   ][65f5a…][reconnect] resolving connection...
2023-09-04 15:50:22.511 [info] Invoking resolveAuthority(ssh-remote)...
2023-09-04 15:50:22.511 [info] [LocalProcess0][resolveAuthority(ssh-remote,39)][0ms] obtaining proxy...
2023-09-04 15:50:22.516 [info] [LocalProcess0][resolveAuthority(ssh-remote,39)][6ms] invoking...
2023-09-04 15:50:22.639 [error] [LocalProcess0][resolveAuthority(ssh-remote,39)][129ms] returned an error {"code":"TemporarilyNotAvailable","message":"Network is unreachable"}
2023-09-04 15:50:22.640 [error] resolveAuthority(ssh-remote) returned an error after 129 ms Network is unreachable
2023-09-04 15:50:22.640 [info] [remote-connection][Management   ][65f5a…][reconnect] A temporarily not available error occurred while trying to reconnect, will try again...
2023-09-04 15:50:22.640 [info] [remote-connection][Management   ][65f5a…][reconnect] waiting for 30 seconds before reconnecting...
2023-09-04 15:50:23.052 [info] [remote-connection][ExtensionHost][a2de1…][reconnect] resolving connection...
2023-09-04 15:50:23.052 [info] [remote-connection][ExtensionHost][a2de1…][reconnect] A temporarily not available error occurred while trying to reconnect, will try again...
2023-09-04 15:50:23.053 [info] [remote-connection][ExtensionHost][a2de1…][reconnect] waiting for 30 seconds before reconnecting...
2023-09-04 15:50:25.072 [info] [remote-connection][ExtensionHost][a2de1…][reconnect] received socket timeout event (unacknowledgedMsgCount: 148, timeSinceOldestUnacknowledgedMsg: 305744, timeSinceLastReceivedSomeData: 385974).
2023-09-04 15:50:25.073 [info] [remote-connection][Management   ][65f5a…][reconnect] received socket timeout event (unacknowledgedMsgCount: 3, timeSinceOldestUnacknowledgedMsg: 325948, timeSinceLastReceivedSomeData: 386244).
2023-09-04 15:50:45.074 [info] [remote-connection][ExtensionHost][a2de1…][reconnect] received socket timeout event (unacknowledgedMsgCount: 152, timeSinceOldestUnacknowledgedMsg: 325744, timeSinceLastReceivedSomeData: 405974).
2023-09-04 15:50:52.642 [info] [remote-connection][Management   ][65f5a…][reconnect] resolving connection...
2023-09-04 15:50:52.693 [info] Invoking resolveAuthority(ssh-remote)...
2023-09-04 15:50:52.694 [info] [LocalProcess0][resolveAuthority(ssh-remote,40)][0ms] obtaining proxy...
2023-09-04 15:50:52.702 [info] [LocalProcess0][resolveAuthority(ssh-remote,40)][8ms] invoking...
2023-09-04 15:50:53.052 [info] [remote-connection][ExtensionHost][a2de1…][reconnect] resolving connection...
2023-09-04 15:50:53.535 [info] [remote-connection][Management   ][65f5a…][reconnect] received socket timeout event (unacknowledgedMsgCount: 4, timeSinceOldestUnacknowledgedMsg: 354411, timeSinceLastReceivedSomeData: 414707).
2023-09-04 15:50:53.536 [info] [LocalProcess0][resolveAuthority(ssh-remote,40)][843ms] returned WebSocket(127.0.0.1:38117)
2023-09-04 15:50:53.537 [info] resolveAuthority(ssh-remote) returned 'WebSocket(127.0.0.1:38117)' after 844 ms
2023-09-04 15:50:53.537 [info] [remote-connection][Management   ][65f5a…][reconnect] connecting to WebSocket(127.0.0.1:38117)...
2023-09-04 15:50:53.538 [info] Creating a socket (renderer-Management-65f5a255-433a-4292-9c47-f3b65c4c61fe)...
2023-09-04 15:50:53.539 [info] [remote-connection][ExtensionHost][a2de1…][reconnect] connecting to WebSocket(127.0.0.1:38117)...
2023-09-04 15:50:53.539 [info] Creating a socket (renderer-ExtensionHost-a2de127c-5271-49f7-88d0-9329202fd9c7)...
2023-09-04 15:50:53.561 [info] Creating a socket (renderer-Management-65f5a255-433a-4292-9c47-f3b65c4c61fe) was successful after 23 ms.
2023-09-04 15:50:53.580 [info] Creating a socket (renderer-ExtensionHost-a2de127c-5271-49f7-88d0-9329202fd9c7) was successful after 41 ms.
2023-09-04 15:50:53.611 [info] [remote-connection][Management   ][65f5a…][reconnect] reconnected!
2023-09-04 15:50:53.701 [info] [remote-connection][ExtensionHost][a2de1…][reconnect] reconnected!
2023-09-04 15:58:33.594 [error] Failed to execute 'postMessage' on 'Worker': (E,D,M)=>{if(this.f&&this.u>this.f.threshold*3)return console.warn(`[${this.f.name}] REFUSES to accept new list...<omitted>...R} could not be cloned.: Error: Failed to execute 'postMessage' on 'Worker': (E,D,M)=>{if(this.f&&this.u>this.f.threshold*3)return console.warn(`[${this.f.name}] REFUSES to accept new list...<omitted>...R} could not be cloned.
    at vscode-file://vscode-app/opt/visual-studio-code/resources/app/out/vs/workbench/workbench.desktop.main.js:594:47235
2023-09-04 15:58:41.831 [error] Failed to execute 'postMessage' on 'Worker': (E,D,M)=>{if(this.f&&this.u>this.f.threshold*3)return console.warn(`[${this.f.name}] REFUSES to accept new list...<omitted>...R} could not be cloned.: Error: Failed to execute 'postMessage' on 'Worker': (E,D,M)=>{if(this.f&&this.u>this.f.threshold*3)return console.warn(`[${this.f.name}] REFUSES to accept new list...<omitted>...R} could not be cloned.
    at vscode-file://vscode-app/opt/visual-studio-code/resources/app/out/vs/workbench/workbench.desktop.main.js:594:47235
2023-09-04 16:01:02.621 [error] Cannot read properties of undefined (reading 'data'): TypeError: Cannot read properties of undefined (reading 'data')
	at /home/web_server/.vscode-server/extensions/ms-python.vscode-pylance-2023.8.50/dist/extension.bundle.js:1:71295
	at _0x39d7ab (/home/web_server/.vscode-server/extensions/ms-python.vscode-pylance-2023.8.50/dist/extension.bundle.js:1:83032)
	at async ce.provideCompletionItems (/home/web_server/.vscode-server/bin/6c3e3dba23e8fadc360aed75ce363ba185c49794/out/vs/workbench/api/node/extensionHostProcess.js:105:50188)
2023-09-04 16:07:10.330 [error] Failed to execute 'postMessage' on 'Worker': (E,D,M)=>{if(this.f&&this.u>this.f.threshold*3)return console.warn(`[${this.f.name}] REFUSES to accept new list...<omitted>...R} could not be cloned.: Error: Failed to execute 'postMessage' on 'Worker': (E,D,M)=>{if(this.f&&this.u>this.f.threshold*3)return console.warn(`[${this.f.name}] REFUSES to accept new list...<omitted>...R} could not be cloned.
    at vscode-file://vscode-app/opt/visual-studio-code/resources/app/out/vs/workbench/workbench.desktop.main.js:594:47235
2023-09-04 16:07:49.412 [error] Error: The file is not displayed in the text editor because it is very large (851.70MB).
    at y (vscode-file://vscode-app/opt/visual-studio-code/resources/app/out/vs/workbench/workbench.desktop.main.js:128:781)
    at q (vscode-file://vscode-app/opt/visual-studio-code/resources/app/out/vs/workbench/workbench.desktop.main.js:762:52375)
    at D (vscode-file://vscode-app/opt/visual-studio-code/resources/app/out/vs/workbench/workbench.desktop.main.js:762:47391)
    at fh.bc (vscode-file://vscode-app/opt/visual-studio-code/resources/app/out/vs/workbench/workbench.desktop.main.js:2297:19434)
    at fh.setInput (vscode-file://vscode-app/opt/visual-studio-code/resources/app/out/vs/workbench/workbench.desktop.main.js:2297:18654)
    at async s.M (vscode-file://vscode-app/opt/visual-studio-code/resources/app/out/vs/workbench/workbench.desktop.main.js:2295:20269)
    at async s.D (vscode-file://vscode-app/opt/visual-studio-code/resources/app/out/vs/workbench/workbench.desktop.main.js:2295:18937)
    at async s.openEditor (vscode-file://vscode-app/opt/visual-studio-code/resources/app/out/vs/workbench/workbench.desktop.main.js:2295:17925)
    at async vscode-file://vscode-app/opt/visual-studio-code/resources/app/out/vs/workbench/workbench.desktop.main.js:2480:12423
    at async r.value (vscode-file://vscode-app/opt/visual-studio-code/resources/app/out/vs/workbench/workbench.desktop.main.js:2513:45402)
2023-09-04 16:08:49.015 [error] Failed to execute 'postMessage' on 'Worker': (E,D,M)=>{if(this.f&&this.u>this.f.threshold*3)return console.warn(`[${this.f.name}] REFUSES to accept new list...<omitted>...R} could not be cloned.: Error: Failed to execute 'postMessage' on 'Worker': (E,D,M)=>{if(this.f&&this.u>this.f.threshold*3)return console.warn(`[${this.f.name}] REFUSES to accept new list...<omitted>...R} could not be cloned.
    at vscode-file://vscode-app/opt/visual-studio-code/resources/app/out/vs/workbench/workbench.desktop.main.js:594:47235
2023-09-04 16:09:01.199 [error] Failed to execute 'postMessage' on 'Worker': (E,D,M)=>{if(this.f&&this.u>this.f.threshold*3)return console.warn(`[${this.f.name}] REFUSES to accept new list...<omitted>...R} could not be cloned.: Error: Failed to execute 'postMessage' on 'Worker': (E,D,M)=>{if(this.f&&this.u>this.f.threshold*3)return console.warn(`[${this.f.name}] REFUSES to accept new list...<omitted>...R} could not be cloned.
    at vscode-file://vscode-app/opt/visual-studio-code/resources/app/out/vs/workbench/workbench.desktop.main.js:594:47235
