2023-09-04 15:10:24.689 [info] Added views:workbench.panel.markers.view in workbench.panel.markers
2023-09-04 15:10:24.689 [info] Added views:workbench.panel.output in workbench.panel.output
2023-09-04 15:10:24.689 [info] Added views:terminal in terminal
2023-09-04 15:10:24.689 [info] Added views:outline in workbench.view.explorer
2023-09-04 15:10:24.690 [info] Added views:workbench.scm in workbench.view.scm
2023-09-04 15:10:24.690 [info] Added views:workbench.view.search in workbench.view.search
2023-09-04 15:10:24.690 [info] Added views:timeline in workbench.view.explorer
2023-09-04 15:10:24.690 [info] Added views:workbench.explorer.fileView in workbench.view.explorer
2023-09-04 15:10:25.433 [info] Added views:cph.judgeView in workbench.view.extension.cph-judge-view-container
2023-09-04 15:10:25.434 [info] Added views:dockerContainers,dockerImages,dockerRegistries,dockerNetworks,dockerVolumes,vscode-docker.views.dockerContexts,vscode-docker.views.help in workbench.view.extension.dockerView
2023-09-04 15:10:25.434 [info] Added views:remoteTargets in workbench.view.remote
2023-09-04 15:10:25.515 [info] Added views:workbench.debug.welcome in workbench.view.debug
2023-09-04 15:10:25.999 [info] Added views:workbench.panel.repl.view in workbench.panel.repl
2023-09-04 15:10:31.364 [info] Added views:workbench.panel.markers.view in workbench.panel.markers
2023-09-04 15:10:31.364 [info] Added views:workbench.panel.output in workbench.panel.output
2023-09-04 15:10:31.364 [info] Added views:terminal in terminal
2023-09-04 15:10:31.364 [info] Added views:outline in workbench.view.explorer
2023-09-04 15:10:31.364 [info] Added views:workbench.scm in workbench.view.scm
2023-09-04 15:10:31.364 [info] Added views:workbench.view.search in workbench.view.search
2023-09-04 15:10:31.364 [info] Added views:timeline in workbench.view.explorer
2023-09-04 15:10:31.364 [info] Added views:workbench.explorer.fileView in workbench.view.explorer
2023-09-04 15:10:31.541 [info] Added views:workbench.debug.welcome in workbench.view.debug
2023-09-04 15:10:31.919 [info] Added views:~remote.forwardedPorts in ~remote.forwardedPortsContainer
2023-09-04 15:10:34.136 [info] Added views:remoteTargets in workbench.view.remote
2023-09-04 15:10:34.812 [info] Added views:workbench.panel.repl.view in workbench.panel.repl
2023-09-04 15:14:17.349 [info] Added views:workspaceViewer in workbench.view.extension.workspaceViewer
2023-09-04 15:14:25.274 [info] Added views:jupyterViewVariables,cell-tag in workbench.view.extension.jupyter-variables
2023-09-04 15:14:25.694 [info] Added views:workbench.view.testing in workbench.view.extension.test
2023-09-04 16:16:04.605 [info] Removed views:workbench.view.testing from workbench.view.extension.test
