2023-08-30 00:26:53.844 [info] update#setState idle
2023-08-30 00:27:23.845 [info] update#setState checking for updates
2023-08-30 00:27:23.944 [info] update#setState idle
2023-08-30 01:27:23.851 [info] update#setState checking for updates
2023-08-30 01:27:24.254 [info] update#setState idle
2023-08-30 02:00:42.327 [info] Extension host with pid 65735 exited with code: 0, signal: unknown.
2023-08-30 02:00:46.494 [info] Extension host with pid 81593 exited with code: 0, signal: unknown.
2023-08-30 02:00:46.515 [error] [UtilityProcess id: 1, type: fileWatcher, pid: 81582]: crashed with code 15 and reason 'killed'
2023-08-30 02:00:49.626 [info] Extension host with pid 81643 exited with code: 0, signal: unknown.
2023-08-30 02:00:49.632 [error] [UtilityProcessWorker]: terminated unexpectedly with code 15, signal: unknown
2023-08-30 02:00:49.633 [error] [UtilityProcess id: 1, type: fileWatcher, pid: 81641]: crashed with code 15 and reason 'killed'
2023-08-30 02:00:52.561 [info] Extension host with pid 81701 exited with code: 0, signal: unknown.
2023-08-30 02:00:52.565 [error] [UtilityProcessWorker]: terminated unexpectedly with code 15, signal: unknown
2023-08-30 02:00:52.566 [error] [UtilityProcess id: 1, type: fileWatcher, pid: 81699]: crashed with code 15 and reason 'killed'
2023-08-30 02:00:55.366 [info] Extension host with pid 81760 exited with code: 0, signal: unknown.
2023-08-30 02:00:55.373 [error] [UtilityProcessWorker]: terminated unexpectedly with code 15, signal: unknown
2023-08-30 02:00:55.374 [error] [UtilityProcess id: 1, type: fileWatcher, pid: 81758]: crashed with code 15 and reason 'killed'
2023-08-30 02:00:58.067 [info] Extension host with pid 81818 exited with code: 0, signal: unknown.
2023-08-30 02:00:58.071 [error] [UtilityProcessWorker]: terminated unexpectedly with code 15, signal: unknown
2023-08-30 02:00:58.072 [error] [UtilityProcess id: 1, type: fileWatcher, pid: 81816]: crashed with code 15 and reason 'killed'
2023-08-30 02:01:00.066 [info] Extension host with pid 81876 exited with code: 0, signal: unknown.
2023-08-30 02:01:02.080 [info] Extension host with pid 81933 exited with code: 0, signal: unknown.
2023-08-30 02:01:04.784 [info] Extension host with pid 81990 exited with code: 0, signal: unknown.
2023-08-30 02:01:07.060 [info] Extension host with pid 82049 exited with code: 0, signal: unknown.
2023-08-30 02:01:07.065 [error] [UtilityProcessWorker]: terminated unexpectedly with code 15, signal: unknown
2023-08-30 02:01:07.065 [error] [UtilityProcess id: 1, type: fileWatcher, pid: 82047]: crashed with code 15 and reason 'killed'
2023-08-30 02:01:09.041 [info] Extension host with pid 82106 exited with code: 0, signal: unknown.
2023-08-30 02:01:09.047 [error] [UtilityProcessWorker]: terminated unexpectedly with code 15, signal: unknown
2023-08-30 02:01:09.048 [error] [UtilityProcess id: 1, type: fileWatcher, pid: 82104]: crashed with code 15 and reason 'killed'
2023-08-30 02:01:11.302 [info] Extension host with pid 82159 exited with code: 0, signal: unknown.
2023-08-30 02:01:12.966 [info] Extension host with pid 82213 exited with code: 0, signal: unknown.
2023-08-30 02:01:12.973 [error] [UtilityProcessWorker]: terminated unexpectedly with code 15, signal: unknown
2023-08-30 02:01:12.974 [error] [UtilityProcess id: 1, type: fileWatcher, pid: 82211]: crashed with code 15 and reason 'killed'
2023-08-30 02:02:36.109 [info] Extension host with pid 82266 exited with code: 0, signal: unknown.
2023-08-30 02:27:23.857 [info] update#setState checking for updates
2023-08-30 02:27:24.114 [info] update#setState idle
2023-08-30 02:45:51.084 [info] Extension host with pid 82416 exited with code: 0, signal: unknown.
