2023-08-30 00:27:02.018 [info] [SharedProcessTunnelService] Created tunnel 1: 127.0.0.1:8000 (local) to 127.0.0.1:8000 (remote).
2023-08-30 00:27:02.046 [info] [SharedProcessTunnelService] Created tunnel 2: localhost:4173 (local) to localhost:4173 (remote).
2023-08-30 00:29:02.885 [info] Creating a socket (renderer-Tunnel-9bf98761-9b70-488c-8705-ee934e1080c8)...
2023-08-30 00:29:02.951 [info] Creating a socket (renderer-Tunnel-9bf98761-9b70-488c-8705-ee934e1080c8) was successful after 63 ms.
2023-08-30 00:29:03.132 [info] Creating a socket (renderer-Tunnel-cc5dbabc-30f2-467c-9ff4-fe3e6e7bf9e6)...
2023-08-30 00:29:03.163 [info] Creating a socket (renderer-Tunnel-cc5dbabc-30f2-467c-9ff4-fe3e6e7bf9e6) was successful after 31 ms.
2023-08-30 00:29:35.937 [info] Creating a socket (renderer-Tunnel-87eb6bc1-a36b-47a3-b8c5-6e7e0b05727b)...
2023-08-30 00:29:35.994 [info] Creating a socket (renderer-Tunnel-87eb6bc1-a36b-47a3-b8c5-6e7e0b05727b) was successful after 56 ms.
2023-08-30 00:29:36.203 [info] Creating a socket (renderer-Tunnel-ced54678-8fa4-4a17-a300-23a3b9b41142)...
2023-08-30 00:29:36.257 [info] Creating a socket (renderer-Tunnel-ced54678-8fa4-4a17-a300-23a3b9b41142) was successful after 53 ms.
2023-08-30 00:30:01.447 [info] Creating a socket (renderer-Tunnel-38cf572f-2b81-4ffb-8910-db73b1e414e8)...
2023-08-30 00:30:01.636 [info] Creating a socket (renderer-Tunnel-38cf572f-2b81-4ffb-8910-db73b1e414e8) was successful after 186 ms.
2023-08-30 00:30:01.812 [info] Creating a socket (renderer-Tunnel-d25cdc83-0354-4c4d-84ab-6f13635d0c37)...
2023-08-30 00:30:01.883 [info] Creating a socket (renderer-Tunnel-d25cdc83-0354-4c4d-84ab-6f13635d0c37) was successful after 71 ms.
2023-08-30 00:30:08.780 [info] Creating a socket (renderer-Tunnel-37a20be8-ddc1-49ee-bf70-5be7f1309912)...
2023-08-30 00:30:08.836 [info] Creating a socket (renderer-Tunnel-37a20be8-ddc1-49ee-bf70-5be7f1309912) was successful after 56 ms.
2023-08-30 00:30:09.033 [info] Creating a socket (renderer-Tunnel-af0419f9-2963-407f-9f49-7b30ba04966b)...
2023-08-30 00:30:09.175 [info] Creating a socket (renderer-Tunnel-af0419f9-2963-407f-9f49-7b30ba04966b) was successful after 140 ms.
2023-08-30 00:38:08.649 [info] Getting Manifest... batisteo.vscode-django
2023-08-30 00:38:08.662 [info] Installing extension: batisteo.vscode-django
2023-08-30 00:38:11.178 [warning] Extension signature verification failed with error 'UnknownError': batisteo.vscode-django
2023-08-30 00:38:11.665 [info] Extracted extension to file:///home/panda/.vscode/extensions/batisteo.vscode-django-1.10.0: batisteo.vscode-django
2023-08-30 00:38:11.670 [info] Renamed to /home/panda/.vscode/extensions/batisteo.vscode-django-1.10.0
2023-08-30 00:38:11.672 [info] Extracting extension completed. batisteo.vscode-django
2023-08-30 00:38:11.703 [info] Extension installed successfully: batisteo.vscode-django
2023-08-30 01:00:28.803 [info] Creating a socket (renderer-Tunnel-eee5d471-3d10-43cb-9a41-0dabb088bb1d)...
2023-08-30 01:00:28.848 [info] Creating a socket (renderer-Tunnel-eee5d471-3d10-43cb-9a41-0dabb088bb1d) was successful after 44 ms.
2023-08-30 01:30:43.077 [info] Creating a socket (renderer-Tunnel-fc836839-c5fe-4633-a410-03534d11a023)...
2023-08-30 01:30:43.193 [info] Creating a socket (renderer-Tunnel-fc836839-c5fe-4633-a410-03534d11a023) was successful after 115 ms.
2023-08-30 01:33:20.032 [info] Creating a socket (renderer-Tunnel-5559a27c-6b27-4062-a711-66f69e209539)...
2023-08-30 01:33:20.144 [info] Creating a socket (renderer-Tunnel-5559a27c-6b27-4062-a711-66f69e209539) was successful after 112 ms.
2023-08-30 01:45:13.100 [info] Creating a socket (renderer-Tunnel-d5231663-14b2-4598-aa76-0dd09a001309)...
2023-08-30 01:45:13.172 [info] Creating a socket (renderer-Tunnel-d5231663-14b2-4598-aa76-0dd09a001309) was successful after 72 ms.
2023-08-30 01:51:42.937 [info] Creating a socket (renderer-Tunnel-6cb8bf75-51de-4e85-b45a-79e82a7b7cd5)...
2023-08-30 01:51:42.985 [info] Creating a socket (renderer-Tunnel-6cb8bf75-51de-4e85-b45a-79e82a7b7cd5) was successful after 48 ms.
2023-08-30 02:00:42.335 [info] [SharedProcessTunnelService] Disposing tunnel 1.
2023-08-30 02:00:42.337 [info] [SharedProcessTunnelService] Disposing tunnel 2.
2023-08-30 02:07:08.343 [info] [SharedProcessTunnelService] Created tunnel 3: localhost:39527 (local) to 0.0.0.0:80 (remote).
2023-08-30 02:07:18.522 [info] Creating a socket (renderer-Tunnel-1b0d2351-2fc0-4b19-b6b6-60c01590c824)...
2023-08-30 02:07:18.580 [info] Creating a socket (renderer-Tunnel-1b0d2351-2fc0-4b19-b6b6-60c01590c824) was successful after 61 ms.
2023-08-30 02:07:18.966 [info] Creating a socket (renderer-Tunnel-e7c26504-5f4b-4c2f-bcb8-d095e53c9c6c)...
2023-08-30 02:07:19.013 [info] Creating a socket (renderer-Tunnel-e7c26504-5f4b-4c2f-bcb8-d095e53c9c6c) was successful after 47 ms.
2023-08-30 02:40:12.945 [info] [SharedProcessTunnelService] Created tunnel 4: localhost:8000 (local) to 0.0.0.0:8000 (remote).
2023-08-30 02:40:17.133 [info] Creating a socket (renderer-Tunnel-d47f2982-1576-4d09-8f70-f26355bdcfed)...
2023-08-30 02:40:17.201 [info] Creating a socket (renderer-Tunnel-d47f2982-1576-4d09-8f70-f26355bdcfed) was successful after 68 ms.
2023-08-30 02:40:17.531 [info] Creating a socket (renderer-Tunnel-2d3aed85-8368-423b-90d4-265af27c0ea3)...
2023-08-30 02:40:17.572 [info] Creating a socket (renderer-Tunnel-2d3aed85-8368-423b-90d4-265af27c0ea3) was successful after 40 ms.
2023-08-30 02:43:32.015 [info] Creating a socket (renderer-Tunnel-4d49bea6-bd6c-4f9c-8777-035305b3730b)...
2023-08-30 02:43:32.044 [info] Creating a socket (renderer-Tunnel-4d49bea6-bd6c-4f9c-8777-035305b3730b) was successful after 29 ms.
2023-08-30 02:45:51.084 [info] [SharedProcessTunnelService] Disposing tunnel 3.
2023-08-30 02:45:51.087 [info] [SharedProcessTunnelService] Disposing tunnel 4.
