2023-08-30 00:26:57.250 [warning] RemoteTerminalBackend#getTerminalLayoutInfo Error ["Cannot read properties of undefined (reading 'cwd')"]
2023-08-30 00:26:58.730 [info] Latency measurements for ssh-remote+fcs backend
window<->ptyhostservice<->ptyhost: 108.30ms
ptyhostservice<->ptyhost: 0.97ms []
2023-08-30 00:26:59.027 [info] Latency measurements for ssh-remote+fcs backend
window<->ptyhostservice<->ptyhost: 296.60ms
ptyhostservice<->ptyhost: 1.06ms []
2023-08-30 00:26:59.028 [info] Latency measurements for ssh-remote+fcs backend
window<->ptyhostservice<->ptyhost: 296.60ms
ptyhostservice<->ptyhost: 0.54ms []
2023-08-30 00:26:59.041 [info] Latency measurements for ssh-remote+fcs backend
window<->ptyhostservice<->ptyhost: 301.30ms
ptyhostservice<->ptyhost: 1.09ms []
2023-08-30 00:27:02.150 [info] Latency measurements for ssh-remote+fcs backend
window<->ptyhostservice<->ptyhost: 32.50ms
ptyhostservice<->ptyhost: 1.14ms []
2023-08-30 00:27:02.151 [info] Latency measurements for ssh-remote+fcs backend
window<->ptyhostservice<->ptyhost: 32.40ms
ptyhostservice<->ptyhost: 0.53ms []
2023-08-30 02:01:54.821 [warning] RemoteTerminalBackend#getTerminalLayoutInfo Error ["The connection timed out"]
2023-08-30 02:02:40.136 [warning] RemoteTerminalBackend#getTerminalLayoutInfo Error ["Cannot read properties of undefined (reading 'cwd')"]
2023-08-30 02:02:41.282 [info] Latency measurements for ssh-remote+fcs backend
window<->ptyhostservice<->ptyhost: 185.30ms
ptyhostservice<->ptyhost: 4.36ms []
2023-08-30 02:02:41.288 [info] Latency measurements for ssh-remote+fcs backend
window<->ptyhostservice<->ptyhost: 188.70ms
ptyhostservice<->ptyhost: 0.64ms []
2023-08-30 02:02:41.289 [info] Latency measurements for ssh-remote+fcs backend
window<->ptyhostservice<->ptyhost: 189.70ms
ptyhostservice<->ptyhost: 0.51ms []
2023-08-30 02:02:41.290 [info] Latency measurements for ssh-remote+fcs backend
window<->ptyhostservice<->ptyhost: 173.60ms
ptyhostservice<->ptyhost: 1.54ms []
