2023-08-30 00:26:57.809 [info] Reading sessions from keychain...
2023-08-30 00:26:57.809 [info] Getting sessions for all scopes...
2023-08-30 00:26:57.815 [info] Got stored sessions!
2023-08-30 00:26:57.815 [info] Got 2 verified sessions.
2023-08-30 00:26:57.815 [info] Got 2 sessions for ...
2023-08-30 00:26:58.492 [info] Getting sessions for user:email...
2023-08-30 00:26:58.493 [info] Got 1 sessions for user:email...
2023-08-30 00:26:58.541 [info] Getting sessions for all scopes...
2023-08-30 00:26:58.541 [info] Got 2 sessions for ...
2023-08-30 00:26:58.571 [info] Getting sessions for all scopes...
2023-08-30 00:26:58.571 [info] Got 2 sessions for ...
2023-08-30 00:26:59.229 [info] Getting sessions for read:user,repo,user:email,workflow...
2023-08-30 00:26:59.229 [info] Got 1 sessions for read:user,repo,user:email,workflow...
2023-08-30 00:26:59.851 [info] Getting sessions for read:user,repo,user:email,workflow...
2023-08-30 00:26:59.852 [info] Got 1 sessions for read:user,repo,user:email,workflow...
2023-08-30 02:01:38.783 [info] Reading sessions from keychain...
2023-08-30 02:01:38.783 [info] Getting sessions for all scopes...
2023-08-30 02:01:38.783 [info] Getting sessions for user:email...
2023-08-30 02:01:38.785 [info] Got stored sessions!
2023-08-30 02:01:38.785 [info] Got 2 verified sessions.
2023-08-30 02:01:38.785 [info] Got 2 sessions for ...
2023-08-30 02:01:38.785 [info] Got 1 sessions for user:email...
2023-08-30 02:02:40.726 [info] Reading sessions from keychain...
2023-08-30 02:02:40.726 [info] Getting sessions for all scopes...
2023-08-30 02:02:40.730 [info] Got stored sessions!
2023-08-30 02:02:40.730 [info] Got 2 verified sessions.
2023-08-30 02:02:40.730 [info] Got 2 sessions for ...
2023-08-30 02:02:40.735 [info] Getting sessions for all scopes...
2023-08-30 02:02:40.735 [info] Got 2 sessions for ...
2023-08-30 02:02:41.078 [info] Getting sessions for user:email...
2023-08-30 02:02:41.078 [info] Got 1 sessions for user:email...
2023-08-30 02:02:41.117 [info] Getting sessions for all scopes...
2023-08-30 02:02:41.117 [info] Got 2 sessions for ...
2023-08-30 02:02:41.846 [info] Getting sessions for read:user,repo,user:email,workflow...
2023-08-30 02:02:41.847 [info] Got 1 sessions for read:user,repo,user:email,workflow...
2023-08-30 02:02:42.497 [info] Getting sessions for read:user,repo,user:email,workflow...
2023-08-30 02:02:42.498 [info] Got 1 sessions for read:user,repo,user:email,workflow...
