2023-08-29 13:03:15.846 [info] Reading sessions from keychain...
2023-08-29 13:03:15.846 [info] Getting sessions for all scopes...
2023-08-29 13:03:15.846 [info] Got stored sessions!
2023-08-29 13:03:15.846 [info] Got 1 verified sessions.
2023-08-29 13:03:15.846 [info] Got 1 sessions for ...
2023-08-29 13:03:15.849 [info] Getting sessions for user:email...
2023-08-29 13:03:15.850 [info] Got 1 sessions for user:email...
2023-08-29 13:03:15.867 [info] Getting sessions for all scopes...
2023-08-29 13:03:15.868 [info] Got 1 sessions for ...
2023-08-29 13:03:15.882 [info] Getting sessions for all scopes...
2023-08-29 13:03:15.882 [info] Got 1 sessions for ...
2023-08-29 13:04:42.052 [info] Reading sessions from keychain...
2023-08-29 13:04:42.052 [info] Getting sessions for all scopes...
2023-08-29 13:04:42.052 [info] Got stored sessions!
2023-08-29 13:04:42.052 [info] Got 1 verified sessions.
2023-08-29 13:04:42.052 [info] Got 1 sessions for ...
2023-08-29 13:04:42.052 [info] Getting sessions for user:email...
2023-08-29 13:04:42.052 [info] Got 1 sessions for user:email...
2023-08-29 13:04:42.067 [info] Getting sessions for all scopes...
2023-08-29 13:04:42.067 [info] Got 1 sessions for ...
2023-08-29 13:04:42.075 [info] Getting sessions for all scopes...
2023-08-29 13:04:42.075 [info] Got 1 sessions for ...
2023-08-29 13:04:48.418 [info] Reading sessions from keychain...
2023-08-29 13:04:48.418 [info] Getting sessions for all scopes...
2023-08-29 13:04:48.419 [info] Got stored sessions!
2023-08-29 13:04:48.419 [info] Got 1 verified sessions.
2023-08-29 13:04:48.419 [info] Got 1 sessions for ...
2023-08-29 13:04:48.437 [info] Getting sessions for all scopes...
2023-08-29 13:04:48.437 [info] Got 1 sessions for ...
2023-08-29 13:04:48.747 [info] Getting sessions for user:email...
2023-08-29 13:04:48.747 [info] Got 1 sessions for user:email...
2023-08-29 13:04:48.775 [info] Getting sessions for all scopes...
2023-08-29 13:04:48.775 [info] Got 1 sessions for ...
2023-08-29 13:19:33.775 [info] Reading sessions from keychain...
2023-08-29 13:19:33.775 [info] Getting sessions for all scopes...
2023-08-29 13:19:33.775 [info] Getting sessions for user:email...
2023-08-29 13:19:33.775 [info] Got stored sessions!
2023-08-29 13:19:33.775 [info] Got 1 verified sessions.
2023-08-29 13:19:33.775 [info] Got 1 sessions for ...
2023-08-29 13:19:33.775 [info] Got 1 sessions for user:email...
2023-08-29 13:19:33.776 [info] Getting sessions for all scopes...
2023-08-29 13:19:33.776 [info] Got 1 sessions for ...
2023-08-29 13:19:33.811 [info] Getting sessions for all scopes...
2023-08-29 13:19:33.811 [info] Got 1 sessions for ...
2023-08-29 13:47:44.238 [info] Reading sessions from keychain...
2023-08-29 13:47:44.238 [info] Getting sessions for all scopes...
2023-08-29 13:47:44.239 [info] Got stored sessions!
2023-08-29 13:47:44.239 [info] Got 1 verified sessions.
2023-08-29 13:47:44.239 [info] Got 1 sessions for ...
2023-08-29 13:47:44.646 [info] Getting sessions for user:email...
2023-08-29 13:47:44.646 [info] Got 1 sessions for user:email...
2023-08-29 13:47:53.830 [info] Getting sessions for all scopes...
2023-08-29 13:47:53.830 [info] Got 1 sessions for ...
