[19:45:51.814] Log Level: 2
[19:45:51.827] VS Code version: 1.81.1
[19:45:51.827] Remote-SSH version: remote-ssh@0.102.0
[19:45:51.827] linux x64
[19:45:51.858] SSH Resolver called for "ssh-remote+btp", attempt 1
[19:45:51.859] "remote.SSH.useLocalServer": true
[19:45:51.860] "remote.SSH.path": undefined
[19:45:51.860] "remote.SSH.configFile": undefined
[19:45:51.860] "remote.SSH.useFlock": true
[19:45:51.860] "remote.SSH.lockfilesInTmp": false
[19:45:51.860] "remote.SSH.localServerDownload": auto
[19:45:51.860] "remote.SSH.remoteServerListenOnSocket": false
[19:45:51.860] "remote.SSH.showLoginTerminal": false
[19:45:51.861] "remote.SSH.defaultExtensions": []
[19:45:51.861] "remote.SSH.loglevel": 2
[19:45:51.861] "remote.SSH.enableDynamicForwarding": true
[19:45:51.861] "remote.SSH.enableRemoteCommand": false
[19:45:51.861] "remote.SSH.serverPickPortsFromRange": {}
[19:45:51.864] "remote.SSH.serverInstallPath": {}
[19:45:51.870] SSH Resolver called for host: btp
[19:45:51.870] Setting up SSH remote "btp"
[19:45:51.874] Acquiring local install lock: /tmp/vscode-remote-ssh-62d7b149-install.lock
[19:45:51.877] Looking for existing server data file at /home/panda/.config/Code/User/globalStorage/ms-vscode-remote.remote-ssh/vscode-ssh-host-62d7b149-6c3e3dba23e8fadc360aed75ce363ba185c49794-0.102.0/data.json
[19:45:51.878] Using commit id "6c3e3dba23e8fadc360aed75ce363ba185c49794" and quality "stable" for server
[19:45:51.884] Install and start server if needed
[19:45:51.888] PATH: /sbin:/bin:/usr/local/sbin:/usr/local/bin:/usr/bin:/usr/sbin:/usr/bin/site_perl:/usr/bin/vendor_perl:/usr/bin/core_perl:/usr/lib/rustup/bin
[19:45:51.888] Checking ssh with "ssh -V"
[19:45:51.898] > OpenSSH_9.4p1, OpenSSL 3.1.2 1 Aug 2023

[19:45:51.902] askpass server listening on /run/user/1000/vscode-ssh-askpass-182d1965636b38a1062c12ea626ed5ec4f745ea5.sock
[19:45:51.903] Spawning local server with {"serverId":1,"ipcHandlePath":"/run/user/1000/vscode-ssh-askpass-bec6017789ab78215abf1e8fbfca9bb6f6c06d7b.sock","sshCommand":"ssh","sshArgs":["-v","-T","-D","38663","-o","ConnectTimeout=15","btp"],"serverDataFolderName":".vscode-server","dataFilePath":"/home/panda/.config/Code/User/globalStorage/ms-vscode-remote.remote-ssh/vscode-ssh-host-62d7b149-6c3e3dba23e8fadc360aed75ce363ba185c49794-0.102.0/data.json"}
[19:45:51.903] Local server env: {"SHELL":"/bin/zsh","DISPLAY":":0","ELECTRON_RUN_AS_NODE":"1","SSH_ASKPASS":"/home/panda/.vscode/extensions/ms-vscode-remote.remote-ssh-0.102.0/out/local-server/askpass.sh","VSCODE_SSH_ASKPASS_NODE":"/opt/visual-studio-code/code","VSCODE_SSH_ASKPASS_EXTRA_ARGS":"--ms-enable-electron-run-as-node","VSCODE_SSH_ASKPASS_MAIN":"/home/panda/.vscode/extensions/ms-vscode-remote.remote-ssh-0.102.0/out/askpass-main.js","VSCODE_SSH_ASKPASS_HANDLE":"/run/user/1000/vscode-ssh-askpass-182d1965636b38a1062c12ea626ed5ec4f745ea5.sock"}
[19:45:51.907] Spawned 3427
[19:45:52.116] > local-server-1> Running ssh connection command: "-v -T -D 38663 -o ConnectTimeout=15 btp"
[19:45:52.132] > local-server-1> Spawned ssh, pid=3442
[19:45:52.149] stderr> OpenSSH_9.4p1, OpenSSL 3.1.2 1 Aug 2023
[19:46:07.161] stderr> ssh: connect to host 192.168.16.203 port 22: Connection timed out
[19:46:07.161] > local-server-1> ssh child died, shutting down
[19:46:07.164] Local server exit: 0
[19:46:07.164] Received install output: local-server-1> Running ssh connection command: "-v -T -D 38663 -o ConnectTimeout=15 btp"
local-server-1> Spawned ssh, pid=3442
OpenSSH_9.4p1, OpenSSL 3.1.2 1 Aug 2023
ssh: connect to host 192.168.16.203 port 22: Connection timed out
local-server-1> ssh child died, shutting down

[19:46:07.167] Resolver error: Error: The connection timed out
	at m.Offline (/home/panda/.vscode/extensions/ms-vscode-remote.remote-ssh-0.102.0/out/extension.js:1:584196)
	at /home/panda/.vscode/extensions/ms-vscode-remote.remote-ssh-0.102.0/out/extension.js:1:581580
	at t.handleInstallOutput (/home/panda/.vscode/extensions/ms-vscode-remote.remote-ssh-0.102.0/out/extension.js:1:581794)
	at Object.e [as tryInstallWithLocalServer] (/home/panda/.vscode/extensions/ms-vscode-remote.remote-ssh-0.102.0/out/extension.js:1:623656)
	at process.processTicksAndRejections (node:internal/process/task_queues:96:5)
	at async /home/panda/.vscode/extensions/ms-vscode-remote.remote-ssh-0.102.0/out/extension.js:1:643708
	at async t.withShowDetailsEvent (/home/panda/.vscode/extensions/ms-vscode-remote.remote-ssh-0.102.0/out/extension.js:1:647428)
	at async /home/panda/.vscode/extensions/ms-vscode-remote.remote-ssh-0.102.0/out/extension.js:1:622128
	at async C (/home/panda/.vscode/extensions/ms-vscode-remote.remote-ssh-0.102.0/out/extension.js:1:618634)
	at async t.resolveWithLocalServer (/home/panda/.vscode/extensions/ms-vscode-remote.remote-ssh-0.102.0/out/extension.js:1:621743)
	at async t.resolve (/home/panda/.vscode/extensions/ms-vscode-remote.remote-ssh-0.102.0/out/extension.js:1:645036)
	at async /home/panda/.vscode/extensions/ms-vscode-remote.remote-ssh-0.102.0/out/extension.js:1:720916
[19:46:07.174] ------




