2023-08-29 12:41:20.852 [info] Added views:workbench.panel.markers.view in workbench.panel.markers
2023-08-29 12:41:20.852 [info] Added views:workbench.panel.output in workbench.panel.output
2023-08-29 12:41:20.852 [info] Added views:terminal in terminal
2023-08-29 12:41:20.852 [info] Added views:outline in workbench.view.explorer
2023-08-29 12:41:20.852 [info] Added views:workbench.scm in workbench.view.scm
2023-08-29 12:41:20.852 [info] Added views:workbench.view.search in workbench.view.search
2023-08-29 12:41:20.852 [info] Added views:timeline in workbench.view.explorer
2023-08-29 12:41:20.852 [info] Added views:workbench.explorer.fileView in workbench.view.explorer
2023-08-29 12:41:21.259 [info] Added views:cph.judgeView in workbench.view.extension.cph-judge-view-container
2023-08-29 12:41:21.260 [info] Added views:dockerContainers,dockerImages,dockerRegistries,dockerNetworks,dockerVolumes,vscode-docker.views.dockerContexts,vscode-docker.views.help in workbench.view.extension.dockerView
2023-08-29 12:41:21.261 [info] Added views:remoteTargets in workbench.view.remote
2023-08-29 12:41:21.495 [info] Added views:workbench.debug.welcome in workbench.view.debug
2023-08-29 12:41:21.544 [info] Added views:workbench.panel.repl.view in workbench.panel.repl
2023-08-29 13:01:25.289 [info] Added views:workbench.panel.markers.view in workbench.panel.markers
2023-08-29 13:01:25.289 [info] Added views:workbench.panel.output in workbench.panel.output
2023-08-29 13:01:25.289 [info] Added views:terminal in terminal
2023-08-29 13:01:25.289 [info] Added views:outline in workbench.view.explorer
2023-08-29 13:01:25.289 [info] Added views:workbench.scm in workbench.view.scm
2023-08-29 13:01:25.289 [info] Added views:workbench.view.search in workbench.view.search
2023-08-29 13:01:25.289 [info] Added views:timeline in workbench.view.explorer
2023-08-29 13:01:25.289 [info] Added views:workbench.explorer.fileView in workbench.view.explorer
2023-08-29 13:01:25.508 [info] Added views:workbench.debug.welcome in workbench.view.debug
2023-08-29 13:01:25.742 [info] Added views:~remote.forwardedPorts in ~remote.forwardedPortsContainer
