2023-08-29 17:19:49.381 [info] Extension host with pid 34320 started
2023-08-29 17:19:49.381 [info] Skipping acquiring lock for /home/panda/.config/Code/User/workspaceStorage/5e6b1249d09464ac53c053ba51457af2.
2023-08-29 17:19:49.407 [info] $getCanonicalURI invoked for authority (ssh-remote)
2023-08-29 17:19:49.412 [info] ExtensionService#_doActivateExtension ms-vscode-remote.remote-ssh, startup: false, activationEvent: 'onResolveRemoteAuthority:ssh-remote'
2023-08-29 17:19:49.452 [info] [resolveAuthority(ssh-remote,1)][1ms] activating remote resolvers ssh-remote+fcs
2023-08-29 17:19:49.452 [info] [resolveAuthority(ssh-remote,1)][1ms] activating resolver for ssh-remote+fcs...
2023-08-29 17:19:49.453 [info] [resolveAuthority(ssh-remote,1)][2ms] invoking final resolve()...
2023-08-29 17:19:50.453 [info] [resolveAuthority(ssh-remote,1)][1002ms] waiting...
2023-08-29 17:19:51.387 [info] [resolveAuthority(ssh-remote,1)][1936ms] setting tunnel factory...
2023-08-29 17:19:51.388 [info] [resolveAuthority(ssh-remote,1)][1937ms] returned 127.0.0.1:35793
2023-08-29 17:19:52.112 [info] Eager extensions activated
2023-08-29 17:19:52.149 [info] ExtensionService#_doActivateExtension dsznajder.es7-react-js-snippets, startup: false, activationEvent: 'onStartupFinished'
2023-08-29 17:19:52.401 [info] ExtensionService#_doActivateExtension equinusocio.vsc-material-theme-icons, startup: false, activationEvent: 'onStartupFinished'
2023-08-29 17:19:52.423 [info] ExtensionService#_doActivateExtension ms-vscode.remote-explorer, startup: false, activationEvent: 'onCommand:remote-internal.setActiveFolders'
2023-08-29 17:19:52.523 [info] ExtensionService#_doActivateExtension vscode.github-authentication, startup: false, activationEvent: 'onAuthenticationRequest:github'
2023-08-29 17:19:52.781 [info] ExtensionService#_doActivateExtension vscode.microsoft-authentication, startup: false, activationEvent: 'onAuthenticationRequest:microsoft'
2023-08-29 17:28:37.712 [info] [resolveAuthority(ssh-remote,2)][0ms] activating remote resolvers ssh-remote+fcs
2023-08-29 17:28:37.712 [info] [resolveAuthority(ssh-remote,2)][0ms] activating resolver for ssh-remote+fcs...
2023-08-29 17:28:37.712 [info] [resolveAuthority(ssh-remote,2)][0ms] invoking final resolve()...
2023-08-29 17:28:37.889 [error] [resolveAuthority(ssh-remote,2)][173ms] returned an error An unknown error occurred. Please consult the log for more details.
2023-08-29 17:28:40.063 [info] Extension host terminating: renderer closed the MessagePort
2023-08-29 17:28:40.067 [error] Canceled: Canceled
	at new h (/opt/visual-studio-code/resources/app/out/vs/workbench/api/node/extensionHostProcess.js:102:56634)
	at t.O (/opt/visual-studio-code/resources/app/out/vs/workbench/api/node/extensionHostProcess.js:114:8020)
	at N.<computed>.T.charCodeAt.N.<computed> (/opt/visual-studio-code/resources/app/out/vs/workbench/api/node/extensionHostProcess.js:114:5459)
	at a.g (/opt/visual-studio-code/resources/app/out/vs/workbench/api/node/extensionHostProcess.js:102:77241)
	at a.executeCommand (/opt/visual-studio-code/resources/app/out/vs/workbench/api/node/extensionHostProcess.js:102:76679)
	at v.registerCommand.description (/opt/visual-studio-code/resources/app/out/vs/workbench/api/node/extensionHostProcess.js:102:76000)
	at a.h (/opt/visual-studio-code/resources/app/out/vs/workbench/api/node/extensionHostProcess.js:102:77777)
	at a.g (/opt/visual-studio-code/resources/app/out/vs/workbench/api/node/extensionHostProcess.js:102:76772)
	at a.executeCommand (/opt/visual-studio-code/resources/app/out/vs/workbench/api/node/extensionHostProcess.js:102:76679)
	at Object.executeCommand (/opt/visual-studio-code/resources/app/out/vs/workbench/api/node/extensionHostProcess.js:120:20977)
	at t.shutdown (/home/panda/.vscode/extensions/ms-vscode-remote.remote-ssh-0.102.0/out/extension.js:1:646929)
	at e.deactivate (/home/panda/.vscode/extensions/ms-vscode-remote.remote-ssh-0.102.0/out/extension.js:1:723956)
	at r.Z (/opt/visual-studio-code/resources/app/out/vs/workbench/api/node/extensionHostProcess.js:116:9494)
	at /opt/visual-studio-code/resources/app/out/vs/workbench/api/node/extensionHostProcess.js:116:7582
	at Array.map (<anonymous>)
	at r.S (/opt/visual-studio-code/resources/app/out/vs/workbench/api/node/extensionHostProcess.js:116:7570)
	at r.terminate (/opt/visual-studio-code/resources/app/out/vs/workbench/api/node/extensionHostProcess.js:116:7842)
	at s.terminate (/opt/visual-studio-code/resources/app/out/vs/workbench/api/node/extensionHostProcess.js:120:1506)
	at C (/opt/visual-studio-code/resources/app/out/vs/workbench/api/node/extensionHostProcess.js:130:32254)
	at MessagePortMain.<anonymous> (/opt/visual-studio-code/resources/app/out/vs/workbench/api/node/extensionHostProcess.js:130:28679)
	at MessagePortMain.emit (node:events:513:28)
	at MessagePortMain._internalPort.emit (node:electron/js2c/utility_init:2:367) setContext undefined
2023-08-29 17:28:40.067 [info] Extension host with pid 34320 exiting with code 0
2023-08-29 17:28:41.093 [info] Extension host with pid 35647 started
2023-08-29 17:28:41.093 [info] Skipping acquiring lock for /home/panda/.config/Code/User/workspaceStorage/5e6b1249d09464ac53c053ba51457af2.
2023-08-29 17:28:41.101 [info] $getCanonicalURI invoked for authority (ssh-remote)
2023-08-29 17:28:41.117 [info] ExtensionService#_doActivateExtension ms-vscode-remote.remote-ssh, startup: false, activationEvent: 'onResolveRemoteAuthority:ssh-remote'
2023-08-29 17:28:41.183 [info] [resolveAuthority(ssh-remote,1)][0ms] activating remote resolvers ssh-remote+fcs
2023-08-29 17:28:41.183 [info] [resolveAuthority(ssh-remote,1)][0ms] activating resolver for ssh-remote+fcs...
2023-08-29 17:28:41.184 [info] [resolveAuthority(ssh-remote,1)][1ms] invoking final resolve()...
2023-08-29 17:28:42.184 [info] [resolveAuthority(ssh-remote,1)][1001ms] waiting...
2023-08-29 17:28:43.185 [info] [resolveAuthority(ssh-remote,1)][2002ms] waiting...
2023-08-29 17:28:44.185 [info] [resolveAuthority(ssh-remote,1)][3002ms] waiting...
2023-08-29 17:28:45.187 [info] [resolveAuthority(ssh-remote,1)][4004ms] waiting...
2023-08-29 17:28:46.187 [info] [resolveAuthority(ssh-remote,1)][5004ms] waiting...
2023-08-29 17:28:47.188 [info] [resolveAuthority(ssh-remote,1)][6004ms] waiting...
2023-08-29 17:28:48.188 [info] [resolveAuthority(ssh-remote,1)][7005ms] waiting...
2023-08-29 17:28:49.189 [info] [resolveAuthority(ssh-remote,1)][8005ms] waiting...
2023-08-29 17:28:50.188 [info] [resolveAuthority(ssh-remote,1)][9005ms] waiting...
2023-08-29 17:28:51.189 [info] [resolveAuthority(ssh-remote,1)][10006ms] waiting...
2023-08-29 17:28:52.191 [info] [resolveAuthority(ssh-remote,1)][11008ms] waiting...
2023-08-29 17:28:53.192 [info] [resolveAuthority(ssh-remote,1)][12008ms] waiting...
2023-08-29 17:28:54.193 [info] [resolveAuthority(ssh-remote,1)][13010ms] waiting...
2023-08-29 17:28:55.195 [info] [resolveAuthority(ssh-remote,1)][14012ms] waiting...
2023-08-29 17:28:56.196 [info] [resolveAuthority(ssh-remote,1)][15013ms] waiting...
2023-08-29 17:28:56.453 [error] [resolveAuthority(ssh-remote,1)][15264ms] returned an error The connection timed out
2023-08-29 17:28:56.582 [info] Eager extensions activated
2023-08-29 17:28:56.694 [info] ExtensionService#_doActivateExtension dsznajder.es7-react-js-snippets, startup: false, activationEvent: 'onStartupFinished'
2023-08-29 17:28:56.949 [info] ExtensionService#_doActivateExtension equinusocio.vsc-material-theme-icons, startup: false, activationEvent: 'onStartupFinished'
2023-08-29 17:28:56.990 [info] ExtensionService#_doActivateExtension ms-vscode.remote-explorer, startup: false, activationEvent: 'onCommand:remote-internal.setActiveFolders'
2023-08-29 17:28:57.002 [info] ExtensionService#_doActivateExtension vscode.github-authentication, startup: false, activationEvent: 'onAuthenticationRequest:github'
2023-08-29 17:28:57.034 [info] ExtensionService#_doActivateExtension vscode.microsoft-authentication, startup: false, activationEvent: 'onAuthenticationRequest:microsoft'
2023-08-29 17:29:29.253 [info] Extension host terminating: renderer closed the MessagePort
2023-08-29 17:29:29.258 [error] Canceled: Canceled
	at new h (/opt/visual-studio-code/resources/app/out/vs/workbench/api/node/extensionHostProcess.js:102:56634)
	at t.O (/opt/visual-studio-code/resources/app/out/vs/workbench/api/node/extensionHostProcess.js:114:8020)
	at N.<computed>.T.charCodeAt.N.<computed> (/opt/visual-studio-code/resources/app/out/vs/workbench/api/node/extensionHostProcess.js:114:5459)
	at a.g (/opt/visual-studio-code/resources/app/out/vs/workbench/api/node/extensionHostProcess.js:102:77241)
	at a.executeCommand (/opt/visual-studio-code/resources/app/out/vs/workbench/api/node/extensionHostProcess.js:102:76679)
	at v.registerCommand.description (/opt/visual-studio-code/resources/app/out/vs/workbench/api/node/extensionHostProcess.js:102:76000)
	at a.h (/opt/visual-studio-code/resources/app/out/vs/workbench/api/node/extensionHostProcess.js:102:77777)
	at a.g (/opt/visual-studio-code/resources/app/out/vs/workbench/api/node/extensionHostProcess.js:102:76772)
	at a.executeCommand (/opt/visual-studio-code/resources/app/out/vs/workbench/api/node/extensionHostProcess.js:102:76679)
	at Object.executeCommand (/opt/visual-studio-code/resources/app/out/vs/workbench/api/node/extensionHostProcess.js:120:20977)
	at t.shutdown (/home/panda/.vscode/extensions/ms-vscode-remote.remote-ssh-0.102.0/out/extension.js:1:646929)
	at e.deactivate (/home/panda/.vscode/extensions/ms-vscode-remote.remote-ssh-0.102.0/out/extension.js:1:723956)
	at r.Z (/opt/visual-studio-code/resources/app/out/vs/workbench/api/node/extensionHostProcess.js:116:9494)
	at /opt/visual-studio-code/resources/app/out/vs/workbench/api/node/extensionHostProcess.js:116:7582
	at Array.map (<anonymous>)
	at r.S (/opt/visual-studio-code/resources/app/out/vs/workbench/api/node/extensionHostProcess.js:116:7570)
	at r.terminate (/opt/visual-studio-code/resources/app/out/vs/workbench/api/node/extensionHostProcess.js:116:7842)
	at s.terminate (/opt/visual-studio-code/resources/app/out/vs/workbench/api/node/extensionHostProcess.js:120:1506)
	at C (/opt/visual-studio-code/resources/app/out/vs/workbench/api/node/extensionHostProcess.js:130:32254)
	at MessagePortMain.<anonymous> (/opt/visual-studio-code/resources/app/out/vs/workbench/api/node/extensionHostProcess.js:130:28679)
	at MessagePortMain.emit (node:events:513:28)
	at MessagePortMain._internalPort.emit (node:electron/js2c/utility_init:2:367) setContext undefined
2023-08-29 17:29:29.258 [info] Extension host with pid 35647 exiting with code 0
2023-08-29 17:29:30.247 [info] Extension host with pid 35760 started
2023-08-29 17:29:30.247 [info] Skipping acquiring lock for /home/panda/.config/Code/User/workspaceStorage/5e6b1249d09464ac53c053ba51457af2.
2023-08-29 17:29:30.273 [info] $getCanonicalURI invoked for authority (ssh-remote)
2023-08-29 17:29:30.299 [info] ExtensionService#_doActivateExtension ms-vscode-remote.remote-ssh, startup: false, activationEvent: 'onResolveRemoteAuthority:ssh-remote'
2023-08-29 17:29:30.359 [info] [resolveAuthority(ssh-remote,1)][0ms] activating remote resolvers ssh-remote+fcs
2023-08-29 17:29:30.359 [info] [resolveAuthority(ssh-remote,1)][0ms] activating resolver for ssh-remote+fcs...
2023-08-29 17:29:30.359 [info] [resolveAuthority(ssh-remote,1)][0ms] invoking final resolve()...
2023-08-29 17:29:31.359 [info] [resolveAuthority(ssh-remote,1)][1000ms] waiting...
2023-08-29 17:29:32.360 [info] [resolveAuthority(ssh-remote,1)][2001ms] waiting...
2023-08-29 17:29:32.512 [info] [resolveAuthority(ssh-remote,1)][2153ms] setting tunnel factory...
2023-08-29 17:29:32.512 [info] [resolveAuthority(ssh-remote,1)][2153ms] returned 127.0.0.1:34467
2023-08-29 17:29:33.364 [info] Eager extensions activated
2023-08-29 17:29:33.426 [info] ExtensionService#_doActivateExtension dsznajder.es7-react-js-snippets, startup: false, activationEvent: 'onStartupFinished'
2023-08-29 17:29:33.665 [info] ExtensionService#_doActivateExtension equinusocio.vsc-material-theme-icons, startup: false, activationEvent: 'onStartupFinished'
2023-08-29 17:29:33.689 [info] ExtensionService#_doActivateExtension ms-vscode.remote-explorer, startup: false, activationEvent: 'onCommand:remote-internal.setActiveFolders'
2023-08-29 17:29:33.704 [info] ExtensionService#_doActivateExtension vscode.github-authentication, startup: false, activationEvent: 'onAuthenticationRequest:github'
2023-08-29 17:29:34.079 [info] ExtensionService#_doActivateExtension vscode.microsoft-authentication, startup: false, activationEvent: 'onAuthenticationRequest:microsoft'
2023-08-29 17:50:49.234 [info] ExtensionService#_doActivateExtension vscode.simple-browser, startup: false, activationEvent: 'onOpenExternalUri:https'
2023-08-29 22:39:53.014 [info] [resolveAuthority(ssh-remote,2)][0ms] activating remote resolvers ssh-remote+fcs
2023-08-29 22:39:53.015 [info] [resolveAuthority(ssh-remote,2)][1ms] activating resolver for ssh-remote+fcs...
2023-08-29 22:39:53.016 [info] [resolveAuthority(ssh-remote,2)][2ms] invoking final resolve()...
2023-08-29 22:39:53.167 [error] [resolveAuthority(ssh-remote,2)][149ms] returned an error Network is unreachable
2023-08-29 22:39:55.978 [info] Extension host terminating: renderer closed the MessagePort
2023-08-29 22:39:55.983 [error] Canceled: Canceled
	at new h (/opt/visual-studio-code/resources/app/out/vs/workbench/api/node/extensionHostProcess.js:102:56634)
	at t.O (/opt/visual-studio-code/resources/app/out/vs/workbench/api/node/extensionHostProcess.js:114:8020)
	at N.<computed>.T.charCodeAt.N.<computed> (/opt/visual-studio-code/resources/app/out/vs/workbench/api/node/extensionHostProcess.js:114:5459)
	at a.g (/opt/visual-studio-code/resources/app/out/vs/workbench/api/node/extensionHostProcess.js:102:77241)
	at a.executeCommand (/opt/visual-studio-code/resources/app/out/vs/workbench/api/node/extensionHostProcess.js:102:76679)
	at v.registerCommand.description (/opt/visual-studio-code/resources/app/out/vs/workbench/api/node/extensionHostProcess.js:102:76000)
	at a.h (/opt/visual-studio-code/resources/app/out/vs/workbench/api/node/extensionHostProcess.js:102:77777)
	at a.g (/opt/visual-studio-code/resources/app/out/vs/workbench/api/node/extensionHostProcess.js:102:76772)
	at a.executeCommand (/opt/visual-studio-code/resources/app/out/vs/workbench/api/node/extensionHostProcess.js:102:76679)
	at Object.executeCommand (/opt/visual-studio-code/resources/app/out/vs/workbench/api/node/extensionHostProcess.js:120:20977)
	at t.shutdown (/home/panda/.vscode/extensions/ms-vscode-remote.remote-ssh-0.102.0/out/extension.js:1:646929)
	at e.deactivate (/home/panda/.vscode/extensions/ms-vscode-remote.remote-ssh-0.102.0/out/extension.js:1:723956)
	at r.Z (/opt/visual-studio-code/resources/app/out/vs/workbench/api/node/extensionHostProcess.js:116:9494)
	at /opt/visual-studio-code/resources/app/out/vs/workbench/api/node/extensionHostProcess.js:116:7582
	at Array.map (<anonymous>)
	at r.S (/opt/visual-studio-code/resources/app/out/vs/workbench/api/node/extensionHostProcess.js:116:7570)
	at r.terminate (/opt/visual-studio-code/resources/app/out/vs/workbench/api/node/extensionHostProcess.js:116:7842)
	at s.terminate (/opt/visual-studio-code/resources/app/out/vs/workbench/api/node/extensionHostProcess.js:120:1506)
	at C (/opt/visual-studio-code/resources/app/out/vs/workbench/api/node/extensionHostProcess.js:130:32254)
	at MessagePortMain.<anonymous> (/opt/visual-studio-code/resources/app/out/vs/workbench/api/node/extensionHostProcess.js:130:28679)
	at MessagePortMain.emit (node:events:513:28)
	at MessagePortMain._internalPort.emit (node:electron/js2c/utility_init:2:367) setContext undefined
2023-08-29 22:39:55.983 [info] Extension host with pid 35760 exiting with code 0
