2023-08-31 19:43:37.597 [info] Extension host with pid 3078 started
2023-08-31 19:43:37.597 [info] Skipping acquiring lock for /home/panda/.config/Code/User/workspaceStorage/76b00d16e5642a66e0c94d335e639da4.
2023-08-31 19:43:37.606 [info] $getCanonicalURI invoked for authority (ssh-remote)
2023-08-31 19:43:37.615 [info] ExtensionService#_doActivateExtension ms-vscode-remote.remote-ssh, startup: false, activationEvent: 'onResolveRemoteAuthority:ssh-remote'
2023-08-31 19:43:37.655 [info] [resolveAuthority(ssh-remote,1)][0ms] activating remote resolvers ssh-remote+btp
2023-08-31 19:43:37.655 [info] [resolveAuthority(ssh-remote,1)][0ms] activating resolver for ssh-remote+btp...
2023-08-31 19:43:37.656 [info] [resolveAuthority(ssh-remote,1)][1ms] invoking final resolve()...
2023-08-31 19:43:38.657 [info] [resolveAuthority(ssh-remote,1)][1002ms] waiting...
2023-08-31 19:43:39.657 [info] [resolveAuthority(ssh-remote,1)][2002ms] waiting...
2023-08-31 19:43:40.658 [info] [resolveAuthority(ssh-remote,1)][3003ms] waiting...
2023-08-31 19:43:41.659 [info] [resolveAuthority(ssh-remote,1)][4004ms] waiting...
2023-08-31 19:43:42.660 [info] [resolveAuthority(ssh-remote,1)][5005ms] waiting...
2023-08-31 19:43:43.661 [info] [resolveAuthority(ssh-remote,1)][6006ms] waiting...
2023-08-31 19:43:44.662 [info] [resolveAuthority(ssh-remote,1)][7007ms] waiting...
2023-08-31 19:43:45.663 [info] [resolveAuthority(ssh-remote,1)][8008ms] waiting...
2023-08-31 19:43:46.664 [info] [resolveAuthority(ssh-remote,1)][9009ms] waiting...
2023-08-31 19:43:47.665 [info] [resolveAuthority(ssh-remote,1)][10010ms] waiting...
2023-08-31 19:43:48.666 [info] [resolveAuthority(ssh-remote,1)][11011ms] waiting...
2023-08-31 19:43:49.666 [info] [resolveAuthority(ssh-remote,1)][12011ms] waiting...
2023-08-31 19:43:50.667 [info] [resolveAuthority(ssh-remote,1)][13012ms] waiting...
2023-08-31 19:43:51.668 [info] [resolveAuthority(ssh-remote,1)][14013ms] waiting...
2023-08-31 19:43:52.669 [info] [resolveAuthority(ssh-remote,1)][15014ms] waiting...
2023-08-31 19:43:53.670 [info] [resolveAuthority(ssh-remote,1)][16015ms] waiting...
2023-08-31 19:43:54.673 [info] [resolveAuthority(ssh-remote,1)][17018ms] waiting...
2023-08-31 19:43:55.674 [info] [resolveAuthority(ssh-remote,1)][18019ms] waiting...
2023-08-31 19:43:56.675 [info] [resolveAuthority(ssh-remote,1)][19020ms] waiting...
2023-08-31 19:43:57.676 [info] [resolveAuthority(ssh-remote,1)][20020ms] waiting...
2023-08-31 19:43:58.676 [info] [resolveAuthority(ssh-remote,1)][21021ms] waiting...
2023-08-31 19:43:59.677 [info] [resolveAuthority(ssh-remote,1)][22022ms] waiting...
2023-08-31 19:44:00.678 [info] [resolveAuthority(ssh-remote,1)][23023ms] waiting...
2023-08-31 19:44:01.679 [info] [resolveAuthority(ssh-remote,1)][24024ms] waiting...
2023-08-31 19:44:02.681 [info] [resolveAuthority(ssh-remote,1)][25026ms] waiting...
2023-08-31 19:44:03.683 [info] [resolveAuthority(ssh-remote,1)][26028ms] waiting...
2023-08-31 19:44:04.683 [info] [resolveAuthority(ssh-remote,1)][27028ms] waiting...
2023-08-31 19:44:05.683 [info] [resolveAuthority(ssh-remote,1)][28028ms] waiting...
2023-08-31 19:44:06.684 [info] [resolveAuthority(ssh-remote,1)][29029ms] waiting...
2023-08-31 19:44:07.684 [info] [resolveAuthority(ssh-remote,1)][30029ms] waiting...
2023-08-31 19:44:08.685 [info] [resolveAuthority(ssh-remote,1)][31030ms] waiting...
2023-08-31 19:44:09.685 [info] [resolveAuthority(ssh-remote,1)][32030ms] waiting...
2023-08-31 19:44:10.685 [info] [resolveAuthority(ssh-remote,1)][33030ms] waiting...
2023-08-31 19:44:11.685 [info] [resolveAuthority(ssh-remote,1)][34030ms] waiting...
2023-08-31 19:44:12.686 [info] [resolveAuthority(ssh-remote,1)][35031ms] waiting...
2023-08-31 19:44:13.687 [info] [resolveAuthority(ssh-remote,1)][36032ms] waiting...
2023-08-31 19:44:14.687 [info] [resolveAuthority(ssh-remote,1)][37032ms] waiting...
2023-08-31 19:44:15.688 [info] [resolveAuthority(ssh-remote,1)][38033ms] waiting...
2023-08-31 19:44:16.689 [info] [resolveAuthority(ssh-remote,1)][39034ms] waiting...
2023-08-31 19:44:17.690 [info] [resolveAuthority(ssh-remote,1)][40035ms] waiting...
2023-08-31 19:44:18.690 [info] [resolveAuthority(ssh-remote,1)][41035ms] waiting...
2023-08-31 19:44:19.691 [info] [resolveAuthority(ssh-remote,1)][42036ms] waiting...
2023-08-31 19:44:20.691 [info] [resolveAuthority(ssh-remote,1)][43036ms] waiting...
2023-08-31 19:44:21.691 [info] [resolveAuthority(ssh-remote,1)][44036ms] waiting...
2023-08-31 19:44:22.692 [info] [resolveAuthority(ssh-remote,1)][45037ms] waiting...
2023-08-31 19:44:23.693 [info] [resolveAuthority(ssh-remote,1)][46038ms] waiting...
2023-08-31 19:44:24.694 [info] [resolveAuthority(ssh-remote,1)][47039ms] waiting...
2023-08-31 19:44:25.695 [info] [resolveAuthority(ssh-remote,1)][48040ms] waiting...
2023-08-31 19:44:26.696 [info] [resolveAuthority(ssh-remote,1)][49041ms] waiting...
2023-08-31 19:44:27.696 [info] [resolveAuthority(ssh-remote,1)][50041ms] waiting...
2023-08-31 19:44:28.697 [info] [resolveAuthority(ssh-remote,1)][51042ms] waiting...
2023-08-31 19:44:29.698 [info] [resolveAuthority(ssh-remote,1)][52043ms] waiting...
2023-08-31 19:44:30.699 [info] [resolveAuthority(ssh-remote,1)][53044ms] waiting...
2023-08-31 19:44:31.700 [info] [resolveAuthority(ssh-remote,1)][54045ms] waiting...
2023-08-31 19:44:32.701 [info] [resolveAuthority(ssh-remote,1)][55046ms] waiting...
2023-08-31 19:44:33.701 [info] [resolveAuthority(ssh-remote,1)][56046ms] waiting...
2023-08-31 19:44:34.702 [info] [resolveAuthority(ssh-remote,1)][57046ms] waiting...
2023-08-31 19:44:35.702 [info] [resolveAuthority(ssh-remote,1)][58047ms] waiting...
2023-08-31 19:44:36.702 [info] [resolveAuthority(ssh-remote,1)][59047ms] waiting...
2023-08-31 19:44:37.702 [info] [resolveAuthority(ssh-remote,1)][60047ms] waiting...
2023-08-31 19:44:38.703 [info] [resolveAuthority(ssh-remote,1)][61048ms] waiting...
2023-08-31 19:44:39.704 [info] [resolveAuthority(ssh-remote,1)][62049ms] waiting...
2023-08-31 19:44:40.705 [info] [resolveAuthority(ssh-remote,1)][63050ms] waiting...
2023-08-31 19:44:41.706 [info] [resolveAuthority(ssh-remote,1)][64051ms] waiting...
2023-08-31 19:44:42.707 [info] [resolveAuthority(ssh-remote,1)][65052ms] waiting...
2023-08-31 19:44:43.708 [info] [resolveAuthority(ssh-remote,1)][66053ms] waiting...
2023-08-31 19:44:44.709 [info] [resolveAuthority(ssh-remote,1)][67054ms] waiting...
2023-08-31 19:44:45.710 [info] [resolveAuthority(ssh-remote,1)][68055ms] waiting...
2023-08-31 19:44:46.711 [info] [resolveAuthority(ssh-remote,1)][69055ms] waiting...
2023-08-31 19:44:47.711 [info] [resolveAuthority(ssh-remote,1)][70056ms] waiting...
2023-08-31 19:44:48.712 [info] [resolveAuthority(ssh-remote,1)][71057ms] waiting...
2023-08-31 19:44:49.713 [info] [resolveAuthority(ssh-remote,1)][72058ms] waiting...
2023-08-31 19:44:50.714 [info] [resolveAuthority(ssh-remote,1)][73059ms] waiting...
2023-08-31 19:44:51.714 [info] [resolveAuthority(ssh-remote,1)][74059ms] waiting...
2023-08-31 19:44:52.714 [info] [resolveAuthority(ssh-remote,1)][75059ms] waiting...
2023-08-31 19:44:53.715 [info] [resolveAuthority(ssh-remote,1)][76060ms] waiting...
2023-08-31 19:44:54.716 [info] [resolveAuthority(ssh-remote,1)][77061ms] waiting...
2023-08-31 19:44:55.717 [info] [resolveAuthority(ssh-remote,1)][78062ms] waiting...
2023-08-31 19:44:56.717 [info] [resolveAuthority(ssh-remote,1)][79062ms] waiting...
2023-08-31 19:44:57.718 [info] [resolveAuthority(ssh-remote,1)][80063ms] waiting...
2023-08-31 19:44:58.719 [info] [resolveAuthority(ssh-remote,1)][81064ms] waiting...
2023-08-31 19:44:59.720 [info] [resolveAuthority(ssh-remote,1)][82065ms] waiting...
2023-08-31 19:45:00.721 [info] [resolveAuthority(ssh-remote,1)][83066ms] waiting...
2023-08-31 19:45:01.722 [info] [resolveAuthority(ssh-remote,1)][84067ms] waiting...
2023-08-31 19:45:02.723 [info] [resolveAuthority(ssh-remote,1)][85068ms] waiting...
2023-08-31 19:45:03.724 [info] [resolveAuthority(ssh-remote,1)][86069ms] waiting...
2023-08-31 19:45:04.725 [info] [resolveAuthority(ssh-remote,1)][87070ms] waiting...
2023-08-31 19:45:05.726 [info] [resolveAuthority(ssh-remote,1)][88071ms] waiting...
2023-08-31 19:45:06.727 [info] [resolveAuthority(ssh-remote,1)][89072ms] waiting...
2023-08-31 19:45:07.727 [info] [resolveAuthority(ssh-remote,1)][90072ms] waiting...
2023-08-31 19:45:08.728 [info] [resolveAuthority(ssh-remote,1)][91073ms] waiting...
2023-08-31 19:45:09.729 [info] [resolveAuthority(ssh-remote,1)][92074ms] waiting...
2023-08-31 19:45:10.730 [info] [resolveAuthority(ssh-remote,1)][93075ms] waiting...
2023-08-31 19:45:11.730 [info] [resolveAuthority(ssh-remote,1)][94075ms] waiting...
2023-08-31 19:45:12.731 [info] [resolveAuthority(ssh-remote,1)][95076ms] waiting...
2023-08-31 19:45:13.732 [info] [resolveAuthority(ssh-remote,1)][96077ms] waiting...
2023-08-31 19:45:14.733 [info] [resolveAuthority(ssh-remote,1)][97078ms] waiting...
2023-08-31 19:45:15.734 [info] [resolveAuthority(ssh-remote,1)][98079ms] waiting...
2023-08-31 19:45:16.735 [info] [resolveAuthority(ssh-remote,1)][99080ms] waiting...
2023-08-31 19:45:17.735 [info] [resolveAuthority(ssh-remote,1)][100080ms] waiting...
2023-08-31 19:45:18.735 [info] [resolveAuthority(ssh-remote,1)][101080ms] waiting...
2023-08-31 19:45:19.736 [info] [resolveAuthority(ssh-remote,1)][102081ms] waiting...
2023-08-31 19:45:20.737 [info] [resolveAuthority(ssh-remote,1)][103082ms] waiting...
2023-08-31 19:45:21.738 [info] [resolveAuthority(ssh-remote,1)][104083ms] waiting...
2023-08-31 19:45:22.739 [info] [resolveAuthority(ssh-remote,1)][105084ms] waiting...
2023-08-31 19:45:23.739 [info] [resolveAuthority(ssh-remote,1)][106084ms] waiting...
2023-08-31 19:45:24.740 [info] [resolveAuthority(ssh-remote,1)][107085ms] waiting...
2023-08-31 19:45:25.741 [info] [resolveAuthority(ssh-remote,1)][108086ms] waiting...
2023-08-31 19:45:26.742 [info] [resolveAuthority(ssh-remote,1)][109087ms] waiting...
2023-08-31 19:45:27.743 [info] [resolveAuthority(ssh-remote,1)][110088ms] waiting...
2023-08-31 19:45:28.743 [info] [resolveAuthority(ssh-remote,1)][111088ms] waiting...
2023-08-31 19:45:29.743 [info] [resolveAuthority(ssh-remote,1)][112087ms] waiting...
2023-08-31 19:45:30.743 [info] [resolveAuthority(ssh-remote,1)][113088ms] waiting...
2023-08-31 19:45:31.744 [info] [resolveAuthority(ssh-remote,1)][114089ms] waiting...
2023-08-31 19:45:32.744 [info] [resolveAuthority(ssh-remote,1)][115089ms] waiting...
2023-08-31 19:45:33.744 [info] [resolveAuthority(ssh-remote,1)][116089ms] waiting...
2023-08-31 19:45:34.744 [info] [resolveAuthority(ssh-remote,1)][117089ms] waiting...
2023-08-31 19:45:35.744 [info] [resolveAuthority(ssh-remote,1)][118089ms] waiting...
2023-08-31 19:45:36.745 [info] [resolveAuthority(ssh-remote,1)][119089ms] waiting...
2023-08-31 19:45:37.745 [info] [resolveAuthority(ssh-remote,1)][120090ms] waiting...
2023-08-31 19:45:38.001 [error] [resolveAuthority(ssh-remote,1)][120342ms] returned an error Timed out while waiting for the local startup lock
2023-08-31 19:45:38.094 [info] Eager extensions activated
2023-08-31 19:45:38.161 [info] ExtensionService#_doActivateExtension dsznajder.es7-react-js-snippets, startup: false, activationEvent: 'onStartupFinished'
2023-08-31 19:45:38.583 [info] ExtensionService#_doActivateExtension equinusocio.vsc-material-theme-icons, startup: false, activationEvent: 'onStartupFinished'
2023-08-31 19:45:38.629 [info] ExtensionService#_doActivateExtension ms-vscode.remote-explorer, startup: false, activationEvent: 'onCommand:remote-internal.setActiveFolders'
2023-08-31 19:45:38.649 [info] ExtensionService#_doActivateExtension vscode.github-authentication, startup: false, activationEvent: 'onAuthenticationRequest:github'
2023-08-31 19:45:38.684 [info] ExtensionService#_doActivateExtension vscode.microsoft-authentication, startup: false, activationEvent: 'onAuthenticationRequest:microsoft'
2023-08-31 19:45:50.879 [info] Extension host terminating: renderer closed the MessagePort
2023-08-31 19:45:50.882 [error] Canceled: Canceled
	at new h (/opt/visual-studio-code/resources/app/out/vs/workbench/api/node/extensionHostProcess.js:102:56634)
	at t.O (/opt/visual-studio-code/resources/app/out/vs/workbench/api/node/extensionHostProcess.js:114:8020)
	at N.<computed>.T.charCodeAt.N.<computed> (/opt/visual-studio-code/resources/app/out/vs/workbench/api/node/extensionHostProcess.js:114:5459)
	at a.g (/opt/visual-studio-code/resources/app/out/vs/workbench/api/node/extensionHostProcess.js:102:77241)
	at a.executeCommand (/opt/visual-studio-code/resources/app/out/vs/workbench/api/node/extensionHostProcess.js:102:76679)
	at v.registerCommand.description (/opt/visual-studio-code/resources/app/out/vs/workbench/api/node/extensionHostProcess.js:102:76000)
	at a.h (/opt/visual-studio-code/resources/app/out/vs/workbench/api/node/extensionHostProcess.js:102:77777)
	at a.g (/opt/visual-studio-code/resources/app/out/vs/workbench/api/node/extensionHostProcess.js:102:76772)
	at a.executeCommand (/opt/visual-studio-code/resources/app/out/vs/workbench/api/node/extensionHostProcess.js:102:76679)
	at Object.executeCommand (/opt/visual-studio-code/resources/app/out/vs/workbench/api/node/extensionHostProcess.js:120:20977)
	at t.shutdown (/home/panda/.vscode/extensions/ms-vscode-remote.remote-ssh-0.102.0/out/extension.js:1:646929)
	at e.deactivate (/home/panda/.vscode/extensions/ms-vscode-remote.remote-ssh-0.102.0/out/extension.js:1:723956)
	at r.Z (/opt/visual-studio-code/resources/app/out/vs/workbench/api/node/extensionHostProcess.js:116:9494)
	at /opt/visual-studio-code/resources/app/out/vs/workbench/api/node/extensionHostProcess.js:116:7582
	at Array.map (<anonymous>)
	at r.S (/opt/visual-studio-code/resources/app/out/vs/workbench/api/node/extensionHostProcess.js:116:7570)
	at r.terminate (/opt/visual-studio-code/resources/app/out/vs/workbench/api/node/extensionHostProcess.js:116:7842)
	at s.terminate (/opt/visual-studio-code/resources/app/out/vs/workbench/api/node/extensionHostProcess.js:120:1506)
	at C (/opt/visual-studio-code/resources/app/out/vs/workbench/api/node/extensionHostProcess.js:130:32254)
	at MessagePortMain.<anonymous> (/opt/visual-studio-code/resources/app/out/vs/workbench/api/node/extensionHostProcess.js:130:28679)
	at MessagePortMain.emit (node:events:513:28)
	at MessagePortMain._internalPort.emit (node:electron/js2c/utility_init:2:367) setContext undefined
2023-08-31 19:45:50.882 [info] Extension host with pid 3078 exiting with code 0
2023-08-31 19:45:51.776 [info] Extension host with pid 3392 started
2023-08-31 19:45:51.776 [info] Skipping acquiring lock for /home/panda/.config/Code/User/workspaceStorage/76b00d16e5642a66e0c94d335e639da4.
2023-08-31 19:45:51.788 [info] $getCanonicalURI invoked for authority (ssh-remote)
2023-08-31 19:45:51.799 [info] ExtensionService#_doActivateExtension ms-vscode-remote.remote-ssh, startup: false, activationEvent: 'onResolveRemoteAuthority:ssh-remote'
2023-08-31 19:45:51.856 [info] [resolveAuthority(ssh-remote,1)][1ms] activating remote resolvers ssh-remote+btp
2023-08-31 19:45:51.856 [info] [resolveAuthority(ssh-remote,1)][1ms] activating resolver for ssh-remote+btp...
2023-08-31 19:45:51.856 [info] [resolveAuthority(ssh-remote,1)][1ms] invoking final resolve()...
2023-08-31 19:45:52.857 [info] [resolveAuthority(ssh-remote,1)][1002ms] waiting...
2023-08-31 19:45:53.858 [info] [resolveAuthority(ssh-remote,1)][2003ms] waiting...
2023-08-31 19:45:54.860 [info] [resolveAuthority(ssh-remote,1)][3005ms] waiting...
2023-08-31 19:45:55.861 [info] [resolveAuthority(ssh-remote,1)][4006ms] waiting...
2023-08-31 19:45:56.861 [info] [resolveAuthority(ssh-remote,1)][5006ms] waiting...
2023-08-31 19:45:57.862 [info] [resolveAuthority(ssh-remote,1)][6007ms] waiting...
2023-08-31 19:45:58.863 [info] [resolveAuthority(ssh-remote,1)][7008ms] waiting...
2023-08-31 19:45:59.863 [info] [resolveAuthority(ssh-remote,1)][8008ms] waiting...
2023-08-31 19:46:00.863 [info] [resolveAuthority(ssh-remote,1)][9008ms] waiting...
2023-08-31 19:46:01.864 [info] [resolveAuthority(ssh-remote,1)][10009ms] waiting...
2023-08-31 19:46:02.865 [info] [resolveAuthority(ssh-remote,1)][11010ms] waiting...
2023-08-31 19:46:03.867 [info] [resolveAuthority(ssh-remote,1)][12012ms] waiting...
2023-08-31 19:46:04.868 [info] [resolveAuthority(ssh-remote,1)][13013ms] waiting...
2023-08-31 19:46:05.870 [info] [resolveAuthority(ssh-remote,1)][14015ms] waiting...
2023-08-31 19:46:06.871 [info] [resolveAuthority(ssh-remote,1)][15016ms] waiting...
2023-08-31 19:46:07.178 [error] [resolveAuthority(ssh-remote,1)][15319ms] returned an error The connection timed out
2023-08-31 19:46:07.243 [info] Eager extensions activated
2023-08-31 19:46:07.308 [info] ExtensionService#_doActivateExtension dsznajder.es7-react-js-snippets, startup: false, activationEvent: 'onStartupFinished'
2023-08-31 19:46:07.578 [info] ExtensionService#_doActivateExtension equinusocio.vsc-material-theme-icons, startup: false, activationEvent: 'onStartupFinished'
2023-08-31 19:46:07.608 [info] ExtensionService#_doActivateExtension ms-vscode.remote-explorer, startup: false, activationEvent: 'onCommand:remote-internal.setActiveFolders'
2023-08-31 19:46:07.618 [info] ExtensionService#_doActivateExtension vscode.github-authentication, startup: false, activationEvent: 'onAuthenticationRequest:github'
2023-08-31 19:46:07.639 [info] ExtensionService#_doActivateExtension vscode.microsoft-authentication, startup: false, activationEvent: 'onAuthenticationRequest:microsoft'
2023-08-31 19:46:09.352 [info] Extension host terminating: renderer closed the MessagePort
2023-08-31 19:46:09.358 [error] Canceled: Canceled
	at new h (/opt/visual-studio-code/resources/app/out/vs/workbench/api/node/extensionHostProcess.js:102:56634)
	at t.O (/opt/visual-studio-code/resources/app/out/vs/workbench/api/node/extensionHostProcess.js:114:8020)
	at N.<computed>.T.charCodeAt.N.<computed> (/opt/visual-studio-code/resources/app/out/vs/workbench/api/node/extensionHostProcess.js:114:5459)
	at a.g (/opt/visual-studio-code/resources/app/out/vs/workbench/api/node/extensionHostProcess.js:102:77241)
	at a.executeCommand (/opt/visual-studio-code/resources/app/out/vs/workbench/api/node/extensionHostProcess.js:102:76679)
	at v.registerCommand.description (/opt/visual-studio-code/resources/app/out/vs/workbench/api/node/extensionHostProcess.js:102:76000)
	at a.h (/opt/visual-studio-code/resources/app/out/vs/workbench/api/node/extensionHostProcess.js:102:77777)
	at a.g (/opt/visual-studio-code/resources/app/out/vs/workbench/api/node/extensionHostProcess.js:102:76772)
	at a.executeCommand (/opt/visual-studio-code/resources/app/out/vs/workbench/api/node/extensionHostProcess.js:102:76679)
	at Object.executeCommand (/opt/visual-studio-code/resources/app/out/vs/workbench/api/node/extensionHostProcess.js:120:20977)
	at t.shutdown (/home/panda/.vscode/extensions/ms-vscode-remote.remote-ssh-0.102.0/out/extension.js:1:646929)
	at e.deactivate (/home/panda/.vscode/extensions/ms-vscode-remote.remote-ssh-0.102.0/out/extension.js:1:723956)
	at r.Z (/opt/visual-studio-code/resources/app/out/vs/workbench/api/node/extensionHostProcess.js:116:9494)
	at /opt/visual-studio-code/resources/app/out/vs/workbench/api/node/extensionHostProcess.js:116:7582
	at Array.map (<anonymous>)
	at r.S (/opt/visual-studio-code/resources/app/out/vs/workbench/api/node/extensionHostProcess.js:116:7570)
	at r.terminate (/opt/visual-studio-code/resources/app/out/vs/workbench/api/node/extensionHostProcess.js:116:7842)
	at s.terminate (/opt/visual-studio-code/resources/app/out/vs/workbench/api/node/extensionHostProcess.js:120:1506)
	at C (/opt/visual-studio-code/resources/app/out/vs/workbench/api/node/extensionHostProcess.js:130:32254)
	at MessagePortMain.<anonymous> (/opt/visual-studio-code/resources/app/out/vs/workbench/api/node/extensionHostProcess.js:130:28679)
	at MessagePortMain.emit (node:events:513:28)
	at MessagePortMain._internalPort.emit (node:electron/js2c/utility_init:2:367) setContext undefined
2023-08-31 19:46:09.358 [info] Extension host with pid 3392 exiting with code 0
2023-08-31 19:46:10.258 [info] Extension host with pid 3560 started
2023-08-31 19:46:10.258 [info] Skipping acquiring lock for /home/panda/.config/Code/User/workspaceStorage/76b00d16e5642a66e0c94d335e639da4.
2023-08-31 19:46:10.268 [info] $getCanonicalURI invoked for authority (ssh-remote)
2023-08-31 19:46:10.282 [info] ExtensionService#_doActivateExtension ms-vscode-remote.remote-ssh, startup: false, activationEvent: 'onResolveRemoteAuthority:ssh-remote'
2023-08-31 19:46:10.352 [info] [resolveAuthority(ssh-remote,1)][0ms] activating remote resolvers ssh-remote+btp
2023-08-31 19:46:10.353 [info] [resolveAuthority(ssh-remote,1)][1ms] activating resolver for ssh-remote+btp...
2023-08-31 19:46:10.353 [info] [resolveAuthority(ssh-remote,1)][1ms] invoking final resolve()...
2023-08-31 19:46:11.354 [info] [resolveAuthority(ssh-remote,1)][1002ms] waiting...
2023-08-31 19:46:12.356 [info] [resolveAuthority(ssh-remote,1)][2003ms] waiting...
2023-08-31 19:46:13.356 [info] [resolveAuthority(ssh-remote,1)][3004ms] waiting...
2023-08-31 19:46:14.358 [info] [resolveAuthority(ssh-remote,1)][4006ms] waiting...
2023-08-31 19:46:15.358 [info] [resolveAuthority(ssh-remote,1)][5006ms] waiting...
2023-08-31 19:46:16.359 [info] [resolveAuthority(ssh-remote,1)][6007ms] waiting...
2023-08-31 19:46:17.359 [info] [resolveAuthority(ssh-remote,1)][7007ms] waiting...
2023-08-31 19:46:18.359 [info] [resolveAuthority(ssh-remote,1)][8007ms] waiting...
2023-08-31 19:46:19.360 [info] [resolveAuthority(ssh-remote,1)][9008ms] waiting...
2023-08-31 19:46:20.360 [info] [resolveAuthority(ssh-remote,1)][10008ms] waiting...
2023-08-31 19:46:21.361 [info] [resolveAuthority(ssh-remote,1)][11009ms] waiting...
2023-08-31 19:46:22.362 [info] [resolveAuthority(ssh-remote,1)][12010ms] waiting...
2023-08-31 19:46:23.364 [info] [resolveAuthority(ssh-remote,1)][13011ms] waiting...
2023-08-31 19:46:24.364 [info] [resolveAuthority(ssh-remote,1)][14012ms] waiting...
2023-08-31 19:46:25.365 [info] [resolveAuthority(ssh-remote,1)][15013ms] waiting...
2023-08-31 19:46:25.604 [error] [resolveAuthority(ssh-remote,1)][15248ms] returned an error The connection timed out
2023-08-31 19:46:25.655 [info] Eager extensions activated
2023-08-31 19:46:25.725 [info] ExtensionService#_doActivateExtension dsznajder.es7-react-js-snippets, startup: false, activationEvent: 'onStartupFinished'
2023-08-31 19:46:25.975 [info] ExtensionService#_doActivateExtension equinusocio.vsc-material-theme-icons, startup: false, activationEvent: 'onStartupFinished'
2023-08-31 19:46:26.006 [info] ExtensionService#_doActivateExtension ms-vscode.remote-explorer, startup: false, activationEvent: 'onCommand:remote-internal.setActiveFolders'
2023-08-31 19:46:26.015 [info] ExtensionService#_doActivateExtension vscode.github-authentication, startup: false, activationEvent: 'onAuthenticationRequest:github'
2023-08-31 19:46:26.036 [info] ExtensionService#_doActivateExtension vscode.microsoft-authentication, startup: false, activationEvent: 'onAuthenticationRequest:microsoft'
2023-08-31 19:46:27.811 [info] Extension host terminating: renderer closed the MessagePort
2023-08-31 19:46:27.824 [error] Canceled: Canceled
	at new h (/opt/visual-studio-code/resources/app/out/vs/workbench/api/node/extensionHostProcess.js:102:56634)
	at t.O (/opt/visual-studio-code/resources/app/out/vs/workbench/api/node/extensionHostProcess.js:114:8020)
	at N.<computed>.T.charCodeAt.N.<computed> (/opt/visual-studio-code/resources/app/out/vs/workbench/api/node/extensionHostProcess.js:114:5459)
	at a.g (/opt/visual-studio-code/resources/app/out/vs/workbench/api/node/extensionHostProcess.js:102:77241)
	at a.executeCommand (/opt/visual-studio-code/resources/app/out/vs/workbench/api/node/extensionHostProcess.js:102:76679)
	at v.registerCommand.description (/opt/visual-studio-code/resources/app/out/vs/workbench/api/node/extensionHostProcess.js:102:76000)
	at a.h (/opt/visual-studio-code/resources/app/out/vs/workbench/api/node/extensionHostProcess.js:102:77777)
	at a.g (/opt/visual-studio-code/resources/app/out/vs/workbench/api/node/extensionHostProcess.js:102:76772)
	at a.executeCommand (/opt/visual-studio-code/resources/app/out/vs/workbench/api/node/extensionHostProcess.js:102:76679)
	at Object.executeCommand (/opt/visual-studio-code/resources/app/out/vs/workbench/api/node/extensionHostProcess.js:120:20977)
	at t.shutdown (/home/panda/.vscode/extensions/ms-vscode-remote.remote-ssh-0.102.0/out/extension.js:1:646929)
	at e.deactivate (/home/panda/.vscode/extensions/ms-vscode-remote.remote-ssh-0.102.0/out/extension.js:1:723956)
	at r.Z (/opt/visual-studio-code/resources/app/out/vs/workbench/api/node/extensionHostProcess.js:116:9494)
	at /opt/visual-studio-code/resources/app/out/vs/workbench/api/node/extensionHostProcess.js:116:7582
	at Array.map (<anonymous>)
	at r.S (/opt/visual-studio-code/resources/app/out/vs/workbench/api/node/extensionHostProcess.js:116:7570)
	at r.terminate (/opt/visual-studio-code/resources/app/out/vs/workbench/api/node/extensionHostProcess.js:116:7842)
	at s.terminate (/opt/visual-studio-code/resources/app/out/vs/workbench/api/node/extensionHostProcess.js:120:1506)
	at C (/opt/visual-studio-code/resources/app/out/vs/workbench/api/node/extensionHostProcess.js:130:32254)
	at MessagePortMain.<anonymous> (/opt/visual-studio-code/resources/app/out/vs/workbench/api/node/extensionHostProcess.js:130:28679)
	at MessagePortMain.emit (node:events:513:28)
	at MessagePortMain._internalPort.emit (node:electron/js2c/utility_init:2:367) setContext undefined
2023-08-31 19:46:27.824 [info] Extension host with pid 3560 exiting with code 0
2023-08-31 19:46:28.722 [info] Extension host with pid 3694 started
2023-08-31 19:46:28.722 [info] Skipping acquiring lock for /home/panda/.config/Code/User/workspaceStorage/76b00d16e5642a66e0c94d335e639da4.
2023-08-31 19:46:28.731 [info] $getCanonicalURI invoked for authority (ssh-remote)
2023-08-31 19:46:28.739 [info] ExtensionService#_doActivateExtension ms-vscode-remote.remote-ssh, startup: false, activationEvent: 'onResolveRemoteAuthority:ssh-remote'
2023-08-31 19:46:28.782 [info] [resolveAuthority(ssh-remote,1)][1ms] activating remote resolvers ssh-remote+btp
2023-08-31 19:46:28.782 [info] [resolveAuthority(ssh-remote,1)][1ms] activating resolver for ssh-remote+btp...
2023-08-31 19:46:28.782 [info] [resolveAuthority(ssh-remote,1)][1ms] invoking final resolve()...
2023-08-31 19:46:29.784 [info] [resolveAuthority(ssh-remote,1)][1003ms] waiting...
2023-08-31 19:46:30.784 [info] [resolveAuthority(ssh-remote,1)][2003ms] waiting...
2023-08-31 19:46:31.786 [info] [resolveAuthority(ssh-remote,1)][3004ms] waiting...
2023-08-31 19:46:32.786 [info] [resolveAuthority(ssh-remote,1)][4005ms] waiting...
2023-08-31 19:46:33.787 [info] [resolveAuthority(ssh-remote,1)][5006ms] waiting...
2023-08-31 19:46:34.788 [info] [resolveAuthority(ssh-remote,1)][6007ms] waiting...
2023-08-31 19:46:35.788 [info] [resolveAuthority(ssh-remote,1)][7007ms] waiting...
2023-08-31 19:46:36.789 [info] [resolveAuthority(ssh-remote,1)][8008ms] waiting...
2023-08-31 19:46:37.790 [info] [resolveAuthority(ssh-remote,1)][9009ms] waiting...
2023-08-31 19:46:38.790 [info] [resolveAuthority(ssh-remote,1)][10009ms] waiting...
2023-08-31 19:46:39.792 [info] [resolveAuthority(ssh-remote,1)][11011ms] waiting...
2023-08-31 19:46:40.793 [info] [resolveAuthority(ssh-remote,1)][12012ms] waiting...
2023-08-31 19:46:41.794 [info] [resolveAuthority(ssh-remote,1)][13013ms] waiting...
2023-08-31 19:46:42.796 [info] [resolveAuthority(ssh-remote,1)][14015ms] waiting...
2023-08-31 19:46:43.797 [info] [resolveAuthority(ssh-remote,1)][15016ms] waiting...
2023-08-31 19:46:44.038 [error] [resolveAuthority(ssh-remote,1)][15253ms] returned an error The connection timed out
2023-08-31 19:46:44.122 [info] Eager extensions activated
2023-08-31 19:46:44.220 [info] ExtensionService#_doActivateExtension dsznajder.es7-react-js-snippets, startup: false, activationEvent: 'onStartupFinished'
2023-08-31 19:46:44.473 [info] ExtensionService#_doActivateExtension equinusocio.vsc-material-theme-icons, startup: false, activationEvent: 'onStartupFinished'
2023-08-31 19:46:44.513 [info] ExtensionService#_doActivateExtension ms-vscode.remote-explorer, startup: false, activationEvent: 'onCommand:remote-internal.setActiveFolders'
2023-08-31 19:46:44.551 [info] ExtensionService#_doActivateExtension vscode.github-authentication, startup: false, activationEvent: 'onAuthenticationRequest:github'
2023-08-31 19:46:44.591 [info] ExtensionService#_doActivateExtension vscode.microsoft-authentication, startup: false, activationEvent: 'onAuthenticationRequest:microsoft'
2023-08-31 19:46:45.669 [info] Extension host terminating: renderer closed the MessagePort
2023-08-31 19:46:45.674 [error] Canceled: Canceled
	at new h (/opt/visual-studio-code/resources/app/out/vs/workbench/api/node/extensionHostProcess.js:102:56634)
	at t.O (/opt/visual-studio-code/resources/app/out/vs/workbench/api/node/extensionHostProcess.js:114:8020)
	at N.<computed>.T.charCodeAt.N.<computed> (/opt/visual-studio-code/resources/app/out/vs/workbench/api/node/extensionHostProcess.js:114:5459)
	at a.g (/opt/visual-studio-code/resources/app/out/vs/workbench/api/node/extensionHostProcess.js:102:77241)
	at a.executeCommand (/opt/visual-studio-code/resources/app/out/vs/workbench/api/node/extensionHostProcess.js:102:76679)
	at v.registerCommand.description (/opt/visual-studio-code/resources/app/out/vs/workbench/api/node/extensionHostProcess.js:102:76000)
	at a.h (/opt/visual-studio-code/resources/app/out/vs/workbench/api/node/extensionHostProcess.js:102:77777)
	at a.g (/opt/visual-studio-code/resources/app/out/vs/workbench/api/node/extensionHostProcess.js:102:76772)
	at a.executeCommand (/opt/visual-studio-code/resources/app/out/vs/workbench/api/node/extensionHostProcess.js:102:76679)
	at Object.executeCommand (/opt/visual-studio-code/resources/app/out/vs/workbench/api/node/extensionHostProcess.js:120:20977)
	at t.shutdown (/home/panda/.vscode/extensions/ms-vscode-remote.remote-ssh-0.102.0/out/extension.js:1:646929)
	at e.deactivate (/home/panda/.vscode/extensions/ms-vscode-remote.remote-ssh-0.102.0/out/extension.js:1:723956)
	at r.Z (/opt/visual-studio-code/resources/app/out/vs/workbench/api/node/extensionHostProcess.js:116:9494)
	at /opt/visual-studio-code/resources/app/out/vs/workbench/api/node/extensionHostProcess.js:116:7582
	at Array.map (<anonymous>)
	at r.S (/opt/visual-studio-code/resources/app/out/vs/workbench/api/node/extensionHostProcess.js:116:7570)
	at r.terminate (/opt/visual-studio-code/resources/app/out/vs/workbench/api/node/extensionHostProcess.js:116:7842)
	at s.terminate (/opt/visual-studio-code/resources/app/out/vs/workbench/api/node/extensionHostProcess.js:120:1506)
	at C (/opt/visual-studio-code/resources/app/out/vs/workbench/api/node/extensionHostProcess.js:130:32254)
	at MessagePortMain.<anonymous> (/opt/visual-studio-code/resources/app/out/vs/workbench/api/node/extensionHostProcess.js:130:28679)
	at MessagePortMain.emit (node:events:513:28)
	at MessagePortMain._internalPort.emit (node:electron/js2c/utility_init:2:367) setContext undefined
2023-08-31 19:46:45.674 [info] Extension host with pid 3694 exiting with code 0
2023-08-31 19:46:46.532 [info] Extension host with pid 3856 started
2023-08-31 19:46:46.532 [info] Skipping acquiring lock for /home/panda/.config/Code/User/workspaceStorage/76b00d16e5642a66e0c94d335e639da4.
2023-08-31 19:46:46.539 [info] $getCanonicalURI invoked for authority (ssh-remote)
2023-08-31 19:46:46.573 [info] ExtensionService#_doActivateExtension ms-vscode-remote.remote-ssh, startup: false, activationEvent: 'onResolveRemoteAuthority:ssh-remote'
2023-08-31 19:46:46.612 [info] [resolveAuthority(ssh-remote,1)][1ms] activating remote resolvers ssh-remote+btp
2023-08-31 19:46:46.612 [info] [resolveAuthority(ssh-remote,1)][1ms] activating resolver for ssh-remote+btp...
2023-08-31 19:46:46.613 [info] [resolveAuthority(ssh-remote,1)][2ms] invoking final resolve()...
2023-08-31 19:46:47.614 [info] [resolveAuthority(ssh-remote,1)][1003ms] waiting...
2023-08-31 19:46:48.207 [info] [resolveAuthority(ssh-remote,1)][1596ms] setting tunnel factory...
2023-08-31 19:46:48.207 [info] [resolveAuthority(ssh-remote,1)][1596ms] returned 127.0.0.1:39641
2023-08-31 19:46:49.645 [info] Eager extensions activated
2023-08-31 19:46:49.716 [info] ExtensionService#_doActivateExtension dsznajder.es7-react-js-snippets, startup: false, activationEvent: 'onStartupFinished'
2023-08-31 19:46:49.973 [info] ExtensionService#_doActivateExtension equinusocio.vsc-material-theme-icons, startup: false, activationEvent: 'onStartupFinished'
2023-08-31 19:46:49.996 [info] ExtensionService#_doActivateExtension ms-vscode.remote-explorer, startup: false, activationEvent: 'onCommand:remote-internal.setActiveFolders'
2023-08-31 19:46:50.010 [info] ExtensionService#_doActivateExtension vscode.github-authentication, startup: false, activationEvent: 'onAuthenticationRequest:github'
2023-08-31 19:46:51.686 [info] ExtensionService#_doActivateExtension vscode.microsoft-authentication, startup: false, activationEvent: 'onAuthenticationRequest:microsoft'
