[21:54:19.239] Log Level: 2
[21:54:19.260] SSH Resolver called for "ssh-remote+btp", attempt 1
[21:54:19.261] "remote.SSH.useLocalServer": true
[21:54:19.262] "remote.SSH.path": undefined
[21:54:19.262] "remote.SSH.configFile": undefined
[21:54:19.262] "remote.SSH.useFlock": true
[21:54:19.262] "remote.SSH.lockfilesInTmp": false
[21:54:19.263] "remote.SSH.localServerDownload": auto
[21:54:19.263] "remote.SSH.remoteServerListenOnSocket": false
[21:54:19.263] "remote.SSH.showLoginTerminal": false
[21:54:19.263] "remote.SSH.defaultExtensions": []
[21:54:19.264] "remote.SSH.loglevel": 2
[21:54:19.264] "remote.SSH.enableDynamicForwarding": true
[21:54:19.264] "remote.SSH.enableRemoteCommand": false
[21:54:19.264] "remote.SSH.serverPickPortsFromRange": {}
[21:54:19.264] "remote.SSH.serverInstallPath": {}
[21:54:19.267] VS Code version: 1.81.1
[21:54:19.267] Remote-SSH version: remote-ssh@0.102.0
[21:54:19.267] linux x64
[21:54:19.270] SSH Resolver called for host: btp
[21:54:19.270] Setting up SSH remote "btp"
[21:54:19.275] Acquiring local install lock: /tmp/vscode-remote-ssh-62d7b149-install.lock
[21:54:19.277] Looking for existing server data file at /home/panda/.config/Code/User/globalStorage/ms-vscode-remote.remote-ssh/vscode-ssh-host-62d7b149-6c3e3dba23e8fadc360aed75ce363ba185c49794-0.102.0/data.json
[21:54:19.277] Using commit id "6c3e3dba23e8fadc360aed75ce363ba185c49794" and quality "stable" for server
[21:54:19.281] Install and start server if needed
[21:54:19.284] PATH: /sbin:/bin:/usr/local/sbin:/usr/local/bin:/usr/bin:/usr/sbin:/usr/bin/site_perl:/usr/bin/vendor_perl:/usr/bin/core_perl:/usr/lib/rustup/bin
[21:54:19.285] Checking ssh with "ssh -V"
[21:54:19.294] > OpenSSH_9.4p1, OpenSSL 3.1.2 1 Aug 2023

[21:54:19.298] askpass server listening on /run/user/1000/vscode-ssh-askpass-e04fd59c050b5b4f989e343e3a877143b956ecf7.sock
[21:54:19.298] Spawning local server with {"serverId":1,"ipcHandlePath":"/run/user/1000/vscode-ssh-askpass-b2603ae6a3c3b4241854088828f77556220c1d41.sock","sshCommand":"ssh","sshArgs":["-v","-T","-D","37527","-o","ConnectTimeout=15","btp"],"serverDataFolderName":".vscode-server","dataFilePath":"/home/panda/.config/Code/User/globalStorage/ms-vscode-remote.remote-ssh/vscode-ssh-host-62d7b149-6c3e3dba23e8fadc360aed75ce363ba185c49794-0.102.0/data.json"}
[21:54:19.298] Local server env: {"SHELL":"/bin/zsh","DISPLAY":":0","ELECTRON_RUN_AS_NODE":"1","SSH_ASKPASS":"/home/panda/.vscode/extensions/ms-vscode-remote.remote-ssh-0.102.0/out/local-server/askpass.sh","VSCODE_SSH_ASKPASS_NODE":"/opt/visual-studio-code/code","VSCODE_SSH_ASKPASS_EXTRA_ARGS":"--ms-enable-electron-run-as-node","VSCODE_SSH_ASKPASS_MAIN":"/home/panda/.vscode/extensions/ms-vscode-remote.remote-ssh-0.102.0/out/askpass-main.js","VSCODE_SSH_ASKPASS_HANDLE":"/run/user/1000/vscode-ssh-askpass-e04fd59c050b5b4f989e343e3a877143b956ecf7.sock"}
[21:54:19.301] Spawned 23137
[21:54:19.406] > local-server-1> Running ssh connection command: "-v -T -D 37527 -o ConnectTimeout=15 btp"
[21:54:19.410] > local-server-1> Spawned ssh, pid=23145
[21:54:19.413] stderr> OpenSSH_9.4p1, OpenSSL 3.1.2 1 Aug 2023
[21:54:19.626] stderr> debug1: Server host key: ssh-ed25519 SHA256:+DATUrYREP0BSwEjvWmY26KRE98fjVAacK1yr5wEiSE
[21:54:19.818] stderr> Authenticated to 192.168.16.203 ([192.168.16.203]:22) using "publickey".
[21:54:19.964] > Welcome to Ubuntu 22.04.2 LTS (GNU/Linux 5.19.0-41-generic x86_64)
> 
>  * Documentation:  https://help.ubuntu.com
>  * Management:     https://landscape.canonical.com
>  * Support:        https://ubuntu.com/advantage
> 
> Expanded Security Maintenance for Applications is not enabled.
> 
> 69 updates can be applied immediately.
> To see these additional updates run: apt list --upgradable
> 
> Enable ESM Apps to receive additional future security updates.
> See https://ubuntu.com/esm or run: sudo pro status
> 
> *** System restart required ***
[21:54:19.970] > ready: 03f5a1abad8f
[21:54:19.988] > Linux 5.19.0-41-generic #42~22.04.1-Ubuntu SMP PREEMPT_DYNAMIC Tue Apr 18 17:40:00 UTC 2
[21:54:19.989] Platform: linux
[21:54:20.007] > /bin/bash
[21:54:20.007] Shell: bash
[21:54:20.008] Creating bash subshell inside "bash"
[21:54:20.025] > bash version:  5.1.16(1)-release
[21:54:20.107] > 03f5a1abad8f: running
[21:54:20.139] > Acquiring lock on /home/web_server/.vscode-server/bin/6c3e3dba23e8fadc360aed75ce363ba185c49794/vscode-remote-lock.web_server.6c3e3dba23e8fadc360aed75ce363ba185c49794
[21:54:20.141] > Found existing installation at /home/web_server/.vscode-server/bin/6c3e3dba23e8fadc360aed75ce363ba185c49794...
> Checking /home/web_server/.vscode-server/.6c3e3dba23e8fadc360aed75ce363ba185c49794.log and /home/web_server/.vscode-server/.6c3e3dba23e8fadc360aed75ce363ba185c49794.pid for a running server
[21:54:20.144] > Looking for server with pid: 2364480
[21:54:20.188] > Found running server...
>  
> *
> * Visual Studio Code Server
> *
> * By using the software, you agree to
> * the Visual Studio Code Server License Terms (https://aka.ms/vscode-server-license) and
> * the Microsoft Privacy Statement (https://privacy.microsoft.com/en-US/privacystatement).
> *
>  
[21:54:20.199] > Checking server status on port 43229 with wget
[21:54:20.216] > 03f5a1abad8f: start
> SSH_AUTH_SOCK====
> DISPLAY====
> webUiAccessToken====
> listeningOn==43229==
> osReleaseId==ubuntu==
> arch==x86_64==
> vscodeArch==x64==
> bitness==64==
> tmpDir==/run/user/1013==
> platform==linux==
> unpackResult====
> didLocalDownload==0==
> downloadTime====
> installTime====
> extInstallTime====
> serverStartTime====
> connectionToken==aa1111a1-aa1a-111a-1aaa-11111111111a==
> 03f5a1abad8f: end
[21:54:20.218] Received install output: 
SSH_AUTH_SOCK====
DISPLAY====
webUiAccessToken====
listeningOn==43229==
osReleaseId==ubuntu==
arch==x86_64==
vscodeArch==x64==
bitness==64==
tmpDir==/run/user/1013==
platform==linux==
unpackResult====
didLocalDownload==0==
downloadTime====
installTime====
extInstallTime====
serverStartTime====
connectionToken==aa1111a1-aa1a-111a-1aaa-11111111111a==

[21:54:20.220] Remote server is listening on 43229
[21:54:20.221] Parsed server configuration: {"serverConfiguration":{"remoteListeningOn":{"port":43229},"osReleaseId":"ubuntu","arch":"x86_64","webUiAccessToken":"","sshAuthSock":"","display":"","tmpDir":"/run/user/1013","platform":"linux","connectionToken":"aa1111a1-aa1a-111a-1aaa-11111111111a"},"installUnpackCode":""}
[21:54:20.224] Persisting server connection details to /home/panda/.config/Code/User/globalStorage/ms-vscode-remote.remote-ssh/vscode-ssh-host-62d7b149-6c3e3dba23e8fadc360aed75ce363ba185c49794-0.102.0/data.json
[21:54:20.234] Starting forwarding server. localPort 46543 -> socksPort 37527 -> remotePort 43229
[21:54:20.235] Forwarding server listening on 46543
[21:54:20.236] Waiting for ssh tunnel to be ready
[21:54:20.240] [Forwarding server 46543] Got connection 0
[21:54:20.244] Tunneled 43229 to local port 46543
[21:54:20.244] Resolved "ssh-remote+btp" to "127.0.0.1:46543"
[21:54:20.263] ------




[21:54:20.266] [Forwarding server 46543] Got connection 1
[21:54:20.318] [Forwarding server 46543] Got connection 2
[21:56:20.130] [Forwarding server 46543] Got connection 3
[22:32:45.379] ------




[22:32:45.380] SSH Resolver called for "ssh-remote+btp", attempt 2, (Reconnection)
[22:32:45.382] SSH Resolver called for host: btp
[22:32:45.382] Setting up SSH remote "btp"
[22:32:45.388] Acquiring local install lock: /tmp/vscode-remote-ssh-62d7b149-install.lock
[22:32:45.389] Looking for existing server data file at /home/panda/.config/Code/User/globalStorage/ms-vscode-remote.remote-ssh/vscode-ssh-host-62d7b149-6c3e3dba23e8fadc360aed75ce363ba185c49794-0.102.0/data.json
[22:32:45.390] Found local server running: {"remoteListeningOn":{"port":43229},"osReleaseId":"ubuntu","arch":"x86_64","webUiAccessToken":"","sshAuthSock":"","display":"","tmpDir":"/run/user/1013","platform":"linux","connectionToken":"aa1111a1-aa1a-111a-1aaa-11111111111a","pid":23137,"ipcHandlePath":"/run/user/1000/vscode-ssh-askpass-b2603ae6a3c3b4241854088828f77556220c1d41.sock","socksPort":37527,"startupTime":1693499059302}
[22:32:45.390] Running server is stale. Ignoring
[22:32:45.391] Using commit id "6c3e3dba23e8fadc360aed75ce363ba185c49794" and quality "stable" for server
[22:32:45.395] Install and start server if needed
[22:32:45.401] askpass server listening on /run/user/1000/vscode-ssh-askpass-34c71466b551353621d98205f3afa18a2cc03242.sock
[22:32:45.401] Spawning local server with {"serverId":2,"ipcHandlePath":"/run/user/1000/vscode-ssh-askpass-1749f490662a6c864e496c9d39dfc6130e75561c.sock","sshCommand":"ssh","sshArgs":["-v","-T","-D","36921","-o","ConnectTimeout=15","btp"],"serverDataFolderName":".vscode-server","dataFilePath":"/home/panda/.config/Code/User/globalStorage/ms-vscode-remote.remote-ssh/vscode-ssh-host-62d7b149-6c3e3dba23e8fadc360aed75ce363ba185c49794-0.102.0/data.json"}
[22:32:45.401] Local server env: {"SHELL":"/bin/zsh","DISPLAY":":0","ELECTRON_RUN_AS_NODE":"1","SSH_ASKPASS":"/home/panda/.vscode/extensions/ms-vscode-remote.remote-ssh-0.102.0/out/local-server/askpass.sh","VSCODE_SSH_ASKPASS_NODE":"/opt/visual-studio-code/code","VSCODE_SSH_ASKPASS_EXTRA_ARGS":"--ms-enable-electron-run-as-node","VSCODE_SSH_ASKPASS_MAIN":"/home/panda/.vscode/extensions/ms-vscode-remote.remote-ssh-0.102.0/out/askpass-main.js","VSCODE_SSH_ASKPASS_HANDLE":"/run/user/1000/vscode-ssh-askpass-34c71466b551353621d98205f3afa18a2cc03242.sock"}
[22:32:45.408] Spawned 27844
[22:32:45.513] > local-server-2> Running ssh connection command: "-v -T -D 36921 -o ConnectTimeout=15 btp"
[22:32:45.517] > local-server-2> Spawned ssh, pid=27852
[22:32:45.520] stderr> OpenSSH_9.4p1, OpenSSL 3.1.2 1 Aug 2023
[22:32:49.957] > local-server-1> Timed out
[22:32:49.969] Local server exit: 0
[22:32:53.793] stderr> debug1: Server host key: ssh-ed25519 SHA256:+DATUrYREP0BSwEjvWmY26KRE98fjVAacK1yr5wEiSE
[22:32:55.628] stderr> Authenticated to 192.168.16.203 ([192.168.16.203]:22) using "publickey".
[22:33:02.411] Terminating local server
[22:33:02.417] Resolver error: Error: Connecting with SSH timed out
	at m.Timeout (/home/panda/.vscode/extensions/ms-vscode-remote.remote-ssh-0.102.0/out/extension.js:1:584271)
	at Timeout._onTimeout (/home/panda/.vscode/extensions/ms-vscode-remote.remote-ssh-0.102.0/out/extension.js:1:630486)
	at listOnTimeout (node:internal/timers:559:17)
	at process.processTimers (node:internal/timers:502:7)
[22:33:02.443] ------




[22:33:02.453] Local server exit: 15
[22:33:07.467] ------




[22:33:07.468] SSH Resolver called for "ssh-remote+btp", attempt 3, (Reconnection)
[22:33:07.472] SSH Resolver called for host: btp
[22:33:07.472] Setting up SSH remote "btp"
[22:33:07.479] Acquiring local install lock: /tmp/vscode-remote-ssh-62d7b149-install.lock
[22:33:07.480] Looking for existing server data file at /home/panda/.config/Code/User/globalStorage/ms-vscode-remote.remote-ssh/vscode-ssh-host-62d7b149-6c3e3dba23e8fadc360aed75ce363ba185c49794-0.102.0/data.json
[22:33:07.482] Using commit id "6c3e3dba23e8fadc360aed75ce363ba185c49794" and quality "stable" for server
[22:33:07.492] Install and start server if needed
[22:33:07.501] askpass server listening on /run/user/1000/vscode-ssh-askpass-f0c85099efae8724d0b9d95f0b2a09c30bc6ae1b.sock
[22:33:07.502] Spawning local server with {"serverId":3,"ipcHandlePath":"/run/user/1000/vscode-ssh-askpass-5c167255fa7e1ad4e27cbbd324960827775fb7e4.sock","sshCommand":"ssh","sshArgs":["-v","-T","-D","34425","-o","ConnectTimeout=15","btp"],"serverDataFolderName":".vscode-server","dataFilePath":"/home/panda/.config/Code/User/globalStorage/ms-vscode-remote.remote-ssh/vscode-ssh-host-62d7b149-6c3e3dba23e8fadc360aed75ce363ba185c49794-0.102.0/data.json"}
[22:33:07.502] Local server env: {"SHELL":"/bin/zsh","DISPLAY":":0","ELECTRON_RUN_AS_NODE":"1","SSH_ASKPASS":"/home/panda/.vscode/extensions/ms-vscode-remote.remote-ssh-0.102.0/out/local-server/askpass.sh","VSCODE_SSH_ASKPASS_NODE":"/opt/visual-studio-code/code","VSCODE_SSH_ASKPASS_EXTRA_ARGS":"--ms-enable-electron-run-as-node","VSCODE_SSH_ASKPASS_MAIN":"/home/panda/.vscode/extensions/ms-vscode-remote.remote-ssh-0.102.0/out/askpass-main.js","VSCODE_SSH_ASKPASS_HANDLE":"/run/user/1000/vscode-ssh-askpass-f0c85099efae8724d0b9d95f0b2a09c30bc6ae1b.sock"}
[22:33:07.510] Spawned 27885
[22:33:07.635] > local-server-3> Running ssh connection command: "-v -T -D 34425 -o ConnectTimeout=15 btp"
[22:33:07.641] > local-server-3> Spawned ssh, pid=27893
[22:33:07.645] stderr> OpenSSH_9.4p1, OpenSSL 3.1.2 1 Aug 2023
[22:33:08.088] stderr> debug1: Server host key: ssh-ed25519 SHA256:+DATUrYREP0BSwEjvWmY26KRE98fjVAacK1yr5wEiSE
[22:33:08.672] stderr> Authenticated to 192.168.16.203 ([192.168.16.203]:22) using "publickey".
[22:33:08.857] > Welcome to Ubuntu 22.04.2 LTS (GNU/Linux 5.19.0-41-generic x86_64)
> 
>  * Documentation:  https://help.ubuntu.com
>  * Management:     https://landscape.canonical.com
>  * Support:        https://ubuntu.com/advantage
> 
> Expanded Security Maintenance for Applications is not enabled.
> 
> 69 updates can be applied immediately.
> To see these additional updates run: apt list --upgradable
> 
> Enable ESM Apps to receive additional future security updates.
> See https://ubuntu.com/esm or run: sudo pro status
> 
> *** System restart required ***
[22:33:08.917] > ready: 0d0c89dc9fd0
[22:33:08.971] > Linux 5.19.0-41-generic #42~22.04.1-Ubuntu SMP PREEMPT_DYNAMIC Tue Apr 18 17:40:00 UTC 2
[22:33:08.972] Platform: linux
[22:33:08.986] > /bin/bash
[22:33:08.987] Shell: bash
[22:33:08.987] Creating bash subshell inside "bash"
[22:33:09.061] > bash version:  5.1.16(1)-release
[22:33:09.064] > bash version:  5.1.16(1)-release
[22:33:09.342] > 0d0c89dc9fd0: running
[22:33:09.405] > Acquiring lock on /home/web_server/.vscode-server/bin/6c3e3dba23e8fadc360aed75ce363ba185c49794/vscode-remote-lock.web_server.6c3e3dba23e8fadc360aed75ce363ba185c49794
[22:33:09.407] > Found existing installation at /home/web_server/.vscode-server/bin/6c3e3dba23e8fadc360aed75ce363ba185c49794...
> Checking /home/web_server/.vscode-server/.6c3e3dba23e8fadc360aed75ce363ba185c49794.log and /home/web_server/.vscode-server/.6c3e3dba23e8fadc360aed75ce363ba185c49794.pid for a running server
> Looking for server with pid: 2364480
[22:33:09.434] > Found running server...
[22:33:09.519] >  
> *
> * Visual Studio Code Server
> *
> * By using the software, you agree to
> * the Visual Studio Code Server License Terms (https://aka.ms/vscode-server-license) and
[22:33:09.671] > * the Microsoft Privacy Statement (https://privacy.microsoft.com/en-US/privacystatement).
> *
>  
> Checking server status on port 43229 with wget
> 0d0c89dc9fd0: start
> SSH_AUTH_SOCK====
> DISPLAY====
> webUiAccessToken====
> listeningOn==43229==
> osReleaseId==ubuntu==
> arch==x86_64==
> vscodeArch==x64==
> bitness==64==
> tmpDir==/run/user/1013==
> platform==linux==
> unpackResult====
> didLocalDownload==0==
> downloadTime====
> installTime====
> extInstallTime====
> serverStartTime====
> connectionToken==aa1111a1-aa1a-111a-1aaa-11111111111a==
[22:33:09.790] > 0d0c89dc9fd0: end
[22:33:09.791] Received install output: 
SSH_AUTH_SOCK====
DISPLAY====
webUiAccessToken====
listeningOn==43229==
osReleaseId==ubuntu==
arch==x86_64==
vscodeArch==x64==
bitness==64==
tmpDir==/run/user/1013==
platform==linux==
unpackResult====
didLocalDownload==0==
downloadTime====
installTime====
extInstallTime====
serverStartTime====
connectionToken==aa1111a1-aa1a-111a-1aaa-11111111111a==
[22:33:09.794] Remote server is listening on 43229
[22:33:09.794] Parsed server configuration: {"serverConfiguration":{"remoteListeningOn":{"port":43229},"osReleaseId":"ubuntu","arch":"x86_64","webUiAccessToken":"","sshAuthSock":"","display":"","tmpDir":"/run/user/1013","platform":"linux","connectionToken":"aa1111a1-aa1a-111a-1aaa-11111111111a"},"installUnpackCode":""}
[22:33:09.796] Persisting server connection details to /home/panda/.config/Code/User/globalStorage/ms-vscode-remote.remote-ssh/vscode-ssh-host-62d7b149-6c3e3dba23e8fadc360aed75ce363ba185c49794-0.102.0/data.json
[22:33:09.805] Starting forwarding server. localPort 34633 -> socksPort 34425 -> remotePort 43229
[22:33:09.806] Forwarding server listening on 34633
[22:33:09.807] Waiting for ssh tunnel to be ready
[22:33:09.810] [Forwarding server 34633] Got connection 0
[22:33:09.814] Tunneled 43229 to local port 34633
[22:33:09.815] Resolved "ssh-remote+btp" to "127.0.0.1:34633"
[22:33:09.828] ------




[22:33:09.874] [Forwarding server 34633] Got connection 1
[22:33:09.962] [Forwarding server 34633] Got connection 2
[22:33:10.000] [Forwarding server 34633] Got connection 3
[22:34:22.853] [Forwarding server 34633] Got connection 4
[22:34:52.857] Failed to set up socket for dynamic port forward to remote port 43229: Proxy connection timed out. Is the remote port correct?
[22:35:03.202] ------




[22:35:03.202] SSH Resolver called for "ssh-remote+btp", attempt 4, (Reconnection)
[22:35:03.203] SSH Resolver called for host: btp
[22:35:03.203] Setting up SSH remote "btp"
[22:35:03.205] Acquiring local install lock: /tmp/vscode-remote-ssh-62d7b149-install.lock
[22:35:03.206] Looking for existing server data file at /home/panda/.config/Code/User/globalStorage/ms-vscode-remote.remote-ssh/vscode-ssh-host-62d7b149-6c3e3dba23e8fadc360aed75ce363ba185c49794-0.102.0/data.json
[22:35:03.206] Found local server running: {"remoteListeningOn":{"port":43229},"osReleaseId":"ubuntu","arch":"x86_64","webUiAccessToken":"","sshAuthSock":"","display":"","tmpDir":"/run/user/1013","platform":"linux","connectionToken":"aa1111a1-aa1a-111a-1aaa-11111111111a","pid":27885,"ipcHandlePath":"/run/user/1000/vscode-ssh-askpass-5c167255fa7e1ad4e27cbbd324960827775fb7e4.sock","socksPort":34425,"startupTime":1693501387510}
[22:35:03.207] Running server is stale. Ignoring
[22:35:03.207] Using commit id "6c3e3dba23e8fadc360aed75ce363ba185c49794" and quality "stable" for server
[22:35:03.209] Install and start server if needed
[22:35:03.214] askpass server listening on /run/user/1000/vscode-ssh-askpass-b6e50f1adef84d06334e694c0ce5ab3c1c608691.sock
[22:35:03.214] Spawning local server with {"serverId":4,"ipcHandlePath":"/run/user/1000/vscode-ssh-askpass-335ad5f165bb5b408c1fbcce747eee677a998f14.sock","sshCommand":"ssh","sshArgs":["-v","-T","-D","44017","-o","ConnectTimeout=15","btp"],"serverDataFolderName":".vscode-server","dataFilePath":"/home/panda/.config/Code/User/globalStorage/ms-vscode-remote.remote-ssh/vscode-ssh-host-62d7b149-6c3e3dba23e8fadc360aed75ce363ba185c49794-0.102.0/data.json"}
[22:35:03.215] Local server env: {"SHELL":"/bin/zsh","DISPLAY":":0","ELECTRON_RUN_AS_NODE":"1","SSH_ASKPASS":"/home/panda/.vscode/extensions/ms-vscode-remote.remote-ssh-0.102.0/out/local-server/askpass.sh","VSCODE_SSH_ASKPASS_NODE":"/opt/visual-studio-code/code","VSCODE_SSH_ASKPASS_EXTRA_ARGS":"--ms-enable-electron-run-as-node","VSCODE_SSH_ASKPASS_MAIN":"/home/panda/.vscode/extensions/ms-vscode-remote.remote-ssh-0.102.0/out/askpass-main.js","VSCODE_SSH_ASKPASS_HANDLE":"/run/user/1000/vscode-ssh-askpass-b6e50f1adef84d06334e694c0ce5ab3c1c608691.sock"}
[22:35:03.220] Spawned 28078
[22:35:03.324] > local-server-4> Running ssh connection command: "-v -T -D 44017 -o ConnectTimeout=15 btp"
[22:35:03.329] > local-server-4> Spawned ssh, pid=28086
[22:35:03.332] stderr> OpenSSH_9.4p1, OpenSSL 3.1.2 1 Aug 2023
[22:35:07.086] > local-server-3> Timed out
[22:35:07.096] Local server exit: 0
