2023-08-31 19:51:55.831 [info] Reading sessions from secret storage...
2023-08-31 19:51:55.831 [info] Got 0 stored sessions
2023-08-31 19:51:55.852 [info] Getting sessions for all scopes...
2023-08-31 19:51:55.852 [info] Got 0 sessions for all scopes...
2023-08-31 19:51:55.856 [info] Getting sessions for the following scopes: email offline_access openid profile
2023-08-31 19:51:55.856 [info] Got 0 sessions for scopes: email offline_access openid profile
2023-08-31 19:52:19.947 [info] Reading sessions from secret storage...
2023-08-31 19:52:19.947 [info] Got 0 stored sessions
2023-08-31 19:52:19.947 [info] Getting sessions for all scopes...
2023-08-31 19:52:19.947 [info] Got 0 sessions for all scopes...
2023-08-31 19:52:21.253 [info] Getting sessions for the following scopes: email offline_access openid profile
2023-08-31 19:52:21.253 [info] Got 0 sessions for scopes: email offline_access openid profile
2023-08-31 20:23:42.309 [info] Reading sessions from secret storage...
2023-08-31 20:23:42.315 [info] Got 0 stored sessions
2023-08-31 20:23:42.323 [info] Getting sessions for all scopes...
2023-08-31 20:23:42.323 [info] Got 0 sessions for all scopes...
2023-08-31 20:23:42.882 [info] Getting sessions for the following scopes: email offline_access openid profile
2023-08-31 20:23:42.882 [info] Got 0 sessions for scopes: email offline_access openid profile
2023-08-31 21:53:40.560 [info] Reading sessions from secret storage...
2023-08-31 21:53:40.560 [info] Got 0 stored sessions
2023-08-31 21:53:40.560 [info] Getting sessions for all scopes...
2023-08-31 21:53:40.560 [info] Got 0 sessions for all scopes...
2023-08-31 21:53:40.560 [info] Getting sessions for the following scopes: email offline_access openid profile
2023-08-31 21:53:40.560 [info] Got 0 sessions for scopes: email offline_access openid profile
2023-08-31 21:54:07.447 [info] Reading sessions from secret storage...
2023-08-31 21:54:07.447 [info] Got 0 stored sessions
2023-08-31 21:54:07.448 [info] Getting sessions for all scopes...
2023-08-31 21:54:07.448 [info] Got 0 sessions for all scopes...
2023-08-31 21:54:08.201 [info] Getting sessions for the following scopes: email offline_access openid profile
2023-08-31 21:54:08.201 [info] Got 0 sessions for scopes: email offline_access openid profile
2023-08-31 21:54:23.981 [info] Reading sessions from secret storage...
2023-08-31 21:54:23.981 [info] Got 0 stored sessions
2023-08-31 21:54:23.981 [info] Getting sessions for all scopes...
2023-08-31 21:54:23.981 [info] Got 0 sessions for all scopes...
2023-08-31 21:54:25.986 [info] Getting sessions for the following scopes: email offline_access openid profile
2023-08-31 21:54:25.986 [info] Got 0 sessions for scopes: email offline_access openid profile
2023-08-31 22:35:26.775 [info] Reading sessions from secret storage...
2023-08-31 22:35:26.775 [info] Got 0 stored sessions
2023-08-31 22:35:26.775 [info] Getting sessions for all scopes...
2023-08-31 22:35:26.775 [info] Got 0 sessions for all scopes...
2023-08-31 22:35:26.776 [info] Getting sessions for the following scopes: email offline_access openid profile
2023-08-31 22:35:26.776 [info] Got 0 sessions for scopes: email offline_access openid profile
2023-08-31 22:35:45.589 [info] Reading sessions from secret storage...
2023-08-31 22:35:45.589 [info] Got 0 stored sessions
2023-08-31 22:35:45.589 [info] Getting sessions for all scopes...
2023-08-31 22:35:45.589 [info] Got 0 sessions for all scopes...
2023-08-31 22:35:45.590 [info] Getting sessions for the following scopes: email offline_access openid profile
2023-08-31 22:35:45.590 [info] Got 0 sessions for scopes: email offline_access openid profile
2023-08-31 22:36:04.950 [info] Reading sessions from secret storage...
2023-08-31 22:36:04.950 [info] Got 0 stored sessions
2023-08-31 22:36:04.951 [info] Getting sessions for all scopes...
2023-08-31 22:36:04.952 [info] Got 0 sessions for all scopes...
2023-08-31 22:36:04.953 [info] Getting sessions for the following scopes: email offline_access openid profile
2023-08-31 22:36:04.953 [info] Got 0 sessions for scopes: email offline_access openid profile
2023-08-31 22:36:32.138 [info] Reading sessions from secret storage...
2023-08-31 22:36:32.138 [info] Got 0 stored sessions
2023-08-31 22:36:32.138 [info] Getting sessions for all scopes...
2023-08-31 22:36:32.138 [info] Got 0 sessions for all scopes...
2023-08-31 22:36:32.138 [info] Getting sessions for the following scopes: email offline_access openid profile
2023-08-31 22:36:32.138 [info] Got 0 sessions for scopes: email offline_access openid profile
2023-08-31 22:36:51.588 [info] Reading sessions from secret storage...
2023-08-31 22:36:51.588 [info] Got 0 stored sessions
2023-08-31 22:36:51.588 [info] Getting sessions for all scopes...
2023-08-31 22:36:51.588 [info] Got 0 sessions for all scopes...
2023-08-31 22:36:51.589 [info] Getting sessions for the following scopes: email offline_access openid profile
2023-08-31 22:36:51.589 [info] Got 0 sessions for scopes: email offline_access openid profile
2023-08-31 22:37:36.094 [info] Reading sessions from secret storage...
2023-08-31 22:37:36.094 [info] Got 0 stored sessions
2023-08-31 22:37:36.094 [info] Getting sessions for all scopes...
2023-08-31 22:37:36.094 [info] Got 0 sessions for all scopes...
2023-08-31 22:37:36.094 [info] Getting sessions for the following scopes: email offline_access openid profile
2023-08-31 22:37:36.094 [info] Got 0 sessions for scopes: email offline_access openid profile
2023-08-31 22:37:50.806 [info] Reading sessions from secret storage...
2023-08-31 22:37:50.807 [info] Got 0 stored sessions
2023-08-31 22:37:50.809 [info] Getting sessions for all scopes...
2023-08-31 22:37:50.809 [info] Got 0 sessions for all scopes...
2023-08-31 22:37:51.128 [info] Getting sessions for the following scopes: email offline_access openid profile
2023-08-31 22:37:51.128 [info] Got 0 sessions for scopes: email offline_access openid profile
