2023-09-04 15:10:26.373 [info] Log level: Info
2023-09-04 15:10:26.373 [info] Validating found git in: "git"
2023-09-04 15:10:26.373 [info] Using git "2.41.0" from "git"
2023-09-04 15:10:26.373 [info] > git rev-parse --show-toplevel [3ms]
2023-09-04 15:10:26.373 [info] fatal: not a git repository (or any of the parent directories): .git
2023-09-04 15:10:26.374 [info] > git rev-parse --show-toplevel [4ms]
2023-09-04 15:10:26.374 [info] fatal: not a git repository (or any of the parent directories): .git
2023-09-04 15:10:26.382 [info] > git rev-parse --show-toplevel [2ms]
2023-09-04 15:10:26.382 [info] fatal: not a git repository (or any of the parent directories): .git
2023-09-04 15:10:26.389 [info] > git rev-parse --show-toplevel [2ms]
2023-09-04 15:10:26.389 [info] fatal: not a git repository (or any of the parent directories): .git
2023-09-04 15:10:26.402 [info] > git rev-parse --show-toplevel [1ms]
2023-09-04 15:10:26.402 [info] fatal: not a git repository (or any of the parent directories): .git
2023-09-04 15:10:26.432 [info] > git rev-parse --show-toplevel [19ms]
2023-09-04 15:10:26.432 [info] fatal: not a git repository (or any of the parent directories): .git
2023-09-04 15:10:26.787 [info] > git rev-parse --show-toplevel [60ms]
2023-09-04 15:10:26.787 [info] fatal: not a git repository (or any of the parent directories): .git
2023-09-04 15:10:27.460 [info] > git rev-parse --show-toplevel [20ms]
2023-09-04 15:10:27.460 [info] fatal: not a git repository (or any of the parent directories): .git
2023-09-04 15:10:27.480 [info] > git rev-parse --show-toplevel [3ms]
2023-09-04 15:10:27.480 [info] fatal: not a git repository (or any of the parent directories): .git
2023-09-04 15:10:27.538 [info] > git rev-parse --show-toplevel [35ms]
2023-09-04 15:10:27.538 [info] fatal: not a git repository (or any of the parent directories): .git
