2023-09-02 20:33:28.990 [info] Log level: Info
2023-09-02 20:33:28.990 [info] Validating found git in: "git"
2023-09-02 20:33:28.990 [info] Using git "2.41.0" from "git"
2023-09-02 20:33:28.990 [info] > git rev-parse --show-toplevel [26ms]
2023-09-02 20:33:28.990 [info] fatal: not a git repository (or any of the parent directories): .git
2023-09-02 20:33:28.990 [info] > git rev-parse --show-toplevel [31ms]
2023-09-02 20:33:28.990 [info] fatal: not a git repository (or any of the parent directories): .git
2023-09-02 20:33:28.991 [info] > git rev-parse --show-toplevel [4ms]
2023-09-02 20:33:28.991 [info] fatal: not a git repository (or any of the parent directories): .git
2023-09-02 20:33:56.926 [info] > git rev-parse --show-toplevel [2ms]
2023-09-02 20:33:56.926 [info] fatal: not a git repository (or any of the parent directories): .git
2023-09-02 20:39:30.296 [info] > git rev-parse --show-toplevel [3ms]
2023-09-02 20:39:30.296 [info] fatal: not a git repository (or any of the parent directories): .git
2023-09-02 20:39:30.310 [info] > git rev-parse --show-toplevel [1ms]
2023-09-02 20:39:30.310 [info] fatal: not a git repository (or any of the parent directories): .git
2023-09-02 20:39:31.104 [info] > git rev-parse --show-toplevel [1ms]
2023-09-02 20:39:31.104 [info] fatal: not a git repository (or any of the parent directories): .git
2023-09-02 20:39:37.913 [info] > git rev-parse --show-toplevel [2ms]
2023-09-02 20:39:37.913 [info] fatal: not a git repository (or any of the parent directories): .git
2023-09-02 20:39:37.926 [info] > git rev-parse --show-toplevel [3ms]
2023-09-02 20:39:37.926 [info] fatal: not a git repository (or any of the parent directories): .git
2023-09-02 20:39:39.018 [info] > git rev-parse --show-toplevel [2ms]
2023-09-02 20:39:39.018 [info] fatal: not a git repository (or any of the parent directories): .git
2023-09-02 20:39:49.624 [info] > git rev-parse --show-toplevel [14ms]
2023-09-02 20:39:49.624 [info] fatal: not a git repository (or any of the parent directories): .git
2023-09-02 20:39:53.006 [info] > git rev-parse --show-toplevel [2ms]
2023-09-02 20:39:53.006 [info] fatal: not a git repository (or any of the parent directories): .git
