2023-08-30 00:26:55.017 [info] Extension host with pid 65735 started
2023-08-30 00:26:55.017 [info] Skipping acquiring lock for /home/panda/.config/Code/User/workspaceStorage/5e6b1249d09464ac53c053ba51457af2.
2023-08-30 00:26:55.030 [info] $getCanonicalURI invoked for authority (ssh-remote)
2023-08-30 00:26:55.043 [info] ExtensionService#_doActivateExtension ms-vscode-remote.remote-ssh, startup: false, activationEvent: 'onResolveRemoteAuthority:ssh-remote'
2023-08-30 00:26:55.079 [info] [resolveAuthority(ssh-remote,1)][1ms] activating remote resolvers ssh-remote+fcs
2023-08-30 00:26:55.079 [info] [resolveAuthority(ssh-remote,1)][1ms] activating resolver for ssh-remote+fcs...
2023-08-30 00:26:55.079 [info] [resolveAuthority(ssh-remote,1)][1ms] invoking final resolve()...
2023-08-30 00:26:56.079 [info] [resolveAuthority(ssh-remote,1)][1001ms] waiting...
2023-08-30 00:26:56.741 [info] [resolveAuthority(ssh-remote,1)][1663ms] setting tunnel factory...
2023-08-30 00:26:56.742 [info] [resolveAuthority(ssh-remote,1)][1664ms] returned 127.0.0.1:38231
2023-08-30 00:26:57.434 [info] Eager extensions activated
2023-08-30 00:26:57.473 [info] ExtensionService#_doActivateExtension dsznajder.es7-react-js-snippets, startup: false, activationEvent: 'onStartupFinished'
2023-08-30 00:26:57.718 [info] ExtensionService#_doActivateExtension equinusocio.vsc-material-theme-icons, startup: false, activationEvent: 'onStartupFinished'
2023-08-30 00:26:57.749 [info] ExtensionService#_doActivateExtension ms-vscode.remote-explorer, startup: false, activationEvent: 'onCommand:remote-internal.setActiveFolders'
2023-08-30 00:26:57.767 [info] ExtensionService#_doActivateExtension vscode.github-authentication, startup: false, activationEvent: 'onAuthenticationRequest:github'
2023-08-30 00:26:58.519 [info] ExtensionService#_doActivateExtension vscode.microsoft-authentication, startup: false, activationEvent: 'onAuthenticationRequest:microsoft'
2023-08-30 00:29:02.631 [info] ExtensionService#_doActivateExtension vscode.simple-browser, startup: false, activationEvent: 'onOpenExternalUri:http'
2023-08-30 01:19:14.026 [info] $getCanonicalURI invoked for authority (ssh-remote)
2023-08-30 02:00:40.275 [info] [resolveAuthority(ssh-remote,2)][0ms] activating remote resolvers ssh-remote+fcs
2023-08-30 02:00:40.275 [info] [resolveAuthority(ssh-remote,2)][0ms] activating resolver for ssh-remote+fcs...
2023-08-30 02:00:40.276 [info] [resolveAuthority(ssh-remote,2)][1ms] invoking final resolve()...
2023-08-30 02:00:40.439 [error] [resolveAuthority(ssh-remote,2)][161ms] returned an error An unknown error occurred. Please consult the log for more details.
2023-08-30 02:00:42.321 [info] Extension host terminating: renderer closed the MessagePort
2023-08-30 02:00:42.326 [error] Canceled: Canceled
	at new h (/opt/visual-studio-code/resources/app/out/vs/workbench/api/node/extensionHostProcess.js:102:56634)
	at t.O (/opt/visual-studio-code/resources/app/out/vs/workbench/api/node/extensionHostProcess.js:114:8020)
	at N.<computed>.T.charCodeAt.N.<computed> (/opt/visual-studio-code/resources/app/out/vs/workbench/api/node/extensionHostProcess.js:114:5459)
	at a.g (/opt/visual-studio-code/resources/app/out/vs/workbench/api/node/extensionHostProcess.js:102:77241)
	at a.executeCommand (/opt/visual-studio-code/resources/app/out/vs/workbench/api/node/extensionHostProcess.js:102:76679)
	at v.registerCommand.description (/opt/visual-studio-code/resources/app/out/vs/workbench/api/node/extensionHostProcess.js:102:76000)
	at a.h (/opt/visual-studio-code/resources/app/out/vs/workbench/api/node/extensionHostProcess.js:102:77777)
	at a.g (/opt/visual-studio-code/resources/app/out/vs/workbench/api/node/extensionHostProcess.js:102:76772)
	at a.executeCommand (/opt/visual-studio-code/resources/app/out/vs/workbench/api/node/extensionHostProcess.js:102:76679)
	at Object.executeCommand (/opt/visual-studio-code/resources/app/out/vs/workbench/api/node/extensionHostProcess.js:120:20977)
	at t.shutdown (/home/panda/.vscode/extensions/ms-vscode-remote.remote-ssh-0.102.0/out/extension.js:1:646929)
	at e.deactivate (/home/panda/.vscode/extensions/ms-vscode-remote.remote-ssh-0.102.0/out/extension.js:1:723956)
	at r.Z (/opt/visual-studio-code/resources/app/out/vs/workbench/api/node/extensionHostProcess.js:116:9494)
	at /opt/visual-studio-code/resources/app/out/vs/workbench/api/node/extensionHostProcess.js:116:7582
	at Array.map (<anonymous>)
	at r.S (/opt/visual-studio-code/resources/app/out/vs/workbench/api/node/extensionHostProcess.js:116:7570)
	at r.terminate (/opt/visual-studio-code/resources/app/out/vs/workbench/api/node/extensionHostProcess.js:116:7842)
	at s.terminate (/opt/visual-studio-code/resources/app/out/vs/workbench/api/node/extensionHostProcess.js:120:1506)
	at C (/opt/visual-studio-code/resources/app/out/vs/workbench/api/node/extensionHostProcess.js:130:32254)
	at MessagePortMain.<anonymous> (/opt/visual-studio-code/resources/app/out/vs/workbench/api/node/extensionHostProcess.js:130:28679)
	at MessagePortMain.emit (node:events:513:28)
	at MessagePortMain._internalPort.emit (node:electron/js2c/utility_init:2:367) setContext undefined
2023-08-30 02:00:42.326 [info] Extension host with pid 65735 exiting with code 0
2023-08-30 02:00:43.462 [info] Extension host with pid 81593 started
2023-08-30 02:00:43.462 [info] Skipping acquiring lock for /home/panda/.config/Code/User/workspaceStorage/5e6b1249d09464ac53c053ba51457af2.
2023-08-30 02:00:43.467 [info] $getCanonicalURI invoked for authority (ssh-remote)
2023-08-30 02:00:43.475 [info] ExtensionService#_doActivateExtension ms-vscode-remote.remote-ssh, startup: false, activationEvent: 'onResolveRemoteAuthority:ssh-remote'
2023-08-30 02:00:43.524 [info] [resolveAuthority(ssh-remote,1)][1ms] activating remote resolvers ssh-remote+fcs
2023-08-30 02:00:43.524 [info] [resolveAuthority(ssh-remote,1)][1ms] activating resolver for ssh-remote+fcs...
2023-08-30 02:00:43.524 [info] [resolveAuthority(ssh-remote,1)][1ms] invoking final resolve()...
2023-08-30 02:00:43.777 [error] [resolveAuthority(ssh-remote,1)][249ms] returned an error An unknown error occurred. Please consult the log for more details.
2023-08-30 02:00:43.881 [info] Eager extensions activated
2023-08-30 02:00:43.954 [info] ExtensionService#_doActivateExtension dsznajder.es7-react-js-snippets, startup: false, activationEvent: 'onStartupFinished'
2023-08-30 02:00:44.246 [info] ExtensionService#_doActivateExtension equinusocio.vsc-material-theme-icons, startup: false, activationEvent: 'onStartupFinished'
2023-08-30 02:00:44.267 [info] ExtensionService#_doActivateExtension ms-vscode.remote-explorer, startup: false, activationEvent: 'onCommand:remote-internal.setActiveFolders'
2023-08-30 02:00:46.489 [info] Extension host terminating: renderer closed the MessagePort
2023-08-30 02:00:46.493 [error] Canceled: Canceled
	at new h (/opt/visual-studio-code/resources/app/out/vs/workbench/api/node/extensionHostProcess.js:102:56634)
	at t.O (/opt/visual-studio-code/resources/app/out/vs/workbench/api/node/extensionHostProcess.js:114:8020)
	at N.<computed>.T.charCodeAt.N.<computed> (/opt/visual-studio-code/resources/app/out/vs/workbench/api/node/extensionHostProcess.js:114:5459)
	at a.g (/opt/visual-studio-code/resources/app/out/vs/workbench/api/node/extensionHostProcess.js:102:77241)
	at a.executeCommand (/opt/visual-studio-code/resources/app/out/vs/workbench/api/node/extensionHostProcess.js:102:76679)
	at v.registerCommand.description (/opt/visual-studio-code/resources/app/out/vs/workbench/api/node/extensionHostProcess.js:102:76000)
	at a.h (/opt/visual-studio-code/resources/app/out/vs/workbench/api/node/extensionHostProcess.js:102:77777)
	at a.g (/opt/visual-studio-code/resources/app/out/vs/workbench/api/node/extensionHostProcess.js:102:76772)
	at a.executeCommand (/opt/visual-studio-code/resources/app/out/vs/workbench/api/node/extensionHostProcess.js:102:76679)
	at Object.executeCommand (/opt/visual-studio-code/resources/app/out/vs/workbench/api/node/extensionHostProcess.js:120:20977)
	at t.shutdown (/home/panda/.vscode/extensions/ms-vscode-remote.remote-ssh-0.102.0/out/extension.js:1:646929)
	at e.deactivate (/home/panda/.vscode/extensions/ms-vscode-remote.remote-ssh-0.102.0/out/extension.js:1:723956)
	at r.Z (/opt/visual-studio-code/resources/app/out/vs/workbench/api/node/extensionHostProcess.js:116:9494)
	at /opt/visual-studio-code/resources/app/out/vs/workbench/api/node/extensionHostProcess.js:116:7582
	at Array.map (<anonymous>)
	at r.S (/opt/visual-studio-code/resources/app/out/vs/workbench/api/node/extensionHostProcess.js:116:7570)
	at r.terminate (/opt/visual-studio-code/resources/app/out/vs/workbench/api/node/extensionHostProcess.js:116:7842)
	at s.terminate (/opt/visual-studio-code/resources/app/out/vs/workbench/api/node/extensionHostProcess.js:120:1506)
	at C (/opt/visual-studio-code/resources/app/out/vs/workbench/api/node/extensionHostProcess.js:130:32254)
	at MessagePortMain.<anonymous> (/opt/visual-studio-code/resources/app/out/vs/workbench/api/node/extensionHostProcess.js:130:28679)
	at MessagePortMain.emit (node:events:513:28)
	at MessagePortMain._internalPort.emit (node:electron/js2c/utility_init:2:367) setContext undefined
2023-08-30 02:00:46.493 [info] Extension host with pid 81593 exiting with code 0
2023-08-30 02:00:47.515 [info] Extension host with pid 81643 started
2023-08-30 02:00:47.516 [info] Skipping acquiring lock for /home/panda/.config/Code/User/workspaceStorage/5e6b1249d09464ac53c053ba51457af2.
2023-08-30 02:00:47.516 [info] $getCanonicalURI invoked for authority (ssh-remote)
2023-08-30 02:00:47.522 [info] ExtensionService#_doActivateExtension ms-vscode-remote.remote-ssh, startup: false, activationEvent: 'onResolveRemoteAuthority:ssh-remote'
2023-08-30 02:00:47.558 [info] [resolveAuthority(ssh-remote,1)][0ms] activating remote resolvers ssh-remote+fcs
2023-08-30 02:00:47.558 [info] [resolveAuthority(ssh-remote,1)][0ms] activating resolver for ssh-remote+fcs...
2023-08-30 02:00:47.558 [info] [resolveAuthority(ssh-remote,1)][0ms] invoking final resolve()...
2023-08-30 02:00:47.798 [error] [resolveAuthority(ssh-remote,1)][235ms] returned an error An unknown error occurred. Please consult the log for more details.
2023-08-30 02:00:47.864 [info] Eager extensions activated
2023-08-30 02:00:47.910 [info] ExtensionService#_doActivateExtension dsznajder.es7-react-js-snippets, startup: false, activationEvent: 'onStartupFinished'
2023-08-30 02:00:48.175 [info] ExtensionService#_doActivateExtension equinusocio.vsc-material-theme-icons, startup: false, activationEvent: 'onStartupFinished'
2023-08-30 02:00:48.196 [info] ExtensionService#_doActivateExtension ms-vscode.remote-explorer, startup: false, activationEvent: 'onCommand:remote-internal.setActiveFolders'
2023-08-30 02:00:49.619 [info] Extension host terminating: renderer closed the MessagePort
2023-08-30 02:00:49.622 [error] Canceled: Canceled
	at new h (/opt/visual-studio-code/resources/app/out/vs/workbench/api/node/extensionHostProcess.js:102:56634)
	at t.O (/opt/visual-studio-code/resources/app/out/vs/workbench/api/node/extensionHostProcess.js:114:8020)
	at N.<computed>.T.charCodeAt.N.<computed> (/opt/visual-studio-code/resources/app/out/vs/workbench/api/node/extensionHostProcess.js:114:5459)
	at a.g (/opt/visual-studio-code/resources/app/out/vs/workbench/api/node/extensionHostProcess.js:102:77241)
	at a.executeCommand (/opt/visual-studio-code/resources/app/out/vs/workbench/api/node/extensionHostProcess.js:102:76679)
	at v.registerCommand.description (/opt/visual-studio-code/resources/app/out/vs/workbench/api/node/extensionHostProcess.js:102:76000)
	at a.h (/opt/visual-studio-code/resources/app/out/vs/workbench/api/node/extensionHostProcess.js:102:77777)
	at a.g (/opt/visual-studio-code/resources/app/out/vs/workbench/api/node/extensionHostProcess.js:102:76772)
	at a.executeCommand (/opt/visual-studio-code/resources/app/out/vs/workbench/api/node/extensionHostProcess.js:102:76679)
	at Object.executeCommand (/opt/visual-studio-code/resources/app/out/vs/workbench/api/node/extensionHostProcess.js:120:20977)
	at t.shutdown (/home/panda/.vscode/extensions/ms-vscode-remote.remote-ssh-0.102.0/out/extension.js:1:646929)
	at e.deactivate (/home/panda/.vscode/extensions/ms-vscode-remote.remote-ssh-0.102.0/out/extension.js:1:723956)
	at r.Z (/opt/visual-studio-code/resources/app/out/vs/workbench/api/node/extensionHostProcess.js:116:9494)
	at /opt/visual-studio-code/resources/app/out/vs/workbench/api/node/extensionHostProcess.js:116:7582
	at Array.map (<anonymous>)
	at r.S (/opt/visual-studio-code/resources/app/out/vs/workbench/api/node/extensionHostProcess.js:116:7570)
	at r.terminate (/opt/visual-studio-code/resources/app/out/vs/workbench/api/node/extensionHostProcess.js:116:7842)
	at s.terminate (/opt/visual-studio-code/resources/app/out/vs/workbench/api/node/extensionHostProcess.js:120:1506)
	at C (/opt/visual-studio-code/resources/app/out/vs/workbench/api/node/extensionHostProcess.js:130:32254)
	at MessagePortMain.<anonymous> (/opt/visual-studio-code/resources/app/out/vs/workbench/api/node/extensionHostProcess.js:130:28679)
	at MessagePortMain.emit (node:events:513:28)
	at MessagePortMain._internalPort.emit (node:electron/js2c/utility_init:2:367) setContext undefined
2023-08-30 02:00:49.623 [info] Extension host with pid 81643 exiting with code 0
2023-08-30 02:00:50.372 [info] Extension host with pid 81701 started
2023-08-30 02:00:50.373 [info] Skipping acquiring lock for /home/panda/.config/Code/User/workspaceStorage/5e6b1249d09464ac53c053ba51457af2.
2023-08-30 02:00:50.376 [info] $getCanonicalURI invoked for authority (ssh-remote)
2023-08-30 02:00:50.385 [info] ExtensionService#_doActivateExtension ms-vscode-remote.remote-ssh, startup: false, activationEvent: 'onResolveRemoteAuthority:ssh-remote'
2023-08-30 02:00:50.433 [info] [resolveAuthority(ssh-remote,1)][0ms] activating remote resolvers ssh-remote+fcs
2023-08-30 02:00:50.433 [info] [resolveAuthority(ssh-remote,1)][0ms] activating resolver for ssh-remote+fcs...
2023-08-30 02:00:50.433 [info] [resolveAuthority(ssh-remote,1)][0ms] invoking final resolve()...
2023-08-30 02:00:50.686 [error] [resolveAuthority(ssh-remote,1)][249ms] returned an error An unknown error occurred. Please consult the log for more details.
2023-08-30 02:00:50.796 [info] Eager extensions activated
2023-08-30 02:00:50.848 [info] ExtensionService#_doActivateExtension dsznajder.es7-react-js-snippets, startup: false, activationEvent: 'onStartupFinished'
2023-08-30 02:00:51.166 [info] ExtensionService#_doActivateExtension equinusocio.vsc-material-theme-icons, startup: false, activationEvent: 'onStartupFinished'
2023-08-30 02:00:51.183 [info] ExtensionService#_doActivateExtension ms-vscode.remote-explorer, startup: false, activationEvent: 'onCommand:remote-internal.setActiveFolders'
2023-08-30 02:00:52.554 [info] Extension host terminating: renderer closed the MessagePort
2023-08-30 02:00:52.559 [error] Canceled: Canceled
	at new h (/opt/visual-studio-code/resources/app/out/vs/workbench/api/node/extensionHostProcess.js:102:56634)
	at t.O (/opt/visual-studio-code/resources/app/out/vs/workbench/api/node/extensionHostProcess.js:114:8020)
	at N.<computed>.T.charCodeAt.N.<computed> (/opt/visual-studio-code/resources/app/out/vs/workbench/api/node/extensionHostProcess.js:114:5459)
	at a.g (/opt/visual-studio-code/resources/app/out/vs/workbench/api/node/extensionHostProcess.js:102:77241)
	at a.executeCommand (/opt/visual-studio-code/resources/app/out/vs/workbench/api/node/extensionHostProcess.js:102:76679)
	at v.registerCommand.description (/opt/visual-studio-code/resources/app/out/vs/workbench/api/node/extensionHostProcess.js:102:76000)
	at a.h (/opt/visual-studio-code/resources/app/out/vs/workbench/api/node/extensionHostProcess.js:102:77777)
	at a.g (/opt/visual-studio-code/resources/app/out/vs/workbench/api/node/extensionHostProcess.js:102:76772)
	at a.executeCommand (/opt/visual-studio-code/resources/app/out/vs/workbench/api/node/extensionHostProcess.js:102:76679)
	at Object.executeCommand (/opt/visual-studio-code/resources/app/out/vs/workbench/api/node/extensionHostProcess.js:120:20977)
	at t.shutdown (/home/panda/.vscode/extensions/ms-vscode-remote.remote-ssh-0.102.0/out/extension.js:1:646929)
	at e.deactivate (/home/panda/.vscode/extensions/ms-vscode-remote.remote-ssh-0.102.0/out/extension.js:1:723956)
	at r.Z (/opt/visual-studio-code/resources/app/out/vs/workbench/api/node/extensionHostProcess.js:116:9494)
	at /opt/visual-studio-code/resources/app/out/vs/workbench/api/node/extensionHostProcess.js:116:7582
	at Array.map (<anonymous>)
	at r.S (/opt/visual-studio-code/resources/app/out/vs/workbench/api/node/extensionHostProcess.js:116:7570)
	at r.terminate (/opt/visual-studio-code/resources/app/out/vs/workbench/api/node/extensionHostProcess.js:116:7842)
	at s.terminate (/opt/visual-studio-code/resources/app/out/vs/workbench/api/node/extensionHostProcess.js:120:1506)
	at C (/opt/visual-studio-code/resources/app/out/vs/workbench/api/node/extensionHostProcess.js:130:32254)
	at MessagePortMain.<anonymous> (/opt/visual-studio-code/resources/app/out/vs/workbench/api/node/extensionHostProcess.js:130:28679)
	at MessagePortMain.emit (node:events:513:28)
	at MessagePortMain._internalPort.emit (node:electron/js2c/utility_init:2:367) setContext undefined
2023-08-30 02:00:52.559 [info] Extension host with pid 81701 exiting with code 0
2023-08-30 02:00:53.314 [info] Extension host with pid 81760 started
2023-08-30 02:00:53.314 [info] Skipping acquiring lock for /home/panda/.config/Code/User/workspaceStorage/5e6b1249d09464ac53c053ba51457af2.
2023-08-30 02:00:53.317 [info] $getCanonicalURI invoked for authority (ssh-remote)
2023-08-30 02:00:53.322 [info] ExtensionService#_doActivateExtension ms-vscode-remote.remote-ssh, startup: false, activationEvent: 'onResolveRemoteAuthority:ssh-remote'
2023-08-30 02:00:53.352 [info] [resolveAuthority(ssh-remote,1)][0ms] activating remote resolvers ssh-remote+fcs
2023-08-30 02:00:53.352 [info] [resolveAuthority(ssh-remote,1)][0ms] activating resolver for ssh-remote+fcs...
2023-08-30 02:00:53.352 [info] [resolveAuthority(ssh-remote,1)][0ms] invoking final resolve()...
2023-08-30 02:00:53.591 [error] [resolveAuthority(ssh-remote,1)][234ms] returned an error An unknown error occurred. Please consult the log for more details.
2023-08-30 02:00:53.664 [info] Eager extensions activated
2023-08-30 02:00:53.705 [info] ExtensionService#_doActivateExtension dsznajder.es7-react-js-snippets, startup: false, activationEvent: 'onStartupFinished'
2023-08-30 02:00:53.971 [info] ExtensionService#_doActivateExtension equinusocio.vsc-material-theme-icons, startup: false, activationEvent: 'onStartupFinished'
2023-08-30 02:00:53.989 [info] ExtensionService#_doActivateExtension ms-vscode.remote-explorer, startup: false, activationEvent: 'onCommand:remote-internal.setActiveFolders'
2023-08-30 02:00:55.356 [info] Extension host terminating: renderer closed the MessagePort
2023-08-30 02:00:55.364 [error] Canceled: Canceled
	at new h (/opt/visual-studio-code/resources/app/out/vs/workbench/api/node/extensionHostProcess.js:102:56634)
	at t.O (/opt/visual-studio-code/resources/app/out/vs/workbench/api/node/extensionHostProcess.js:114:8020)
	at N.<computed>.T.charCodeAt.N.<computed> (/opt/visual-studio-code/resources/app/out/vs/workbench/api/node/extensionHostProcess.js:114:5459)
	at a.g (/opt/visual-studio-code/resources/app/out/vs/workbench/api/node/extensionHostProcess.js:102:77241)
	at a.executeCommand (/opt/visual-studio-code/resources/app/out/vs/workbench/api/node/extensionHostProcess.js:102:76679)
	at v.registerCommand.description (/opt/visual-studio-code/resources/app/out/vs/workbench/api/node/extensionHostProcess.js:102:76000)
	at a.h (/opt/visual-studio-code/resources/app/out/vs/workbench/api/node/extensionHostProcess.js:102:77777)
	at a.g (/opt/visual-studio-code/resources/app/out/vs/workbench/api/node/extensionHostProcess.js:102:76772)
	at a.executeCommand (/opt/visual-studio-code/resources/app/out/vs/workbench/api/node/extensionHostProcess.js:102:76679)
	at Object.executeCommand (/opt/visual-studio-code/resources/app/out/vs/workbench/api/node/extensionHostProcess.js:120:20977)
	at t.shutdown (/home/panda/.vscode/extensions/ms-vscode-remote.remote-ssh-0.102.0/out/extension.js:1:646929)
	at e.deactivate (/home/panda/.vscode/extensions/ms-vscode-remote.remote-ssh-0.102.0/out/extension.js:1:723956)
	at r.Z (/opt/visual-studio-code/resources/app/out/vs/workbench/api/node/extensionHostProcess.js:116:9494)
	at /opt/visual-studio-code/resources/app/out/vs/workbench/api/node/extensionHostProcess.js:116:7582
	at Array.map (<anonymous>)
	at r.S (/opt/visual-studio-code/resources/app/out/vs/workbench/api/node/extensionHostProcess.js:116:7570)
	at r.terminate (/opt/visual-studio-code/resources/app/out/vs/workbench/api/node/extensionHostProcess.js:116:7842)
	at s.terminate (/opt/visual-studio-code/resources/app/out/vs/workbench/api/node/extensionHostProcess.js:120:1506)
	at C (/opt/visual-studio-code/resources/app/out/vs/workbench/api/node/extensionHostProcess.js:130:32254)
	at MessagePortMain.<anonymous> (/opt/visual-studio-code/resources/app/out/vs/workbench/api/node/extensionHostProcess.js:130:28679)
	at MessagePortMain.emit (node:events:513:28)
	at MessagePortMain._internalPort.emit (node:electron/js2c/utility_init:2:367) setContext undefined
2023-08-30 02:00:55.365 [info] Extension host with pid 81760 exiting with code 0
2023-08-30 02:00:56.353 [info] Extension host with pid 81818 started
2023-08-30 02:00:56.353 [info] Skipping acquiring lock for /home/panda/.config/Code/User/workspaceStorage/5e6b1249d09464ac53c053ba51457af2.
2023-08-30 02:00:56.353 [info] $getCanonicalURI invoked for authority (ssh-remote)
2023-08-30 02:00:56.361 [info] ExtensionService#_doActivateExtension ms-vscode-remote.remote-ssh, startup: false, activationEvent: 'onResolveRemoteAuthority:ssh-remote'
2023-08-30 02:00:56.400 [info] [resolveAuthority(ssh-remote,1)][0ms] activating remote resolvers ssh-remote+fcs
2023-08-30 02:00:56.400 [info] [resolveAuthority(ssh-remote,1)][0ms] activating resolver for ssh-remote+fcs...
2023-08-30 02:00:56.400 [info] [resolveAuthority(ssh-remote,1)][0ms] invoking final resolve()...
2023-08-30 02:00:56.620 [error] [resolveAuthority(ssh-remote,1)][216ms] returned an error An unknown error occurred. Please consult the log for more details.
2023-08-30 02:00:56.865 [info] Eager extensions activated
2023-08-30 02:00:56.905 [info] ExtensionService#_doActivateExtension dsznajder.es7-react-js-snippets, startup: false, activationEvent: 'onStartupFinished'
2023-08-30 02:00:57.107 [info] ExtensionService#_doActivateExtension equinusocio.vsc-material-theme-icons, startup: false, activationEvent: 'onStartupFinished'
2023-08-30 02:00:57.124 [info] ExtensionService#_doActivateExtension ms-vscode.remote-explorer, startup: false, activationEvent: 'onCommand:remote-internal.setActiveFolders'
2023-08-30 02:00:58.060 [info] Extension host terminating: renderer closed the MessagePort
2023-08-30 02:00:58.065 [error] Canceled: Canceled
	at new h (/opt/visual-studio-code/resources/app/out/vs/workbench/api/node/extensionHostProcess.js:102:56634)
	at t.O (/opt/visual-studio-code/resources/app/out/vs/workbench/api/node/extensionHostProcess.js:114:8020)
	at N.<computed>.T.charCodeAt.N.<computed> (/opt/visual-studio-code/resources/app/out/vs/workbench/api/node/extensionHostProcess.js:114:5459)
	at a.g (/opt/visual-studio-code/resources/app/out/vs/workbench/api/node/extensionHostProcess.js:102:77241)
	at a.executeCommand (/opt/visual-studio-code/resources/app/out/vs/workbench/api/node/extensionHostProcess.js:102:76679)
	at v.registerCommand.description (/opt/visual-studio-code/resources/app/out/vs/workbench/api/node/extensionHostProcess.js:102:76000)
	at a.h (/opt/visual-studio-code/resources/app/out/vs/workbench/api/node/extensionHostProcess.js:102:77777)
	at a.g (/opt/visual-studio-code/resources/app/out/vs/workbench/api/node/extensionHostProcess.js:102:76772)
	at a.executeCommand (/opt/visual-studio-code/resources/app/out/vs/workbench/api/node/extensionHostProcess.js:102:76679)
	at Object.executeCommand (/opt/visual-studio-code/resources/app/out/vs/workbench/api/node/extensionHostProcess.js:120:20977)
	at t.shutdown (/home/panda/.vscode/extensions/ms-vscode-remote.remote-ssh-0.102.0/out/extension.js:1:646929)
	at e.deactivate (/home/panda/.vscode/extensions/ms-vscode-remote.remote-ssh-0.102.0/out/extension.js:1:723956)
	at r.Z (/opt/visual-studio-code/resources/app/out/vs/workbench/api/node/extensionHostProcess.js:116:9494)
	at /opt/visual-studio-code/resources/app/out/vs/workbench/api/node/extensionHostProcess.js:116:7582
	at Array.map (<anonymous>)
	at r.S (/opt/visual-studio-code/resources/app/out/vs/workbench/api/node/extensionHostProcess.js:116:7570)
	at r.terminate (/opt/visual-studio-code/resources/app/out/vs/workbench/api/node/extensionHostProcess.js:116:7842)
	at s.terminate (/opt/visual-studio-code/resources/app/out/vs/workbench/api/node/extensionHostProcess.js:120:1506)
	at C (/opt/visual-studio-code/resources/app/out/vs/workbench/api/node/extensionHostProcess.js:130:32254)
	at MessagePortMain.<anonymous> (/opt/visual-studio-code/resources/app/out/vs/workbench/api/node/extensionHostProcess.js:130:28679)
	at MessagePortMain.emit (node:events:513:28)
	at MessagePortMain._internalPort.emit (node:electron/js2c/utility_init:2:367) setContext undefined
2023-08-30 02:00:58.065 [info] Extension host with pid 81818 exiting with code 0
2023-08-30 02:00:58.820 [info] Extension host with pid 81876 started
2023-08-30 02:00:58.820 [info] Skipping acquiring lock for /home/panda/.config/Code/User/workspaceStorage/5e6b1249d09464ac53c053ba51457af2.
2023-08-30 02:00:58.823 [info] $getCanonicalURI invoked for authority (ssh-remote)
2023-08-30 02:00:58.829 [info] ExtensionService#_doActivateExtension ms-vscode-remote.remote-ssh, startup: false, activationEvent: 'onResolveRemoteAuthority:ssh-remote'
2023-08-30 02:00:58.861 [info] [resolveAuthority(ssh-remote,1)][0ms] activating remote resolvers ssh-remote+fcs
2023-08-30 02:00:58.861 [info] [resolveAuthority(ssh-remote,1)][0ms] activating resolver for ssh-remote+fcs...
2023-08-30 02:00:58.861 [info] [resolveAuthority(ssh-remote,1)][0ms] invoking final resolve()...
2023-08-30 02:00:59.083 [error] [resolveAuthority(ssh-remote,1)][217ms] returned an error An unknown error occurred. Please consult the log for more details.
2023-08-30 02:00:59.189 [info] Eager extensions activated
2023-08-30 02:00:59.242 [info] ExtensionService#_doActivateExtension dsznajder.es7-react-js-snippets, startup: false, activationEvent: 'onStartupFinished'
2023-08-30 02:00:59.644 [info] ExtensionService#_doActivateExtension equinusocio.vsc-material-theme-icons, startup: false, activationEvent: 'onStartupFinished'
2023-08-30 02:00:59.663 [info] ExtensionService#_doActivateExtension ms-vscode.remote-explorer, startup: false, activationEvent: 'onCommand:remote-internal.setActiveFolders'
2023-08-30 02:01:00.056 [info] Extension host terminating: renderer closed the MessagePort
2023-08-30 02:01:00.064 [error] Canceled: Canceled
	at new h (/opt/visual-studio-code/resources/app/out/vs/workbench/api/node/extensionHostProcess.js:102:56634)
	at t.O (/opt/visual-studio-code/resources/app/out/vs/workbench/api/node/extensionHostProcess.js:114:8020)
	at N.<computed>.T.charCodeAt.N.<computed> (/opt/visual-studio-code/resources/app/out/vs/workbench/api/node/extensionHostProcess.js:114:5459)
	at a.g (/opt/visual-studio-code/resources/app/out/vs/workbench/api/node/extensionHostProcess.js:102:77241)
	at a.executeCommand (/opt/visual-studio-code/resources/app/out/vs/workbench/api/node/extensionHostProcess.js:102:76679)
	at v.registerCommand.description (/opt/visual-studio-code/resources/app/out/vs/workbench/api/node/extensionHostProcess.js:102:76000)
	at a.h (/opt/visual-studio-code/resources/app/out/vs/workbench/api/node/extensionHostProcess.js:102:77777)
	at a.g (/opt/visual-studio-code/resources/app/out/vs/workbench/api/node/extensionHostProcess.js:102:76772)
	at a.executeCommand (/opt/visual-studio-code/resources/app/out/vs/workbench/api/node/extensionHostProcess.js:102:76679)
	at Object.executeCommand (/opt/visual-studio-code/resources/app/out/vs/workbench/api/node/extensionHostProcess.js:120:20977)
	at t.shutdown (/home/panda/.vscode/extensions/ms-vscode-remote.remote-ssh-0.102.0/out/extension.js:1:646929)
	at e.deactivate (/home/panda/.vscode/extensions/ms-vscode-remote.remote-ssh-0.102.0/out/extension.js:1:723956)
	at r.Z (/opt/visual-studio-code/resources/app/out/vs/workbench/api/node/extensionHostProcess.js:116:9494)
	at /opt/visual-studio-code/resources/app/out/vs/workbench/api/node/extensionHostProcess.js:116:7582
	at Array.map (<anonymous>)
	at r.S (/opt/visual-studio-code/resources/app/out/vs/workbench/api/node/extensionHostProcess.js:116:7570)
	at r.terminate (/opt/visual-studio-code/resources/app/out/vs/workbench/api/node/extensionHostProcess.js:116:7842)
	at s.terminate (/opt/visual-studio-code/resources/app/out/vs/workbench/api/node/extensionHostProcess.js:120:1506)
	at C (/opt/visual-studio-code/resources/app/out/vs/workbench/api/node/extensionHostProcess.js:130:32254)
	at MessagePortMain.<anonymous> (/opt/visual-studio-code/resources/app/out/vs/workbench/api/node/extensionHostProcess.js:130:28679)
	at MessagePortMain.emit (node:events:513:28)
	at MessagePortMain._internalPort.emit (node:electron/js2c/utility_init:2:367) setContext undefined
2023-08-30 02:01:00.065 [info] Extension host with pid 81876 exiting with code 0
2023-08-30 02:01:00.939 [info] Extension host with pid 81933 started
2023-08-30 02:01:00.939 [info] Skipping acquiring lock for /home/panda/.config/Code/User/workspaceStorage/5e6b1249d09464ac53c053ba51457af2.
2023-08-30 02:01:00.943 [info] $getCanonicalURI invoked for authority (ssh-remote)
2023-08-30 02:01:00.948 [info] ExtensionService#_doActivateExtension ms-vscode-remote.remote-ssh, startup: false, activationEvent: 'onResolveRemoteAuthority:ssh-remote'
2023-08-30 02:01:00.996 [info] [resolveAuthority(ssh-remote,1)][0ms] activating remote resolvers ssh-remote+fcs
2023-08-30 02:01:00.996 [info] [resolveAuthority(ssh-remote,1)][0ms] activating resolver for ssh-remote+fcs...
2023-08-30 02:01:00.996 [info] [resolveAuthority(ssh-remote,1)][0ms] invoking final resolve()...
2023-08-30 02:01:01.235 [error] [resolveAuthority(ssh-remote,1)][234ms] returned an error An unknown error occurred. Please consult the log for more details.
2023-08-30 02:01:01.301 [info] Eager extensions activated
2023-08-30 02:01:01.383 [info] ExtensionService#_doActivateExtension dsznajder.es7-react-js-snippets, startup: false, activationEvent: 'onStartupFinished'
2023-08-30 02:01:01.693 [info] ExtensionService#_doActivateExtension equinusocio.vsc-material-theme-icons, startup: false, activationEvent: 'onStartupFinished'
2023-08-30 02:01:01.717 [info] ExtensionService#_doActivateExtension ms-vscode.remote-explorer, startup: false, activationEvent: 'onCommand:remote-internal.setActiveFolders'
2023-08-30 02:01:02.061 [info] Extension host terminating: renderer closed the MessagePort
2023-08-30 02:01:02.076 [error] Canceled: Canceled
	at new h (/opt/visual-studio-code/resources/app/out/vs/workbench/api/node/extensionHostProcess.js:102:56634)
	at t.O (/opt/visual-studio-code/resources/app/out/vs/workbench/api/node/extensionHostProcess.js:114:8020)
	at N.<computed>.T.charCodeAt.N.<computed> (/opt/visual-studio-code/resources/app/out/vs/workbench/api/node/extensionHostProcess.js:114:5459)
	at a.g (/opt/visual-studio-code/resources/app/out/vs/workbench/api/node/extensionHostProcess.js:102:77241)
	at a.executeCommand (/opt/visual-studio-code/resources/app/out/vs/workbench/api/node/extensionHostProcess.js:102:76679)
	at v.registerCommand.description (/opt/visual-studio-code/resources/app/out/vs/workbench/api/node/extensionHostProcess.js:102:76000)
	at a.h (/opt/visual-studio-code/resources/app/out/vs/workbench/api/node/extensionHostProcess.js:102:77777)
	at a.g (/opt/visual-studio-code/resources/app/out/vs/workbench/api/node/extensionHostProcess.js:102:76772)
	at a.executeCommand (/opt/visual-studio-code/resources/app/out/vs/workbench/api/node/extensionHostProcess.js:102:76679)
	at Object.executeCommand (/opt/visual-studio-code/resources/app/out/vs/workbench/api/node/extensionHostProcess.js:120:20977)
	at t.shutdown (/home/panda/.vscode/extensions/ms-vscode-remote.remote-ssh-0.102.0/out/extension.js:1:646929)
	at e.deactivate (/home/panda/.vscode/extensions/ms-vscode-remote.remote-ssh-0.102.0/out/extension.js:1:723956)
	at r.Z (/opt/visual-studio-code/resources/app/out/vs/workbench/api/node/extensionHostProcess.js:116:9494)
	at /opt/visual-studio-code/resources/app/out/vs/workbench/api/node/extensionHostProcess.js:116:7582
	at Array.map (<anonymous>)
	at r.S (/opt/visual-studio-code/resources/app/out/vs/workbench/api/node/extensionHostProcess.js:116:7570)
	at r.terminate (/opt/visual-studio-code/resources/app/out/vs/workbench/api/node/extensionHostProcess.js:116:7842)
	at s.terminate (/opt/visual-studio-code/resources/app/out/vs/workbench/api/node/extensionHostProcess.js:120:1506)
	at C (/opt/visual-studio-code/resources/app/out/vs/workbench/api/node/extensionHostProcess.js:130:32254)
	at MessagePortMain.<anonymous> (/opt/visual-studio-code/resources/app/out/vs/workbench/api/node/extensionHostProcess.js:130:28679)
	at MessagePortMain.emit (node:events:513:28)
	at MessagePortMain._internalPort.emit (node:electron/js2c/utility_init:2:367) setContext undefined
2023-08-30 02:01:02.077 [info] Extension host with pid 81933 exiting with code 0
2023-08-30 02:01:02.995 [info] Extension host with pid 81990 started
2023-08-30 02:01:02.995 [info] Skipping acquiring lock for /home/panda/.config/Code/User/workspaceStorage/5e6b1249d09464ac53c053ba51457af2.
2023-08-30 02:01:03.000 [info] $getCanonicalURI invoked for authority (ssh-remote)
2023-08-30 02:01:03.007 [info] ExtensionService#_doActivateExtension ms-vscode-remote.remote-ssh, startup: false, activationEvent: 'onResolveRemoteAuthority:ssh-remote'
2023-08-30 02:01:03.046 [info] [resolveAuthority(ssh-remote,1)][0ms] activating remote resolvers ssh-remote+fcs
2023-08-30 02:01:03.046 [info] [resolveAuthority(ssh-remote,1)][0ms] activating resolver for ssh-remote+fcs...
2023-08-30 02:01:03.046 [info] [resolveAuthority(ssh-remote,1)][0ms] invoking final resolve()...
2023-08-30 02:01:03.315 [error] [resolveAuthority(ssh-remote,1)][264ms] returned an error An unknown error occurred. Please consult the log for more details.
2023-08-30 02:01:03.435 [info] Eager extensions activated
2023-08-30 02:01:03.481 [info] ExtensionService#_doActivateExtension dsznajder.es7-react-js-snippets, startup: false, activationEvent: 'onStartupFinished'
2023-08-30 02:01:03.805 [info] ExtensionService#_doActivateExtension equinusocio.vsc-material-theme-icons, startup: false, activationEvent: 'onStartupFinished'
2023-08-30 02:01:03.846 [info] ExtensionService#_doActivateExtension ms-vscode.remote-explorer, startup: false, activationEvent: 'onCommand:remote-internal.setActiveFolders'
2023-08-30 02:01:04.776 [info] Extension host terminating: renderer closed the MessagePort
2023-08-30 02:01:04.783 [error] Canceled: Canceled
	at new h (/opt/visual-studio-code/resources/app/out/vs/workbench/api/node/extensionHostProcess.js:102:56634)
	at t.O (/opt/visual-studio-code/resources/app/out/vs/workbench/api/node/extensionHostProcess.js:114:8020)
	at N.<computed>.T.charCodeAt.N.<computed> (/opt/visual-studio-code/resources/app/out/vs/workbench/api/node/extensionHostProcess.js:114:5459)
	at a.g (/opt/visual-studio-code/resources/app/out/vs/workbench/api/node/extensionHostProcess.js:102:77241)
	at a.executeCommand (/opt/visual-studio-code/resources/app/out/vs/workbench/api/node/extensionHostProcess.js:102:76679)
	at v.registerCommand.description (/opt/visual-studio-code/resources/app/out/vs/workbench/api/node/extensionHostProcess.js:102:76000)
	at a.h (/opt/visual-studio-code/resources/app/out/vs/workbench/api/node/extensionHostProcess.js:102:77777)
	at a.g (/opt/visual-studio-code/resources/app/out/vs/workbench/api/node/extensionHostProcess.js:102:76772)
	at a.executeCommand (/opt/visual-studio-code/resources/app/out/vs/workbench/api/node/extensionHostProcess.js:102:76679)
	at Object.executeCommand (/opt/visual-studio-code/resources/app/out/vs/workbench/api/node/extensionHostProcess.js:120:20977)
	at t.shutdown (/home/panda/.vscode/extensions/ms-vscode-remote.remote-ssh-0.102.0/out/extension.js:1:646929)
	at e.deactivate (/home/panda/.vscode/extensions/ms-vscode-remote.remote-ssh-0.102.0/out/extension.js:1:723956)
	at r.Z (/opt/visual-studio-code/resources/app/out/vs/workbench/api/node/extensionHostProcess.js:116:9494)
	at /opt/visual-studio-code/resources/app/out/vs/workbench/api/node/extensionHostProcess.js:116:7582
	at Array.map (<anonymous>)
	at r.S (/opt/visual-studio-code/resources/app/out/vs/workbench/api/node/extensionHostProcess.js:116:7570)
	at r.terminate (/opt/visual-studio-code/resources/app/out/vs/workbench/api/node/extensionHostProcess.js:116:7842)
	at s.terminate (/opt/visual-studio-code/resources/app/out/vs/workbench/api/node/extensionHostProcess.js:120:1506)
	at C (/opt/visual-studio-code/resources/app/out/vs/workbench/api/node/extensionHostProcess.js:130:32254)
	at MessagePortMain.<anonymous> (/opt/visual-studio-code/resources/app/out/vs/workbench/api/node/extensionHostProcess.js:130:28679)
	at MessagePortMain.emit (node:events:513:28)
	at MessagePortMain._internalPort.emit (node:electron/js2c/utility_init:2:367) setContext undefined
2023-08-30 02:01:04.783 [info] Extension host with pid 81990 exiting with code 0
2023-08-30 02:01:05.461 [info] Extension host with pid 82049 started
2023-08-30 02:01:05.461 [info] Skipping acquiring lock for /home/panda/.config/Code/User/workspaceStorage/5e6b1249d09464ac53c053ba51457af2.
2023-08-30 02:01:05.467 [info] $getCanonicalURI invoked for authority (ssh-remote)
2023-08-30 02:01:05.480 [info] ExtensionService#_doActivateExtension ms-vscode-remote.remote-ssh, startup: false, activationEvent: 'onResolveRemoteAuthority:ssh-remote'
2023-08-30 02:01:05.517 [info] [resolveAuthority(ssh-remote,1)][0ms] activating remote resolvers ssh-remote+fcs
2023-08-30 02:01:05.517 [info] [resolveAuthority(ssh-remote,1)][0ms] activating resolver for ssh-remote+fcs...
2023-08-30 02:01:05.517 [info] [resolveAuthority(ssh-remote,1)][0ms] invoking final resolve()...
2023-08-30 02:01:05.780 [error] [resolveAuthority(ssh-remote,1)][258ms] returned an error An unknown error occurred. Please consult the log for more details.
2023-08-30 02:01:05.868 [info] Eager extensions activated
2023-08-30 02:01:05.927 [info] ExtensionService#_doActivateExtension dsznajder.es7-react-js-snippets, startup: false, activationEvent: 'onStartupFinished'
2023-08-30 02:01:06.109 [info] ExtensionService#_doActivateExtension equinusocio.vsc-material-theme-icons, startup: false, activationEvent: 'onStartupFinished'
2023-08-30 02:01:06.138 [info] ExtensionService#_doActivateExtension ms-vscode.remote-explorer, startup: false, activationEvent: 'onCommand:remote-internal.setActiveFolders'
2023-08-30 02:01:07.053 [info] Extension host terminating: renderer closed the MessagePort
2023-08-30 02:01:07.057 [error] Canceled: Canceled
	at new h (/opt/visual-studio-code/resources/app/out/vs/workbench/api/node/extensionHostProcess.js:102:56634)
	at t.O (/opt/visual-studio-code/resources/app/out/vs/workbench/api/node/extensionHostProcess.js:114:8020)
	at N.<computed>.T.charCodeAt.N.<computed> (/opt/visual-studio-code/resources/app/out/vs/workbench/api/node/extensionHostProcess.js:114:5459)
	at a.g (/opt/visual-studio-code/resources/app/out/vs/workbench/api/node/extensionHostProcess.js:102:77241)
	at a.executeCommand (/opt/visual-studio-code/resources/app/out/vs/workbench/api/node/extensionHostProcess.js:102:76679)
	at v.registerCommand.description (/opt/visual-studio-code/resources/app/out/vs/workbench/api/node/extensionHostProcess.js:102:76000)
	at a.h (/opt/visual-studio-code/resources/app/out/vs/workbench/api/node/extensionHostProcess.js:102:77777)
	at a.g (/opt/visual-studio-code/resources/app/out/vs/workbench/api/node/extensionHostProcess.js:102:76772)
	at a.executeCommand (/opt/visual-studio-code/resources/app/out/vs/workbench/api/node/extensionHostProcess.js:102:76679)
	at Object.executeCommand (/opt/visual-studio-code/resources/app/out/vs/workbench/api/node/extensionHostProcess.js:120:20977)
	at t.shutdown (/home/panda/.vscode/extensions/ms-vscode-remote.remote-ssh-0.102.0/out/extension.js:1:646929)
	at e.deactivate (/home/panda/.vscode/extensions/ms-vscode-remote.remote-ssh-0.102.0/out/extension.js:1:723956)
	at r.Z (/opt/visual-studio-code/resources/app/out/vs/workbench/api/node/extensionHostProcess.js:116:9494)
	at /opt/visual-studio-code/resources/app/out/vs/workbench/api/node/extensionHostProcess.js:116:7582
	at Array.map (<anonymous>)
	at r.S (/opt/visual-studio-code/resources/app/out/vs/workbench/api/node/extensionHostProcess.js:116:7570)
	at r.terminate (/opt/visual-studio-code/resources/app/out/vs/workbench/api/node/extensionHostProcess.js:116:7842)
	at s.terminate (/opt/visual-studio-code/resources/app/out/vs/workbench/api/node/extensionHostProcess.js:120:1506)
	at C (/opt/visual-studio-code/resources/app/out/vs/workbench/api/node/extensionHostProcess.js:130:32254)
	at MessagePortMain.<anonymous> (/opt/visual-studio-code/resources/app/out/vs/workbench/api/node/extensionHostProcess.js:130:28679)
	at MessagePortMain.emit (node:events:513:28)
	at MessagePortMain._internalPort.emit (node:electron/js2c/utility_init:2:367) setContext undefined
2023-08-30 02:01:07.057 [info] Extension host with pid 82049 exiting with code 0
2023-08-30 02:01:07.989 [info] Extension host with pid 82106 started
2023-08-30 02:01:07.989 [info] Skipping acquiring lock for /home/panda/.config/Code/User/workspaceStorage/5e6b1249d09464ac53c053ba51457af2.
2023-08-30 02:01:07.996 [info] $getCanonicalURI invoked for authority (ssh-remote)
2023-08-30 02:01:08.007 [info] ExtensionService#_doActivateExtension ms-vscode-remote.remote-ssh, startup: false, activationEvent: 'onResolveRemoteAuthority:ssh-remote'
2023-08-30 02:01:08.044 [info] [resolveAuthority(ssh-remote,1)][0ms] activating remote resolvers ssh-remote+fcs
2023-08-30 02:01:08.045 [info] [resolveAuthority(ssh-remote,1)][0ms] activating resolver for ssh-remote+fcs...
2023-08-30 02:01:08.045 [info] [resolveAuthority(ssh-remote,1)][1ms] invoking final resolve()...
2023-08-30 02:01:08.266 [error] [resolveAuthority(ssh-remote,1)][217ms] returned an error An unknown error occurred. Please consult the log for more details.
2023-08-30 02:01:08.334 [info] Eager extensions activated
2023-08-30 02:01:08.429 [info] ExtensionService#_doActivateExtension dsznajder.es7-react-js-snippets, startup: false, activationEvent: 'onStartupFinished'
2023-08-30 02:01:08.645 [info] ExtensionService#_doActivateExtension equinusocio.vsc-material-theme-icons, startup: false, activationEvent: 'onStartupFinished'
2023-08-30 02:01:08.664 [info] ExtensionService#_doActivateExtension ms-vscode.remote-explorer, startup: false, activationEvent: 'onCommand:remote-internal.setActiveFolders'
2023-08-30 02:01:09.028 [info] Extension host terminating: renderer closed the MessagePort
2023-08-30 02:01:09.038 [error] Canceled: Canceled
	at new h (/opt/visual-studio-code/resources/app/out/vs/workbench/api/node/extensionHostProcess.js:102:56634)
	at t.O (/opt/visual-studio-code/resources/app/out/vs/workbench/api/node/extensionHostProcess.js:114:8020)
	at N.<computed>.T.charCodeAt.N.<computed> (/opt/visual-studio-code/resources/app/out/vs/workbench/api/node/extensionHostProcess.js:114:5459)
	at a.g (/opt/visual-studio-code/resources/app/out/vs/workbench/api/node/extensionHostProcess.js:102:77241)
	at a.executeCommand (/opt/visual-studio-code/resources/app/out/vs/workbench/api/node/extensionHostProcess.js:102:76679)
	at v.registerCommand.description (/opt/visual-studio-code/resources/app/out/vs/workbench/api/node/extensionHostProcess.js:102:76000)
	at a.h (/opt/visual-studio-code/resources/app/out/vs/workbench/api/node/extensionHostProcess.js:102:77777)
	at a.g (/opt/visual-studio-code/resources/app/out/vs/workbench/api/node/extensionHostProcess.js:102:76772)
	at a.executeCommand (/opt/visual-studio-code/resources/app/out/vs/workbench/api/node/extensionHostProcess.js:102:76679)
	at Object.executeCommand (/opt/visual-studio-code/resources/app/out/vs/workbench/api/node/extensionHostProcess.js:120:20977)
	at t.shutdown (/home/panda/.vscode/extensions/ms-vscode-remote.remote-ssh-0.102.0/out/extension.js:1:646929)
	at e.deactivate (/home/panda/.vscode/extensions/ms-vscode-remote.remote-ssh-0.102.0/out/extension.js:1:723956)
	at r.Z (/opt/visual-studio-code/resources/app/out/vs/workbench/api/node/extensionHostProcess.js:116:9494)
	at /opt/visual-studio-code/resources/app/out/vs/workbench/api/node/extensionHostProcess.js:116:7582
	at Array.map (<anonymous>)
	at r.S (/opt/visual-studio-code/resources/app/out/vs/workbench/api/node/extensionHostProcess.js:116:7570)
	at r.terminate (/opt/visual-studio-code/resources/app/out/vs/workbench/api/node/extensionHostProcess.js:116:7842)
	at s.terminate (/opt/visual-studio-code/resources/app/out/vs/workbench/api/node/extensionHostProcess.js:120:1506)
	at C (/opt/visual-studio-code/resources/app/out/vs/workbench/api/node/extensionHostProcess.js:130:32254)
	at MessagePortMain.<anonymous> (/opt/visual-studio-code/resources/app/out/vs/workbench/api/node/extensionHostProcess.js:130:28679)
	at MessagePortMain.emit (node:events:513:28)
	at MessagePortMain._internalPort.emit (node:electron/js2c/utility_init:2:367) setContext undefined
2023-08-30 02:01:09.038 [info] Extension host with pid 82106 exiting with code 0
2023-08-30 02:01:09.895 [info] Extension host with pid 82159 started
2023-08-30 02:01:09.895 [info] Skipping acquiring lock for /home/panda/.config/Code/User/workspaceStorage/5e6b1249d09464ac53c053ba51457af2.
2023-08-30 02:01:09.898 [info] $getCanonicalURI invoked for authority (ssh-remote)
2023-08-30 02:01:09.903 [info] ExtensionService#_doActivateExtension ms-vscode-remote.remote-ssh, startup: false, activationEvent: 'onResolveRemoteAuthority:ssh-remote'
2023-08-30 02:01:09.933 [info] [resolveAuthority(ssh-remote,1)][0ms] activating remote resolvers ssh-remote+fcs
2023-08-30 02:01:09.933 [info] [resolveAuthority(ssh-remote,1)][0ms] activating resolver for ssh-remote+fcs...
2023-08-30 02:01:09.934 [info] [resolveAuthority(ssh-remote,1)][1ms] invoking final resolve()...
2023-08-30 02:01:10.176 [error] [resolveAuthority(ssh-remote,1)][239ms] returned an error An unknown error occurred. Please consult the log for more details.
2023-08-30 02:01:10.252 [info] Eager extensions activated
2023-08-30 02:01:10.290 [info] ExtensionService#_doActivateExtension dsznajder.es7-react-js-snippets, startup: false, activationEvent: 'onStartupFinished'
2023-08-30 02:01:10.591 [info] ExtensionService#_doActivateExtension equinusocio.vsc-material-theme-icons, startup: false, activationEvent: 'onStartupFinished'
2023-08-30 02:01:10.609 [info] ExtensionService#_doActivateExtension ms-vscode.remote-explorer, startup: false, activationEvent: 'onCommand:remote-internal.setActiveFolders'
2023-08-30 02:01:11.298 [info] Extension host terminating: renderer closed the MessagePort
2023-08-30 02:01:11.302 [error] Canceled: Canceled
	at new h (/opt/visual-studio-code/resources/app/out/vs/workbench/api/node/extensionHostProcess.js:102:56634)
	at t.O (/opt/visual-studio-code/resources/app/out/vs/workbench/api/node/extensionHostProcess.js:114:8020)
	at N.<computed>.T.charCodeAt.N.<computed> (/opt/visual-studio-code/resources/app/out/vs/workbench/api/node/extensionHostProcess.js:114:5459)
	at a.g (/opt/visual-studio-code/resources/app/out/vs/workbench/api/node/extensionHostProcess.js:102:77241)
	at a.executeCommand (/opt/visual-studio-code/resources/app/out/vs/workbench/api/node/extensionHostProcess.js:102:76679)
	at v.registerCommand.description (/opt/visual-studio-code/resources/app/out/vs/workbench/api/node/extensionHostProcess.js:102:76000)
	at a.h (/opt/visual-studio-code/resources/app/out/vs/workbench/api/node/extensionHostProcess.js:102:77777)
	at a.g (/opt/visual-studio-code/resources/app/out/vs/workbench/api/node/extensionHostProcess.js:102:76772)
	at a.executeCommand (/opt/visual-studio-code/resources/app/out/vs/workbench/api/node/extensionHostProcess.js:102:76679)
	at Object.executeCommand (/opt/visual-studio-code/resources/app/out/vs/workbench/api/node/extensionHostProcess.js:120:20977)
	at t.shutdown (/home/panda/.vscode/extensions/ms-vscode-remote.remote-ssh-0.102.0/out/extension.js:1:646929)
	at e.deactivate (/home/panda/.vscode/extensions/ms-vscode-remote.remote-ssh-0.102.0/out/extension.js:1:723956)
	at r.Z (/opt/visual-studio-code/resources/app/out/vs/workbench/api/node/extensionHostProcess.js:116:9494)
	at /opt/visual-studio-code/resources/app/out/vs/workbench/api/node/extensionHostProcess.js:116:7582
	at Array.map (<anonymous>)
	at r.S (/opt/visual-studio-code/resources/app/out/vs/workbench/api/node/extensionHostProcess.js:116:7570)
	at r.terminate (/opt/visual-studio-code/resources/app/out/vs/workbench/api/node/extensionHostProcess.js:116:7842)
	at s.terminate (/opt/visual-studio-code/resources/app/out/vs/workbench/api/node/extensionHostProcess.js:120:1506)
	at C (/opt/visual-studio-code/resources/app/out/vs/workbench/api/node/extensionHostProcess.js:130:32254)
	at MessagePortMain.<anonymous> (/opt/visual-studio-code/resources/app/out/vs/workbench/api/node/extensionHostProcess.js:130:28679)
	at MessagePortMain.emit (node:events:513:28)
	at MessagePortMain._internalPort.emit (node:electron/js2c/utility_init:2:367) setContext undefined
2023-08-30 02:01:11.302 [info] Extension host with pid 82159 exiting with code 0
2023-08-30 02:01:12.040 [info] Extension host with pid 82213 started
2023-08-30 02:01:12.041 [info] Skipping acquiring lock for /home/panda/.config/Code/User/workspaceStorage/5e6b1249d09464ac53c053ba51457af2.
2023-08-30 02:01:12.048 [info] $getCanonicalURI invoked for authority (ssh-remote)
2023-08-30 02:01:12.059 [info] ExtensionService#_doActivateExtension ms-vscode-remote.remote-ssh, startup: false, activationEvent: 'onResolveRemoteAuthority:ssh-remote'
2023-08-30 02:01:12.088 [info] [resolveAuthority(ssh-remote,1)][0ms] activating remote resolvers ssh-remote+fcs
2023-08-30 02:01:12.088 [info] [resolveAuthority(ssh-remote,1)][0ms] activating resolver for ssh-remote+fcs...
2023-08-30 02:01:12.088 [info] [resolveAuthority(ssh-remote,1)][0ms] invoking final resolve()...
2023-08-30 02:01:12.345 [error] [resolveAuthority(ssh-remote,1)][252ms] returned an error An unknown error occurred. Please consult the log for more details.
2023-08-30 02:01:12.425 [info] Eager extensions activated
2023-08-30 02:01:12.480 [info] ExtensionService#_doActivateExtension dsznajder.es7-react-js-snippets, startup: false, activationEvent: 'onStartupFinished'
2023-08-30 02:01:12.732 [info] ExtensionService#_doActivateExtension equinusocio.vsc-material-theme-icons, startup: false, activationEvent: 'onStartupFinished'
2023-08-30 02:01:12.753 [info] ExtensionService#_doActivateExtension ms-vscode.remote-explorer, startup: false, activationEvent: 'onCommand:remote-internal.setActiveFolders'
2023-08-30 02:01:12.947 [info] Extension host terminating: renderer closed the MessagePort
2023-08-30 02:01:12.962 [error] Canceled: Canceled
	at new h (/opt/visual-studio-code/resources/app/out/vs/workbench/api/node/extensionHostProcess.js:102:56634)
	at t.O (/opt/visual-studio-code/resources/app/out/vs/workbench/api/node/extensionHostProcess.js:114:8020)
	at N.<computed>.T.charCodeAt.N.<computed> (/opt/visual-studio-code/resources/app/out/vs/workbench/api/node/extensionHostProcess.js:114:5459)
	at a.g (/opt/visual-studio-code/resources/app/out/vs/workbench/api/node/extensionHostProcess.js:102:77241)
	at a.executeCommand (/opt/visual-studio-code/resources/app/out/vs/workbench/api/node/extensionHostProcess.js:102:76679)
	at v.registerCommand.description (/opt/visual-studio-code/resources/app/out/vs/workbench/api/node/extensionHostProcess.js:102:76000)
	at a.h (/opt/visual-studio-code/resources/app/out/vs/workbench/api/node/extensionHostProcess.js:102:77777)
	at a.g (/opt/visual-studio-code/resources/app/out/vs/workbench/api/node/extensionHostProcess.js:102:76772)
	at a.executeCommand (/opt/visual-studio-code/resources/app/out/vs/workbench/api/node/extensionHostProcess.js:102:76679)
	at Object.executeCommand (/opt/visual-studio-code/resources/app/out/vs/workbench/api/node/extensionHostProcess.js:120:20977)
	at t.shutdown (/home/panda/.vscode/extensions/ms-vscode-remote.remote-ssh-0.102.0/out/extension.js:1:646929)
	at e.deactivate (/home/panda/.vscode/extensions/ms-vscode-remote.remote-ssh-0.102.0/out/extension.js:1:723956)
	at r.Z (/opt/visual-studio-code/resources/app/out/vs/workbench/api/node/extensionHostProcess.js:116:9494)
	at /opt/visual-studio-code/resources/app/out/vs/workbench/api/node/extensionHostProcess.js:116:7582
	at Array.map (<anonymous>)
	at r.S (/opt/visual-studio-code/resources/app/out/vs/workbench/api/node/extensionHostProcess.js:116:7570)
	at r.terminate (/opt/visual-studio-code/resources/app/out/vs/workbench/api/node/extensionHostProcess.js:116:7842)
	at s.terminate (/opt/visual-studio-code/resources/app/out/vs/workbench/api/node/extensionHostProcess.js:120:1506)
	at C (/opt/visual-studio-code/resources/app/out/vs/workbench/api/node/extensionHostProcess.js:130:32254)
	at MessagePortMain.<anonymous> (/opt/visual-studio-code/resources/app/out/vs/workbench/api/node/extensionHostProcess.js:130:28679)
	at MessagePortMain.emit (node:events:513:28)
	at MessagePortMain._internalPort.emit (node:electron/js2c/utility_init:2:367) setContext undefined
2023-08-30 02:01:12.962 [info] Extension host with pid 82213 exiting with code 0
2023-08-30 02:01:13.938 [info] Extension host with pid 82266 started
2023-08-30 02:01:13.938 [info] Skipping acquiring lock for /home/panda/.config/Code/User/workspaceStorage/5e6b1249d09464ac53c053ba51457af2.
2023-08-30 02:01:13.944 [info] $getCanonicalURI invoked for authority (ssh-remote)
2023-08-30 02:01:13.955 [info] ExtensionService#_doActivateExtension ms-vscode-remote.remote-ssh, startup: false, activationEvent: 'onResolveRemoteAuthority:ssh-remote'
2023-08-30 02:01:13.997 [info] [resolveAuthority(ssh-remote,1)][0ms] activating remote resolvers ssh-remote+fcs
2023-08-30 02:01:13.997 [info] [resolveAuthority(ssh-remote,1)][0ms] activating resolver for ssh-remote+fcs...
2023-08-30 02:01:13.997 [info] [resolveAuthority(ssh-remote,1)][0ms] invoking final resolve()...
2023-08-30 02:01:14.999 [info] [resolveAuthority(ssh-remote,1)][1001ms] waiting...
2023-08-30 02:01:16.000 [info] [resolveAuthority(ssh-remote,1)][2003ms] waiting...
2023-08-30 02:01:17.001 [info] [resolveAuthority(ssh-remote,1)][3004ms] waiting...
2023-08-30 02:01:18.002 [info] [resolveAuthority(ssh-remote,1)][4005ms] waiting...
2023-08-30 02:01:19.003 [info] [resolveAuthority(ssh-remote,1)][5006ms] waiting...
2023-08-30 02:01:20.004 [info] [resolveAuthority(ssh-remote,1)][6006ms] waiting...
2023-08-30 02:01:21.004 [info] [resolveAuthority(ssh-remote,1)][7007ms] waiting...
2023-08-30 02:01:22.004 [info] [resolveAuthority(ssh-remote,1)][8007ms] waiting...
2023-08-30 02:01:23.004 [info] [resolveAuthority(ssh-remote,1)][9007ms] waiting...
2023-08-30 02:01:24.005 [info] [resolveAuthority(ssh-remote,1)][10008ms] waiting...
2023-08-30 02:01:25.006 [info] [resolveAuthority(ssh-remote,1)][11009ms] waiting...
2023-08-30 02:01:26.007 [info] [resolveAuthority(ssh-remote,1)][12010ms] waiting...
2023-08-30 02:01:27.007 [info] [resolveAuthority(ssh-remote,1)][13010ms] waiting...
2023-08-30 02:01:28.007 [info] [resolveAuthority(ssh-remote,1)][14010ms] waiting...
2023-08-30 02:01:29.009 [info] [resolveAuthority(ssh-remote,1)][15012ms] waiting...
2023-08-30 02:01:29.208 [error] [resolveAuthority(ssh-remote,1)][15206ms] returned an error The connection timed out
2023-08-30 02:01:29.274 [info] Eager extensions activated
2023-08-30 02:01:29.346 [info] ExtensionService#_doActivateExtension dsznajder.es7-react-js-snippets, startup: false, activationEvent: 'onStartupFinished'
2023-08-30 02:01:29.671 [info] ExtensionService#_doActivateExtension equinusocio.vsc-material-theme-icons, startup: false, activationEvent: 'onStartupFinished'
2023-08-30 02:01:29.709 [info] ExtensionService#_doActivateExtension ms-vscode.remote-explorer, startup: false, activationEvent: 'onCommand:remote-internal.setActiveFolders'
2023-08-30 02:01:38.742 [info] ExtensionService#_doActivateExtension vscode.github-authentication, startup: false, activationEvent: 'onAuthenticationRequest:github'
2023-08-30 02:01:38.791 [info] ExtensionService#_doActivateExtension vscode.microsoft-authentication, startup: false, activationEvent: 'onAuthenticationRequest:microsoft'
2023-08-30 02:02:36.103 [info] Extension host terminating: renderer closed the MessagePort
2023-08-30 02:02:36.106 [error] Canceled: Canceled
	at new h (/opt/visual-studio-code/resources/app/out/vs/workbench/api/node/extensionHostProcess.js:102:56634)
	at t.O (/opt/visual-studio-code/resources/app/out/vs/workbench/api/node/extensionHostProcess.js:114:8020)
	at N.<computed>.T.charCodeAt.N.<computed> (/opt/visual-studio-code/resources/app/out/vs/workbench/api/node/extensionHostProcess.js:114:5459)
	at a.g (/opt/visual-studio-code/resources/app/out/vs/workbench/api/node/extensionHostProcess.js:102:77241)
	at a.executeCommand (/opt/visual-studio-code/resources/app/out/vs/workbench/api/node/extensionHostProcess.js:102:76679)
	at v.registerCommand.description (/opt/visual-studio-code/resources/app/out/vs/workbench/api/node/extensionHostProcess.js:102:76000)
	at a.h (/opt/visual-studio-code/resources/app/out/vs/workbench/api/node/extensionHostProcess.js:102:77777)
	at a.g (/opt/visual-studio-code/resources/app/out/vs/workbench/api/node/extensionHostProcess.js:102:76772)
	at a.executeCommand (/opt/visual-studio-code/resources/app/out/vs/workbench/api/node/extensionHostProcess.js:102:76679)
	at Object.executeCommand (/opt/visual-studio-code/resources/app/out/vs/workbench/api/node/extensionHostProcess.js:120:20977)
	at t.shutdown (/home/panda/.vscode/extensions/ms-vscode-remote.remote-ssh-0.102.0/out/extension.js:1:646929)
	at e.deactivate (/home/panda/.vscode/extensions/ms-vscode-remote.remote-ssh-0.102.0/out/extension.js:1:723956)
	at r.Z (/opt/visual-studio-code/resources/app/out/vs/workbench/api/node/extensionHostProcess.js:116:9494)
	at /opt/visual-studio-code/resources/app/out/vs/workbench/api/node/extensionHostProcess.js:116:7582
	at Array.map (<anonymous>)
	at r.S (/opt/visual-studio-code/resources/app/out/vs/workbench/api/node/extensionHostProcess.js:116:7570)
	at r.terminate (/opt/visual-studio-code/resources/app/out/vs/workbench/api/node/extensionHostProcess.js:116:7842)
	at s.terminate (/opt/visual-studio-code/resources/app/out/vs/workbench/api/node/extensionHostProcess.js:120:1506)
	at C (/opt/visual-studio-code/resources/app/out/vs/workbench/api/node/extensionHostProcess.js:130:32254)
	at MessagePortMain.<anonymous> (/opt/visual-studio-code/resources/app/out/vs/workbench/api/node/extensionHostProcess.js:130:28679)
	at MessagePortMain.emit (node:events:513:28)
	at MessagePortMain._internalPort.emit (node:electron/js2c/utility_init:2:367) setContext undefined
2023-08-30 02:02:36.106 [info] Extension host with pid 82266 exiting with code 0
2023-08-30 02:02:36.997 [info] Extension host with pid 82416 started
2023-08-30 02:02:36.997 [info] Skipping acquiring lock for /home/panda/.config/Code/User/workspaceStorage/5e6b1249d09464ac53c053ba51457af2.
2023-08-30 02:02:37.011 [info] $getCanonicalURI invoked for authority (ssh-remote)
2023-08-30 02:02:37.021 [info] ExtensionService#_doActivateExtension ms-vscode-remote.remote-ssh, startup: false, activationEvent: 'onResolveRemoteAuthority:ssh-remote'
2023-08-30 02:02:37.075 [info] [resolveAuthority(ssh-remote,1)][0ms] activating remote resolvers ssh-remote+fcs
2023-08-30 02:02:37.075 [info] [resolveAuthority(ssh-remote,1)][0ms] activating resolver for ssh-remote+fcs...
2023-08-30 02:02:37.075 [info] [resolveAuthority(ssh-remote,1)][0ms] invoking final resolve()...
2023-08-30 02:02:38.076 [info] [resolveAuthority(ssh-remote,1)][1001ms] waiting...
2023-08-30 02:02:39.076 [info] [resolveAuthority(ssh-remote,1)][2001ms] waiting...
2023-08-30 02:02:39.358 [info] [resolveAuthority(ssh-remote,1)][2283ms] setting tunnel factory...
2023-08-30 02:02:39.360 [info] [resolveAuthority(ssh-remote,1)][2285ms] returned 127.0.0.1:41529
2023-08-30 02:02:40.280 [info] Eager extensions activated
2023-08-30 02:02:40.413 [info] ExtensionService#_doActivateExtension dsznajder.es7-react-js-snippets, startup: false, activationEvent: 'onStartupFinished'
2023-08-30 02:02:40.626 [info] ExtensionService#_doActivateExtension equinusocio.vsc-material-theme-icons, startup: false, activationEvent: 'onStartupFinished'
2023-08-30 02:02:40.653 [info] ExtensionService#_doActivateExtension ms-vscode.remote-explorer, startup: false, activationEvent: 'onCommand:remote-internal.setActiveFolders'
2023-08-30 02:02:40.670 [info] ExtensionService#_doActivateExtension vscode.github-authentication, startup: false, activationEvent: 'onAuthenticationRequest:github'
2023-08-30 02:02:41.088 [info] ExtensionService#_doActivateExtension vscode.microsoft-authentication, startup: false, activationEvent: 'onAuthenticationRequest:microsoft'
2023-08-30 02:07:18.294 [info] ExtensionService#_doActivateExtension vscode.simple-browser, startup: false, activationEvent: 'onOpenExternalUri:http'
2023-08-30 02:45:51.065 [info] Extension host terminating: renderer closed the MessagePort
2023-08-30 02:45:51.072 [error] Canceled: Canceled
	at new h (/opt/visual-studio-code/resources/app/out/vs/workbench/api/node/extensionHostProcess.js:102:56634)
	at t.O (/opt/visual-studio-code/resources/app/out/vs/workbench/api/node/extensionHostProcess.js:114:8020)
	at N.<computed>.T.charCodeAt.N.<computed> (/opt/visual-studio-code/resources/app/out/vs/workbench/api/node/extensionHostProcess.js:114:5459)
	at a.g (/opt/visual-studio-code/resources/app/out/vs/workbench/api/node/extensionHostProcess.js:102:77241)
	at a.executeCommand (/opt/visual-studio-code/resources/app/out/vs/workbench/api/node/extensionHostProcess.js:102:76679)
	at v.registerCommand.description (/opt/visual-studio-code/resources/app/out/vs/workbench/api/node/extensionHostProcess.js:102:76000)
	at a.h (/opt/visual-studio-code/resources/app/out/vs/workbench/api/node/extensionHostProcess.js:102:77777)
	at a.g (/opt/visual-studio-code/resources/app/out/vs/workbench/api/node/extensionHostProcess.js:102:76772)
	at a.executeCommand (/opt/visual-studio-code/resources/app/out/vs/workbench/api/node/extensionHostProcess.js:102:76679)
	at Object.executeCommand (/opt/visual-studio-code/resources/app/out/vs/workbench/api/node/extensionHostProcess.js:120:20977)
	at t.shutdown (/home/panda/.vscode/extensions/ms-vscode-remote.remote-ssh-0.102.0/out/extension.js:1:646929)
	at e.deactivate (/home/panda/.vscode/extensions/ms-vscode-remote.remote-ssh-0.102.0/out/extension.js:1:723956)
	at r.Z (/opt/visual-studio-code/resources/app/out/vs/workbench/api/node/extensionHostProcess.js:116:9494)
	at /opt/visual-studio-code/resources/app/out/vs/workbench/api/node/extensionHostProcess.js:116:7582
	at Array.map (<anonymous>)
	at r.S (/opt/visual-studio-code/resources/app/out/vs/workbench/api/node/extensionHostProcess.js:116:7570)
	at r.terminate (/opt/visual-studio-code/resources/app/out/vs/workbench/api/node/extensionHostProcess.js:116:7842)
	at s.terminate (/opt/visual-studio-code/resources/app/out/vs/workbench/api/node/extensionHostProcess.js:120:1506)
	at C (/opt/visual-studio-code/resources/app/out/vs/workbench/api/node/extensionHostProcess.js:130:32254)
	at MessagePortMain.<anonymous> (/opt/visual-studio-code/resources/app/out/vs/workbench/api/node/extensionHostProcess.js:130:28679)
	at MessagePortMain.emit (node:events:513:28)
	at MessagePortMain._internalPort.emit (node:electron/js2c/utility_init:2:367) setContext undefined
2023-08-30 02:45:51.073 [info] Extension host with pid 82416 exiting with code 0
