2023-08-29 13:03:15.879 [info] Reading sessions from secret storage...
2023-08-29 13:03:15.879 [info] Got 0 stored sessions
2023-08-29 13:03:15.879 [info] Getting sessions for all scopes...
2023-08-29 13:03:15.879 [info] Got 0 sessions for all scopes...
2023-08-29 13:03:15.879 [info] Getting sessions for the following scopes: email offline_access openid profile
2023-08-29 13:03:15.880 [info] Got 0 sessions for scopes: email offline_access openid profile
2023-08-29 13:04:42.069 [info] Reading sessions from secret storage...
2023-08-29 13:04:42.069 [info] Got 0 stored sessions
2023-08-29 13:04:42.069 [info] Getting sessions for all scopes...
2023-08-29 13:04:42.069 [info] Got 0 sessions for all scopes...
2023-08-29 13:04:42.069 [info] Getting sessions for the following scopes: email offline_access openid profile
2023-08-29 13:04:42.069 [info] Got 0 sessions for scopes: email offline_access openid profile
2023-08-29 13:04:48.768 [info] Reading sessions from secret storage...
2023-08-29 13:04:48.768 [info] Got 0 stored sessions
2023-08-29 13:04:48.768 [info] Getting sessions for all scopes...
2023-08-29 13:04:48.768 [info] Got 0 sessions for all scopes...
2023-08-29 13:04:48.800 [info] Getting sessions for the following scopes: email offline_access openid profile
2023-08-29 13:04:48.800 [info] Got 0 sessions for scopes: email offline_access openid profile
2023-08-29 13:19:33.809 [info] Reading sessions from secret storage...
2023-08-29 13:19:33.809 [info] Got 0 stored sessions
2023-08-29 13:19:33.810 [info] Getting sessions for all scopes...
2023-08-29 13:19:33.810 [info] Got 0 sessions for all scopes...
2023-08-29 13:19:33.810 [info] Getting sessions for the following scopes: email offline_access openid profile
2023-08-29 13:19:33.810 [info] Got 0 sessions for scopes: email offline_access openid profile
2023-08-29 13:47:44.665 [info] Reading sessions from secret storage...
2023-08-29 13:47:44.665 [info] Got 0 stored sessions
2023-08-29 13:47:44.665 [info] Getting sessions for all scopes...
2023-08-29 13:47:44.665 [info] Got 0 sessions for all scopes...
2023-08-29 13:47:45.171 [info] Getting sessions for the following scopes: email offline_access openid profile
2023-08-29 13:47:45.171 [info] Got 0 sessions for scopes: email offline_access openid profile
