[13:03:10.065] Log Level: 2
[13:03:10.086] VS Code version: 1.81.1
[13:03:10.086] Remote-SSH version: remote-ssh@0.102.0
[13:03:10.086] linux x64
[13:03:10.096] SSH Resolver called for "ssh-remote+fcs", attempt 1
[13:03:10.098] "remote.SSH.useLocalServer": true
[13:03:10.099] "remote.SSH.path": undefined
[13:03:10.099] "remote.SSH.configFile": undefined
[13:03:10.099] "remote.SSH.useFlock": true
[13:03:10.100] "remote.SSH.lockfilesInTmp": false
[13:03:10.100] "remote.SSH.localServerDownload": auto
[13:03:10.100] "remote.SSH.remoteServerListenOnSocket": false
[13:03:10.101] "remote.SSH.showLoginTerminal": false
[13:03:10.101] "remote.SSH.defaultExtensions": []
[13:03:10.101] "remote.SSH.loglevel": 2
[13:03:10.102] "remote.SSH.enableDynamicForwarding": true
[13:03:10.102] "remote.SSH.enableRemoteCommand": false
[13:03:10.102] "remote.SSH.serverPickPortsFromRange": {}
[13:03:10.103] "remote.SSH.serverInstallPath": {}
[13:03:10.109] SSH Resolver called for host: fcs
[13:03:10.109] Setting up SSH remote "fcs"
[13:03:10.116] Acquiring local install lock: /tmp/vscode-remote-ssh-c5fe3847-install.lock
[13:03:10.118] Looking for existing server data file at /home/panda/.config/Code/User/globalStorage/ms-vscode-remote.remote-ssh/vscode-ssh-host-c5fe3847-6c3e3dba23e8fadc360aed75ce363ba185c49794-0.102.0/data.json
[13:03:10.119] Using commit id "6c3e3dba23e8fadc360aed75ce363ba185c49794" and quality "stable" for server
[13:03:10.124] Install and start server if needed
[13:03:10.131] PATH: /sbin:/bin:/usr/local/sbin:/usr/local/bin:/usr/bin:/usr/sbin:/usr/bin/site_perl:/usr/bin/vendor_perl:/usr/bin/core_perl:/usr/lib/rustup/bin
[13:03:10.131] Checking ssh with "ssh -V"
[13:03:10.144] > OpenSSH_9.4p1, OpenSSL 3.1.2 1 Aug 2023

[13:03:10.148] askpass server listening on /run/user/1000/vscode-ssh-askpass-f752c665f728a2f3776642f6f0fbdb72aaa92571.sock
[13:03:10.149] Spawning local server with {"serverId":1,"ipcHandlePath":"/run/user/1000/vscode-ssh-askpass-5a4c70fed967faab20ff3fbb8bc63ae7f427406c.sock","sshCommand":"ssh","sshArgs":["-v","-T","-D","45709","-o","ConnectTimeout=15","fcs"],"serverDataFolderName":".vscode-server","dataFilePath":"/home/panda/.config/Code/User/globalStorage/ms-vscode-remote.remote-ssh/vscode-ssh-host-c5fe3847-6c3e3dba23e8fadc360aed75ce363ba185c49794-0.102.0/data.json"}
[13:03:10.149] Local server env: {"SHELL":"/bin/zsh","DISPLAY":":0","ELECTRON_RUN_AS_NODE":"1","SSH_ASKPASS":"/home/panda/.vscode/extensions/ms-vscode-remote.remote-ssh-0.102.0/out/local-server/askpass.sh","VSCODE_SSH_ASKPASS_NODE":"/opt/visual-studio-code/code","VSCODE_SSH_ASKPASS_EXTRA_ARGS":"--ms-enable-electron-run-as-node","VSCODE_SSH_ASKPASS_MAIN":"/home/panda/.vscode/extensions/ms-vscode-remote.remote-ssh-0.102.0/out/askpass-main.js","VSCODE_SSH_ASKPASS_HANDLE":"/run/user/1000/vscode-ssh-askpass-f752c665f728a2f3776642f6f0fbdb72aaa92571.sock"}
[13:03:10.157] Spawned 10211
[13:03:10.286] > local-server-1> Running ssh connection command: "-v -T -D 45709 -o ConnectTimeout=15 fcs"
[13:03:10.295] > local-server-1> Spawned ssh, pid=10219
[13:03:10.298] stderr> OpenSSH_9.4p1, OpenSSL 3.1.2 1 Aug 2023
