[02:01:12.072] Log Level: 2
[02:01:12.085] VS Code version: 1.81.1
[02:01:12.085] Remote-SSH version: remote-ssh@0.102.0
[02:01:12.085] linux x64
[02:01:12.090] SSH Resolver called for "ssh-remote+fcs", attempt 1
[02:01:12.092] "remote.SSH.useLocalServer": true
[02:01:12.092] "remote.SSH.path": undefined
[02:01:12.093] "remote.SSH.configFile": undefined
[02:01:12.093] "remote.SSH.useFlock": true
[02:01:12.093] "remote.SSH.lockfilesInTmp": false
[02:01:12.094] "remote.SSH.localServerDownload": auto
[02:01:12.094] "remote.SSH.remoteServerListenOnSocket": false
[02:01:12.094] "remote.SSH.showLoginTerminal": false
[02:01:12.094] "remote.SSH.defaultExtensions": []
[02:01:12.095] "remote.SSH.loglevel": 2
[02:01:12.095] "remote.SSH.enableDynamicForwarding": true
[02:01:12.095] "remote.SSH.enableRemoteCommand": false
[02:01:12.096] "remote.SSH.serverPickPortsFromRange": {}
[02:01:12.096] "remote.SSH.serverInstallPath": {}
[02:01:12.105] SSH Resolver called for host: fcs
[02:01:12.105] Setting up SSH remote "fcs"
[02:01:12.111] Acquiring local install lock: /tmp/vscode-remote-ssh-c5fe3847-install.lock
[02:01:12.114] Looking for existing server data file at /home/panda/.config/Code/User/globalStorage/ms-vscode-remote.remote-ssh/vscode-ssh-host-c5fe3847-6c3e3dba23e8fadc360aed75ce363ba185c49794-0.102.0/data.json
[02:01:12.115] Using commit id "6c3e3dba23e8fadc360aed75ce363ba185c49794" and quality "stable" for server
[02:01:12.121] Install and start server if needed
[02:01:12.128] PATH: /sbin:/bin:/usr/local/sbin:/usr/local/bin:/usr/bin:/usr/sbin:/usr/bin/site_perl:/usr/bin/vendor_perl:/usr/bin/core_perl:/usr/lib/rustup/bin
[02:01:12.128] Checking ssh with "ssh -V"
[02:01:12.146] > OpenSSH_9.4p1, OpenSSL 3.1.2 1 Aug 2023

[02:01:12.152] askpass server listening on /run/user/1000/vscode-ssh-askpass-0b9e5bea021214e79295ea8618a38369efddde76.sock
[02:01:12.153] Spawning local server with {"serverId":1,"ipcHandlePath":"/run/user/1000/vscode-ssh-askpass-cf6a7ddcd8915bebb40704024014bd3b60bc0ebc.sock","sshCommand":"ssh","sshArgs":["-v","-T","-D","33481","-o","ConnectTimeout=15","fcs"],"serverDataFolderName":".vscode-server","dataFilePath":"/home/panda/.config/Code/User/globalStorage/ms-vscode-remote.remote-ssh/vscode-ssh-host-c5fe3847-6c3e3dba23e8fadc360aed75ce363ba185c49794-0.102.0/data.json"}
[02:01:12.153] Local server env: {"SHELL":"/bin/zsh","DISPLAY":":0","ELECTRON_RUN_AS_NODE":"1","SSH_ASKPASS":"/home/panda/.vscode/extensions/ms-vscode-remote.remote-ssh-0.102.0/out/local-server/askpass.sh","VSCODE_SSH_ASKPASS_NODE":"/opt/visual-studio-code/code","VSCODE_SSH_ASKPASS_EXTRA_ARGS":"--ms-enable-electron-run-as-node","VSCODE_SSH_ASKPASS_MAIN":"/home/panda/.vscode/extensions/ms-vscode-remote.remote-ssh-0.102.0/out/askpass-main.js","VSCODE_SSH_ASKPASS_HANDLE":"/run/user/1000/vscode-ssh-askpass-0b9e5bea021214e79295ea8618a38369efddde76.sock"}
[02:01:12.161] Spawned 82246
[02:01:12.273] > local-server-1> Running ssh connection command: "-v -T -D 33481 -o ConnectTimeout=15 fcs"
[02:01:12.277] > local-server-1> Spawned ssh, pid=82254
[02:01:12.282] stderr> OpenSSH_9.4p1, OpenSSL 3.1.2 1 Aug 2023
[02:01:12.315] stderr> ssh: connect to host 192.168.2.234 port 22: Connection refused
[02:01:12.317] > local-server-1> ssh child died, shutting down
[02:01:12.322] Local server exit: 0
[02:01:12.322] Received install output: local-server-1> Running ssh connection command: "-v -T -D 33481 -o ConnectTimeout=15 fcs"
local-server-1> Spawned ssh, pid=82254
OpenSSH_9.4p1, OpenSSL 3.1.2 1 Aug 2023
ssh: connect to host 192.168.2.234 port 22: Connection refused
local-server-1> ssh child died, shutting down

[02:01:12.323] Failed to parse remote port from server output
[02:01:12.327] Resolver error: Error: 
	at m.Create (/home/panda/.vscode/extensions/ms-vscode-remote.remote-ssh-0.102.0/out/extension.js:1:584145)
	at t.handleInstallOutput (/home/panda/.vscode/extensions/ms-vscode-remote.remote-ssh-0.102.0/out/extension.js:1:582705)
	at Object.e [as tryInstallWithLocalServer] (/home/panda/.vscode/extensions/ms-vscode-remote.remote-ssh-0.102.0/out/extension.js:1:623656)
	at process.processTicksAndRejections (node:internal/process/task_queues:96:5)
	at async /home/panda/.vscode/extensions/ms-vscode-remote.remote-ssh-0.102.0/out/extension.js:1:643708
	at async t.withShowDetailsEvent (/home/panda/.vscode/extensions/ms-vscode-remote.remote-ssh-0.102.0/out/extension.js:1:647428)
	at async /home/panda/.vscode/extensions/ms-vscode-remote.remote-ssh-0.102.0/out/extension.js:1:622128
	at async C (/home/panda/.vscode/extensions/ms-vscode-remote.remote-ssh-0.102.0/out/extension.js:1:618634)
	at async t.resolveWithLocalServer (/home/panda/.vscode/extensions/ms-vscode-remote.remote-ssh-0.102.0/out/extension.js:1:621743)
	at async t.resolve (/home/panda/.vscode/extensions/ms-vscode-remote.remote-ssh-0.102.0/out/extension.js:1:645036)
	at async /home/panda/.vscode/extensions/ms-vscode-remote.remote-ssh-0.102.0/out/extension.js:1:720916
[02:01:12.340] ------




