[13:04:45.012] Log Level: 2
[13:04:45.024] VS Code version: 1.81.1
[13:04:45.024] Remote-SSH version: remote-ssh@0.102.0
[13:04:45.024] linux x64
[13:04:45.029] SSH Resolver called for "ssh-remote+fcs", attempt 1
[13:04:45.030] "remote.SSH.useLocalServer": true
[13:04:45.031] "remote.SSH.path": undefined
[13:04:45.031] "remote.SSH.configFile": undefined
[13:04:45.031] "remote.SSH.useFlock": true
[13:04:45.031] "remote.SSH.lockfilesInTmp": false
[13:04:45.031] "remote.SSH.localServerDownload": auto
[13:04:45.031] "remote.SSH.remoteServerListenOnSocket": false
[13:04:45.032] "remote.SSH.showLoginTerminal": false
[13:04:45.032] "remote.SSH.defaultExtensions": []
[13:04:45.032] "remote.SSH.loglevel": 2
[13:04:45.032] "remote.SSH.enableDynamicForwarding": true
[13:04:45.032] "remote.SSH.enableRemoteCommand": false
[13:04:45.033] "remote.SSH.serverPickPortsFromRange": {}
[13:04:45.033] "remote.SSH.serverInstallPath": {}
[13:04:45.038] SSH Resolver called for host: fcs
[13:04:45.039] Setting up SSH remote "fcs"
[13:04:45.043] Acquiring local install lock: /tmp/vscode-remote-ssh-c5fe3847-install.lock
[13:04:45.044] Looking for existing server data file at /home/panda/.config/Code/User/globalStorage/ms-vscode-remote.remote-ssh/vscode-ssh-host-c5fe3847-6c3e3dba23e8fadc360aed75ce363ba185c49794-0.102.0/data.json
[13:04:45.045] Using commit id "6c3e3dba23e8fadc360aed75ce363ba185c49794" and quality "stable" for server
[13:04:45.049] Install and start server if needed
[13:04:45.055] PATH: /sbin:/bin:/usr/local/sbin:/usr/local/bin:/usr/bin:/usr/sbin:/usr/bin/site_perl:/usr/bin/vendor_perl:/usr/bin/core_perl:/usr/lib/rustup/bin
[13:04:45.055] Checking ssh with "ssh -V"
[13:04:45.065] > OpenSSH_9.4p1, OpenSSL 3.1.2 1 Aug 2023

[13:04:45.069] askpass server listening on /run/user/1000/vscode-ssh-askpass-67f5ee302b8c86cdb143abb79359fb8348fe182f.sock
[13:04:45.069] Spawning local server with {"serverId":1,"ipcHandlePath":"/run/user/1000/vscode-ssh-askpass-20b8172a8b4d154cd3b772c3a475f0e316420395.sock","sshCommand":"ssh","sshArgs":["-v","-T","-D","45423","-o","ConnectTimeout=15","fcs"],"serverDataFolderName":".vscode-server","dataFilePath":"/home/panda/.config/Code/User/globalStorage/ms-vscode-remote.remote-ssh/vscode-ssh-host-c5fe3847-6c3e3dba23e8fadc360aed75ce363ba185c49794-0.102.0/data.json"}
[13:04:45.069] Local server env: {"SHELL":"/bin/zsh","DISPLAY":":0","ELECTRON_RUN_AS_NODE":"1","SSH_ASKPASS":"/home/panda/.vscode/extensions/ms-vscode-remote.remote-ssh-0.102.0/out/local-server/askpass.sh","VSCODE_SSH_ASKPASS_NODE":"/opt/visual-studio-code/code","VSCODE_SSH_ASKPASS_EXTRA_ARGS":"--ms-enable-electron-run-as-node","VSCODE_SSH_ASKPASS_MAIN":"/home/panda/.vscode/extensions/ms-vscode-remote.remote-ssh-0.102.0/out/askpass-main.js","VSCODE_SSH_ASKPASS_HANDLE":"/run/user/1000/vscode-ssh-askpass-67f5ee302b8c86cdb143abb79359fb8348fe182f.sock"}
[13:04:45.074] Spawned 11322
[13:04:45.201] > local-server-1> Running ssh connection command: "-v -T -D 45423 -o ConnectTimeout=15 fcs"
[13:04:45.205] > local-server-1> Spawned ssh, pid=11331
[13:04:45.209] stderr> OpenSSH_9.4p1, OpenSSL 3.1.2 1 Aug 2023
[13:04:45.509] stderr> debug1: Server host key: ssh-ed25519 SHA256:W7V3D0HZQ92QEyEiTOQpdGv9kRhmB4/661RXJ4xeTJs
[13:04:45.816] stderr> Authenticated to 192.168.2.234 ([192.168.2.234]:22) using "publickey".
[13:04:46.627] > Welcome to Ubuntu 22.04.3 LTS (GNU/Linux 5.15.0-79-generic x86_64)
> 
>  * Documentation:  https://help.ubuntu.com
>  * Management:     https://landscape.canonical.com
>  * Support:        https://ubuntu.com/advantage
> 
>   System information as of Tue Aug 29 07:34:42 AM UTC 2023
> 
>   System load:  0.0                Processes:               267
>   Usage of /:   10.0% of 97.87GB   Users logged in:         0
>   Memory usage: 8%                 IPv4 address for ens160: 192.168.2.234
>   Swap usage:   0%
> 
>  * Strictly confined Kubernetes makes edge and IoT secure. Learn how MicroK8s
>    just raised the bar for easy, resilient and secure K8s cluster deployment.
> 
>    https://ubuntu.com/engage/secure-kubernetes-at-the-edge
> 
> Expanded Security Maintenance for Applications is not enabled.
> 
> 0 updates can be applied immediately.
> 
> Enable ESM Apps to receive additional future security updates.
> See https://ubuntu.com/esm or run: sudo pro status
> 
> 
> *** System restart required ***
[13:04:46.656] > ready: 4e52bd8e541a
[13:04:46.686] > Linux 5.15.0-79-generic #86-Ubuntu SMP Mon Jul 10 16:07:21 UTC 2023
[13:04:46.687] Platform: linux
[13:04:46.716] > /bin/bash
[13:04:46.716] Shell: bash
[13:04:46.717] Creating bash subshell inside "bash"
[13:04:46.737] > bash version:  5.1.16(1)-release
[13:04:46.837] > 4e52bd8e541a: running
[13:04:46.880] > Acquiring lock on /home/iiitd/.vscode-server/bin/6c3e3dba23e8fadc360aed75ce363ba185c49794/vscode-remote-lock.iiitd.6c3e3dba23e8fadc360aed75ce363ba185c49794
[13:04:46.896] > Found existing installation at /home/iiitd/.vscode-server/bin/6c3e3dba23e8fadc360aed75ce363ba185c49794...
> Checking /home/iiitd/.vscode-server/.6c3e3dba23e8fadc360aed75ce363ba185c49794.log and /home/iiitd/.vscode-server/.6c3e3dba23e8fadc360aed75ce363ba185c49794.pid for a running server
> Looking for server with pid: 42227
[13:04:46.919] > Running ssh connection command... /home/iiitd/.vscode-server/bin/6c3e3dba23e8fadc360aed75ce363ba185c49794/bin/code-server --start-server --host=127.0.0.1 --accept-server-license-terms --enable-remote-auto-shutdown --port=0 --telemetry-level all   &> "/home/iiitd/.vscode-server/.6c3e3dba23e8fadc360aed75ce363ba185c49794.log" < /dev/null
> printenv:
>     SHELL=/bin/bash
>     PWD=/home/iiitd
>     LOGNAME=iiitd
>     XDG_SESSION_TYPE=tty
>     MOTD_SHOWN=pam
>     HOME=/home/iiitd
>     LANG=en_US.UTF-8
>     VSCODE_AGENT_FOLDER=/home/iiitd/.vscode-server
>     SSH_CONNECTION=192.168.1.99 58050 192.168.2.234 22
>     XDG_SESSION_CLASS=user
>     USER=iiitd
>     SHLVL=1
>     XDG_SESSION_ID=135
>     XDG_RUNTIME_DIR=/run/user/1000
>     SSH_CLIENT=192.168.1.99 58050 22
>     XDG_DATA_DIRS=/usr/local/share:/usr/share:/var/lib/snapd/desktop
>     PATH=/home/iiitd/.local/bin:/usr/local/sbin:/usr/local/bin:/usr/sbin:/usr/bin:/sbin:/bin:/usr/games:/usr/local/games:/snap/bin
>     DBUS_SESSION_BUS_ADDRESS=unix:path=/run/user/1000/bus
>     _=/usr/bin/printenv
[13:04:46.926] > Removing old logfile at /home/iiitd/.vscode-server/.6c3e3dba23e8fadc360aed75ce363ba185c49794.log
> Spawned remote server: 49265
[13:04:46.941] > Waiting for server log...
[13:04:46.986] > Waiting for server log...
[13:04:47.017] >  
> *
> * Visual Studio Code Server
> *
> * By using the software, you agree to
> * the Visual Studio Code Server License Terms (https://aka.ms/vscode-server-license) and
> * the Microsoft Privacy Statement (https://privacy.microsoft.com/en-US/privacystatement).
> *
>  
[13:04:47.046] > 4e52bd8e541a: start
> SSH_AUTH_SOCK====
> DISPLAY====
> webUiAccessToken====
> listeningOn==35431==
> osReleaseId==ubuntu==
> arch==x86_64==
> vscodeArch==x64==
> bitness==64==
> tmpDir==/run/user/1000==
> platform==linux==
> unpackResult====
> didLocalDownload==0==
> downloadTime====
> installTime====
> extInstallTime====
> serverStartTime==96==
> connectionToken==11111111-a111-1111-1aaa-a1a1a1a11aa1==
> 4e52bd8e541a: end
[13:04:47.047] Received install output: 
SSH_AUTH_SOCK====
DISPLAY====
webUiAccessToken====
listeningOn==35431==
osReleaseId==ubuntu==
arch==x86_64==
vscodeArch==x64==
bitness==64==
tmpDir==/run/user/1000==
platform==linux==
unpackResult====
didLocalDownload==0==
downloadTime====
installTime====
extInstallTime====
serverStartTime==96==
connectionToken==11111111-a111-1111-1aaa-a1a1a1a11aa1==

[13:04:47.048] Remote server is listening on 35431
[13:04:47.049] Parsed server configuration: {"serverConfiguration":{"remoteListeningOn":{"port":35431},"osReleaseId":"ubuntu","arch":"x86_64","webUiAccessToken":"","sshAuthSock":"","display":"","tmpDir":"/run/user/1000","platform":"linux","connectionToken":"11111111-a111-1111-1aaa-a1a1a1a11aa1"},"serverStartTime":96,"installUnpackCode":""}
[13:04:47.051] Persisting server connection details to /home/panda/.config/Code/User/globalStorage/ms-vscode-remote.remote-ssh/vscode-ssh-host-c5fe3847-6c3e3dba23e8fadc360aed75ce363ba185c49794-0.102.0/data.json
[13:04:47.056] Starting forwarding server. localPort 41225 -> socksPort 45423 -> remotePort 35431
[13:04:47.057] Forwarding server listening on 41225
[13:04:47.057] Waiting for ssh tunnel to be ready
[13:04:47.060] [Forwarding server 41225] Got connection 0
[13:04:47.062] Tunneled 35431 to local port 41225
[13:04:47.062] Resolved "ssh-remote+fcs" to "127.0.0.1:41225"
[13:04:47.078] ------




[13:04:47.102] [Forwarding server 41225] Got connection 1
[13:04:47.236] [Forwarding server 41225] Got connection 2
