[22:36:53.417] Log Level: 2
[22:36:53.428] VS Code version: 1.81.1
[22:36:53.428] Remote-SSH version: remote-ssh@0.102.0
[22:36:53.428] linux x64
[22:36:53.451] SSH Resolver called for "ssh-remote+btp", attempt 1
[22:36:53.452] "remote.SSH.useLocalServer": true
[22:36:53.453] "remote.SSH.path": undefined
[22:36:53.453] "remote.SSH.configFile": undefined
[22:36:53.453] "remote.SSH.useFlock": true
[22:36:53.453] "remote.SSH.lockfilesInTmp": false
[22:36:53.453] "remote.SSH.localServerDownload": auto
[22:36:53.453] "remote.SSH.remoteServerListenOnSocket": false
[22:36:53.453] "remote.SSH.showLoginTerminal": false
[22:36:53.454] "remote.SSH.defaultExtensions": []
[22:36:53.454] "remote.SSH.loglevel": 2
[22:36:53.454] "remote.SSH.enableDynamicForwarding": true
[22:36:53.454] "remote.SSH.enableRemoteCommand": false
[22:36:53.456] "remote.SSH.serverPickPortsFromRange": {}
[22:36:53.457] "remote.SSH.serverInstallPath": {}
[22:36:53.462] SSH Resolver called for host: btp
[22:36:53.462] Setting up SSH remote "btp"
[22:36:53.465] Acquiring local install lock: /tmp/vscode-remote-ssh-62d7b149-install.lock
[22:36:53.466] Looking for existing server data file at /home/panda/.config/Code/User/globalStorage/ms-vscode-remote.remote-ssh/vscode-ssh-host-62d7b149-6c3e3dba23e8fadc360aed75ce363ba185c49794-0.102.0/data.json
[22:36:53.467] Using commit id "6c3e3dba23e8fadc360aed75ce363ba185c49794" and quality "stable" for server
[22:36:53.471] Install and start server if needed
[22:36:53.475] PATH: /sbin:/bin:/usr/local/sbin:/usr/local/bin:/usr/bin:/usr/sbin:/usr/bin/site_perl:/usr/bin/vendor_perl:/usr/bin/core_perl:/usr/lib/rustup/bin
[22:36:53.476] Checking ssh with "ssh -V"
[22:36:53.486] > OpenSSH_9.4p1, OpenSSL 3.1.2 1 Aug 2023

[22:36:53.489] askpass server listening on /run/user/1000/vscode-ssh-askpass-d414fec65a79f88a49260d2b13d3b9ea5763f236.sock
[22:36:53.489] Spawning local server with {"serverId":1,"ipcHandlePath":"/run/user/1000/vscode-ssh-askpass-dc7033197a5a0a0b37d63771c2beb00d41c3098d.sock","sshCommand":"ssh","sshArgs":["-v","-T","-D","33295","-o","ConnectTimeout=15","btp"],"serverDataFolderName":".vscode-server","dataFilePath":"/home/panda/.config/Code/User/globalStorage/ms-vscode-remote.remote-ssh/vscode-ssh-host-62d7b149-6c3e3dba23e8fadc360aed75ce363ba185c49794-0.102.0/data.json"}
[22:36:53.489] Local server env: {"SHELL":"/bin/zsh","DISPLAY":":0","ELECTRON_RUN_AS_NODE":"1","SSH_ASKPASS":"/home/panda/.vscode/extensions/ms-vscode-remote.remote-ssh-0.102.0/out/local-server/askpass.sh","VSCODE_SSH_ASKPASS_NODE":"/opt/visual-studio-code/code","VSCODE_SSH_ASKPASS_EXTRA_ARGS":"--ms-enable-electron-run-as-node","VSCODE_SSH_ASKPASS_MAIN":"/home/panda/.vscode/extensions/ms-vscode-remote.remote-ssh-0.102.0/out/askpass-main.js","VSCODE_SSH_ASKPASS_HANDLE":"/run/user/1000/vscode-ssh-askpass-d414fec65a79f88a49260d2b13d3b9ea5763f236.sock"}
[22:36:53.493] Spawned 28757
[22:36:53.601] > local-server-1> Running ssh connection command: "-v -T -D 33295 -o ConnectTimeout=15 btp"
[22:36:53.606] > local-server-1> Spawned ssh, pid=28767
[22:36:53.610] stderr> OpenSSH_9.4p1, OpenSSL 3.1.2 1 Aug 2023
[22:37:08.633] stderr> ssh: connect to host 192.168.16.203 port 22: Connection timed out
[22:37:08.635] > local-server-1> ssh child died, shutting down
[22:37:08.642] Local server exit: 0
[22:37:08.645] Received install output: local-server-1> Running ssh connection command: "-v -T -D 33295 -o ConnectTimeout=15 btp"
local-server-1> Spawned ssh, pid=28767
OpenSSH_9.4p1, OpenSSL 3.1.2 1 Aug 2023
ssh: connect to host 192.168.16.203 port 22: Connection timed out
local-server-1> ssh child died, shutting down

[22:37:08.658] Resolver error: Error: The connection timed out
	at m.Offline (/home/panda/.vscode/extensions/ms-vscode-remote.remote-ssh-0.102.0/out/extension.js:1:584196)
	at /home/panda/.vscode/extensions/ms-vscode-remote.remote-ssh-0.102.0/out/extension.js:1:581580
	at t.handleInstallOutput (/home/panda/.vscode/extensions/ms-vscode-remote.remote-ssh-0.102.0/out/extension.js:1:581794)
	at Object.e [as tryInstallWithLocalServer] (/home/panda/.vscode/extensions/ms-vscode-remote.remote-ssh-0.102.0/out/extension.js:1:623656)
	at process.processTicksAndRejections (node:internal/process/task_queues:96:5)
	at async /home/panda/.vscode/extensions/ms-vscode-remote.remote-ssh-0.102.0/out/extension.js:1:643708
	at async t.withShowDetailsEvent (/home/panda/.vscode/extensions/ms-vscode-remote.remote-ssh-0.102.0/out/extension.js:1:647428)
	at async /home/panda/.vscode/extensions/ms-vscode-remote.remote-ssh-0.102.0/out/extension.js:1:622128
	at async C (/home/panda/.vscode/extensions/ms-vscode-remote.remote-ssh-0.102.0/out/extension.js:1:618634)
	at async t.resolveWithLocalServer (/home/panda/.vscode/extensions/ms-vscode-remote.remote-ssh-0.102.0/out/extension.js:1:621743)
	at async t.resolve (/home/panda/.vscode/extensions/ms-vscode-remote.remote-ssh-0.102.0/out/extension.js:1:645036)
	at async /home/panda/.vscode/extensions/ms-vscode-remote.remote-ssh-0.102.0/out/extension.js:1:720916
[22:37:08.673] ------




