[17:19:49.434] Log Level: 2
[17:19:49.447] VS Code version: 1.81.1
[17:19:49.447] Remote-SSH version: remote-ssh@0.102.0
[17:19:49.447] linux x64
[17:19:49.455] SSH Resolver called for "ssh-remote+fcs", attempt 1
[17:19:49.458] "remote.SSH.useLocalServer": true
[17:19:49.458] "remote.SSH.path": undefined
[17:19:49.458] "remote.SSH.configFile": undefined
[17:19:49.459] "remote.SSH.useFlock": true
[17:19:49.459] "remote.SSH.lockfilesInTmp": false
[17:19:49.459] "remote.SSH.localServerDownload": auto
[17:19:49.459] "remote.SSH.remoteServerListenOnSocket": false
[17:19:49.459] "remote.SSH.showLoginTerminal": false
[17:19:49.459] "remote.SSH.defaultExtensions": []
[17:19:49.460] "remote.SSH.loglevel": 2
[17:19:49.460] "remote.SSH.enableDynamicForwarding": true
[17:19:49.460] "remote.SSH.enableRemoteCommand": false
[17:19:49.460] "remote.SSH.serverPickPortsFromRange": {}
[17:19:49.460] "remote.SSH.serverInstallPath": {}
[17:19:49.465] SSH Resolver called for host: fcs
[17:19:49.465] Setting up SSH remote "fcs"
[17:19:49.471] Acquiring local install lock: /tmp/vscode-remote-ssh-c5fe3847-install.lock
[17:19:49.473] Looking for existing server data file at /home/panda/.config/Code/User/globalStorage/ms-vscode-remote.remote-ssh/vscode-ssh-host-c5fe3847-6c3e3dba23e8fadc360aed75ce363ba185c49794-0.102.0/data.json
[17:19:49.474] Using commit id "6c3e3dba23e8fadc360aed75ce363ba185c49794" and quality "stable" for server
[17:19:49.481] Install and start server if needed
[17:19:49.487] PATH: /sbin:/bin:/usr/local/sbin:/usr/local/bin:/usr/bin:/usr/sbin:/usr/bin/site_perl:/usr/bin/vendor_perl:/usr/bin/core_perl:/usr/lib/rustup/bin
[17:19:49.488] Checking ssh with "ssh -V"
[17:19:49.499] > OpenSSH_9.4p1, OpenSSL 3.1.2 1 Aug 2023

[17:19:49.507] askpass server listening on /run/user/1000/vscode-ssh-askpass-edbba6f3d862fc36d8df0f88e68f526264506531.sock
[17:19:49.508] Spawning local server with {"serverId":1,"ipcHandlePath":"/run/user/1000/vscode-ssh-askpass-695d71379207c3a24d75054d293bd47155f7f4e5.sock","sshCommand":"ssh","sshArgs":["-v","-T","-D","35547","-o","ConnectTimeout=15","fcs"],"serverDataFolderName":".vscode-server","dataFilePath":"/home/panda/.config/Code/User/globalStorage/ms-vscode-remote.remote-ssh/vscode-ssh-host-c5fe3847-6c3e3dba23e8fadc360aed75ce363ba185c49794-0.102.0/data.json"}
[17:19:49.508] Local server env: {"SHELL":"/bin/zsh","DISPLAY":":0","ELECTRON_RUN_AS_NODE":"1","SSH_ASKPASS":"/home/panda/.vscode/extensions/ms-vscode-remote.remote-ssh-0.102.0/out/local-server/askpass.sh","VSCODE_SSH_ASKPASS_NODE":"/opt/visual-studio-code/code","VSCODE_SSH_ASKPASS_EXTRA_ARGS":"--ms-enable-electron-run-as-node","VSCODE_SSH_ASKPASS_MAIN":"/home/panda/.vscode/extensions/ms-vscode-remote.remote-ssh-0.102.0/out/askpass-main.js","VSCODE_SSH_ASKPASS_HANDLE":"/run/user/1000/vscode-ssh-askpass-edbba6f3d862fc36d8df0f88e68f526264506531.sock"}
[17:19:49.516] Spawned 34347
[17:19:49.659] > local-server-1> Running ssh connection command: "-v -T -D 35547 -o ConnectTimeout=15 fcs"
[17:19:49.663] > local-server-1> Spawned ssh, pid=34355
[17:19:49.668] stderr> OpenSSH_9.4p1, OpenSSL 3.1.2 1 Aug 2023
[17:19:49.869] stderr> debug1: Server host key: ssh-ed25519 SHA256:W7V3D0HZQ92QEyEiTOQpdGv9kRhmB4/661RXJ4xeTJs
[17:19:50.079] stderr> Authenticated to 192.168.2.234 ([192.168.2.234]:22) using "publickey".
[17:19:50.964] > Welcome to Ubuntu 22.04.3 LTS (GNU/Linux 5.15.0-79-generic x86_64)
> 
>  * Documentation:  https://help.ubuntu.com
>  * Management:     https://landscape.canonical.com
>  * Support:        https://ubuntu.com/advantage
> 
>   System information as of Tue Aug 29 11:49:46 AM UTC 2023
> 
>   System load:  0.0029296875       Processes:               267
>   Usage of /:   10.0% of 97.87GB   Users logged in:         0
>   Memory usage: 9%                 IPv4 address for ens160: 192.168.2.234
>   Swap usage:   0%
> 
>  * Strictly confined Kubernetes makes edge and IoT secure. Learn how MicroK8s
>    just raised the bar for easy, resilient and secure K8s cluster deployment.
> 
>    https://ubuntu.com/engage/secure-kubernetes-at-the-edge
> 
> Expanded Security Maintenance for Applications is not enabled.
> 
> 1 update can be applied immediately.
> 1 of these updates is a standard security update.
> To see these additional updates run: apt list --upgradable
> 
> Enable ESM Apps to receive additional future security updates.
> See https://ubuntu.com/esm or run: sudo pro status
> 
> 
> *** System restart required ***
[17:19:50.980] > ready: b3ed9740da4c
[17:19:51.008] > Linux 5.15.0-79-generic #86-Ubuntu SMP Mon Jul 10 16:07:21 UTC 2023
[17:19:51.009] Platform: linux
[17:19:51.041] > /bin/bash
[17:19:51.041] Shell: bash
[17:19:51.041] Creating bash subshell inside "bash"
[17:19:51.061] > bash version:  5.1.16(1)-release
[17:19:51.131] > b3ed9740da4c: running
[17:19:51.172] > Acquiring lock on /home/iiitd/.vscode-server/bin/6c3e3dba23e8fadc360aed75ce363ba185c49794/vscode-remote-lock.iiitd.6c3e3dba23e8fadc360aed75ce363ba185c49794
[17:19:51.190] > Found existing installation at /home/iiitd/.vscode-server/bin/6c3e3dba23e8fadc360aed75ce363ba185c49794...
> Checking /home/iiitd/.vscode-server/.6c3e3dba23e8fadc360aed75ce363ba185c49794.log and /home/iiitd/.vscode-server/.6c3e3dba23e8fadc360aed75ce363ba185c49794.pid for a running server
> Looking for server with pid: 50406
[17:19:51.220] > Running ssh connection command... /home/iiitd/.vscode-server/bin/6c3e3dba23e8fadc360aed75ce363ba185c49794/bin/code-server --start-server --host=127.0.0.1 --accept-server-license-terms --enable-remote-auto-shutdown --port=0 --telemetry-level all   &> "/home/iiitd/.vscode-server/.6c3e3dba23e8fadc360aed75ce363ba185c49794.log" < /dev/null
> printenv:
>     SHELL=/bin/bash
>     PWD=/home/iiitd
>     LOGNAME=iiitd
>     XDG_SESSION_TYPE=tty
>     MOTD_SHOWN=pam
>     HOME=/home/iiitd
>     LANG=en_US.UTF-8
>     VSCODE_AGENT_FOLDER=/home/iiitd/.vscode-server
>     SSH_CONNECTION=192.168.1.99 35194 192.168.2.234 22
>     XDG_SESSION_CLASS=user
>     USER=iiitd
>     SHLVL=1
>     XDG_SESSION_ID=146
>     XDG_RUNTIME_DIR=/run/user/1000
>     SSH_CLIENT=192.168.1.99 35194 22
>     XDG_DATA_DIRS=/usr/local/share:/usr/share:/var/lib/snapd/desktop
>     PATH=/home/iiitd/.local/bin:/usr/local/sbin:/usr/local/bin:/usr/sbin:/usr/bin:/sbin:/bin:/usr/games:/usr/local/games:/snap/bin
>     DBUS_SESSION_BUS_ADDRESS=unix:path=/run/user/1000/bus
>     _=/usr/bin/printenv
> Removing old logfile at /home/iiitd/.vscode-server/.6c3e3dba23e8fadc360aed75ce363ba185c49794.log
> Spawned remote server: 51976
[17:19:51.223] > Waiting for server log...
[17:19:51.268] > Waiting for server log...
[17:19:51.310] >  
> *
> * Visual Studio Code Server
> *
> * By using the software, you agree to
> * the Visual Studio Code Server License Terms (https://aka.ms/vscode-server-license) and
> * the Microsoft Privacy Statement (https://privacy.microsoft.com/en-US/privacystatement).
> *
>  
[17:19:51.340] > b3ed9740da4c: start
> SSH_AUTH_SOCK====
> DISPLAY====
> webUiAccessToken====
> listeningOn==39519==
> osReleaseId==ubuntu==
> arch==x86_64==
> vscodeArch==x64==
> bitness==64==
> tmpDir==/run/user/1000==
> platform==linux==
> unpackResult====
> didLocalDownload==0==
> downloadTime====
> installTime====
> extInstallTime====
> serverStartTime==96==
> connectionToken==a11111a1-111a-1aa1-a111-11aaa111a1a1==
> b3ed9740da4c: end
[17:19:51.342] Received install output: 
SSH_AUTH_SOCK====
DISPLAY====
webUiAccessToken====
listeningOn==39519==
osReleaseId==ubuntu==
arch==x86_64==
vscodeArch==x64==
bitness==64==
tmpDir==/run/user/1000==
platform==linux==
unpackResult====
didLocalDownload==0==
downloadTime====
installTime====
extInstallTime====
serverStartTime==96==
connectionToken==a11111a1-111a-1aa1-a111-11aaa111a1a1==

[17:19:51.344] Remote server is listening on 39519
[17:19:51.344] Parsed server configuration: {"serverConfiguration":{"remoteListeningOn":{"port":39519},"osReleaseId":"ubuntu","arch":"x86_64","webUiAccessToken":"","sshAuthSock":"","display":"","tmpDir":"/run/user/1000","platform":"linux","connectionToken":"a11111a1-111a-1aa1-a111-11aaa111a1a1"},"serverStartTime":96,"installUnpackCode":""}
[17:19:51.346] Persisting server connection details to /home/panda/.config/Code/User/globalStorage/ms-vscode-remote.remote-ssh/vscode-ssh-host-c5fe3847-6c3e3dba23e8fadc360aed75ce363ba185c49794-0.102.0/data.json
[17:19:51.355] Starting forwarding server. localPort 35793 -> socksPort 35547 -> remotePort 39519
[17:19:51.356] Forwarding server listening on 35793
[17:19:51.357] Waiting for ssh tunnel to be ready
[17:19:51.361] [Forwarding server 35793] Got connection 0
[17:19:51.365] Tunneled 39519 to local port 35793
[17:19:51.365] Resolved "ssh-remote+fcs" to "127.0.0.1:35793"
[17:19:51.387] ------




[17:19:51.399] [Forwarding server 35793] Got connection 1
[17:19:51.530] [Forwarding server 35793] Got connection 2
[17:28:37.658] > local-server-1> ssh child died, shutting down
[17:28:37.671] Local server exit: 0
[17:28:37.713] ------




[17:28:37.713] SSH Resolver called for "ssh-remote+fcs", attempt 2, (Reconnection)
[17:28:37.714] SSH Resolver called for host: fcs
[17:28:37.714] Setting up SSH remote "fcs"
[17:28:37.716] Acquiring local install lock: /tmp/vscode-remote-ssh-c5fe3847-install.lock
[17:28:37.717] Looking for existing server data file at /home/panda/.config/Code/User/globalStorage/ms-vscode-remote.remote-ssh/vscode-ssh-host-c5fe3847-6c3e3dba23e8fadc360aed75ce363ba185c49794-0.102.0/data.json
[17:28:37.717] Using commit id "6c3e3dba23e8fadc360aed75ce363ba185c49794" and quality "stable" for server
[17:28:37.722] Install and start server if needed
[17:28:37.726] askpass server listening on /run/user/1000/vscode-ssh-askpass-848dd14ae09cd168174b79805c62b0fc956300a1.sock
[17:28:37.726] Spawning local server with {"serverId":2,"ipcHandlePath":"/run/user/1000/vscode-ssh-askpass-f6a5c296ce0f0066c7821b0d61972e776466d6bd.sock","sshCommand":"ssh","sshArgs":["-v","-T","-D","44793","-o","ConnectTimeout=15","fcs"],"serverDataFolderName":".vscode-server","dataFilePath":"/home/panda/.config/Code/User/globalStorage/ms-vscode-remote.remote-ssh/vscode-ssh-host-c5fe3847-6c3e3dba23e8fadc360aed75ce363ba185c49794-0.102.0/data.json"}
[17:28:37.726] Local server env: {"SHELL":"/bin/zsh","DISPLAY":":0","ELECTRON_RUN_AS_NODE":"1","SSH_ASKPASS":"/home/panda/.vscode/extensions/ms-vscode-remote.remote-ssh-0.102.0/out/local-server/askpass.sh","VSCODE_SSH_ASKPASS_NODE":"/opt/visual-studio-code/code","VSCODE_SSH_ASKPASS_EXTRA_ARGS":"--ms-enable-electron-run-as-node","VSCODE_SSH_ASKPASS_MAIN":"/home/panda/.vscode/extensions/ms-vscode-remote.remote-ssh-0.102.0/out/askpass-main.js","VSCODE_SSH_ASKPASS_HANDLE":"/run/user/1000/vscode-ssh-askpass-848dd14ae09cd168174b79805c62b0fc956300a1.sock"}
[17:28:37.732] Spawned 35598
[17:28:37.836] > local-server-2> Running ssh connection command: "-v -T -D 44793 -o ConnectTimeout=15 fcs"
[17:28:37.840] > local-server-2> Spawned ssh, pid=35607
[17:28:37.843] stderr> OpenSSH_9.4p1, OpenSSL 3.1.2 1 Aug 2023
[17:28:37.875] stderr> ssh: connect to host 192.168.2.234 port 22: Connection refused
[17:28:37.876] > local-server-2> ssh child died, shutting down
[17:28:37.879] Local server exit: 0
[17:28:37.880] Received install output: local-server-2> Running ssh connection command: "-v -T -D 44793 -o ConnectTimeout=15 fcs"
local-server-2> Spawned ssh, pid=35607
OpenSSH_9.4p1, OpenSSL 3.1.2 1 Aug 2023
ssh: connect to host 192.168.2.234 port 22: Connection refused
local-server-2> ssh child died, shutting down

[17:28:37.881] Failed to parse remote port from server output
[17:28:37.882] Resolver error: Error: 
	at m.Create (/home/panda/.vscode/extensions/ms-vscode-remote.remote-ssh-0.102.0/out/extension.js:1:584145)
	at t.handleInstallOutput (/home/panda/.vscode/extensions/ms-vscode-remote.remote-ssh-0.102.0/out/extension.js:1:582705)
	at Object.e [as tryInstallWithLocalServer] (/home/panda/.vscode/extensions/ms-vscode-remote.remote-ssh-0.102.0/out/extension.js:1:623656)
	at process.processTicksAndRejections (node:internal/process/task_queues:96:5)
	at async /home/panda/.vscode/extensions/ms-vscode-remote.remote-ssh-0.102.0/out/extension.js:1:643708
	at async t.withShowDetailsEvent (/home/panda/.vscode/extensions/ms-vscode-remote.remote-ssh-0.102.0/out/extension.js:1:647428)
	at async /home/panda/.vscode/extensions/ms-vscode-remote.remote-ssh-0.102.0/out/extension.js:1:622128
	at async C (/home/panda/.vscode/extensions/ms-vscode-remote.remote-ssh-0.102.0/out/extension.js:1:618634)
	at async t.resolveWithLocalServer (/home/panda/.vscode/extensions/ms-vscode-remote.remote-ssh-0.102.0/out/extension.js:1:621743)
	at async t.resolve (/home/panda/.vscode/extensions/ms-vscode-remote.remote-ssh-0.102.0/out/extension.js:1:645036)
	at async /home/panda/.vscode/extensions/ms-vscode-remote.remote-ssh-0.102.0/out/extension.js:1:720916
[17:28:37.885] ------




