2023-08-29 22:40:17.014 [info] Deleted uninstalled extension from disk bradlc.vscode-tailwindcss /home/panda/.vscode/extensions/bradlc.vscode-tailwindcss-0.9.13
2023-08-29 22:49:15.254 [info] [SharedProcessTunnelService] Created tunnel 1: 127.0.0.1:8000 (local) to 127.0.0.1:8000 (remote).
2023-08-29 22:49:17.639 [info] Creating a socket (renderer-Tunnel-3cec2207-b0fb-402a-98b8-9389c13abc33)...
2023-08-29 22:49:17.673 [info] Creating a socket (renderer-Tunnel-3cec2207-b0fb-402a-98b8-9389c13abc33) was successful after 31 ms.
2023-08-30 00:13:43.583 [info] Creating a socket (renderer-Tunnel-4455c15f-bb6a-4323-9b8d-f7440b69b223)...
2023-08-30 00:13:43.644 [info] Creating a socket (renderer-Tunnel-4455c15f-bb6a-4323-9b8d-f7440b69b223) was successful after 60 ms.
2023-08-30 00:13:43.908 [info] Creating a socket (renderer-Tunnel-fed457e2-b16a-4e59-af72-26d03a00b751)...
2023-08-30 00:13:44.042 [info] Creating a socket (renderer-Tunnel-fed457e2-b16a-4e59-af72-26d03a00b751) was successful after 133 ms.
2023-08-30 00:14:00.759 [info] Creating a socket (renderer-Tunnel-95cc48cd-9189-4f5e-8b95-4c0258e7815d)...
2023-08-30 00:14:00.936 [info] Creating a socket (renderer-Tunnel-95cc48cd-9189-4f5e-8b95-4c0258e7815d) was successful after 176 ms.
2023-08-30 00:14:01.163 [info] Creating a socket (renderer-Tunnel-703b0c1d-1227-4951-a75b-8ece1aabc7dc)...
2023-08-30 00:14:01.310 [info] Creating a socket (renderer-Tunnel-703b0c1d-1227-4951-a75b-8ece1aabc7dc) was successful after 146 ms.
2023-08-30 00:15:08.789 [info] [SharedProcessTunnelService] Created tunnel 2: localhost:4173 (local) to localhost:4173 (remote).
2023-08-30 00:15:13.126 [info] Creating a socket (renderer-Tunnel-3a101989-c304-43d0-ada2-6fdd2a31d4d6)...
2023-08-30 00:15:13.182 [info] Creating a socket (renderer-Tunnel-3a101989-c304-43d0-ada2-6fdd2a31d4d6) was successful after 56 ms.
2023-08-30 00:15:13.358 [info] Creating a socket (renderer-Tunnel-84d2dbaa-033b-430e-a125-aa3504c00d6e)...
2023-08-30 00:15:13.536 [info] Creating a socket (renderer-Tunnel-84d2dbaa-033b-430e-a125-aa3504c00d6e) was successful after 178 ms.
2023-08-30 00:15:13.793 [info] Creating a socket (renderer-Tunnel-1d02995e-1207-44c8-91ac-b77c2613ae41)...
2023-08-30 00:15:13.940 [info] Creating a socket (renderer-Tunnel-1d02995e-1207-44c8-91ac-b77c2613ae41) was successful after 146 ms.
2023-08-30 00:15:45.597 [info] Creating a socket (renderer-Tunnel-ab0ba2aa-f53c-48c7-8ee5-5f36028d0e57)...
2023-08-30 00:15:45.625 [info] Creating a socket (renderer-Tunnel-ab0ba2aa-f53c-48c7-8ee5-5f36028d0e57) was successful after 26 ms.
2023-08-30 00:15:45.782 [info] Creating a socket (renderer-Tunnel-8d4d50a7-9f9e-4203-b90c-b34cff4aed72)...
2023-08-30 00:15:45.832 [info] Creating a socket (renderer-Tunnel-8d4d50a7-9f9e-4203-b90c-b34cff4aed72) was successful after 50 ms.
2023-08-30 00:16:43.729 [info] Creating a socket (renderer-Tunnel-e6b0df87-16d8-4c9c-8937-ef8adc37cb77)...
2023-08-30 00:16:43.838 [info] Creating a socket (renderer-Tunnel-e6b0df87-16d8-4c9c-8937-ef8adc37cb77) was successful after 109 ms.
2023-08-30 00:16:44.020 [info] Creating a socket (renderer-Tunnel-1a729b6c-960f-491e-b364-9c9dc5022021)...
2023-08-30 00:16:44.144 [info] Creating a socket (renderer-Tunnel-1a729b6c-960f-491e-b364-9c9dc5022021) was successful after 124 ms.
2023-08-30 00:18:59.224 [info] Creating a socket (renderer-Tunnel-ea0fda2d-1d5c-43be-9202-4ab432cdec23)...
2023-08-30 00:18:59.262 [info] Creating a socket (renderer-Tunnel-ea0fda2d-1d5c-43be-9202-4ab432cdec23) was successful after 36 ms.
2023-08-30 00:18:59.432 [info] Creating a socket (renderer-Tunnel-a061363a-5d51-41e6-ab08-aa1f7f5b0130)...
2023-08-30 00:18:59.490 [info] Creating a socket (renderer-Tunnel-a061363a-5d51-41e6-ab08-aa1f7f5b0130) was successful after 58 ms.
2023-08-30 00:26:49.426 [info] [SharedProcessTunnelService] Disposing tunnel 1.
2023-08-30 00:26:49.429 [info] [SharedProcessTunnelService] Disposing tunnel 2.
