2023-09-04 22:13:59.149 [info] Using settings sync service https://vscode-sync.trafficmanager.net/
2023-09-04 22:13:59.149 [info] Auto Sync is enabled.
2023-09-04 22:13:59.149 [info] Auto Sync: Suspended until auth token is available.
2023-09-04 22:13:59.554 [info] Deleting non existing profile from backup /home/panda/.config/Code/User/sync/extensions
2023-09-04 22:13:59.559 [info] Deleting non existing profile from backup /home/panda/.config/Code/User/sync/globalState
2023-09-04 22:13:59.560 [info] Deleting non existing profile from backup /home/panda/.config/Code/User/sync/keybindings
2023-09-04 22:13:59.561 [info] Deleting non existing profile from backup /home/panda/.config/Code/User/sync/profiles
2023-09-04 22:13:59.561 [info] Deleting non existing profile from backup /home/panda/.config/Code/User/sync/settings
2023-09-04 22:13:59.562 [info] Deleting non existing profile from backup /home/panda/.config/Code/User/sync/snippets
2023-09-04 22:13:59.563 [info] Deleting non existing profile from backup /home/panda/.config/Code/User/sync/tasks
2023-09-04 22:14:14.035 [info] Auto Sync: Triggered by Interval
2023-09-04 22:14:14.035 [info] Sync started.
2023-09-04 22:14:15.151 [info] Settings: Last sync resource does not exist locally.
2023-09-04 22:14:15.418 [info] Settings: No changes found during synchronizing settings.
2023-09-04 22:14:15.419 [info] Keybindings: Last sync resource does not exist locally.
2023-09-04 22:14:15.656 [info] Keybindings: No changes found during synchronizing keybindings.
2023-09-04 22:14:15.660 [info] Snippets: Last sync resource does not exist locally.
2023-09-04 22:14:15.916 [info] Snippets: No changes found during synchronizing snippets.
2023-09-04 22:14:15.919 [info] Tasks: Last sync resource does not exist locally.
2023-09-04 22:14:16.170 [info] Tasks: No changes found during synchronizing tasks.
2023-09-04 22:14:16.174 [info] GlobalState: Last sync resource does not exist locally.
2023-09-04 22:14:17.480 [info] GlobalState: Updated remote ui state. Updated: workbench.activity.pinnedViewlets2,workbench.panel.pinnedPanels.
2023-09-04 22:14:17.489 [info] GlobalState: Updated last synchronized ui state
2023-09-04 22:14:17.496 [info] Extensions: Last sync resource does not exist locally.
2023-09-04 22:14:17.878 [info] Extensions: No changes found during synchronizing extensions.
2023-09-04 22:14:17.879 [info] Profiles: Last sync resource does not exist locally.
2023-09-04 22:14:18.086 [info] Profiles: No changes found during synchronizing profiles.
2023-09-04 22:14:18.092 [info] Sync done. Took 4057ms
2023-09-04 22:14:32.329 [info] Auto Sync: Triggered by Activity
2023-09-04 22:14:32.330 [info] Sync started.
2023-09-04 22:14:33.162 [info] Settings: No changes found during synchronizing settings.
2023-09-04 22:14:33.165 [info] Keybindings: No changes found during synchronizing keybindings.
2023-09-04 22:14:33.168 [info] Snippets: No changes found during synchronizing snippets.
2023-09-04 22:14:33.177 [info] Tasks: No changes found during synchronizing tasks.
2023-09-04 22:14:34.051 [info] GlobalState: Updated remote ui state. Updated: workbench.activity.pinnedViewlets2.
2023-09-04 22:14:34.056 [info] GlobalState: Updated last synchronized ui state
2023-09-04 22:14:34.166 [info] Extensions: No changes found during synchronizing extensions.
2023-09-04 22:14:34.169 [info] Profiles: No changes found during synchronizing profiles.
2023-09-04 22:14:34.175 [info] Sync done. Took 1841ms
2023-09-04 22:14:39.943 [info] Auto Sync: Triggered by Activity
2023-09-04 22:14:39.943 [info] Sync started.
2023-09-04 22:14:40.063 [info] Settings: No changes found during synchronizing settings.
2023-09-04 22:14:40.069 [info] Keybindings: No changes found during synchronizing keybindings.
2023-09-04 22:14:40.077 [info] Snippets: No changes found during synchronizing snippets.
2023-09-04 22:14:40.080 [info] Tasks: No changes found during synchronizing tasks.
2023-09-04 22:14:40.473 [info] GlobalState: Updated remote ui state. Updated: workbench.activity.pinnedViewlets2,workbench.panel.pinnedPanels.
2023-09-04 22:14:40.477 [info] GlobalState: Updated last synchronized ui state
2023-09-04 22:14:40.561 [info] Extensions: No changes found during synchronizing extensions.
2023-09-04 22:14:40.562 [info] Profiles: No changes found during synchronizing profiles.
2023-09-04 22:14:40.563 [info] Sync done. Took 621ms
2023-09-04 22:19:40.567 [info] Auto Sync: Triggered by Interval
2023-09-04 22:19:40.568 [info] Sync started.
2023-09-04 22:19:41.552 [info] Settings: No changes found during synchronizing settings.
2023-09-04 22:19:41.554 [info] Keybindings: No changes found during synchronizing keybindings.
2023-09-04 22:19:41.558 [info] Snippets: No changes found during synchronizing snippets.
2023-09-04 22:19:41.560 [info] Tasks: No changes found during synchronizing tasks.
2023-09-04 22:19:41.564 [info] GlobalState: No changes found during synchronizing ui state.
2023-09-04 22:19:41.655 [info] Extensions: No changes found during synchronizing extensions.
2023-09-04 22:19:41.656 [info] Profiles: No changes found during synchronizing profiles.
2023-09-04 22:19:41.658 [info] Sync done. Took 1091ms
2023-09-04 22:24:41.662 [info] Auto Sync: Triggered by Interval
2023-09-04 22:24:41.663 [info] Sync started.
2023-09-04 22:24:42.572 [info] Settings: No changes found during synchronizing settings.
2023-09-04 22:24:42.583 [info] Keybindings: No changes found during synchronizing keybindings.
2023-09-04 22:24:42.591 [info] Snippets: No changes found during synchronizing snippets.
2023-09-04 22:24:42.598 [info] Tasks: No changes found during synchronizing tasks.
2023-09-04 22:24:42.605 [info] GlobalState: No changes found during synchronizing ui state.
2023-09-04 22:24:42.711 [info] Extensions: No changes found during synchronizing extensions.
2023-09-04 22:24:42.712 [info] Profiles: No changes found during synchronizing profiles.
2023-09-04 22:24:42.713 [info] Sync done. Took 1051ms
2023-09-04 22:26:10.442 [info] Auto Sync: Triggered by Activity
2023-09-04 22:26:10.443 [info] Sync started.
2023-09-04 22:26:10.696 [info] Settings: No changes found during synchronizing settings.
2023-09-04 22:26:10.701 [info] Keybindings: No changes found during synchronizing keybindings.
2023-09-04 22:26:10.706 [info] Snippets: No changes found during synchronizing snippets.
2023-09-04 22:26:10.710 [info] Tasks: No changes found during synchronizing tasks.
2023-09-04 22:26:10.715 [info] GlobalState: No changes found during synchronizing ui state.
2023-09-04 22:26:10.834 [info] Extensions: No changes found during synchronizing extensions.
2023-09-04 22:26:10.842 [info] Profiles: No changes found during synchronizing profiles.
2023-09-04 22:26:10.845 [info] Sync done. Took 402ms
2023-09-04 22:28:53.922 [info] Auto Sync: Triggered by Activity
2023-09-04 22:28:53.922 [info] Sync started.
2023-09-04 22:28:54.276 [info] Settings: No changes found during synchronizing settings.
2023-09-04 22:28:54.283 [info] Keybindings: No changes found during synchronizing keybindings.
2023-09-04 22:28:54.289 [info] Snippets: No changes found during synchronizing snippets.
2023-09-04 22:28:54.292 [info] Tasks: No changes found during synchronizing tasks.
2023-09-04 22:28:54.295 [info] GlobalState: No changes found during synchronizing ui state.
2023-09-04 22:28:54.383 [info] Extensions: No changes found during synchronizing extensions.
2023-09-04 22:28:54.384 [info] Profiles: No changes found during synchronizing profiles.
2023-09-04 22:28:54.385 [info] Sync done. Took 464ms
2023-09-04 22:33:54.390 [info] Auto Sync: Triggered by Interval
2023-09-04 22:33:54.390 [info] Sync started.
2023-09-04 22:33:55.004 [info] Settings: No changes found during synchronizing settings.
2023-09-04 22:33:55.013 [info] Keybindings: No changes found during synchronizing keybindings.
2023-09-04 22:33:55.024 [info] Snippets: No changes found during synchronizing snippets.
2023-09-04 22:33:55.029 [info] Tasks: No changes found during synchronizing tasks.
2023-09-04 22:33:55.035 [info] GlobalState: No changes found during synchronizing ui state.
2023-09-04 22:33:55.119 [info] Extensions: No changes found during synchronizing extensions.
2023-09-04 22:33:55.124 [info] Profiles: No changes found during synchronizing profiles.
2023-09-04 22:33:55.125 [info] Sync done. Took 736ms
2023-09-04 22:38:55.130 [info] Auto Sync: Triggered by Interval
2023-09-04 22:38:55.130 [info] Sync started.
2023-09-04 22:38:55.468 [info] Settings: No changes found during synchronizing settings.
2023-09-04 22:38:55.478 [info] Keybindings: No changes found during synchronizing keybindings.
2023-09-04 22:38:55.490 [info] Snippets: No changes found during synchronizing snippets.
2023-09-04 22:38:55.494 [info] Tasks: No changes found during synchronizing tasks.
2023-09-04 22:38:55.501 [info] GlobalState: No changes found during synchronizing ui state.
2023-09-04 22:38:55.587 [info] Extensions: No changes found during synchronizing extensions.
2023-09-04 22:38:55.591 [info] Profiles: No changes found during synchronizing profiles.
2023-09-04 22:38:55.592 [info] Sync done. Took 464ms
2023-09-04 22:43:55.596 [info] Auto Sync: Triggered by Interval
2023-09-04 22:43:55.597 [info] Sync started.
2023-09-04 22:43:56.031 [info] Settings: No changes found during synchronizing settings.
2023-09-04 22:43:56.039 [info] Keybindings: No changes found during synchronizing keybindings.
2023-09-04 22:43:56.048 [info] Snippets: No changes found during synchronizing snippets.
2023-09-04 22:43:56.052 [info] Tasks: No changes found during synchronizing tasks.
2023-09-04 22:43:56.056 [info] GlobalState: No changes found during synchronizing ui state.
2023-09-04 22:43:56.148 [info] Extensions: No changes found during synchronizing extensions.
2023-09-04 22:43:56.150 [info] Profiles: No changes found during synchronizing profiles.
2023-09-04 22:43:56.151 [info] Sync done. Took 555ms
2023-09-04 22:48:56.157 [info] Auto Sync: Triggered by Interval
2023-09-04 22:48:56.158 [info] Sync started.
2023-09-04 22:48:56.662 [info] Settings: No changes found during synchronizing settings.
2023-09-04 22:48:56.672 [info] Keybindings: No changes found during synchronizing keybindings.
2023-09-04 22:48:56.689 [info] Snippets: No changes found during synchronizing snippets.
2023-09-04 22:48:56.697 [info] Tasks: No changes found during synchronizing tasks.
2023-09-04 22:48:56.706 [info] GlobalState: No changes found during synchronizing ui state.
2023-09-04 22:48:56.793 [info] Extensions: No changes found during synchronizing extensions.
2023-09-04 22:48:56.795 [info] Profiles: No changes found during synchronizing profiles.
2023-09-04 22:48:56.796 [info] Sync done. Took 641ms
2023-09-04 22:53:56.803 [info] Auto Sync: Triggered by Interval
2023-09-04 22:53:56.804 [info] Sync started.
2023-09-04 22:53:57.270 [info] Settings: No changes found during synchronizing settings.
2023-09-04 22:53:57.280 [info] Keybindings: No changes found during synchronizing keybindings.
2023-09-04 22:53:57.293 [info] Snippets: No changes found during synchronizing snippets.
2023-09-04 22:53:57.302 [info] Tasks: No changes found during synchronizing tasks.
2023-09-04 22:53:57.313 [info] GlobalState: No changes found during synchronizing ui state.
2023-09-04 22:53:57.403 [info] Extensions: No changes found during synchronizing extensions.
2023-09-04 22:53:57.404 [info] Profiles: No changes found during synchronizing profiles.
2023-09-04 22:53:57.405 [info] Sync done. Took 602ms
2023-09-04 22:58:57.414 [info] Auto Sync: Triggered by Interval
2023-09-04 22:58:57.414 [info] Sync started.
2023-09-04 22:58:58.010 [info] Settings: No changes found during synchronizing settings.
2023-09-04 22:58:58.024 [info] Keybindings: No changes found during synchronizing keybindings.
2023-09-04 22:58:58.036 [info] Snippets: No changes found during synchronizing snippets.
2023-09-04 22:58:58.040 [info] Tasks: No changes found during synchronizing tasks.
2023-09-04 22:58:58.046 [info] GlobalState: No changes found during synchronizing ui state.
2023-09-04 22:58:58.127 [info] Extensions: No changes found during synchronizing extensions.
2023-09-04 22:58:58.129 [info] Profiles: No changes found during synchronizing profiles.
2023-09-04 22:58:58.130 [info] Sync done. Took 717ms
2023-09-04 23:03:58.136 [info] Auto Sync: Triggered by Interval
2023-09-04 23:03:58.137 [info] Sync started.
2023-09-04 23:03:58.908 [info] Settings: No changes found during synchronizing settings.
2023-09-04 23:03:58.916 [info] Keybindings: No changes found during synchronizing keybindings.
2023-09-04 23:03:58.930 [info] Snippets: No changes found during synchronizing snippets.
2023-09-04 23:03:58.936 [info] Tasks: No changes found during synchronizing tasks.
2023-09-04 23:03:58.943 [info] GlobalState: No changes found during synchronizing ui state.
2023-09-04 23:03:59.024 [info] Extensions: No changes found during synchronizing extensions.
2023-09-04 23:03:59.025 [info] Profiles: No changes found during synchronizing profiles.
2023-09-04 23:03:59.027 [info] Sync done. Took 891ms
2023-09-04 23:08:59.036 [info] Auto Sync: Triggered by Interval
2023-09-04 23:08:59.037 [info] Sync started.
2023-09-04 23:08:59.659 [info] Settings: No changes found during synchronizing settings.
2023-09-04 23:08:59.668 [info] Keybindings: No changes found during synchronizing keybindings.
2023-09-04 23:08:59.678 [info] Snippets: No changes found during synchronizing snippets.
2023-09-04 23:08:59.682 [info] Tasks: No changes found during synchronizing tasks.
2023-09-04 23:08:59.688 [info] GlobalState: No changes found during synchronizing ui state.
2023-09-04 23:08:59.776 [info] Extensions: No changes found during synchronizing extensions.
2023-09-04 23:08:59.777 [info] Profiles: No changes found during synchronizing profiles.
2023-09-04 23:08:59.778 [info] Sync done. Took 743ms
2023-09-04 23:13:59.780 [info] Auto Sync: Triggered by Interval
2023-09-04 23:13:59.781 [info] Sync started.
2023-09-04 23:14:00.604 [info] Settings: No changes found during synchronizing settings.
2023-09-04 23:14:00.606 [info] Keybindings: No changes found during synchronizing keybindings.
2023-09-04 23:14:00.609 [info] Snippets: No changes found during synchronizing snippets.
2023-09-04 23:14:00.611 [info] Tasks: No changes found during synchronizing tasks.
2023-09-04 23:14:00.614 [info] GlobalState: No changes found during synchronizing ui state.
2023-09-04 23:14:00.698 [info] Extensions: No changes found during synchronizing extensions.
2023-09-04 23:14:00.699 [info] Profiles: No changes found during synchronizing profiles.
2023-09-04 23:14:00.700 [info] Sync done. Took 921ms
2023-09-04 23:19:00.703 [info] Auto Sync: Triggered by Interval
2023-09-04 23:19:00.704 [info] Sync started.
2023-09-04 23:19:01.047 [info] Settings: No changes found during synchronizing settings.
2023-09-04 23:19:01.057 [info] Keybindings: No changes found during synchronizing keybindings.
2023-09-04 23:19:01.066 [info] Snippets: No changes found during synchronizing snippets.
2023-09-04 23:19:01.070 [info] Tasks: No changes found during synchronizing tasks.
2023-09-04 23:19:01.076 [info] GlobalState: No changes found during synchronizing ui state.
2023-09-04 23:19:01.158 [info] Extensions: No changes found during synchronizing extensions.
2023-09-04 23:19:01.159 [info] Profiles: No changes found during synchronizing profiles.
2023-09-04 23:19:01.160 [info] Sync done. Took 459ms
2023-09-04 23:24:01.163 [info] Auto Sync: Triggered by Interval
2023-09-04 23:24:01.164 [info] Sync started.
2023-09-04 23:24:01.773 [info] Settings: No changes found during synchronizing settings.
2023-09-04 23:24:01.783 [info] Keybindings: No changes found during synchronizing keybindings.
2023-09-04 23:24:01.792 [info] Snippets: No changes found during synchronizing snippets.
2023-09-04 23:24:01.795 [info] Tasks: No changes found during synchronizing tasks.
2023-09-04 23:24:01.800 [info] GlobalState: No changes found during synchronizing ui state.
2023-09-04 23:24:01.885 [info] Extensions: No changes found during synchronizing extensions.
2023-09-04 23:24:01.887 [info] Profiles: No changes found during synchronizing profiles.
2023-09-04 23:24:01.887 [info] Sync done. Took 726ms
2023-09-04 23:29:01.890 [info] Auto Sync: Triggered by Interval
2023-09-04 23:29:01.891 [info] Sync started.
2023-09-04 23:29:02.336 [info] Settings: No changes found during synchronizing settings.
2023-09-04 23:29:02.346 [info] Keybindings: No changes found during synchronizing keybindings.
2023-09-04 23:29:02.360 [info] Snippets: No changes found during synchronizing snippets.
2023-09-04 23:29:02.369 [info] Tasks: No changes found during synchronizing tasks.
2023-09-04 23:29:02.379 [info] GlobalState: No changes found during synchronizing ui state.
2023-09-04 23:29:02.472 [info] Extensions: No changes found during synchronizing extensions.
2023-09-04 23:29:02.473 [info] Profiles: No changes found during synchronizing profiles.
2023-09-04 23:29:02.474 [info] Sync done. Took 585ms
2023-09-04 23:34:02.477 [info] Auto Sync: Triggered by Interval
2023-09-04 23:34:02.477 [info] Sync started.
2023-09-04 23:34:02.901 [info] Settings: No changes found during synchronizing settings.
2023-09-04 23:34:02.916 [info] Keybindings: No changes found during synchronizing keybindings.
2023-09-04 23:34:02.927 [info] Snippets: No changes found during synchronizing snippets.
2023-09-04 23:34:02.930 [info] Tasks: No changes found during synchronizing tasks.
2023-09-04 23:34:02.937 [info] GlobalState: No changes found during synchronizing ui state.
2023-09-04 23:34:03.025 [info] Extensions: No changes found during synchronizing extensions.
2023-09-04 23:34:03.026 [info] Profiles: No changes found during synchronizing profiles.
2023-09-04 23:34:03.027 [info] Sync done. Took 551ms
2023-09-04 23:39:03.029 [info] Auto Sync: Triggered by Interval
2023-09-04 23:39:03.029 [info] Sync started.
2023-09-04 23:39:03.474 [info] Settings: No changes found during synchronizing settings.
2023-09-04 23:39:03.483 [info] Keybindings: No changes found during synchronizing keybindings.
2023-09-04 23:39:03.497 [info] Snippets: No changes found during synchronizing snippets.
2023-09-04 23:39:03.505 [info] Tasks: No changes found during synchronizing tasks.
2023-09-04 23:39:03.517 [info] GlobalState: No changes found during synchronizing ui state.
2023-09-04 23:39:03.609 [info] Extensions: No changes found during synchronizing extensions.
2023-09-04 23:39:03.613 [info] Profiles: No changes found during synchronizing profiles.
2023-09-04 23:39:03.614 [info] Sync done. Took 587ms
2023-09-04 23:44:03.616 [info] Auto Sync: Triggered by Interval
2023-09-04 23:44:03.617 [info] Sync started.
2023-09-04 23:44:03.982 [info] Settings: No changes found during synchronizing settings.
2023-09-04 23:44:03.991 [info] Keybindings: No changes found during synchronizing keybindings.
2023-09-04 23:44:04.006 [info] Snippets: No changes found during synchronizing snippets.
2023-09-04 23:44:04.012 [info] Tasks: No changes found during synchronizing tasks.
2023-09-04 23:44:04.019 [info] GlobalState: No changes found during synchronizing ui state.
2023-09-04 23:44:04.104 [info] Extensions: No changes found during synchronizing extensions.
2023-09-04 23:44:04.108 [info] Profiles: No changes found during synchronizing profiles.
2023-09-04 23:44:04.109 [info] Sync done. Took 493ms
2023-09-04 23:47:52.825 [info] Auto Sync: Triggered by Activity
2023-09-04 23:47:52.826 [info] Sync started.
2023-09-04 23:47:53.157 [info] Settings: No changes found during synchronizing settings.
2023-09-04 23:47:53.161 [info] Keybindings: No changes found during synchronizing keybindings.
2023-09-04 23:47:53.165 [info] Snippets: No changes found during synchronizing snippets.
2023-09-04 23:47:53.170 [info] Tasks: No changes found during synchronizing tasks.
2023-09-04 23:47:53.177 [info] GlobalState: No changes found during synchronizing ui state.
2023-09-04 23:47:53.286 [info] Extensions: No changes found during synchronizing extensions.
2023-09-04 23:47:53.291 [info] Profiles: No changes found during synchronizing profiles.
2023-09-04 23:47:53.294 [info] Sync done. Took 470ms
2023-09-04 23:52:53.306 [info] Auto Sync: Triggered by Interval
2023-09-04 23:52:53.306 [info] Sync started.
2023-09-04 23:52:53.747 [info] Settings: No changes found during synchronizing settings.
2023-09-04 23:52:53.754 [info] Keybindings: No changes found during synchronizing keybindings.
2023-09-04 23:52:53.765 [info] Snippets: No changes found during synchronizing snippets.
2023-09-04 23:52:53.771 [info] Tasks: No changes found during synchronizing tasks.
2023-09-04 23:52:53.782 [info] GlobalState: No changes found during synchronizing ui state.
2023-09-04 23:52:53.874 [info] Extensions: No changes found during synchronizing extensions.
2023-09-04 23:52:53.878 [info] Profiles: No changes found during synchronizing profiles.
2023-09-04 23:52:53.879 [info] Sync done. Took 575ms
2023-09-04 23:55:08.343 [info] Auto Sync: Triggered by Activity
2023-09-04 23:55:08.344 [info] Sync started.
2023-09-04 23:55:08.619 [info] Settings: No changes found during synchronizing settings.
2023-09-04 23:55:08.622 [info] Keybindings: No changes found during synchronizing keybindings.
2023-09-04 23:55:08.626 [info] Snippets: No changes found during synchronizing snippets.
2023-09-04 23:55:08.629 [info] Tasks: No changes found during synchronizing tasks.
2023-09-04 23:55:08.633 [info] GlobalState: No changes found during synchronizing ui state.
