2023-08-29 17:19:52.821 [info] Reading sessions from secret storage...
2023-08-29 17:19:52.878 [info] Got 0 stored sessions
2023-08-29 17:19:52.929 [info] Getting sessions for all scopes...
2023-08-29 17:19:52.929 [info] Got 0 sessions for all scopes...
2023-08-29 17:19:53.014 [info] Getting sessions for the following scopes: email offline_access openid profile
2023-08-29 17:19:53.014 [info] Got 0 sessions for scopes: email offline_access openid profile
2023-08-29 17:28:57.050 [info] Reading sessions from secret storage...
2023-08-29 17:28:57.050 [info] Got 0 stored sessions
2023-08-29 17:28:57.050 [info] Getting sessions for all scopes...
2023-08-29 17:28:57.050 [info] Got 0 sessions for all scopes...
2023-08-29 17:28:57.050 [info] Getting sessions for the following scopes: email offline_access openid profile
2023-08-29 17:28:57.050 [info] Got 0 sessions for scopes: email offline_access openid profile
2023-08-29 17:29:34.111 [info] Reading sessions from secret storage...
2023-08-29 17:29:34.116 [info] Got 0 stored sessions
2023-08-29 17:29:34.119 [info] Getting sessions for all scopes...
2023-08-29 17:29:34.120 [info] Got 0 sessions for all scopes...
2023-08-29 17:29:34.173 [info] Getting sessions for the following scopes: email offline_access openid profile
2023-08-29 17:29:34.173 [info] Got 0 sessions for scopes: email offline_access openid profile
2023-08-29 17:48:06.472 [info] Getting sessions for the following scopes: email offline_access openid profile
2023-08-29 17:48:06.472 [info] Got 0 sessions for scopes: email offline_access openid profile
