2023-08-31 21:53:42.258 [info] Experiment 'pythonPromptNewFormatterExt' is active
2023-08-31 21:53:42.258 [info] Experiment 'pythonPromptNewToolsExt' is active
2023-08-31 21:53:42.258 [info] Experiment 'pythonTestAdapter' is active
2023-08-31 21:53:42.258 [info] Test server listening.
2023-08-31 21:53:42.258 [info] > conda info --json
2023-08-31 21:53:42.273 [info] Found: /bin/python --> /bin/python3.11
2023-08-31 21:53:42.274 [info] Found: /bin/python3 --> /bin/python3.11
2023-08-31 21:53:42.275 [info] Found: /bin/python3.11 --> /bin/python3.11
2023-08-31 21:53:42.293 [info] Found: /sbin/python --> /sbin/python3.11
2023-08-31 21:53:42.293 [info] Found: /sbin/python3 --> /sbin/python3.11
2023-08-31 21:53:42.293 [info] Found: /sbin/python3.11 --> /sbin/python3.11
2023-08-31 21:53:42.299 [info] Found: /usr/bin/python --> /usr/bin/python3.11
2023-08-31 21:53:42.310 [info] > ./env/bin/python -I ~/.vscode/extensions/ms-python.python-2023.14.0/pythonFiles/get_output_via_markers.py ~/.vscode/extensions/ms-python.python-2023.14.0/pythonFiles/interpreterInfo.py
2023-08-31 21:53:42.311 [info] Found: /usr/bin/python3 --> /usr/bin/python3.11
2023-08-31 21:53:42.311 [info] Found: /usr/bin/python3.11 --> /usr/bin/python3.11
2023-08-31 21:53:42.334 [info] Found: /usr/sbin/python --> /usr/sbin/python3.11
2023-08-31 21:53:42.335 [info] Found: /usr/sbin/python3 --> /usr/sbin/python3.11
2023-08-31 21:53:42.335 [info] Found: /usr/sbin/python3.11 --> /usr/sbin/python3.11
2023-08-31 21:53:42.362 [info] > /bin/python -I ~/.vscode/extensions/ms-python.python-2023.14.0/pythonFiles/get_output_via_markers.py ~/.vscode/extensions/ms-python.python-2023.14.0/pythonFiles/interpreterInfo.py
2023-08-31 21:53:42.371 [info] Python interpreter path: ./env/bin/python
2023-08-31 21:53:42.382 [info] > /sbin/python -I ~/.vscode/extensions/ms-python.python-2023.14.0/pythonFiles/get_output_via_markers.py ~/.vscode/extensions/ms-python.python-2023.14.0/pythonFiles/interpreterInfo.py
2023-08-31 21:53:42.428 [info] > /usr/bin/python -I ~/.vscode/extensions/ms-python.python-2023.14.0/pythonFiles/get_output_via_markers.py ~/.vscode/extensions/ms-python.python-2023.14.0/pythonFiles/interpreterInfo.py
2023-08-31 21:53:42.444 [info] > /usr/sbin/python -I ~/.vscode/extensions/ms-python.python-2023.14.0/pythonFiles/get_output_via_markers.py ~/.vscode/extensions/ms-python.python-2023.14.0/pythonFiles/interpreterInfo.py
2023-08-31 21:53:44.034 [info] Starting Pylance language server.
2023-08-31 21:53:47.342 [info] Discover tests for workspace name: web-server - uri: /home/panda/Workspace/web-server/api.py
2023-08-31 21:53:53.913 [info] Discover tests for workspace name: web-server - uri: /home/panda/Workspace/web-server/api.py
