2023-09-04 15:10:25.349 [info] Extension host with pid 2478 started
2023-09-04 15:10:25.349 [info] Skipping acquiring lock for /home/panda/.config/Code/User/workspaceStorage/4bdf2b7278d3af709628e692c47abcca.
2023-09-04 15:10:26.013 [info] ExtensionService#_doActivateExtension vscode.git-base, startup: true, activationEvent: '*', root cause: vscode.git
2023-09-04 15:10:26.023 [info] ExtensionService#_doActivateExtension DivyanshuAgrawal.competitive-programming-helper, startup: true, activationEvent: '*'
2023-09-04 15:10:26.029 [info] ExtensionService#_doActivateExtension ecmel.vscode-html-css, startup: true, activationEvent: '*'
2023-09-04 15:10:26.060 [info] ExtensionService#_doActivateExtension ms-vscode.cpptools, startup: true, activationEvent: 'workspaceContains:/.vscode/c_cpp_properties.json'
2023-09-04 15:10:26.207 [info] ExtensionService#_doActivateExtension vscode.git, startup: true, activationEvent: '*'
2023-09-04 15:10:26.251 [info] ExtensionService#_doActivateExtension vscode.github, startup: true, activationEvent: '*'
2023-09-04 15:10:26.577 [info] ExtensionService#_doActivateExtension vscode.extension-editing, startup: false, activationEvent: 'onLanguage:json'
2023-09-04 15:10:26.584 [info] ExtensionService#_doActivateExtension vscode.json-language-features, startup: false, activationEvent: 'onLanguage:json'
2023-09-04 15:10:26.612 [info] ExtensionService#_doActivateExtension vscode.npm, startup: false, activationEvent: 'onLanguage:json'
2023-09-04 15:10:26.622 [info] ExtensionService#_doActivateExtension vscode.emmet, startup: false, activationEvent: 'onLanguage'
2023-09-04 15:10:26.660 [info] Eager extensions activated
2023-09-04 15:10:26.788 [info] ExtensionService#_doActivateExtension vscode.typescript-language-features, startup: false, activationEvent: 'onLanguage:jsonc'
2023-09-04 15:10:26.804 [info] ExtensionService#_doActivateExtension vscode.debug-auto-launch, startup: false, activationEvent: 'onStartupFinished'
2023-09-04 15:10:26.806 [info] ExtensionService#_doActivateExtension vscode.merge-conflict, startup: false, activationEvent: 'onStartupFinished'
2023-09-04 15:10:26.817 [info] ExtensionService#_doActivateExtension bradlc.vscode-tailwindcss, startup: false, activationEvent: 'onStartupFinished'
2023-09-04 15:10:26.835 [info] ExtensionService#_doActivateExtension dbaeumer.vscode-eslint, startup: false, activationEvent: 'onStartupFinished'
2023-09-04 15:10:26.851 [info] ExtensionService#_doActivateExtension dsznajder.es7-react-js-snippets, startup: false, activationEvent: 'onStartupFinished'
2023-09-04 15:10:27.156 [info] ExtensionService#_doActivateExtension equinusocio.vsc-material-theme-icons, startup: false, activationEvent: 'onStartupFinished'
2023-09-04 15:10:27.272 [info] ExtensionService#_doActivateExtension vscode.github-authentication, startup: false, activationEvent: 'onAuthenticationRequest:github'
2023-09-04 15:10:27.503 [info] ExtensionService#_doActivateExtension vscode.microsoft-authentication, startup: false, activationEvent: 'onAuthenticationRequest:microsoft'
2023-09-04 15:10:30.893 [info] Extension host terminating: renderer closed the MessagePort
2023-09-04 15:10:30.942 [info] Extension host with pid 2478 exiting with code 0
2023-09-04 15:10:31.783 [info] Extension host with pid 2932 started
2023-09-04 15:10:31.783 [info] Skipping acquiring lock for /home/panda/.config/Code/User/workspaceStorage/1ea18a5da3c0ee093ddc523a8e7e269b.
2023-09-04 15:10:31.783 [info] $getCanonicalURI invoked for authority (ssh-remote)
2023-09-04 15:10:31.786 [info] ExtensionService#_doActivateExtension ms-vscode-remote.remote-ssh, startup: false, activationEvent: 'onResolveRemoteAuthority:ssh-remote'
2023-09-04 15:10:31.885 [info] [resolveAuthority(ssh-remote,1)][0ms] activating remote resolvers ssh-remote+btp
2023-09-04 15:10:31.885 [info] [resolveAuthority(ssh-remote,1)][0ms] activating resolver for ssh-remote+btp...
2023-09-04 15:10:31.885 [info] [resolveAuthority(ssh-remote,1)][0ms] invoking final resolve()...
2023-09-04 15:10:32.887 [info] [resolveAuthority(ssh-remote,1)][1002ms] waiting...
2023-09-04 15:10:33.757 [info] [resolveAuthority(ssh-remote,1)][1872ms] setting tunnel factory...
2023-09-04 15:10:33.758 [info] [resolveAuthority(ssh-remote,1)][1873ms] returned 127.0.0.1:44453
2023-09-04 15:10:34.176 [info] Eager extensions activated
2023-09-04 15:10:34.234 [info] ExtensionService#_doActivateExtension dsznajder.es7-react-js-snippets, startup: false, activationEvent: 'onStartupFinished'
2023-09-04 15:10:34.454 [info] ExtensionService#_doActivateExtension equinusocio.vsc-material-theme-icons, startup: false, activationEvent: 'onStartupFinished'
2023-09-04 15:10:34.487 [info] ExtensionService#_doActivateExtension ms-vscode.remote-explorer, startup: false, activationEvent: 'onCommand:remote-internal.setActiveFolders'
2023-09-04 15:10:34.504 [info] ExtensionService#_doActivateExtension vscode.github-authentication, startup: false, activationEvent: 'onAuthenticationRequest:github'
2023-09-04 15:10:34.852 [info] ExtensionService#_doActivateExtension vscode.microsoft-authentication, startup: false, activationEvent: 'onAuthenticationRequest:microsoft'
2023-09-04 15:12:22.412 [info] [resolveAuthority(ssh-remote,2)][0ms] activating remote resolvers ssh-remote+btp
2023-09-04 15:12:22.412 [info] [resolveAuthority(ssh-remote,2)][0ms] activating resolver for ssh-remote+btp...
2023-09-04 15:12:22.412 [info] [resolveAuthority(ssh-remote,2)][0ms] invoking final resolve()...
2023-09-04 15:12:22.566 [error] [resolveAuthority(ssh-remote,2)][150ms] returned an error Network is unreachable
2023-09-04 15:12:27.572 [info] [resolveAuthority(ssh-remote,3)][1ms] activating remote resolvers ssh-remote+btp
2023-09-04 15:12:27.572 [info] [resolveAuthority(ssh-remote,3)][1ms] activating resolver for ssh-remote+btp...
2023-09-04 15:12:27.572 [info] [resolveAuthority(ssh-remote,3)][1ms] invoking final resolve()...
2023-09-04 15:12:27.756 [error] [resolveAuthority(ssh-remote,3)][185ms] returned an error Network is unreachable
2023-09-04 15:12:32.762 [info] [resolveAuthority(ssh-remote,4)][0ms] activating remote resolvers ssh-remote+btp
2023-09-04 15:12:32.762 [info] [resolveAuthority(ssh-remote,4)][0ms] activating resolver for ssh-remote+btp...
2023-09-04 15:12:32.763 [info] [resolveAuthority(ssh-remote,4)][1ms] invoking final resolve()...
2023-09-04 15:12:32.936 [error] [resolveAuthority(ssh-remote,4)][174ms] returned an error Network is unreachable
2023-09-04 15:12:42.996 [info] [resolveAuthority(ssh-remote,5)][0ms] activating remote resolvers ssh-remote+btp
2023-09-04 15:12:42.996 [info] [resolveAuthority(ssh-remote,5)][0ms] activating resolver for ssh-remote+btp...
2023-09-04 15:12:42.996 [info] [resolveAuthority(ssh-remote,5)][0ms] invoking final resolve()...
2023-09-04 15:12:43.141 [error] [resolveAuthority(ssh-remote,5)][145ms] returned an error Network is unreachable
2023-09-04 15:12:45.373 [info] [resolveAuthority(ssh-remote,6)][0ms] activating remote resolvers ssh-remote+btp
2023-09-04 15:12:45.374 [info] [resolveAuthority(ssh-remote,6)][0ms] activating resolver for ssh-remote+btp...
2023-09-04 15:12:45.374 [info] [resolveAuthority(ssh-remote,6)][1ms] invoking final resolve()...
2023-09-04 15:12:45.550 [error] [resolveAuthority(ssh-remote,6)][176ms] returned an error Network is unreachable
2023-09-04 15:12:46.981 [info] [resolveAuthority(ssh-remote,7)][0ms] activating remote resolvers ssh-remote+btp
2023-09-04 15:12:46.981 [info] [resolveAuthority(ssh-remote,7)][0ms] activating resolver for ssh-remote+btp...
2023-09-04 15:12:46.982 [info] [resolveAuthority(ssh-remote,7)][1ms] invoking final resolve()...
2023-09-04 15:12:47.151 [error] [resolveAuthority(ssh-remote,7)][170ms] returned an error Network is unreachable
2023-09-04 15:12:48.097 [info] [resolveAuthority(ssh-remote,8)][0ms] activating remote resolvers ssh-remote+btp
2023-09-04 15:12:48.097 [info] [resolveAuthority(ssh-remote,8)][0ms] activating resolver for ssh-remote+btp...
2023-09-04 15:12:48.098 [info] [resolveAuthority(ssh-remote,8)][1ms] invoking final resolve()...
2023-09-04 15:12:48.266 [error] [resolveAuthority(ssh-remote,8)][169ms] returned an error Network is unreachable
2023-09-04 15:12:49.236 [info] [resolveAuthority(ssh-remote,9)][0ms] activating remote resolvers ssh-remote+btp
2023-09-04 15:12:49.236 [info] [resolveAuthority(ssh-remote,9)][0ms] activating resolver for ssh-remote+btp...
2023-09-04 15:12:49.237 [info] [resolveAuthority(ssh-remote,9)][1ms] invoking final resolve()...
2023-09-04 15:12:49.412 [error] [resolveAuthority(ssh-remote,9)][176ms] returned an error Network is unreachable
2023-09-04 15:12:50.366 [info] [resolveAuthority(ssh-remote,10)][0ms] activating remote resolvers ssh-remote+btp
2023-09-04 15:12:50.367 [info] [resolveAuthority(ssh-remote,10)][1ms] activating resolver for ssh-remote+btp...
2023-09-04 15:12:50.367 [info] [resolveAuthority(ssh-remote,10)][1ms] invoking final resolve()...
2023-09-04 15:12:50.536 [error] [resolveAuthority(ssh-remote,10)][170ms] returned an error Network is unreachable
2023-09-04 15:12:51.236 [info] [resolveAuthority(ssh-remote,11)][0ms] activating remote resolvers ssh-remote+btp
2023-09-04 15:12:51.236 [info] [resolveAuthority(ssh-remote,11)][0ms] activating resolver for ssh-remote+btp...
2023-09-04 15:12:51.236 [info] [resolveAuthority(ssh-remote,11)][0ms] invoking final resolve()...
2023-09-04 15:12:51.401 [error] [resolveAuthority(ssh-remote,11)][165ms] returned an error Network is unreachable
2023-09-04 15:12:55.760 [info] [resolveAuthority(ssh-remote,12)][0ms] activating remote resolvers ssh-remote+btp
2023-09-04 15:12:55.760 [info] [resolveAuthority(ssh-remote,12)][0ms] activating resolver for ssh-remote+btp...
2023-09-04 15:12:55.761 [info] [resolveAuthority(ssh-remote,12)][1ms] invoking final resolve()...
2023-09-04 15:12:55.932 [error] [resolveAuthority(ssh-remote,12)][172ms] returned an error Network is unreachable
2023-09-04 15:13:16.687 [info] [resolveAuthority(ssh-remote,13)][0ms] activating remote resolvers ssh-remote+btp
2023-09-04 15:13:16.687 [info] [resolveAuthority(ssh-remote,13)][0ms] activating resolver for ssh-remote+btp...
2023-09-04 15:13:16.689 [info] [resolveAuthority(ssh-remote,13)][2ms] invoking final resolve()...
2023-09-04 15:13:16.866 [error] [resolveAuthority(ssh-remote,13)][179ms] returned an error Network is unreachable
2023-09-04 15:13:18.090 [info] [resolveAuthority(ssh-remote,14)][0ms] activating remote resolvers ssh-remote+btp
2023-09-04 15:13:18.090 [info] [resolveAuthority(ssh-remote,14)][0ms] activating resolver for ssh-remote+btp...
2023-09-04 15:13:18.091 [info] [resolveAuthority(ssh-remote,14)][1ms] invoking final resolve()...
2023-09-04 15:13:18.265 [error] [resolveAuthority(ssh-remote,14)][175ms] returned an error Network is unreachable
2023-09-04 15:13:19.179 [info] [resolveAuthority(ssh-remote,15)][1ms] activating remote resolvers ssh-remote+btp
2023-09-04 15:13:19.179 [info] [resolveAuthority(ssh-remote,15)][1ms] activating resolver for ssh-remote+btp...
2023-09-04 15:13:19.179 [info] [resolveAuthority(ssh-remote,15)][1ms] invoking final resolve()...
2023-09-04 15:13:19.347 [error] [resolveAuthority(ssh-remote,15)][169ms] returned an error Network is unreachable
2023-09-04 15:13:20.421 [info] [resolveAuthority(ssh-remote,16)][0ms] activating remote resolvers ssh-remote+btp
2023-09-04 15:13:20.421 [info] [resolveAuthority(ssh-remote,16)][0ms] activating resolver for ssh-remote+btp...
2023-09-04 15:13:20.421 [info] [resolveAuthority(ssh-remote,16)][0ms] invoking final resolve()...
2023-09-04 15:13:20.587 [error] [resolveAuthority(ssh-remote,16)][166ms] returned an error Network is unreachable
2023-09-04 15:13:21.922 [info] [resolveAuthority(ssh-remote,17)][0ms] activating remote resolvers ssh-remote+btp
2023-09-04 15:13:21.922 [info] [resolveAuthority(ssh-remote,17)][0ms] activating resolver for ssh-remote+btp...
2023-09-04 15:13:21.923 [info] [resolveAuthority(ssh-remote,17)][1ms] invoking final resolve()...
2023-09-04 15:13:22.095 [error] [resolveAuthority(ssh-remote,17)][173ms] returned an error Network is unreachable
2023-09-04 15:13:23.156 [info] [resolveAuthority(ssh-remote,18)][0ms] activating remote resolvers ssh-remote+btp
2023-09-04 15:13:23.156 [info] [resolveAuthority(ssh-remote,18)][0ms] activating resolver for ssh-remote+btp...
2023-09-04 15:13:23.157 [info] [resolveAuthority(ssh-remote,18)][1ms] invoking final resolve()...
2023-09-04 15:13:23.324 [error] [resolveAuthority(ssh-remote,18)][168ms] returned an error Network is unreachable
2023-09-04 15:13:53.354 [info] [resolveAuthority(ssh-remote,19)][0ms] activating remote resolvers ssh-remote+btp
2023-09-04 15:13:53.354 [info] [resolveAuthority(ssh-remote,19)][0ms] activating resolver for ssh-remote+btp...
2023-09-04 15:13:53.354 [info] [resolveAuthority(ssh-remote,19)][0ms] invoking final resolve()...
2023-09-04 15:13:53.472 [error] [resolveAuthority(ssh-remote,19)][117ms] returned an error Network is unreachable
2023-09-04 15:14:15.806 [info] [resolveAuthority(ssh-remote,20)][1ms] activating remote resolvers ssh-remote+btp
2023-09-04 15:14:15.806 [info] [resolveAuthority(ssh-remote,20)][1ms] activating resolver for ssh-remote+btp...
2023-09-04 15:14:15.806 [info] [resolveAuthority(ssh-remote,20)][1ms] invoking final resolve()...
2023-09-04 15:14:16.807 [info] [resolveAuthority(ssh-remote,20)][1002ms] waiting...
2023-09-04 15:14:17.090 [info] [resolveAuthority(ssh-remote,20)][1285ms] setting tunnel factory...
2023-09-04 15:14:17.090 [info] [resolveAuthority(ssh-remote,20)][1285ms] returned 127.0.0.1:41189
2023-09-04 15:40:02.131 [info] [resolveAuthority(ssh-remote,21)][0ms] activating remote resolvers ssh-remote+btp
2023-09-04 15:40:02.131 [info] [resolveAuthority(ssh-remote,21)][0ms] activating resolver for ssh-remote+btp...
2023-09-04 15:40:02.131 [info] [resolveAuthority(ssh-remote,21)][0ms] invoking final resolve()...
2023-09-04 15:40:03.132 [info] [resolveAuthority(ssh-remote,21)][1001ms] waiting...
2023-09-04 15:40:04.134 [info] [resolveAuthority(ssh-remote,21)][2003ms] waiting...
2023-09-04 15:40:04.237 [error] [resolveAuthority(ssh-remote,21)][2105ms] returned an error No route to host
2023-09-04 15:40:09.311 [info] [resolveAuthority(ssh-remote,22)][0ms] activating remote resolvers ssh-remote+btp
2023-09-04 15:40:09.311 [info] [resolveAuthority(ssh-remote,22)][0ms] activating resolver for ssh-remote+btp...
2023-09-04 15:40:09.311 [info] [resolveAuthority(ssh-remote,22)][0ms] invoking final resolve()...
2023-09-04 15:40:10.312 [error] [resolveAuthority(ssh-remote,22)][1001ms] returned an error No route to host
2023-09-04 15:40:15.322 [info] [resolveAuthority(ssh-remote,23)][0ms] activating remote resolvers ssh-remote+btp
2023-09-04 15:40:15.322 [info] [resolveAuthority(ssh-remote,23)][0ms] activating resolver for ssh-remote+btp...
2023-09-04 15:40:15.323 [info] [resolveAuthority(ssh-remote,23)][1ms] invoking final resolve()...
2023-09-04 15:40:16.323 [info] [resolveAuthority(ssh-remote,23)][1001ms] waiting...
2023-09-04 15:40:17.253 [info] [resolveAuthority(ssh-remote,23)][1931ms] setting tunnel factory...
2023-09-04 15:40:17.253 [info] [resolveAuthority(ssh-remote,23)][1931ms] returned 127.0.0.1:45173
2023-09-04 15:45:19.153 [info] [resolveAuthority(ssh-remote,24)][0ms] activating remote resolvers ssh-remote+btp
2023-09-04 15:45:19.153 [info] [resolveAuthority(ssh-remote,24)][0ms] activating resolver for ssh-remote+btp...
2023-09-04 15:45:19.153 [info] [resolveAuthority(ssh-remote,24)][0ms] invoking final resolve()...
2023-09-04 15:45:19.319 [error] [resolveAuthority(ssh-remote,24)][166ms] returned an error Network is unreachable
2023-09-04 15:45:24.354 [info] [resolveAuthority(ssh-remote,25)][0ms] activating remote resolvers ssh-remote+btp
2023-09-04 15:45:24.354 [info] [resolveAuthority(ssh-remote,25)][0ms] activating resolver for ssh-remote+btp...
2023-09-04 15:45:24.354 [info] [resolveAuthority(ssh-remote,25)][0ms] invoking final resolve()...
2023-09-04 15:45:24.521 [error] [resolveAuthority(ssh-remote,25)][167ms] returned an error Network is unreachable
2023-09-04 15:45:29.557 [info] [resolveAuthority(ssh-remote,26)][0ms] activating remote resolvers ssh-remote+btp
2023-09-04 15:45:29.557 [info] [resolveAuthority(ssh-remote,26)][0ms] activating resolver for ssh-remote+btp...
2023-09-04 15:45:29.557 [info] [resolveAuthority(ssh-remote,26)][0ms] invoking final resolve()...
2023-09-04 15:45:29.727 [error] [resolveAuthority(ssh-remote,26)][170ms] returned an error Network is unreachable
2023-09-04 15:45:39.759 [info] [resolveAuthority(ssh-remote,27)][0ms] activating remote resolvers ssh-remote+btp
2023-09-04 15:45:39.759 [info] [resolveAuthority(ssh-remote,27)][0ms] activating resolver for ssh-remote+btp...
2023-09-04 15:45:39.759 [info] [resolveAuthority(ssh-remote,27)][0ms] invoking final resolve()...
2023-09-04 15:45:39.929 [error] [resolveAuthority(ssh-remote,27)][170ms] returned an error Network is unreachable
2023-09-04 15:45:49.996 [info] [resolveAuthority(ssh-remote,28)][0ms] activating remote resolvers ssh-remote+btp
2023-09-04 15:45:49.996 [info] [resolveAuthority(ssh-remote,28)][0ms] activating resolver for ssh-remote+btp...
2023-09-04 15:45:49.996 [info] [resolveAuthority(ssh-remote,28)][0ms] invoking final resolve()...
2023-09-04 15:45:50.162 [error] [resolveAuthority(ssh-remote,28)][166ms] returned an error Network is unreachable
2023-09-04 15:46:00.198 [info] [resolveAuthority(ssh-remote,29)][0ms] activating remote resolvers ssh-remote+btp
2023-09-04 15:46:00.198 [info] [resolveAuthority(ssh-remote,29)][0ms] activating resolver for ssh-remote+btp...
2023-09-04 15:46:00.199 [info] [resolveAuthority(ssh-remote,29)][1ms] invoking final resolve()...
2023-09-04 15:46:00.373 [error] [resolveAuthority(ssh-remote,29)][174ms] returned an error Network is unreachable
2023-09-04 15:46:10.439 [info] [resolveAuthority(ssh-remote,30)][0ms] activating remote resolvers ssh-remote+btp
2023-09-04 15:46:10.439 [info] [resolveAuthority(ssh-remote,30)][0ms] activating resolver for ssh-remote+btp...
2023-09-04 15:46:10.439 [info] [resolveAuthority(ssh-remote,30)][0ms] invoking final resolve()...
2023-09-04 15:46:10.605 [error] [resolveAuthority(ssh-remote,30)][166ms] returned an error Network is unreachable
2023-09-04 15:46:20.642 [info] [resolveAuthority(ssh-remote,31)][0ms] activating remote resolvers ssh-remote+btp
2023-09-04 15:46:20.642 [info] [resolveAuthority(ssh-remote,31)][0ms] activating resolver for ssh-remote+btp...
2023-09-04 15:46:20.642 [info] [resolveAuthority(ssh-remote,31)][0ms] invoking final resolve()...
2023-09-04 15:46:20.814 [error] [resolveAuthority(ssh-remote,31)][172ms] returned an error Network is unreachable
2023-09-04 15:46:50.878 [info] [resolveAuthority(ssh-remote,32)][0ms] activating remote resolvers ssh-remote+btp
2023-09-04 15:46:50.878 [info] [resolveAuthority(ssh-remote,32)][0ms] activating resolver for ssh-remote+btp...
2023-09-04 15:46:50.878 [info] [resolveAuthority(ssh-remote,32)][0ms] invoking final resolve()...
2023-09-04 15:46:51.050 [error] [resolveAuthority(ssh-remote,32)][172ms] returned an error Network is unreachable
2023-09-04 15:47:21.114 [info] [resolveAuthority(ssh-remote,33)][0ms] activating remote resolvers ssh-remote+btp
2023-09-04 15:47:21.114 [info] [resolveAuthority(ssh-remote,33)][0ms] activating resolver for ssh-remote+btp...
2023-09-04 15:47:21.114 [info] [resolveAuthority(ssh-remote,33)][0ms] invoking final resolve()...
2023-09-04 15:47:21.277 [error] [resolveAuthority(ssh-remote,33)][163ms] returned an error Network is unreachable
2023-09-04 15:47:51.340 [info] [resolveAuthority(ssh-remote,34)][0ms] activating remote resolvers ssh-remote+btp
2023-09-04 15:47:51.340 [info] [resolveAuthority(ssh-remote,34)][0ms] activating resolver for ssh-remote+btp...
2023-09-04 15:47:51.340 [info] [resolveAuthority(ssh-remote,34)][0ms] invoking final resolve()...
2023-09-04 15:47:51.546 [error] [resolveAuthority(ssh-remote,34)][206ms] returned an error Network is unreachable
2023-09-04 15:48:21.613 [info] [resolveAuthority(ssh-remote,35)][0ms] activating remote resolvers ssh-remote+btp
2023-09-04 15:48:21.613 [info] [resolveAuthority(ssh-remote,35)][0ms] activating resolver for ssh-remote+btp...
2023-09-04 15:48:21.613 [info] [resolveAuthority(ssh-remote,35)][0ms] invoking final resolve()...
2023-09-04 15:48:21.788 [error] [resolveAuthority(ssh-remote,35)][175ms] returned an error Network is unreachable
2023-09-04 15:48:51.853 [info] [resolveAuthority(ssh-remote,36)][0ms] activating remote resolvers ssh-remote+btp
2023-09-04 15:48:51.853 [info] [resolveAuthority(ssh-remote,36)][0ms] activating resolver for ssh-remote+btp...
2023-09-04 15:48:51.853 [info] [resolveAuthority(ssh-remote,36)][0ms] invoking final resolve()...
2023-09-04 15:48:52.017 [error] [resolveAuthority(ssh-remote,36)][164ms] returned an error Network is unreachable
2023-09-04 15:49:22.081 [info] [resolveAuthority(ssh-remote,37)][0ms] activating remote resolvers ssh-remote+btp
2023-09-04 15:49:22.081 [info] [resolveAuthority(ssh-remote,37)][0ms] activating resolver for ssh-remote+btp...
2023-09-04 15:49:22.081 [info] [resolveAuthority(ssh-remote,37)][0ms] invoking final resolve()...
2023-09-04 15:49:22.246 [error] [resolveAuthority(ssh-remote,37)][165ms] returned an error Network is unreachable
2023-09-04 15:49:52.278 [info] [resolveAuthority(ssh-remote,38)][0ms] activating remote resolvers ssh-remote+btp
2023-09-04 15:49:52.278 [info] [resolveAuthority(ssh-remote,38)][0ms] activating resolver for ssh-remote+btp...
2023-09-04 15:49:52.279 [info] [resolveAuthority(ssh-remote,38)][1ms] invoking final resolve()...
2023-09-04 15:49:52.455 [error] [resolveAuthority(ssh-remote,38)][177ms] returned an error Network is unreachable
2023-09-04 15:50:22.516 [info] [resolveAuthority(ssh-remote,39)][0ms] activating remote resolvers ssh-remote+btp
2023-09-04 15:50:22.516 [info] [resolveAuthority(ssh-remote,39)][0ms] activating resolver for ssh-remote+btp...
2023-09-04 15:50:22.516 [info] [resolveAuthority(ssh-remote,39)][0ms] invoking final resolve()...
2023-09-04 15:50:22.639 [error] [resolveAuthority(ssh-remote,39)][123ms] returned an error Network is unreachable
2023-09-04 15:50:52.702 [info] [resolveAuthority(ssh-remote,40)][0ms] activating remote resolvers ssh-remote+btp
2023-09-04 15:50:52.702 [info] [resolveAuthority(ssh-remote,40)][0ms] activating resolver for ssh-remote+btp...
2023-09-04 15:50:52.702 [info] [resolveAuthority(ssh-remote,40)][0ms] invoking final resolve()...
2023-09-04 15:50:53.509 [info] [resolveAuthority(ssh-remote,40)][807ms] setting tunnel factory...
2023-09-04 15:50:53.509 [info] [resolveAuthority(ssh-remote,40)][807ms] returned 127.0.0.1:38117
2023-09-04 16:16:04.655 [info] Extension host terminating: renderer closed the MessagePort
2023-09-04 16:16:04.660 [error] Canceled: Canceled
	at new h (/opt/visual-studio-code/resources/app/out/vs/workbench/api/node/extensionHostProcess.js:102:56634)
	at t.O (/opt/visual-studio-code/resources/app/out/vs/workbench/api/node/extensionHostProcess.js:114:8020)
	at N.<computed>.T.charCodeAt.N.<computed> (/opt/visual-studio-code/resources/app/out/vs/workbench/api/node/extensionHostProcess.js:114:5459)
	at a.g (/opt/visual-studio-code/resources/app/out/vs/workbench/api/node/extensionHostProcess.js:102:77241)
	at a.executeCommand (/opt/visual-studio-code/resources/app/out/vs/workbench/api/node/extensionHostProcess.js:102:76679)
	at v.registerCommand.description (/opt/visual-studio-code/resources/app/out/vs/workbench/api/node/extensionHostProcess.js:102:76000)
	at a.h (/opt/visual-studio-code/resources/app/out/vs/workbench/api/node/extensionHostProcess.js:102:77777)
	at a.g (/opt/visual-studio-code/resources/app/out/vs/workbench/api/node/extensionHostProcess.js:102:76772)
	at a.executeCommand (/opt/visual-studio-code/resources/app/out/vs/workbench/api/node/extensionHostProcess.js:102:76679)
	at Object.executeCommand (/opt/visual-studio-code/resources/app/out/vs/workbench/api/node/extensionHostProcess.js:120:20977)
	at t.shutdown (/home/panda/.vscode/extensions/ms-vscode-remote.remote-ssh-0.102.0/out/extension.js:1:646929)
	at e.deactivate (/home/panda/.vscode/extensions/ms-vscode-remote.remote-ssh-0.102.0/out/extension.js:1:723956)
	at r.Z (/opt/visual-studio-code/resources/app/out/vs/workbench/api/node/extensionHostProcess.js:116:9494)
	at /opt/visual-studio-code/resources/app/out/vs/workbench/api/node/extensionHostProcess.js:116:7582
	at Array.map (<anonymous>)
	at r.S (/opt/visual-studio-code/resources/app/out/vs/workbench/api/node/extensionHostProcess.js:116:7570)
	at r.terminate (/opt/visual-studio-code/resources/app/out/vs/workbench/api/node/extensionHostProcess.js:116:7842)
	at s.terminate (/opt/visual-studio-code/resources/app/out/vs/workbench/api/node/extensionHostProcess.js:120:1506)
	at C (/opt/visual-studio-code/resources/app/out/vs/workbench/api/node/extensionHostProcess.js:130:32254)
	at MessagePortMain.<anonymous> (/opt/visual-studio-code/resources/app/out/vs/workbench/api/node/extensionHostProcess.js:130:28679)
	at MessagePortMain.emit (node:events:513:28)
	at MessagePortMain._internalPort.emit (node:electron/js2c/utility_init:2:367) setContext undefined
2023-09-04 16:16:04.660 [info] Extension host with pid 2932 exiting with code 0
