[14:41:59.618] Log Level: 2
[14:41:59.657] VS Code version: 1.81.1
[14:41:59.657] Remote-SSH version: remote-ssh@0.102.0
[14:41:59.658] linux x64
[14:41:59.663] SSH Resolver called for "ssh-remote+fcs", attempt 1
[14:41:59.665] "remote.SSH.useLocalServer": true
[14:41:59.666] "remote.SSH.path": undefined
[14:41:59.666] "remote.SSH.configFile": undefined
[14:41:59.667] "remote.SSH.useFlock": true
[14:41:59.667] "remote.SSH.lockfilesInTmp": false
[14:41:59.667] "remote.SSH.localServerDownload": auto
[14:41:59.668] "remote.SSH.remoteServerListenOnSocket": false
[14:41:59.668] "remote.SSH.showLoginTerminal": false
[14:41:59.668] "remote.SSH.defaultExtensions": []
[14:41:59.668] "remote.SSH.loglevel": 2
[14:41:59.669] "remote.SSH.enableDynamicForwarding": true
[14:41:59.669] "remote.SSH.enableRemoteCommand": false
[14:41:59.669] "remote.SSH.serverPickPortsFromRange": {}
[14:41:59.670] "remote.SSH.serverInstallPath": {}
[14:41:59.677] SSH Resolver called for host: fcs
[14:41:59.677] Setting up SSH remote "fcs"
[14:41:59.684] Acquiring local install lock: /tmp/vscode-remote-ssh-c5fe3847-install.lock
[14:41:59.685] Looking for existing server data file at /home/panda/.config/Code/User/globalStorage/ms-vscode-remote.remote-ssh/vscode-ssh-host-c5fe3847-6c3e3dba23e8fadc360aed75ce363ba185c49794-0.102.0/data.json
[14:41:59.689] Using commit id "6c3e3dba23e8fadc360aed75ce363ba185c49794" and quality "stable" for server
[14:41:59.695] Install and start server if needed
[14:41:59.700] PATH: /sbin:/bin:/usr/local/sbin:/usr/local/bin:/usr/bin:/usr/sbin:/usr/bin/site_perl:/usr/bin/vendor_perl:/usr/bin/core_perl:/usr/lib/rustup/bin
[14:41:59.700] Checking ssh with "ssh -V"
[14:41:59.712] > OpenSSH_9.4p1, OpenSSL 3.1.2 1 Aug 2023

[14:41:59.715] askpass server listening on /run/user/1000/vscode-ssh-askpass-db64754c3fa3f9bbb2db787397dac42d7089f058.sock
[14:41:59.715] Spawning local server with {"serverId":1,"ipcHandlePath":"/run/user/1000/vscode-ssh-askpass-74cb35937dedc095ffc554fb7001e06f60be28e8.sock","sshCommand":"ssh","sshArgs":["-v","-T","-D","45227","-o","ConnectTimeout=15","fcs"],"serverDataFolderName":".vscode-server","dataFilePath":"/home/panda/.config/Code/User/globalStorage/ms-vscode-remote.remote-ssh/vscode-ssh-host-c5fe3847-6c3e3dba23e8fadc360aed75ce363ba185c49794-0.102.0/data.json"}
[14:41:59.716] Local server env: {"SHELL":"/bin/zsh","DISPLAY":":0","ELECTRON_RUN_AS_NODE":"1","SSH_ASKPASS":"/home/panda/.vscode/extensions/ms-vscode-remote.remote-ssh-0.102.0/out/local-server/askpass.sh","VSCODE_SSH_ASKPASS_NODE":"/opt/visual-studio-code/code","VSCODE_SSH_ASKPASS_EXTRA_ARGS":"--ms-enable-electron-run-as-node","VSCODE_SSH_ASKPASS_MAIN":"/home/panda/.vscode/extensions/ms-vscode-remote.remote-ssh-0.102.0/out/askpass-main.js","VSCODE_SSH_ASKPASS_HANDLE":"/run/user/1000/vscode-ssh-askpass-db64754c3fa3f9bbb2db787397dac42d7089f058.sock"}
[14:41:59.720] Spawned 1634
[14:41:59.888] > local-server-1> Running ssh connection command: "-v -T -D 45227 -o ConnectTimeout=15 fcs"
[14:41:59.891] > local-server-1> Spawned ssh, pid=1642
[14:41:59.912] stderr> OpenSSH_9.4p1, OpenSSL 3.1.2 1 Aug 2023
[14:42:00.104] stderr> debug1: Server host key: ssh-ed25519 SHA256:W7V3D0HZQ92QEyEiTOQpdGv9kRhmB4/661RXJ4xeTJs
[14:42:00.284] stderr> Authenticated to 192.168.2.234 ([192.168.2.234]:22) using "publickey".
[14:42:01.043] > Welcome to Ubuntu 22.04.3 LTS (GNU/Linux 5.15.0-82-generic x86_64)
> 
>  * Documentation:  https://help.ubuntu.com
>  * Management:     https://landscape.canonical.com
>  * Support:        https://ubuntu.com/advantage
> 
>   System information as of Wed Aug 30 09:11:56 AM UTC 2023
> 
>   System load:  0.0                Processes:               269
>   Usage of /:   11.1% of 97.87GB   Users logged in:         0
>   Memory usage: 6%                 IPv4 address for ens160: 192.168.2.234
>   Swap usage:   0%
> 
>  * Strictly confined Kubernetes makes edge and IoT secure. Learn how MicroK8s
>    just raised the bar for easy, resilient and secure K8s cluster deployment.
> 
>    https://ubuntu.com/engage/secure-kubernetes-at-the-edge
> 
> Expanded Security Maintenance for Applications is not enabled.
> 
> 0 updates can be applied immediately.
> 
> Enable ESM Apps to receive additional future security updates.
> See https://ubuntu.com/esm or run: sudo pro status
> 
[14:42:01.075] > ready: d76e568c920a
[14:42:01.096] > Linux 5.15.0-82-generic #91-Ubuntu SMP Mon Aug 14 14:14:14 UTC 2023
[14:42:01.098] Platform: linux
[14:42:01.135] > /bin/bash
[14:42:01.136] Shell: bash
[14:42:01.136] Creating bash subshell inside "bash"
[14:42:01.165] > bash version:  5.1.16(1)-release
[14:42:01.225] > d76e568c920a: running
[14:42:01.270] > Acquiring lock on /home/iiitd/.vscode-server/bin/6c3e3dba23e8fadc360aed75ce363ba185c49794/vscode-remote-lock.iiitd.6c3e3dba23e8fadc360aed75ce363ba185c49794
[14:42:01.274] > Found existing installation at /home/iiitd/.vscode-server/bin/6c3e3dba23e8fadc360aed75ce363ba185c49794...
> Checking /home/iiitd/.vscode-server/.6c3e3dba23e8fadc360aed75ce363ba185c49794.log and /home/iiitd/.vscode-server/.6c3e3dba23e8fadc360aed75ce363ba185c49794.pid for a running server
[14:42:01.285] > Looking for server with pid: 1331
[14:42:01.315] > Running ssh connection command... /home/iiitd/.vscode-server/bin/6c3e3dba23e8fadc360aed75ce363ba185c49794/bin/code-server --start-server --host=127.0.0.1 --accept-server-license-terms --enable-remote-auto-shutdown --port=0 --telemetry-level all   &> "/home/iiitd/.vscode-server/.6c3e3dba23e8fadc360aed75ce363ba185c49794.log" < /dev/null
> printenv:
>     SHELL=/bin/bash
>     PWD=/home/iiitd
>     LOGNAME=iiitd
>     XDG_SESSION_TYPE=tty
>     MOTD_SHOWN=pam
>     HOME=/home/iiitd
>     LANG=en_US.UTF-8
>     VSCODE_AGENT_FOLDER=/home/iiitd/.vscode-server
>     SSH_CONNECTION=192.168.1.99 42244 192.168.2.234 22
>     XDG_SESSION_CLASS=user
>     USER=iiitd
>     SHLVL=1
>     XDG_SESSION_ID=18
>     XDG_RUNTIME_DIR=/run/user/1000
>     SSH_CLIENT=192.168.1.99 42244 22
>     XDG_DATA_DIRS=/usr/local/share:/usr/share:/var/lib/snapd/desktop
>     PATH=/home/iiitd/.local/bin:/usr/local/sbin:/usr/local/bin:/usr/sbin:/usr/bin:/sbin:/bin:/usr/games:/usr/local/games:/snap/bin
>     DBUS_SESSION_BUS_ADDRESS=unix:path=/run/user/1000/bus
>     _=/usr/bin/printenv
[14:42:01.317] > Removing old logfile at /home/iiitd/.vscode-server/.6c3e3dba23e8fadc360aed75ce363ba185c49794.log
[14:42:01.345] > Spawned remote server: 18509
> Waiting for server log...
[14:42:01.405] > Waiting for server log...
[14:42:01.408] >  
> *
> * Visual Studio Code Server
> *
> * By using the software, you agree to
> * the Visual Studio Code Server License Terms (https://aka.ms/vscode-server-license) and
> * the Microsoft Privacy Statement (https://privacy.microsoft.com/en-US/privacystatement).
> *
>  
[14:42:01.436] > d76e568c920a: start
> SSH_AUTH_SOCK====
> DISPLAY====
> webUiAccessToken====
> listeningOn==46813==
> osReleaseId==ubuntu==
> arch==x86_64==
> vscodeArch==x64==
> bitness==64==
> tmpDir==/run/user/1000==
> platform==linux==
> unpackResult====
> didLocalDownload==0==
> downloadTime====
> installTime====
> extInstallTime====
> serverStartTime==97==
> connectionToken==11aaaaaa-1a11-1aa1-aaa1-1aa111a11a11==
> d76e568c920a: end
[14:42:01.437] Received install output: 
SSH_AUTH_SOCK====
DISPLAY====
webUiAccessToken====
listeningOn==46813==
osReleaseId==ubuntu==
arch==x86_64==
vscodeArch==x64==
bitness==64==
tmpDir==/run/user/1000==
platform==linux==
unpackResult====
didLocalDownload==0==
downloadTime====
installTime====
extInstallTime====
serverStartTime==97==
connectionToken==11aaaaaa-1a11-1aa1-aaa1-1aa111a11a11==

[14:42:01.439] Remote server is listening on 46813
[14:42:01.440] Parsed server configuration: {"serverConfiguration":{"remoteListeningOn":{"port":46813},"osReleaseId":"ubuntu","arch":"x86_64","webUiAccessToken":"","sshAuthSock":"","display":"","tmpDir":"/run/user/1000","platform":"linux","connectionToken":"11aaaaaa-1a11-1aa1-aaa1-1aa111a11a11"},"serverStartTime":97,"installUnpackCode":""}
[14:42:01.442] Persisting server connection details to /home/panda/.config/Code/User/globalStorage/ms-vscode-remote.remote-ssh/vscode-ssh-host-c5fe3847-6c3e3dba23e8fadc360aed75ce363ba185c49794-0.102.0/data.json
[14:42:01.452] Starting forwarding server. localPort 36911 -> socksPort 45227 -> remotePort 46813
[14:42:01.453] Forwarding server listening on 36911
[14:42:01.454] Waiting for ssh tunnel to be ready
[14:42:01.458] [Forwarding server 36911] Got connection 0
[14:42:01.461] Tunneled 46813 to local port 36911
[14:42:01.462] Resolved "ssh-remote+fcs" to "127.0.0.1:36911"
[14:42:01.486] ------




[14:42:01.498] [Forwarding server 36911] Got connection 1
[14:42:01.626] [Forwarding server 36911] Got connection 2
