[13:47:40.976] Log Level: 2
[13:47:40.994] VS Code version: 1.81.1
[13:47:40.994] Remote-SSH version: remote-ssh@0.102.0
[13:47:40.994] linux x64
[13:47:40.998] SSH Resolver called for "ssh-remote+fcs", attempt 1
[13:47:40.999] "remote.SSH.useLocalServer": true
[13:47:41.000] "remote.SSH.path": undefined
[13:47:41.000] "remote.SSH.configFile": undefined
[13:47:41.000] "remote.SSH.useFlock": true
[13:47:41.000] "remote.SSH.lockfilesInTmp": false
[13:47:41.000] "remote.SSH.localServerDownload": auto
[13:47:41.001] "remote.SSH.remoteServerListenOnSocket": false
[13:47:41.001] "remote.SSH.showLoginTerminal": false
[13:47:41.001] "remote.SSH.defaultExtensions": []
[13:47:41.001] "remote.SSH.loglevel": 2
[13:47:41.001] "remote.SSH.enableDynamicForwarding": true
[13:47:41.002] "remote.SSH.enableRemoteCommand": false
[13:47:41.002] "remote.SSH.serverPickPortsFromRange": {}
[13:47:41.002] "remote.SSH.serverInstallPath": {}
[13:47:41.006] SSH Resolver called for host: fcs
[13:47:41.007] Setting up SSH remote "fcs"
[13:47:41.011] Acquiring local install lock: /tmp/vscode-remote-ssh-c5fe3847-install.lock
[13:47:41.012] Looking for existing server data file at /home/panda/.config/Code/User/globalStorage/ms-vscode-remote.remote-ssh/vscode-ssh-host-c5fe3847-6c3e3dba23e8fadc360aed75ce363ba185c49794-0.102.0/data.json
[13:47:41.013] Using commit id "6c3e3dba23e8fadc360aed75ce363ba185c49794" and quality "stable" for server
[13:47:41.018] Install and start server if needed
[13:47:41.023] PATH: /sbin:/bin:/usr/local/sbin:/usr/local/bin:/usr/bin:/usr/sbin:/usr/bin/site_perl:/usr/bin/vendor_perl:/usr/bin/core_perl:/usr/lib/rustup/bin
[13:47:41.023] Checking ssh with "ssh -V"
[13:47:41.035] > OpenSSH_9.4p1, OpenSSL 3.1.2 1 Aug 2023

[13:47:41.040] askpass server listening on /run/user/1000/vscode-ssh-askpass-9829d68df3f51faf4aacb9662f40d8212d8d0980.sock
[13:47:41.040] Spawning local server with {"serverId":1,"ipcHandlePath":"/run/user/1000/vscode-ssh-askpass-3b4d7fc908b5b5b0c638ef5d3e10d924872d0ef1.sock","sshCommand":"ssh","sshArgs":["-v","-T","-D","36391","-o","ConnectTimeout=15","fcs"],"serverDataFolderName":".vscode-server","dataFilePath":"/home/panda/.config/Code/User/globalStorage/ms-vscode-remote.remote-ssh/vscode-ssh-host-c5fe3847-6c3e3dba23e8fadc360aed75ce363ba185c49794-0.102.0/data.json"}
[13:47:41.040] Local server env: {"SHELL":"/bin/zsh","DISPLAY":":0","ELECTRON_RUN_AS_NODE":"1","SSH_ASKPASS":"/home/panda/.vscode/extensions/ms-vscode-remote.remote-ssh-0.102.0/out/local-server/askpass.sh","VSCODE_SSH_ASKPASS_NODE":"/opt/visual-studio-code/code","VSCODE_SSH_ASKPASS_EXTRA_ARGS":"--ms-enable-electron-run-as-node","VSCODE_SSH_ASKPASS_MAIN":"/home/panda/.vscode/extensions/ms-vscode-remote.remote-ssh-0.102.0/out/askpass-main.js","VSCODE_SSH_ASKPASS_HANDLE":"/run/user/1000/vscode-ssh-askpass-9829d68df3f51faf4aacb9662f40d8212d8d0980.sock"}
[13:47:41.045] Spawned 27080
[13:47:41.181] > local-server-1> Running ssh connection command: "-v -T -D 36391 -o ConnectTimeout=15 fcs"
[13:47:41.186] > local-server-1> Spawned ssh, pid=27088
[13:47:41.190] stderr> OpenSSH_9.4p1, OpenSSL 3.1.2 1 Aug 2023
[13:47:41.444] stderr> debug1: Server host key: ssh-ed25519 SHA256:W7V3D0HZQ92QEyEiTOQpdGv9kRhmB4/661RXJ4xeTJs
[13:47:41.683] stderr> Authenticated to 192.168.2.234 ([192.168.2.234]:22) using "publickey".
[13:47:42.459] > Welcome to Ubuntu 22.04.3 LTS (GNU/Linux 5.15.0-79-generic x86_64)
> 
>  * Documentation:  https://help.ubuntu.com
>  * Management:     https://landscape.canonical.com
>  * Support:        https://ubuntu.com/advantage
> 
>   System information as of Tue Aug 29 08:17:38 AM UTC 2023
> 
>   System load:  0.0                Processes:               268
>   Usage of /:   10.0% of 97.87GB   Users logged in:         0
>   Memory usage: 9%                 IPv4 address for ens160: 192.168.2.234
>   Swap usage:   0%
> 
>  * Strictly confined Kubernetes makes edge and IoT secure. Learn how MicroK8s
>    just raised the bar for easy, resilient and secure K8s cluster deployment.
> 
>    https://ubuntu.com/engage/secure-kubernetes-at-the-edge
> 
> Expanded Security Maintenance for Applications is not enabled.
> 
> 0 updates can be applied immediately.
> 
> Enable ESM Apps to receive additional future security updates.
> See https://ubuntu.com/esm or run: sudo pro status
> 
> 
> *** System restart required ***
[13:47:42.493] > ready: 1c7ffb93b55f
[13:47:42.523] > Linux 5.15.0-79-generic #86-Ubuntu SMP Mon Jul 10 16:07:21 UTC 2023
[13:47:42.524] Platform: linux
[13:47:42.552] > /bin/bash
[13:47:42.552] Shell: bash
[13:47:42.552] Creating bash subshell inside "bash"
[13:47:42.613] > bash version:  5.1.16(1)-release
[13:47:42.730] > bash version:  5.1.16(1)-release
[13:47:42.763] > 1c7ffb93b55f: running
[13:47:42.821] > Acquiring lock on /home/iiitd/.vscode-server/bin/6c3e3dba23e8fadc360aed75ce363ba185c49794/vscode-remote-lock.iiitd.6c3e3dba23e8fadc360aed75ce363ba185c49794
> Found existing installation at /home/iiitd/.vscode-server/bin/6c3e3dba23e8fadc360aed75ce363ba185c49794...
> Checking /home/iiitd/.vscode-server/.6c3e3dba23e8fadc360aed75ce363ba185c49794.log and /home/iiitd/.vscode-server/.6c3e3dba23e8fadc360aed75ce363ba185c49794.pid for a running server
> Looking for server with pid: 49265
[13:47:42.854] > Running ssh connection command... /home/iiitd/.vscode-server/bin/6c3e3dba23e8fadc360aed75ce363ba185c49794/bin/code-server --start-server --host=127.0.0.1 --accept-server-license-terms --enable-remote-auto-shutdown --port=0 --telemetry-level all   &> "/home/iiitd/.vscode-server/.6c3e3dba23e8fadc360aed75ce363ba185c49794.log" < /dev/null
> printenv:
>     SHELL=/bin/bash
>     PWD=/home/iiitd
>     LOGNAME=iiitd
>     XDG_SESSION_TYPE=tty
>     MOTD_SHOWN=pam
>     HOME=/home/iiitd
>     LANG=en_US.UTF-8
>     VSCODE_AGENT_FOLDER=/home/iiitd/.vscode-server
>     SSH_CONNECTION=192.168.1.99 35726 192.168.2.234 22
>     XDG_SESSION_CLASS=user
>     USER=iiitd
>     SHLVL=1
>     XDG_SESSION_ID=138
>     XDG_RUNTIME_DIR=/run/user/1000
>     SSH_CLIENT=192.168.1.99 35726 22
>     XDG_DATA_DIRS=/usr/local/share:/usr/share:/var/lib/snapd/desktop
>     PATH=/home/iiitd/.local/bin:/usr/local/sbin:/usr/local/bin:/usr/sbin:/usr/bin:/sbin:/bin:/usr/games:/usr/local/games:/snap/bin
>     DBUS_SESSION_BUS_ADDRESS=unix:path=/run/user/1000/bus
>     _=/usr/bin/printenv
[13:47:42.868] > Removing old logfile at /home/iiitd/.vscode-server/.6c3e3dba23e8fadc360aed75ce363ba185c49794.log
> Spawned remote server: 50406
> Waiting for server log...
[13:47:42.913] > Waiting for server log...
[13:47:42.971] >  
> *
> * Visual Studio Code Server
> *
> * By using the software, you agree to
> * the Visual Studio Code Server License Terms (https://aka.ms/vscode-server-license) and
> * the Microsoft Privacy Statement (https://privacy.microsoft.com/en-US/privacystatement).
> *
>  
> 1c7ffb93b55f: start
> SSH_AUTH_SOCK====
> DISPLAY====
> webUiAccessToken====
> listeningOn==37973==
> osReleaseId==ubuntu==
> arch==x86_64==
> vscodeArch==x64==
> bitness==64==
> tmpDir==/run/user/1000==
> platform==linux==
> unpackResult====
> didLocalDownload==0==
> downloadTime====
> installTime====
> extInstallTime====
> serverStartTime==98==
> connectionToken==11a1a11a-a11a-1111-11a1-11a1aa111111==
> 1c7ffb93b55f: end
[13:47:42.971] Received install output: 
SSH_AUTH_SOCK====
DISPLAY====
webUiAccessToken====
listeningOn==37973==
osReleaseId==ubuntu==
arch==x86_64==
vscodeArch==x64==
bitness==64==
tmpDir==/run/user/1000==
platform==linux==
unpackResult====
didLocalDownload==0==
downloadTime====
installTime====
extInstallTime====
serverStartTime==98==
connectionToken==11a1a11a-a11a-1111-11a1-11a1aa111111==

[13:47:42.972] Remote server is listening on 37973
[13:47:42.972] Parsed server configuration: {"serverConfiguration":{"remoteListeningOn":{"port":37973},"osReleaseId":"ubuntu","arch":"x86_64","webUiAccessToken":"","sshAuthSock":"","display":"","tmpDir":"/run/user/1000","platform":"linux","connectionToken":"11a1a11a-a11a-1111-11a1-11a1aa111111"},"serverStartTime":98,"installUnpackCode":""}
[13:47:42.972] Persisting server connection details to /home/panda/.config/Code/User/globalStorage/ms-vscode-remote.remote-ssh/vscode-ssh-host-c5fe3847-6c3e3dba23e8fadc360aed75ce363ba185c49794-0.102.0/data.json
[13:47:42.975] Starting forwarding server. localPort 35493 -> socksPort 36391 -> remotePort 37973
[13:47:42.976] Forwarding server listening on 35493
[13:47:42.976] Waiting for ssh tunnel to be ready
[13:47:42.977] [Forwarding server 35493] Got connection 0
[13:47:42.978] Tunneled 37973 to local port 35493
[13:47:42.979] Resolved "ssh-remote+fcs" to "127.0.0.1:35493"
[13:47:42.993] ------




[13:47:43.004] [Forwarding server 35493] Got connection 1
[13:47:43.165] [Forwarding server 35493] Got connection 2
[15:42:19.247] [Forwarding server 35493] Got connection 3
[15:42:19.252] ------




[15:42:19.253] SSH Resolver called for "ssh-remote+fcs", attempt 2, (Reconnection)
[15:42:19.254] SSH Resolver called for host: fcs
[15:42:19.254] Setting up SSH remote "fcs"
[15:42:19.255] Acquiring local install lock: /tmp/vscode-remote-ssh-c5fe3847-install.lock
[15:42:19.256] Looking for existing server data file at /home/panda/.config/Code/User/globalStorage/ms-vscode-remote.remote-ssh/vscode-ssh-host-c5fe3847-6c3e3dba23e8fadc360aed75ce363ba185c49794-0.102.0/data.json
[15:42:19.257] Found local server running: {"remoteListeningOn":{"port":37973},"osReleaseId":"ubuntu","arch":"x86_64","webUiAccessToken":"","sshAuthSock":"","display":"","tmpDir":"/run/user/1000","platform":"linux","connectionToken":"11a1a11a-a11a-1111-11a1-11a1aa111111","pid":27080,"ipcHandlePath":"/run/user/1000/vscode-ssh-askpass-3b4d7fc908b5b5b0c638ef5d3e10d924872d0ef1.sock","socksPort":36391,"startupTime":1693297061046}
[15:42:19.257] Running server is stale. Ignoring
[15:42:19.258] Using commit id "6c3e3dba23e8fadc360aed75ce363ba185c49794" and quality "stable" for server
[15:42:19.263] Install and start server if needed
[15:42:19.268] askpass server listening on /run/user/1000/vscode-ssh-askpass-4cd9f1037a8f6c8929ed225d96d117548d79e84a.sock
[15:42:19.268] Spawning local server with {"serverId":2,"ipcHandlePath":"/run/user/1000/vscode-ssh-askpass-14b1c24873394446f25dc87dd986333447028cb4.sock","sshCommand":"ssh","sshArgs":["-v","-T","-D","44123","-o","ConnectTimeout=15","fcs"],"serverDataFolderName":".vscode-server","dataFilePath":"/home/panda/.config/Code/User/globalStorage/ms-vscode-remote.remote-ssh/vscode-ssh-host-c5fe3847-6c3e3dba23e8fadc360aed75ce363ba185c49794-0.102.0/data.json"}
[15:42:19.269] Local server env: {"SHELL":"/bin/zsh","DISPLAY":":0","ELECTRON_RUN_AS_NODE":"1","SSH_ASKPASS":"/home/panda/.vscode/extensions/ms-vscode-remote.remote-ssh-0.102.0/out/local-server/askpass.sh","VSCODE_SSH_ASKPASS_NODE":"/opt/visual-studio-code/code","VSCODE_SSH_ASKPASS_EXTRA_ARGS":"--ms-enable-electron-run-as-node","VSCODE_SSH_ASKPASS_MAIN":"/home/panda/.vscode/extensions/ms-vscode-remote.remote-ssh-0.102.0/out/askpass-main.js","VSCODE_SSH_ASKPASS_HANDLE":"/run/user/1000/vscode-ssh-askpass-4cd9f1037a8f6c8929ed225d96d117548d79e84a.sock"}
[15:42:19.273] Spawned 31623
[15:42:19.390] > local-server-2> Running ssh connection command: "-v -T -D 44123 -o ConnectTimeout=15 fcs"
[15:42:19.394] > local-server-2> Spawned ssh, pid=31631
[15:42:19.398] stderr> OpenSSH_9.4p1, OpenSSL 3.1.2 1 Aug 2023
