2023-08-29 17:19:55.763 [info] Getting Manifest... bradlc.vscode-tailwindcss
2023-08-29 17:19:56.253 [info] Installing extension: bradlc.vscode-tailwindcss
2023-08-29 17:19:57.927 [warning] Extension signature verification failed with error 'UnknownError': bradlc.vscode-tailwindcss
2023-08-29 17:19:57.999 [info] Extracted extension to file:///home/panda/.vscode/extensions/bradlc.vscode-tailwindcss-0.10.0: bradlc.vscode-tailwindcss
2023-08-29 17:19:58.004 [info] Renamed to /home/panda/.vscode/extensions/bradlc.vscode-tailwindcss-0.10.0
2023-08-29 17:19:58.005 [info] Extracting extension completed. bradlc.vscode-tailwindcss
2023-08-29 17:19:58.036 [info] Extension installed successfully: bradlc.vscode-tailwindcss
2023-08-29 17:19:58.039 [info] Marked extension as uninstalled bradlc.vscode-tailwindcss-0.9.13
2023-08-29 17:55:56.989 [info] [SharedProcessTunnelService] Created tunnel 1: localhost:5173 (local) to localhost:5173 (remote).
2023-08-29 17:55:59.740 [info] Creating a socket (renderer-Tunnel-663cc928-6e39-486a-8a7a-f4520e46c515)...
2023-08-29 17:55:59.804 [info] Creating a socket (renderer-Tunnel-663cc928-6e39-486a-8a7a-f4520e46c515) was successful after 56 ms.
2023-08-29 17:55:59.991 [info] Creating a socket (renderer-Tunnel-a0bd9d18-c91b-40fd-a054-7a76af774e79)...
2023-08-29 17:56:00.130 [info] Creating a socket (renderer-Tunnel-a0bd9d18-c91b-40fd-a054-7a76af774e79) was successful after 138 ms.
2023-08-29 17:56:00.237 [info] Creating a socket (renderer-Tunnel-47d9e294-94b2-4dd0-acb7-b5ed8b8f720c)...
2023-08-29 17:56:00.239 [info] Creating a socket (renderer-Tunnel-e4848ac7-2362-4114-92dd-e2f2ab0b2c5b)...
2023-08-29 17:56:00.240 [info] Creating a socket (renderer-Tunnel-42e14f88-407b-4739-a0fe-15a2700fb5fc)...
2023-08-29 17:56:00.247 [info] Creating a socket (renderer-Tunnel-156dedfe-9cd7-40d2-a3cb-77e33fb84d06)...
2023-08-29 17:56:00.275 [info] Creating a socket (renderer-Tunnel-47d9e294-94b2-4dd0-acb7-b5ed8b8f720c) was successful after 39 ms.
2023-08-29 17:56:00.280 [info] Creating a socket (renderer-Tunnel-e4848ac7-2362-4114-92dd-e2f2ab0b2c5b) was successful after 42 ms.
2023-08-29 17:56:00.280 [info] Creating a socket (renderer-Tunnel-42e14f88-407b-4739-a0fe-15a2700fb5fc) was successful after 41 ms.
2023-08-29 17:56:00.281 [info] Creating a socket (renderer-Tunnel-156dedfe-9cd7-40d2-a3cb-77e33fb84d06) was successful after 35 ms.
2023-08-29 17:56:00.506 [info] Creating a socket (renderer-Tunnel-ce889386-ed71-4279-ac53-75b08f6b0e1d)...
2023-08-29 17:56:00.606 [info] Creating a socket (renderer-Tunnel-ce889386-ed71-4279-ac53-75b08f6b0e1d) was successful after 100 ms.
2023-08-29 17:56:03.621 [info] Creating a socket (renderer-Tunnel-cba51180-94dc-44bb-a118-bb7dd30f3c64)...
2023-08-29 17:56:03.666 [info] Creating a socket (renderer-Tunnel-cba51180-94dc-44bb-a118-bb7dd30f3c64) was successful after 46 ms.
2023-08-29 17:56:05.322 [info] Creating a socket (renderer-Tunnel-bd8fdeab-431d-496c-ba6d-81586d6ba8ba)...
2023-08-29 17:56:05.366 [info] Creating a socket (renderer-Tunnel-bd8fdeab-431d-496c-ba6d-81586d6ba8ba) was successful after 44 ms.
2023-08-29 17:56:06.440 [info] Creating a socket (renderer-Tunnel-e4500dbf-a665-42ec-a39f-01d1b8945074)...
2023-08-29 17:56:06.495 [info] Creating a socket (renderer-Tunnel-e4500dbf-a665-42ec-a39f-01d1b8945074) was successful after 55 ms.
2023-08-29 18:04:35.875 [info] Creating a socket (renderer-Tunnel-493cb3bb-2e6c-427f-9470-d5457102f716)...
2023-08-29 18:04:35.920 [info] Creating a socket (renderer-Tunnel-493cb3bb-2e6c-427f-9470-d5457102f716) was successful after 45 ms.
2023-08-29 18:12:12.920 [info] [SharedProcessTunnelService] Created tunnel 2: 127.0.0.1:8000 (local) to 127.0.0.1:8000 (remote).
2023-08-29 18:12:17.601 [info] Creating a socket (renderer-Tunnel-0a0d7efb-ec05-478e-ab07-2dff3484b594)...
2023-08-29 18:12:17.650 [info] Creating a socket (renderer-Tunnel-0a0d7efb-ec05-478e-ab07-2dff3484b594) was successful after 48 ms.
2023-08-29 18:38:29.799 [info] Creating a socket (renderer-Tunnel-fafd2c51-7df8-47d9-bea2-5a1446c6955e)...
2023-08-29 18:38:29.867 [info] Creating a socket (renderer-Tunnel-fafd2c51-7df8-47d9-bea2-5a1446c6955e) was successful after 69 ms.
2023-08-29 18:39:53.133 [info] Creating a socket (renderer-Tunnel-abc1d640-b17e-40ae-b8ea-16f35fcd739a)...
2023-08-29 18:39:53.176 [info] Creating a socket (renderer-Tunnel-abc1d640-b17e-40ae-b8ea-16f35fcd739a) was successful after 43 ms.
2023-08-29 18:39:53.609 [info] Creating a socket (renderer-Tunnel-4609caee-6f1d-4988-8160-b55d56a24c21)...
2023-08-29 18:39:53.611 [info] Creating a socket (renderer-Tunnel-3a303439-d4f1-4743-adb2-485001dc6baf)...
2023-08-29 18:39:53.613 [info] Creating a socket (renderer-Tunnel-588989d3-8b85-4725-8d8a-a8297d50bdf5)...
2023-08-29 18:39:53.614 [info] Creating a socket (renderer-Tunnel-7f21145f-667b-4f67-9e86-9a5a4585fabe)...
2023-08-29 18:39:53.615 [info] Creating a socket (renderer-Tunnel-42cbfff2-4660-458f-afa6-f21afe1040e7)...
2023-08-29 18:39:53.669 [info] Creating a socket (renderer-Tunnel-4609caee-6f1d-4988-8160-b55d56a24c21) was successful after 59 ms.
2023-08-29 18:39:53.671 [info] Creating a socket (renderer-Tunnel-3a303439-d4f1-4743-adb2-485001dc6baf) was successful after 60 ms.
2023-08-29 18:39:53.671 [info] Creating a socket (renderer-Tunnel-588989d3-8b85-4725-8d8a-a8297d50bdf5) was successful after 59 ms.
2023-08-29 18:39:53.672 [info] Creating a socket (renderer-Tunnel-7f21145f-667b-4f67-9e86-9a5a4585fabe) was successful after 58 ms.
2023-08-29 18:39:53.672 [info] Creating a socket (renderer-Tunnel-42cbfff2-4660-458f-afa6-f21afe1040e7) was successful after 58 ms.
2023-08-29 18:40:26.364 [info] Creating a socket (renderer-Tunnel-602801a9-ab76-4f63-9e9e-36a2646fdac2)...
2023-08-29 18:40:26.438 [info] Creating a socket (renderer-Tunnel-602801a9-ab76-4f63-9e9e-36a2646fdac2) was successful after 74 ms.
2023-08-29 18:40:33.597 [info] Creating a socket (renderer-Tunnel-8f837c94-8bac-4377-aa07-2bd3827b9757)...
2023-08-29 18:40:33.659 [info] Creating a socket (renderer-Tunnel-8f837c94-8bac-4377-aa07-2bd3827b9757) was successful after 61 ms.
2023-08-29 18:40:43.759 [info] Creating a socket (renderer-Tunnel-4d96d776-8287-4817-a5a7-72ddd4a51443)...
2023-08-29 18:40:43.805 [info] Creating a socket (renderer-Tunnel-4d96d776-8287-4817-a5a7-72ddd4a51443) was successful after 47 ms.
2023-08-29 18:40:49.212 [info] Creating a socket (renderer-Tunnel-9e418f21-5efa-4ce1-b596-7bf07b285938)...
2023-08-29 18:40:49.269 [info] Creating a socket (renderer-Tunnel-9e418f21-5efa-4ce1-b596-7bf07b285938) was successful after 57 ms.
2023-08-29 18:43:44.534 [info] Creating a socket (renderer-Tunnel-06368f54-cca4-4f8a-913a-a3017c65a672)...
2023-08-29 18:43:44.562 [info] Creating a socket (renderer-Tunnel-06368f54-cca4-4f8a-913a-a3017c65a672) was successful after 28 ms.
2023-08-29 18:44:28.114 [info] Creating a socket (renderer-Tunnel-6dd21216-ca41-4e6e-b6e7-8f4df71cd3c6)...
2023-08-29 18:44:28.183 [info] Creating a socket (renderer-Tunnel-6dd21216-ca41-4e6e-b6e7-8f4df71cd3c6) was successful after 70 ms.
2023-08-29 18:47:39.815 [info] Creating a socket (renderer-Tunnel-5b5f914d-9993-491e-8841-83ae804acc5f)...
2023-08-29 18:47:39.852 [info] Creating a socket (renderer-Tunnel-5b5f914d-9993-491e-8841-83ae804acc5f) was successful after 37 ms.
2023-08-29 19:40:29.943 [error] [uncaught exception in sharedProcess]: net::ERR_INTERNET_DISCONNECTED: Error: net::ERR_INTERNET_DISCONNECTED
    at SimpleURLLoaderWrapper.<anonymous> (node:electron/js2c/browser_init:2:49312)
    at SimpleURLLoaderWrapper.emit (node:events:513:28)
2023-08-29 22:39:55.996 [info] [SharedProcessTunnelService] Disposing tunnel 1.
2023-08-29 22:39:55.999 [info] [SharedProcessTunnelService] Disposing tunnel 2.
