2023-08-29 17:19:52.673 [warning] RemoteTerminalBackend#getTerminalLayoutInfo Error ["Cannot read properties of undefined (reading 'cwd')"]
2023-08-29 17:19:53.401 [info] Latency measurements for ssh-remote+fcs backend
window<->ptyhostservice<->ptyhost: 101.00ms
ptyhostservice<->ptyhost: 1.24ms []
2023-08-29 17:19:53.401 [info] Latency measurements for ssh-remote+fcs backend
window<->ptyhostservice<->ptyhost: 99.30ms
ptyhostservice<->ptyhost: 1.38ms []
2023-08-29 17:19:53.402 [info] Latency measurements for ssh-remote+fcs backend
window<->ptyhostservice<->ptyhost: 100.40ms
ptyhostservice<->ptyhost: 1.36ms []
2023-08-29 17:19:53.402 [info] Latency measurements for ssh-remote+fcs backend
window<->ptyhostservice<->ptyhost: 100.30ms
ptyhostservice<->ptyhost: 1.15ms []
2023-08-29 17:28:56.642 [warning] RemoteTerminalBackend#getTerminalLayoutInfo Error ["The connection timed out"]
2023-08-29 17:29:33.606 [warning] RemoteTerminalBackend#getTerminalLayoutInfo Error ["Cannot read properties of undefined (reading 'cwd')"]
2023-08-29 17:29:34.365 [info] Latency measurements for ssh-remote+fcs backend
window<->ptyhostservice<->ptyhost: 61.20ms
ptyhostservice<->ptyhost: 1.21ms []
2023-08-29 17:29:34.365 [info] Latency measurements for ssh-remote+fcs backend
window<->ptyhostservice<->ptyhost: 61.10ms
ptyhostservice<->ptyhost: 0.61ms []
2023-08-29 17:29:34.365 [info] Latency measurements for ssh-remote+fcs backend
window<->ptyhostservice<->ptyhost: 60.80ms
ptyhostservice<->ptyhost: 0.47ms []
2023-08-29 17:29:34.365 [info] Latency measurements for ssh-remote+fcs backend
window<->ptyhostservice<->ptyhost: 60.60ms
ptyhostservice<->ptyhost: 0.36ms []
