2023-09-02 20:33:12.506 [info] Extension host with pid 23081 started
2023-09-02 20:33:12.507 [info] Skipping acquiring lock for /home/panda/.config/Code/User/workspaceStorage/76b00d16e5642a66e0c94d335e639da4.
2023-09-02 20:33:12.512 [info] $getCanonicalURI invoked for authority (ssh-remote)
2023-09-02 20:33:12.517 [info] ExtensionService#_doActivateExtension ms-vscode-remote.remote-ssh, startup: false, activationEvent: 'onResolveRemoteAuthority:ssh-remote'
2023-09-02 20:33:12.565 [info] [resolveAuthority(ssh-remote,1)][0ms] activating remote resolvers ssh-remote+btp
2023-09-02 20:33:12.566 [info] [resolveAuthority(ssh-remote,1)][1ms] activating resolver for ssh-remote+btp...
2023-09-02 20:33:12.566 [info] [resolveAuthority(ssh-remote,1)][1ms] invoking final resolve()...
2023-09-02 20:33:13.567 [info] [resolveAuthority(ssh-remote,1)][1002ms] waiting...
2023-09-02 20:33:14.567 [info] [resolveAuthority(ssh-remote,1)][2002ms] waiting...
2023-09-02 20:33:15.568 [info] [resolveAuthority(ssh-remote,1)][3003ms] waiting...
2023-09-02 20:33:16.570 [info] [resolveAuthority(ssh-remote,1)][4005ms] waiting...
2023-09-02 20:33:17.570 [info] [resolveAuthority(ssh-remote,1)][5005ms] waiting...
2023-09-02 20:33:18.569 [info] [resolveAuthority(ssh-remote,1)][6004ms] waiting...
2023-09-02 20:33:19.570 [info] [resolveAuthority(ssh-remote,1)][7005ms] waiting...
2023-09-02 20:33:20.569 [info] [resolveAuthority(ssh-remote,1)][8004ms] waiting...
2023-09-02 20:33:21.570 [info] [resolveAuthority(ssh-remote,1)][9005ms] waiting...
2023-09-02 20:33:22.569 [info] [resolveAuthority(ssh-remote,1)][10004ms] waiting...
2023-09-02 20:33:23.571 [info] [resolveAuthority(ssh-remote,1)][11006ms] waiting...
2023-09-02 20:33:24.571 [info] [resolveAuthority(ssh-remote,1)][12006ms] waiting...
2023-09-02 20:33:25.573 [info] [resolveAuthority(ssh-remote,1)][13008ms] waiting...
2023-09-02 20:33:26.574 [info] [resolveAuthority(ssh-remote,1)][14009ms] waiting...
2023-09-02 20:33:27.091 [info] Extension host terminating: renderer closed the MessagePort
2023-09-02 20:33:27.092 [info] Extension host with pid 23081 exiting with code 0
2023-09-02 20:33:28.193 [info] Extension host with pid 23896 started
2023-09-02 20:33:28.193 [info] Skipping acquiring lock for /home/panda/.config/Code/User/workspaceStorage/4bdf2b7278d3af709628e692c47abcca.
2023-09-02 20:33:28.235 [info] ExtensionService#_doActivateExtension vscode.git-base, startup: true, activationEvent: '*', root cause: vscode.git
2023-09-02 20:33:28.241 [info] ExtensionService#_doActivateExtension DivyanshuAgrawal.competitive-programming-helper, startup: true, activationEvent: '*'
2023-09-02 20:33:28.248 [info] ExtensionService#_doActivateExtension ecmel.vscode-html-css, startup: true, activationEvent: '*'
2023-09-02 20:33:28.331 [info] ExtensionService#_doActivateExtension vscode.git, startup: true, activationEvent: '*'
2023-09-02 20:33:28.360 [info] ExtensionService#_doActivateExtension vscode.github, startup: true, activationEvent: '*'
2023-09-02 20:33:28.461 [info] Eager extensions activated
2023-09-02 20:33:28.474 [info] ExtensionService#_doActivateExtension vscode.github-authentication, startup: false, activationEvent: 'onAuthenticationRequest:github'
2023-09-02 20:33:28.509 [info] ExtensionService#_doActivateExtension vscode.debug-auto-launch, startup: false, activationEvent: 'onStartupFinished'
2023-09-02 20:33:28.512 [info] ExtensionService#_doActivateExtension vscode.merge-conflict, startup: false, activationEvent: 'onStartupFinished'
2023-09-02 20:33:28.524 [info] ExtensionService#_doActivateExtension bradlc.vscode-tailwindcss, startup: false, activationEvent: 'onStartupFinished'
2023-09-02 20:33:28.549 [info] ExtensionService#_doActivateExtension dbaeumer.vscode-eslint, startup: false, activationEvent: 'onStartupFinished'
2023-09-02 20:33:28.566 [info] ExtensionService#_doActivateExtension dsznajder.es7-react-js-snippets, startup: false, activationEvent: 'onStartupFinished'
2023-09-02 20:33:28.882 [info] ExtensionService#_doActivateExtension equinusocio.vsc-material-theme-icons, startup: false, activationEvent: 'onStartupFinished'
2023-09-02 20:33:28.992 [info] ExtensionService#_doActivateExtension vscode.microsoft-authentication, startup: false, activationEvent: 'onAuthenticationRequest:microsoft'
2023-09-02 20:33:30.418 [info] ExtensionService#_doActivateExtension vscode.json-language-features, startup: false, activationEvent: 'onLanguage:jsonc'
2023-09-02 20:33:30.449 [info] ExtensionService#_doActivateExtension vscode.typescript-language-features, startup: false, activationEvent: 'onLanguage:jsonc'
2023-09-02 20:33:30.469 [info] ExtensionService#_doActivateExtension vscode.emmet, startup: false, activationEvent: 'onLanguage'
2023-09-02 20:33:56.989 [info] ExtensionService#_doActivateExtension ms-vscode.cpptools, startup: false, activationEvent: 'onLanguage:cpp'
2023-09-02 20:34:47.198 [info] ExtensionService#_doActivateExtension danielpinto8zz6.c-cpp-compile-run, startup: false, activationEvent: 'onCommand:extension.CompileRun'
2023-09-02 20:39:49.564 [info] ExtensionService#_doActivateExtension vscode.extension-editing, startup: false, activationEvent: 'onLanguage:json'
2023-09-02 20:39:49.572 [info] ExtensionService#_doActivateExtension vscode.npm, startup: false, activationEvent: 'onLanguage:json'
2023-09-02 21:38:24.257 [info] Extension host terminating: renderer closed the MessagePort
2023-09-02 21:38:24.510 [info] Extension host with pid 23896 exiting with code 0
