2023-08-29 13:03:10.020 [info] Extension host with pid 10182 started
2023-08-29 13:03:10.020 [info] Skipping acquiring lock for /home/panda/.config/Code/User/workspaceStorage/5e6b1249d09464ac53c053ba51457af2.
2023-08-29 13:03:10.033 [info] $getCanonicalURI invoked for authority (ssh-remote)
2023-08-29 13:03:10.048 [info] ExtensionService#_doActivateExtension ms-vscode-remote.remote-ssh, startup: false, activationEvent: 'onResolveRemoteAuthority:ssh-remote'
2023-08-29 13:03:10.091 [info] [resolveAuthority(ssh-remote,1)][1ms] activating remote resolvers ssh-remote+fcs
2023-08-29 13:03:10.091 [info] [resolveAuthority(ssh-remote,1)][1ms] activating resolver for ssh-remote+fcs...
2023-08-29 13:03:10.092 [info] [resolveAuthority(ssh-remote,1)][2ms] invoking final resolve()...
2023-08-29 13:03:11.093 [info] [resolveAuthority(ssh-remote,1)][1003ms] waiting...
2023-08-29 13:03:12.094 [info] [resolveAuthority(ssh-remote,1)][2004ms] waiting...
2023-08-29 13:03:13.096 [info] [resolveAuthority(ssh-remote,1)][3006ms] waiting...
2023-08-29 13:03:14.097 [info] [resolveAuthority(ssh-remote,1)][4007ms] waiting...
2023-08-29 13:03:14.166 [info] Extension host terminating: renderer closed the MessagePort
2023-08-29 13:03:14.167 [info] Extension host with pid 10182 exiting with code 0
2023-08-29 13:03:15.149 [info] Extension host with pid 10528 started
2023-08-29 13:03:15.150 [info] Skipping acquiring lock for /home/panda/.config/Code/User/workspaceStorage/d9f9d2bb72e736ed32c2116ec59efcf0.
2023-08-29 13:03:15.202 [info] ExtensionService#_doActivateExtension vscode.git-base, startup: true, activationEvent: '*', root cause: vscode.git
2023-08-29 13:03:15.206 [info] ExtensionService#_doActivateExtension DivyanshuAgrawal.competitive-programming-helper, startup: true, activationEvent: '*'
2023-08-29 13:03:15.213 [info] ExtensionService#_doActivateExtension ecmel.vscode-html-css, startup: true, activationEvent: '*'
2023-08-29 13:03:15.274 [info] ExtensionService#_doActivateExtension vscode.git, startup: true, activationEvent: '*'
2023-08-29 13:03:15.300 [info] ExtensionService#_doActivateExtension vscode.github, startup: true, activationEvent: '*'
2023-08-29 13:03:15.365 [info] Eager extensions activated
2023-08-29 13:03:15.392 [info] ExtensionService#_doActivateExtension vscode.debug-auto-launch, startup: false, activationEvent: 'onStartupFinished'
2023-08-29 13:03:15.395 [info] ExtensionService#_doActivateExtension vscode.merge-conflict, startup: false, activationEvent: 'onStartupFinished'
2023-08-29 13:03:15.402 [info] ExtensionService#_doActivateExtension bradlc.vscode-tailwindcss, startup: false, activationEvent: 'onStartupFinished'
2023-08-29 13:03:15.421 [info] ExtensionService#_doActivateExtension dbaeumer.vscode-eslint, startup: false, activationEvent: 'onStartupFinished'
2023-08-29 13:03:15.430 [info] ExtensionService#_doActivateExtension dsznajder.es7-react-js-snippets, startup: false, activationEvent: 'onStartupFinished'
2023-08-29 13:03:15.651 [info] ExtensionService#_doActivateExtension equinusocio.vsc-material-theme-icons, startup: false, activationEvent: 'onStartupFinished'
2023-08-29 13:03:15.786 [info] ExtensionService#_doActivateExtension vscode.github-authentication, startup: false, activationEvent: 'onAuthenticationRequest:github'
2023-08-29 13:03:15.852 [info] ExtensionService#_doActivateExtension vscode.microsoft-authentication, startup: false, activationEvent: 'onAuthenticationRequest:microsoft'
2023-08-29 13:03:16.171 [info] ExtensionService#_doActivateExtension eww-yuck.yuck, startup: false, activationEvent: 'onLanguage:yuck'
2023-08-29 13:03:16.172 [info] ExtensionService#_doActivateExtension vscode.emmet, startup: false, activationEvent: 'onLanguage'
2023-08-29 13:03:16.682 [info] ExtensionService#_doActivateExtension vscode.json-language-features, startup: false, activationEvent: 'onLanguage:jsonc'
2023-08-29 13:03:16.706 [info] ExtensionService#_doActivateExtension vscode.typescript-language-features, startup: false, activationEvent: 'onLanguage:jsonc'
2023-08-29 13:04:25.221 [info] Extension host terminating: renderer closed the MessagePort
2023-08-29 13:04:25.244 [info] Extension host with pid 10528 exiting with code 0
2023-08-29 13:04:26.125 [info] Extension host with pid 11161 started
2023-08-29 13:04:26.125 [info] Skipping acquiring lock for /home/panda/.config/Code/User/workspaceStorage/5e6b1249d09464ac53c053ba51457af2.
2023-08-29 13:04:26.138 [info] $getCanonicalURI invoked for authority (ssh-remote)
2023-08-29 13:04:26.144 [info] ExtensionService#_doActivateExtension ms-vscode-remote.remote-ssh, startup: false, activationEvent: 'onResolveRemoteAuthority:ssh-remote'
2023-08-29 13:04:26.186 [info] [resolveAuthority(ssh-remote,1)][0ms] activating remote resolvers ssh-remote+fcs
2023-08-29 13:04:26.186 [info] [resolveAuthority(ssh-remote,1)][0ms] activating resolver for ssh-remote+fcs...
2023-08-29 13:04:26.186 [info] [resolveAuthority(ssh-remote,1)][0ms] invoking final resolve()...
2023-08-29 13:04:27.187 [info] [resolveAuthority(ssh-remote,1)][1001ms] waiting...
2023-08-29 13:04:28.188 [info] [resolveAuthority(ssh-remote,1)][2002ms] waiting...
2023-08-29 13:04:29.190 [info] [resolveAuthority(ssh-remote,1)][3004ms] waiting...
2023-08-29 13:04:30.192 [info] [resolveAuthority(ssh-remote,1)][4006ms] waiting...
2023-08-29 13:04:31.192 [info] [resolveAuthority(ssh-remote,1)][5006ms] waiting...
2023-08-29 13:04:32.194 [info] [resolveAuthority(ssh-remote,1)][6007ms] waiting...
2023-08-29 13:04:33.194 [info] [resolveAuthority(ssh-remote,1)][7008ms] waiting...
2023-08-29 13:04:34.193 [info] [resolveAuthority(ssh-remote,1)][8007ms] waiting...
2023-08-29 13:04:35.196 [info] [resolveAuthority(ssh-remote,1)][9010ms] waiting...
2023-08-29 13:04:36.197 [info] [resolveAuthority(ssh-remote,1)][10010ms] waiting...
2023-08-29 13:04:37.197 [info] [resolveAuthority(ssh-remote,1)][11011ms] waiting...
2023-08-29 13:04:38.199 [info] [resolveAuthority(ssh-remote,1)][12013ms] waiting...
2023-08-29 13:04:39.200 [info] [resolveAuthority(ssh-remote,1)][13014ms] waiting...
2023-08-29 13:04:40.202 [info] [resolveAuthority(ssh-remote,1)][14015ms] waiting...
2023-08-29 13:04:41.202 [info] [resolveAuthority(ssh-remote,1)][15016ms] waiting...
2023-08-29 13:04:41.461 [error] [resolveAuthority(ssh-remote,1)][15268ms] returned an error The connection timed out
2023-08-29 13:04:41.605 [info] Eager extensions activated
2023-08-29 13:04:41.671 [info] ExtensionService#_doActivateExtension dsznajder.es7-react-js-snippets, startup: false, activationEvent: 'onStartupFinished'
2023-08-29 13:04:41.957 [info] ExtensionService#_doActivateExtension equinusocio.vsc-material-theme-icons, startup: false, activationEvent: 'onStartupFinished'
2023-08-29 13:04:42.003 [info] ExtensionService#_doActivateExtension ms-vscode.remote-explorer, startup: false, activationEvent: 'onCommand:remote-internal.setActiveFolders'
2023-08-29 13:04:42.028 [info] ExtensionService#_doActivateExtension vscode.github-authentication, startup: false, activationEvent: 'onAuthenticationRequest:github'
2023-08-29 13:04:42.053 [info] ExtensionService#_doActivateExtension vscode.microsoft-authentication, startup: false, activationEvent: 'onAuthenticationRequest:microsoft'
2023-08-29 13:04:44.096 [info] Extension host terminating: renderer closed the MessagePort
2023-08-29 13:04:44.100 [error] Canceled: Canceled
	at new h (/opt/visual-studio-code/resources/app/out/vs/workbench/api/node/extensionHostProcess.js:102:56634)
	at t.O (/opt/visual-studio-code/resources/app/out/vs/workbench/api/node/extensionHostProcess.js:114:8020)
	at N.<computed>.T.charCodeAt.N.<computed> (/opt/visual-studio-code/resources/app/out/vs/workbench/api/node/extensionHostProcess.js:114:5459)
	at a.g (/opt/visual-studio-code/resources/app/out/vs/workbench/api/node/extensionHostProcess.js:102:77241)
	at a.executeCommand (/opt/visual-studio-code/resources/app/out/vs/workbench/api/node/extensionHostProcess.js:102:76679)
	at v.registerCommand.description (/opt/visual-studio-code/resources/app/out/vs/workbench/api/node/extensionHostProcess.js:102:76000)
	at a.h (/opt/visual-studio-code/resources/app/out/vs/workbench/api/node/extensionHostProcess.js:102:77777)
	at a.g (/opt/visual-studio-code/resources/app/out/vs/workbench/api/node/extensionHostProcess.js:102:76772)
	at a.executeCommand (/opt/visual-studio-code/resources/app/out/vs/workbench/api/node/extensionHostProcess.js:102:76679)
	at Object.executeCommand (/opt/visual-studio-code/resources/app/out/vs/workbench/api/node/extensionHostProcess.js:120:20977)
	at t.shutdown (/home/panda/.vscode/extensions/ms-vscode-remote.remote-ssh-0.102.0/out/extension.js:1:646929)
	at e.deactivate (/home/panda/.vscode/extensions/ms-vscode-remote.remote-ssh-0.102.0/out/extension.js:1:723956)
	at r.Z (/opt/visual-studio-code/resources/app/out/vs/workbench/api/node/extensionHostProcess.js:116:9494)
	at /opt/visual-studio-code/resources/app/out/vs/workbench/api/node/extensionHostProcess.js:116:7582
	at Array.map (<anonymous>)
	at r.S (/opt/visual-studio-code/resources/app/out/vs/workbench/api/node/extensionHostProcess.js:116:7570)
	at r.terminate (/opt/visual-studio-code/resources/app/out/vs/workbench/api/node/extensionHostProcess.js:116:7842)
	at s.terminate (/opt/visual-studio-code/resources/app/out/vs/workbench/api/node/extensionHostProcess.js:120:1506)
	at C (/opt/visual-studio-code/resources/app/out/vs/workbench/api/node/extensionHostProcess.js:130:32254)
	at MessagePortMain.<anonymous> (/opt/visual-studio-code/resources/app/out/vs/workbench/api/node/extensionHostProcess.js:130:28679)
	at MessagePortMain.emit (node:events:513:28)
	at MessagePortMain._internalPort.emit (node:electron/js2c/utility_init:2:367) setContext undefined
2023-08-29 13:04:44.100 [info] Extension host with pid 11161 exiting with code 0
2023-08-29 13:04:44.976 [info] Extension host with pid 11297 started
2023-08-29 13:04:44.976 [info] Skipping acquiring lock for /home/panda/.config/Code/User/workspaceStorage/5e6b1249d09464ac53c053ba51457af2.
2023-08-29 13:04:44.980 [info] $getCanonicalURI invoked for authority (ssh-remote)
2023-08-29 13:04:44.988 [info] ExtensionService#_doActivateExtension ms-vscode-remote.remote-ssh, startup: false, activationEvent: 'onResolveRemoteAuthority:ssh-remote'
2023-08-29 13:04:45.027 [info] [resolveAuthority(ssh-remote,1)][0ms] activating remote resolvers ssh-remote+fcs
2023-08-29 13:04:45.027 [info] [resolveAuthority(ssh-remote,1)][0ms] activating resolver for ssh-remote+fcs...
2023-08-29 13:04:45.027 [info] [resolveAuthority(ssh-remote,1)][0ms] invoking final resolve()...
2023-08-29 13:04:46.030 [info] [resolveAuthority(ssh-remote,1)][1003ms] waiting...
2023-08-29 13:04:47.030 [info] [resolveAuthority(ssh-remote,1)][2003ms] waiting...
2023-08-29 13:04:47.078 [info] [resolveAuthority(ssh-remote,1)][2051ms] setting tunnel factory...
2023-08-29 13:04:47.078 [info] [resolveAuthority(ssh-remote,1)][2051ms] returned 127.0.0.1:41225
2023-08-29 13:04:48.061 [info] Eager extensions activated
2023-08-29 13:04:48.127 [info] ExtensionService#_doActivateExtension dsznajder.es7-react-js-snippets, startup: false, activationEvent: 'onStartupFinished'
2023-08-29 13:04:48.334 [info] ExtensionService#_doActivateExtension equinusocio.vsc-material-theme-icons, startup: false, activationEvent: 'onStartupFinished'
2023-08-29 13:04:48.367 [info] ExtensionService#_doActivateExtension ms-vscode.remote-explorer, startup: false, activationEvent: 'onCommand:remote-internal.setActiveFolders'
2023-08-29 13:04:48.393 [info] ExtensionService#_doActivateExtension vscode.github-authentication, startup: false, activationEvent: 'onAuthenticationRequest:github'
2023-08-29 13:04:48.753 [info] ExtensionService#_doActivateExtension vscode.microsoft-authentication, startup: false, activationEvent: 'onAuthenticationRequest:microsoft'
2023-08-29 13:19:31.999 [info] Extension host terminating: renderer closed the MessagePort
2023-08-29 13:19:32.006 [error] Canceled: Canceled
	at new h (/opt/visual-studio-code/resources/app/out/vs/workbench/api/node/extensionHostProcess.js:102:56634)
	at t.O (/opt/visual-studio-code/resources/app/out/vs/workbench/api/node/extensionHostProcess.js:114:8020)
	at N.<computed>.T.charCodeAt.N.<computed> (/opt/visual-studio-code/resources/app/out/vs/workbench/api/node/extensionHostProcess.js:114:5459)
	at a.g (/opt/visual-studio-code/resources/app/out/vs/workbench/api/node/extensionHostProcess.js:102:77241)
	at a.executeCommand (/opt/visual-studio-code/resources/app/out/vs/workbench/api/node/extensionHostProcess.js:102:76679)
	at v.registerCommand.description (/opt/visual-studio-code/resources/app/out/vs/workbench/api/node/extensionHostProcess.js:102:76000)
	at a.h (/opt/visual-studio-code/resources/app/out/vs/workbench/api/node/extensionHostProcess.js:102:77777)
	at a.g (/opt/visual-studio-code/resources/app/out/vs/workbench/api/node/extensionHostProcess.js:102:76772)
	at a.executeCommand (/opt/visual-studio-code/resources/app/out/vs/workbench/api/node/extensionHostProcess.js:102:76679)
	at Object.executeCommand (/opt/visual-studio-code/resources/app/out/vs/workbench/api/node/extensionHostProcess.js:120:20977)
	at t.shutdown (/home/panda/.vscode/extensions/ms-vscode-remote.remote-ssh-0.102.0/out/extension.js:1:646929)
	at e.deactivate (/home/panda/.vscode/extensions/ms-vscode-remote.remote-ssh-0.102.0/out/extension.js:1:723956)
	at r.Z (/opt/visual-studio-code/resources/app/out/vs/workbench/api/node/extensionHostProcess.js:116:9494)
	at /opt/visual-studio-code/resources/app/out/vs/workbench/api/node/extensionHostProcess.js:116:7582
	at Array.map (<anonymous>)
	at r.S (/opt/visual-studio-code/resources/app/out/vs/workbench/api/node/extensionHostProcess.js:116:7570)
	at r.terminate (/opt/visual-studio-code/resources/app/out/vs/workbench/api/node/extensionHostProcess.js:116:7842)
	at s.terminate (/opt/visual-studio-code/resources/app/out/vs/workbench/api/node/extensionHostProcess.js:120:1506)
	at C (/opt/visual-studio-code/resources/app/out/vs/workbench/api/node/extensionHostProcess.js:130:32254)
	at MessagePortMain.<anonymous> (/opt/visual-studio-code/resources/app/out/vs/workbench/api/node/extensionHostProcess.js:130:28679)
	at MessagePortMain.emit (node:events:513:28)
	at MessagePortMain._internalPort.emit (node:electron/js2c/utility_init:2:367) setContext undefined
2023-08-29 13:19:32.007 [info] Extension host with pid 11297 exiting with code 0
2023-08-29 13:19:33.046 [info] Extension host with pid 15416 started
2023-08-29 13:19:33.046 [info] Skipping acquiring lock for /home/panda/.config/Code/User/workspaceStorage/b9a2848d90022a810f548d3ff8253a19.
2023-08-29 13:19:33.166 [info] ExtensionService#_doActivateExtension vscode.git-base, startup: true, activationEvent: '*', root cause: vscode.git
2023-08-29 13:19:33.170 [info] ExtensionService#_doActivateExtension DivyanshuAgrawal.competitive-programming-helper, startup: true, activationEvent: '*'
2023-08-29 13:19:33.176 [info] ExtensionService#_doActivateExtension ecmel.vscode-html-css, startup: true, activationEvent: '*'
2023-08-29 13:19:33.215 [info] ExtensionService#_doActivateExtension vscode.git, startup: true, activationEvent: '*'
2023-08-29 13:19:33.240 [info] ExtensionService#_doActivateExtension vscode.github, startup: true, activationEvent: '*'
2023-08-29 13:19:33.290 [info] Eager extensions activated
2023-08-29 13:19:33.316 [info] ExtensionService#_doActivateExtension vscode.debug-auto-launch, startup: false, activationEvent: 'onStartupFinished'
2023-08-29 13:19:33.318 [info] ExtensionService#_doActivateExtension vscode.merge-conflict, startup: false, activationEvent: 'onStartupFinished'
2023-08-29 13:19:33.326 [info] ExtensionService#_doActivateExtension bradlc.vscode-tailwindcss, startup: false, activationEvent: 'onStartupFinished'
2023-08-29 13:19:33.353 [info] ExtensionService#_doActivateExtension dbaeumer.vscode-eslint, startup: false, activationEvent: 'onStartupFinished'
2023-08-29 13:19:33.363 [info] ExtensionService#_doActivateExtension dsznajder.es7-react-js-snippets, startup: false, activationEvent: 'onStartupFinished'
2023-08-29 13:19:33.614 [info] ExtensionService#_doActivateExtension equinusocio.vsc-material-theme-icons, startup: false, activationEvent: 'onStartupFinished'
2023-08-29 13:19:33.711 [info] ExtensionService#_doActivateExtension vscode.github-authentication, startup: false, activationEvent: 'onAuthenticationRequest:github'
2023-08-29 13:19:33.776 [info] ExtensionService#_doActivateExtension vscode.microsoft-authentication, startup: false, activationEvent: 'onAuthenticationRequest:microsoft'
2023-08-29 13:19:39.361 [info] ExtensionService#_doActivateExtension vscode.emmet, startup: false, activationEvent: 'onLanguage'
2023-08-29 13:47:39.908 [info] Extension host terminating: renderer closed the MessagePort
2023-08-29 13:47:39.919 [info] Extension host with pid 15416 exiting with code 0
2023-08-29 13:47:40.923 [info] Extension host with pid 27057 started
2023-08-29 13:47:40.923 [info] Skipping acquiring lock for /home/panda/.config/Code/User/workspaceStorage/5e6b1249d09464ac53c053ba51457af2.
2023-08-29 13:47:40.937 [info] $getCanonicalURI invoked for authority (ssh-remote)
2023-08-29 13:47:40.954 [info] ExtensionService#_doActivateExtension ms-vscode-remote.remote-ssh, startup: false, activationEvent: 'onResolveRemoteAuthority:ssh-remote'
2023-08-29 13:47:40.997 [info] [resolveAuthority(ssh-remote,1)][0ms] activating remote resolvers ssh-remote+fcs
2023-08-29 13:47:40.997 [info] [resolveAuthority(ssh-remote,1)][0ms] activating resolver for ssh-remote+fcs...
2023-08-29 13:47:40.997 [info] [resolveAuthority(ssh-remote,1)][0ms] invoking final resolve()...
2023-08-29 13:47:42.000 [info] [resolveAuthority(ssh-remote,1)][1002ms] waiting...
2023-08-29 13:47:42.993 [info] [resolveAuthority(ssh-remote,1)][1996ms] setting tunnel factory...
2023-08-29 13:47:42.993 [info] [resolveAuthority(ssh-remote,1)][1996ms] returned 127.0.0.1:35493
2023-08-29 13:47:43.857 [info] Eager extensions activated
2023-08-29 13:47:43.965 [info] ExtensionService#_doActivateExtension dsznajder.es7-react-js-snippets, startup: false, activationEvent: 'onStartupFinished'
2023-08-29 13:47:44.164 [info] ExtensionService#_doActivateExtension equinusocio.vsc-material-theme-icons, startup: false, activationEvent: 'onStartupFinished'
2023-08-29 13:47:44.184 [info] ExtensionService#_doActivateExtension ms-vscode.remote-explorer, startup: false, activationEvent: 'onCommand:remote-internal.setActiveFolders'
2023-08-29 13:47:44.205 [info] ExtensionService#_doActivateExtension vscode.github-authentication, startup: false, activationEvent: 'onAuthenticationRequest:github'
2023-08-29 13:47:44.649 [info] ExtensionService#_doActivateExtension vscode.microsoft-authentication, startup: false, activationEvent: 'onAuthenticationRequest:microsoft'
2023-08-29 15:42:19.252 [info] [resolveAuthority(ssh-remote,2)][0ms] activating remote resolvers ssh-remote+fcs
2023-08-29 15:42:19.252 [info] [resolveAuthority(ssh-remote,2)][0ms] activating resolver for ssh-remote+fcs...
2023-08-29 15:42:19.252 [info] [resolveAuthority(ssh-remote,2)][0ms] invoking final resolve()...
2023-08-29 15:42:20.253 [info] [resolveAuthority(ssh-remote,2)][1001ms] waiting...
2023-08-29 15:42:21.254 [info] [resolveAuthority(ssh-remote,2)][2002ms] waiting...
2023-08-29 15:42:22.254 [info] [resolveAuthority(ssh-remote,2)][3002ms] waiting...
2023-08-29 15:42:22.543 [info] Extension host terminating: renderer closed the MessagePort
2023-08-29 15:42:22.551 [error] Canceled: Canceled
	at new h (/opt/visual-studio-code/resources/app/out/vs/workbench/api/node/extensionHostProcess.js:102:56634)
	at t.O (/opt/visual-studio-code/resources/app/out/vs/workbench/api/node/extensionHostProcess.js:114:8020)
	at N.<computed>.T.charCodeAt.N.<computed> (/opt/visual-studio-code/resources/app/out/vs/workbench/api/node/extensionHostProcess.js:114:5459)
	at a.g (/opt/visual-studio-code/resources/app/out/vs/workbench/api/node/extensionHostProcess.js:102:77241)
	at a.executeCommand (/opt/visual-studio-code/resources/app/out/vs/workbench/api/node/extensionHostProcess.js:102:76679)
	at v.registerCommand.description (/opt/visual-studio-code/resources/app/out/vs/workbench/api/node/extensionHostProcess.js:102:76000)
	at a.h (/opt/visual-studio-code/resources/app/out/vs/workbench/api/node/extensionHostProcess.js:102:77777)
	at a.g (/opt/visual-studio-code/resources/app/out/vs/workbench/api/node/extensionHostProcess.js:102:76772)
	at a.executeCommand (/opt/visual-studio-code/resources/app/out/vs/workbench/api/node/extensionHostProcess.js:102:76679)
	at Object.executeCommand (/opt/visual-studio-code/resources/app/out/vs/workbench/api/node/extensionHostProcess.js:120:20977)
	at t.shutdown (/home/panda/.vscode/extensions/ms-vscode-remote.remote-ssh-0.102.0/out/extension.js:1:646929)
	at e.deactivate (/home/panda/.vscode/extensions/ms-vscode-remote.remote-ssh-0.102.0/out/extension.js:1:723956)
	at r.Z (/opt/visual-studio-code/resources/app/out/vs/workbench/api/node/extensionHostProcess.js:116:9494)
	at /opt/visual-studio-code/resources/app/out/vs/workbench/api/node/extensionHostProcess.js:116:7582
	at Array.map (<anonymous>)
	at r.S (/opt/visual-studio-code/resources/app/out/vs/workbench/api/node/extensionHostProcess.js:116:7570)
	at r.terminate (/opt/visual-studio-code/resources/app/out/vs/workbench/api/node/extensionHostProcess.js:116:7842)
	at s.terminate (/opt/visual-studio-code/resources/app/out/vs/workbench/api/node/extensionHostProcess.js:120:1506)
	at C (/opt/visual-studio-code/resources/app/out/vs/workbench/api/node/extensionHostProcess.js:130:32254)
	at MessagePortMain.<anonymous> (/opt/visual-studio-code/resources/app/out/vs/workbench/api/node/extensionHostProcess.js:130:28679)
	at MessagePortMain.emit (node:events:513:28)
	at MessagePortMain._internalPort.emit (node:electron/js2c/utility_init:2:367) setContext undefined
2023-08-29 15:42:22.551 [info] Extension host with pid 27057 exiting with code 0
