2023-08-29 13:03:09.788 [info] Using settings sync service https://vscode-sync.trafficmanager.net/
2023-08-29 13:03:09.788 [info] Auto Sync is enabled.
2023-08-29 13:03:09.788 [info] Auto Sync: Suspended until auth token is available.
2023-08-29 13:03:10.536 [info] Deleting non existing profile from backup /home/panda/.config/Code/User/sync/extensions
2023-08-29 13:03:10.598 [info] Deleting non existing profile from backup /home/panda/.config/Code/User/sync/globalState
2023-08-29 13:03:10.599 [info] Deleting non existing profile from backup /home/panda/.config/Code/User/sync/keybindings
2023-08-29 13:03:10.600 [info] Deleting non existing profile from backup /home/panda/.config/Code/User/sync/profiles
2023-08-29 13:03:10.601 [info] Deleting non existing profile from backup /home/panda/.config/Code/User/sync/settings
2023-08-29 13:03:10.601 [info] Deleting non existing profile from backup /home/panda/.config/Code/User/sync/snippets
2023-08-29 13:03:10.602 [info] Deleting non existing profile from backup /home/panda/.config/Code/User/sync/tasks
2023-08-29 13:03:15.890 [info] Auto Sync: Triggered by Interval
2023-08-29 13:03:15.891 [info] Sync started.
2023-08-29 13:03:16.458 [info] Settings: Last sync resource does not exist locally.
2023-08-29 13:03:16.701 [info] Settings: No changes found during synchronizing settings.
2023-08-29 13:03:16.704 [info] Keybindings: Last sync resource does not exist locally.
2023-08-29 13:03:16.840 [info] Keybindings: No changes found during synchronizing keybindings.
2023-08-29 13:03:16.841 [info] Snippets: Last sync resource does not exist locally.
2023-08-29 13:03:16.989 [info] Snippets: No changes found during synchronizing snippets.
2023-08-29 13:03:16.991 [info] Tasks: Last sync resource does not exist locally.
2023-08-29 13:03:17.148 [info] Tasks: No changes found during synchronizing tasks.
2023-08-29 13:03:17.152 [info] GlobalState: Last sync resource does not exist locally.
2023-08-29 13:03:17.957 [info] GlobalState: Updated remote ui state. Updated: workbench.activity.pinnedViewlets2.
2023-08-29 13:03:17.961 [info] GlobalState: Updated last synchronized ui state
2023-08-29 13:03:17.963 [info] Extensions: Last sync resource does not exist locally.
2023-08-29 13:03:18.167 [info] Extensions: No changes found during synchronizing extensions.
2023-08-29 13:03:18.169 [info] Profiles: Last sync resource does not exist locally.
2023-08-29 13:03:18.317 [info] Profiles: No changes found during synchronizing profiles.
2023-08-29 13:03:18.322 [info] Sync done. Took 2431ms
2023-08-29 13:03:34.176 [info] Auto Sync: Triggered by Activity
2023-08-29 13:03:34.177 [info] Sync started.
2023-08-29 13:03:34.396 [info] Settings: No changes found during synchronizing settings.
2023-08-29 13:03:34.399 [info] Keybindings: No changes found during synchronizing keybindings.
2023-08-29 13:03:34.405 [info] Snippets: No changes found during synchronizing snippets.
2023-08-29 13:03:34.407 [info] Tasks: No changes found during synchronizing tasks.
2023-08-29 13:03:34.411 [info] GlobalState: No changes found during synchronizing ui state.
2023-08-29 13:03:34.500 [info] Extensions: No changes found during synchronizing extensions.
2023-08-29 13:03:34.504 [info] Profiles: No changes found during synchronizing profiles.
2023-08-29 13:03:34.506 [info] Sync done. Took 331ms
2023-08-29 13:04:22.783 [info] Auto Sync: Triggered by Activity
2023-08-29 13:04:22.783 [info] Sync started.
2023-08-29 13:04:23.055 [info] Settings: No changes found during synchronizing settings.
2023-08-29 13:04:23.060 [info] Keybindings: No changes found during synchronizing keybindings.
2023-08-29 13:04:23.067 [info] Snippets: No changes found during synchronizing snippets.
2023-08-29 13:04:23.070 [info] Tasks: No changes found during synchronizing tasks.
2023-08-29 13:04:23.074 [info] GlobalState: No changes found during synchronizing ui state.
2023-08-29 13:04:23.172 [info] Extensions: No changes found during synchronizing extensions.
2023-08-29 13:04:23.173 [info] Profiles: No changes found during synchronizing profiles.
2023-08-29 13:04:23.176 [info] Sync done. Took 393ms
2023-08-29 13:04:28.591 [info] Auto Sync: Triggered by Activity
2023-08-29 13:04:28.592 [info] Sync started.
2023-08-29 13:04:28.892 [info] Settings: No changes found during synchronizing settings.
2023-08-29 13:04:28.897 [info] Keybindings: No changes found during synchronizing keybindings.
2023-08-29 13:04:28.904 [info] Snippets: No changes found during synchronizing snippets.
2023-08-29 13:04:28.908 [info] Tasks: No changes found during synchronizing tasks.
2023-08-29 13:04:29.649 [info] GlobalState: Updated remote ui state. Updated: workbench.activity.pinnedViewlets2.
2023-08-29 13:04:29.656 [info] GlobalState: Updated last synchronized ui state
2023-08-29 13:04:29.770 [info] Extensions: No changes found during synchronizing extensions.
2023-08-29 13:04:29.771 [info] Profiles: No changes found during synchronizing profiles.
2023-08-29 13:04:29.772 [info] Sync done. Took 1182ms
2023-08-29 13:04:41.471 [info] Auto Sync: Triggered by Activity
2023-08-29 13:04:41.471 [info] Sync started.
2023-08-29 13:04:42.803 [info] Settings: No changes found during synchronizing settings.
2023-08-29 13:04:42.809 [info] Keybindings: No changes found during synchronizing keybindings.
2023-08-29 13:04:42.814 [info] Snippets: No changes found during synchronizing snippets.
2023-08-29 13:04:42.817 [info] Tasks: No changes found during synchronizing tasks.
2023-08-29 13:04:43.500 [info] GlobalState: Updated remote ui state. Updated: workbench.activity.pinnedViewlets2,workbench.panel.pinnedPanels.
2023-08-29 13:04:43.506 [info] GlobalState: Updated last synchronized ui state
2023-08-29 13:04:43.595 [info] Extensions: No changes found during synchronizing extensions.
2023-08-29 13:04:43.596 [info] Profiles: No changes found during synchronizing profiles.
2023-08-29 13:04:43.597 [info] Sync done. Took 2126ms
2023-08-29 13:04:44.054 [info] Auto Sync: Triggered by Activity
2023-08-29 13:04:44.054 [info] Sync started.
2023-08-29 13:04:44.213 [info] Settings: No changes found during synchronizing settings.
2023-08-29 13:04:44.216 [info] Keybindings: No changes found during synchronizing keybindings.
2023-08-29 13:04:44.219 [info] Snippets: No changes found during synchronizing snippets.
2023-08-29 13:04:44.221 [info] Tasks: No changes found during synchronizing tasks.
2023-08-29 13:04:44.225 [info] GlobalState: No changes found during synchronizing ui state.
2023-08-29 13:04:44.326 [info] Extensions: No changes found during synchronizing extensions.
2023-08-29 13:04:44.327 [info] Profiles: No changes found during synchronizing profiles.
2023-08-29 13:04:44.328 [info] Sync done. Took 275ms
2023-08-29 13:04:47.165 [info] Auto Sync: Triggered by Activity
2023-08-29 13:04:47.165 [info] Sync started.
2023-08-29 13:04:47.329 [info] Settings: No changes found during synchronizing settings.
2023-08-29 13:04:47.337 [info] Keybindings: No changes found during synchronizing keybindings.
2023-08-29 13:04:47.347 [info] Snippets: No changes found during synchronizing snippets.
2023-08-29 13:04:47.350 [info] Tasks: No changes found during synchronizing tasks.
2023-08-29 13:04:47.878 [info] GlobalState: Updated remote ui state. Updated: workbench.activity.pinnedViewlets2.
2023-08-29 13:04:47.882 [info] GlobalState: Updated last synchronized ui state
2023-08-29 13:04:47.973 [info] Extensions: No changes found during synchronizing extensions.
2023-08-29 13:04:47.977 [info] Profiles: No changes found during synchronizing profiles.
2023-08-29 13:04:47.979 [info] Sync done. Took 813ms
2023-08-29 13:04:50.983 [info] Auto Sync: Triggered by Activity
2023-08-29 13:04:50.983 [info] Sync started.
2023-08-29 13:04:51.179 [info] Settings: No changes found during synchronizing settings.
2023-08-29 13:04:51.182 [info] Keybindings: No changes found during synchronizing keybindings.
2023-08-29 13:04:51.187 [info] Snippets: No changes found during synchronizing snippets.
2023-08-29 13:04:51.189 [info] Tasks: No changes found during synchronizing tasks.
2023-08-29 13:04:51.758 [info] GlobalState: Updated remote ui state. Updated: workbench.activity.pinnedViewlets2,workbench.panel.pinnedPanels.
2023-08-29 13:04:51.765 [info] GlobalState: Updated last synchronized ui state
2023-08-29 13:04:51.857 [info] Extensions: No changes found during synchronizing extensions.
2023-08-29 13:04:51.863 [info] Profiles: No changes found during synchronizing profiles.
2023-08-29 13:04:51.864 [info] Sync done. Took 882ms
2023-08-29 13:05:28.604 [info] Auto Sync: Triggered by Activity
2023-08-29 13:05:28.605 [info] Sync started.
2023-08-29 13:05:28.825 [info] Settings: No changes found during synchronizing settings.
2023-08-29 13:05:28.835 [info] Keybindings: No changes found during synchronizing keybindings.
2023-08-29 13:05:28.843 [info] Snippets: No changes found during synchronizing snippets.
2023-08-29 13:05:28.848 [info] Tasks: No changes found during synchronizing tasks.
2023-08-29 13:05:28.854 [info] GlobalState: No changes found during synchronizing ui state.
2023-08-29 13:05:28.930 [info] Extensions: No changes found during synchronizing extensions.
2023-08-29 13:05:28.932 [info] Profiles: No changes found during synchronizing profiles.
2023-08-29 13:05:28.933 [info] Sync done. Took 329ms
2023-08-29 13:05:47.901 [info] Auto Sync: Triggered by Activity
2023-08-29 13:05:47.902 [info] Sync started.
2023-08-29 13:05:48.101 [info] Settings: No changes found during synchronizing settings.
2023-08-29 13:05:48.111 [info] Keybindings: No changes found during synchronizing keybindings.
2023-08-29 13:05:48.122 [info] Snippets: No changes found during synchronizing snippets.
2023-08-29 13:05:48.127 [info] Tasks: No changes found during synchronizing tasks.
2023-08-29 13:05:48.133 [info] GlobalState: No changes found during synchronizing ui state.
2023-08-29 13:05:48.233 [info] Extensions: No changes found during synchronizing extensions.
2023-08-29 13:05:48.234 [info] Profiles: No changes found during synchronizing profiles.
2023-08-29 13:05:48.235 [info] Sync done. Took 334ms
2023-08-29 13:06:04.195 [info] Auto Sync: Triggered by Activity
2023-08-29 13:06:04.196 [info] Sync started.
2023-08-29 13:06:04.410 [info] Settings: No changes found during synchronizing settings.
2023-08-29 13:06:04.417 [info] Keybindings: No changes found during synchronizing keybindings.
2023-08-29 13:06:04.423 [info] Snippets: No changes found during synchronizing snippets.
2023-08-29 13:06:04.427 [info] Tasks: No changes found during synchronizing tasks.
2023-08-29 13:06:04.431 [info] GlobalState: No changes found during synchronizing ui state.
2023-08-29 13:06:04.505 [info] Extensions: No changes found during synchronizing extensions.
2023-08-29 13:06:04.507 [info] Profiles: No changes found during synchronizing profiles.
2023-08-29 13:06:04.508 [info] Sync done. Took 315ms
2023-08-29 13:06:32.727 [info] Auto Sync: Triggered by Activity
2023-08-29 13:06:32.728 [info] Sync started.
2023-08-29 13:06:32.946 [info] Settings: No changes found during synchronizing settings.
2023-08-29 13:06:32.950 [info] Keybindings: No changes found during synchronizing keybindings.
2023-08-29 13:06:32.955 [info] Snippets: No changes found during synchronizing snippets.
2023-08-29 13:06:32.959 [info] Tasks: No changes found during synchronizing tasks.
2023-08-29 13:06:32.962 [info] GlobalState: No changes found during synchronizing ui state.
2023-08-29 13:06:33.031 [info] Extensions: No changes found during synchronizing extensions.
2023-08-29 13:06:33.032 [info] Profiles: No changes found during synchronizing profiles.
2023-08-29 13:06:33.033 [info] Sync done. Took 307ms
2023-08-29 13:06:55.654 [info] Auto Sync: Triggered by Activity
2023-08-29 13:06:55.654 [info] Sync started.
2023-08-29 13:06:55.845 [info] Settings: No changes found during synchronizing settings.
2023-08-29 13:06:55.854 [info] Keybindings: No changes found during synchronizing keybindings.
2023-08-29 13:06:55.864 [info] Snippets: No changes found during synchronizing snippets.
2023-08-29 13:06:55.868 [info] Tasks: No changes found during synchronizing tasks.
2023-08-29 13:06:55.872 [info] GlobalState: No changes found during synchronizing ui state.
2023-08-29 13:06:55.973 [info] Extensions: No changes found during synchronizing extensions.
2023-08-29 13:06:55.975 [info] Profiles: No changes found during synchronizing profiles.
2023-08-29 13:06:55.977 [info] Sync done. Took 323ms
2023-08-29 13:08:30.731 [info] Auto Sync: Triggered by Activity
2023-08-29 13:08:30.731 [info] Sync started.
2023-08-29 13:08:30.917 [info] Settings: No changes found during synchronizing settings.
2023-08-29 13:08:30.930 [info] Keybindings: No changes found during synchronizing keybindings.
2023-08-29 13:08:30.937 [info] Snippets: No changes found during synchronizing snippets.
2023-08-29 13:08:30.939 [info] Tasks: No changes found during synchronizing tasks.
2023-08-29 13:08:30.943 [info] GlobalState: No changes found during synchronizing ui state.
2023-08-29 13:08:31.021 [info] Extensions: No changes found during synchronizing extensions.
2023-08-29 13:08:31.023 [info] Profiles: No changes found during synchronizing profiles.
2023-08-29 13:08:31.024 [info] Sync done. Took 294ms
2023-08-29 13:10:39.218 [info] Auto Sync: Triggered by Activity
2023-08-29 13:10:39.218 [info] Sync started.
2023-08-29 13:10:39.401 [info] Settings: No changes found during synchronizing settings.
2023-08-29 13:10:39.405 [info] Keybindings: No changes found during synchronizing keybindings.
2023-08-29 13:10:39.411 [info] Snippets: No changes found during synchronizing snippets.
2023-08-29 13:10:39.413 [info] Tasks: No changes found during synchronizing tasks.
2023-08-29 13:10:39.416 [info] GlobalState: No changes found during synchronizing ui state.
2023-08-29 13:10:39.500 [info] Extensions: No changes found during synchronizing extensions.
2023-08-29 13:10:39.501 [info] Profiles: No changes found during synchronizing profiles.
2023-08-29 13:10:39.502 [info] Sync done. Took 284ms
2023-08-29 13:15:39.506 [info] Auto Sync: Triggered by Interval
2023-08-29 13:15:39.506 [info] Sync started.
2023-08-29 13:15:39.966 [info] Settings: No changes found during synchronizing settings.
2023-08-29 13:15:39.971 [info] Keybindings: No changes found during synchronizing keybindings.
2023-08-29 13:15:39.977 [info] Snippets: No changes found during synchronizing snippets.
2023-08-29 13:15:39.980 [info] Tasks: No changes found during synchronizing tasks.
2023-08-29 13:15:39.984 [info] GlobalState: No changes found during synchronizing ui state.
2023-08-29 13:15:40.066 [info] Extensions: No changes found during synchronizing extensions.
2023-08-29 13:15:40.067 [info] Profiles: No changes found during synchronizing profiles.
2023-08-29 13:15:40.068 [info] Sync done. Took 564ms
2023-08-29 13:15:40.150 [info] Auto Sync: Triggered by Activity
2023-08-29 13:15:40.151 [info] Sync started.
2023-08-29 13:15:40.334 [info] Settings: No changes found during synchronizing settings.
2023-08-29 13:15:40.339 [info] Keybindings: No changes found during synchronizing keybindings.
2023-08-29 13:15:40.345 [info] Snippets: No changes found during synchronizing snippets.
2023-08-29 13:15:40.347 [info] Tasks: No changes found during synchronizing tasks.
2023-08-29 13:15:40.349 [info] GlobalState: No changes found during synchronizing ui state.
2023-08-29 13:15:40.411 [info] Extensions: No changes found during synchronizing extensions.
2023-08-29 13:15:40.412 [info] Profiles: No changes found during synchronizing profiles.
2023-08-29 13:15:40.413 [info] Sync done. Took 263ms
2023-08-29 13:19:28.240 [info] Auto Sync: Triggered by Activity
2023-08-29 13:19:28.241 [info] Sync started.
2023-08-29 13:19:28.753 [info] Settings: No changes found during synchronizing settings.
2023-08-29 13:19:28.757 [info] Keybindings: No changes found during synchronizing keybindings.
2023-08-29 13:19:28.764 [info] Snippets: No changes found during synchronizing snippets.
2023-08-29 13:19:28.766 [info] Tasks: No changes found during synchronizing tasks.
2023-08-29 13:19:29.018 [info] GlobalState: No changes found during synchronizing ui state.
2023-08-29 13:19:29.139 [info] Extensions: No changes found during synchronizing extensions.
2023-08-29 13:19:29.140 [info] Profiles: No changes found during synchronizing profiles.
2023-08-29 13:19:29.141 [info] Sync done. Took 902ms
2023-08-29 13:19:35.653 [info] Auto Sync: Triggered by Activity
2023-08-29 13:19:35.653 [info] Sync started.
2023-08-29 13:19:35.889 [info] Settings: No changes found during synchronizing settings.
2023-08-29 13:19:35.891 [info] Keybindings: No changes found during synchronizing keybindings.
2023-08-29 13:19:35.896 [info] Snippets: No changes found during synchronizing snippets.
2023-08-29 13:19:35.898 [info] Tasks: No changes found during synchronizing tasks.
2023-08-29 13:19:36.861 [info] GlobalState: Updated remote ui state. Updated: workbench.activity.pinnedViewlets2,workbench.panel.pinnedPanels.
2023-08-29 13:19:36.869 [info] GlobalState: Updated last synchronized ui state
2023-08-29 13:19:36.943 [info] Extensions: No changes found during synchronizing extensions.
2023-08-29 13:19:36.945 [info] Profiles: No changes found during synchronizing profiles.
2023-08-29 13:19:36.946 [info] Sync done. Took 1294ms
2023-08-29 13:20:00.790 [info] Auto Sync: Triggered by Activity
2023-08-29 13:20:00.791 [info] Sync started.
2023-08-29 13:20:01.005 [info] Settings: No changes found during synchronizing settings.
2023-08-29 13:20:01.008 [info] Keybindings: No changes found during synchronizing keybindings.
2023-08-29 13:20:01.013 [info] Snippets: No changes found during synchronizing snippets.
2023-08-29 13:20:01.015 [info] Tasks: No changes found during synchronizing tasks.
2023-08-29 13:20:01.021 [info] GlobalState: No changes found during synchronizing ui state.
2023-08-29 13:20:01.108 [info] Extensions: No changes found during synchronizing extensions.
2023-08-29 13:20:01.111 [info] Profiles: No changes found during synchronizing profiles.
2023-08-29 13:20:01.113 [info] Sync done. Took 324ms
2023-08-29 13:25:01.116 [info] Auto Sync: Triggered by Interval
2023-08-29 13:25:01.117 [info] Sync started.
2023-08-29 13:25:01.612 [info] Settings: No changes found during synchronizing settings.
2023-08-29 13:25:01.619 [info] Keybindings: No changes found during synchronizing keybindings.
2023-08-29 13:25:01.626 [info] Snippets: No changes found during synchronizing snippets.
2023-08-29 13:25:01.630 [info] Tasks: No changes found during synchronizing tasks.
2023-08-29 13:25:01.830 [info] GlobalState: No changes found during synchronizing ui state.
2023-08-29 13:25:01.925 [info] Extensions: No changes found during synchronizing extensions.
2023-08-29 13:25:01.928 [info] Profiles: No changes found during synchronizing profiles.
2023-08-29 13:25:01.930 [info] Sync done. Took 814ms
2023-08-29 13:28:45.903 [info] Auto Sync: Triggered by Activity
2023-08-29 13:28:45.904 [info] Sync started.
2023-08-29 13:28:46.521 [info] Settings: No changes found during synchronizing settings.
2023-08-29 13:28:46.526 [info] Keybindings: No changes found during synchronizing keybindings.
2023-08-29 13:28:46.531 [info] Snippets: No changes found during synchronizing snippets.
2023-08-29 13:28:46.534 [info] Tasks: No changes found during synchronizing tasks.
2023-08-29 13:28:46.539 [info] GlobalState: No changes found during synchronizing ui state.
2023-08-29 13:28:46.632 [info] Extensions: No changes found during synchronizing extensions.
2023-08-29 13:28:46.633 [info] Profiles: No changes found during synchronizing profiles.
2023-08-29 13:28:46.634 [info] Sync done. Took 732ms
2023-08-29 13:33:46.643 [info] Auto Sync: Triggered by Interval
2023-08-29 13:33:46.643 [info] Sync started.
2023-08-29 13:33:47.228 [info] Settings: No changes found during synchronizing settings.
2023-08-29 13:33:47.239 [info] Keybindings: No changes found during synchronizing keybindings.
2023-08-29 13:33:47.254 [info] Snippets: No changes found during synchronizing snippets.
2023-08-29 13:33:47.259 [info] Tasks: No changes found during synchronizing tasks.
2023-08-29 13:33:47.266 [info] GlobalState: No changes found during synchronizing ui state.
2023-08-29 13:33:47.355 [info] Extensions: No changes found during synchronizing extensions.
2023-08-29 13:33:47.359 [info] Profiles: No changes found during synchronizing profiles.
2023-08-29 13:33:47.361 [info] Sync done. Took 719ms
2023-08-29 13:38:47.368 [info] Auto Sync: Triggered by Interval
2023-08-29 13:38:47.371 [info] Sync started.
2023-08-29 13:38:47.935 [info] Settings: No changes found during synchronizing settings.
2023-08-29 13:38:47.939 [info] Keybindings: No changes found during synchronizing keybindings.
2023-08-29 13:38:47.942 [info] Snippets: No changes found during synchronizing snippets.
2023-08-29 13:38:47.945 [info] Tasks: No changes found during synchronizing tasks.
2023-08-29 13:38:47.948 [info] GlobalState: No changes found during synchronizing ui state.
2023-08-29 13:38:48.027 [info] Extensions: No changes found during synchronizing extensions.
2023-08-29 13:38:48.029 [info] Profiles: No changes found during synchronizing profiles.
2023-08-29 13:38:48.030 [info] Sync done. Took 662ms
2023-08-29 13:40:28.781 [info] Auto Sync: Triggered by Activity
2023-08-29 13:40:28.781 [info] Sync started.
2023-08-29 13:40:28.941 [info] Settings: No changes found during synchronizing settings.
2023-08-29 13:40:28.943 [info] Keybindings: No changes found during synchronizing keybindings.
2023-08-29 13:40:28.946 [info] Snippets: No changes found during synchronizing snippets.
2023-08-29 13:40:28.948 [info] Tasks: No changes found during synchronizing tasks.
2023-08-29 13:40:28.951 [info] GlobalState: No changes found during synchronizing ui state.
2023-08-29 13:40:29.029 [info] Extensions: No changes found during synchronizing extensions.
2023-08-29 13:40:29.030 [info] Profiles: No changes found during synchronizing profiles.
2023-08-29 13:40:29.031 [info] Sync done. Took 252ms
2023-08-29 13:41:24.009 [info] Auto Sync: Triggered by Activity
2023-08-29 13:41:24.009 [info] Sync started.
2023-08-29 13:41:24.232 [info] Settings: No changes found during synchronizing settings.
2023-08-29 13:41:24.236 [info] Keybindings: No changes found during synchronizing keybindings.
2023-08-29 13:41:24.241 [info] Snippets: No changes found during synchronizing snippets.
2023-08-29 13:41:24.244 [info] Tasks: No changes found during synchronizing tasks.
2023-08-29 13:41:24.248 [info] GlobalState: No changes found during synchronizing ui state.
2023-08-29 13:41:24.323 [info] Extensions: No changes found during synchronizing extensions.
2023-08-29 13:41:24.324 [info] Profiles: No changes found during synchronizing profiles.
2023-08-29 13:41:24.325 [info] Sync done. Took 318ms
2023-08-29 13:41:42.101 [info] Auto Sync: Triggered by Activity
2023-08-29 13:41:42.101 [info] Sync started.
2023-08-29 13:41:42.299 [info] Settings: No changes found during synchronizing settings.
2023-08-29 13:41:42.303 [info] Keybindings: No changes found during synchronizing keybindings.
2023-08-29 13:41:42.306 [info] Snippets: No changes found during synchronizing snippets.
2023-08-29 13:41:42.307 [info] Tasks: No changes found during synchronizing tasks.
2023-08-29 13:41:42.331 [info] GlobalState: No changes found during synchronizing ui state.
2023-08-29 13:41:42.428 [info] Extensions: No changes found during synchronizing extensions.
2023-08-29 13:41:42.429 [info] Profiles: No changes found during synchronizing profiles.
2023-08-29 13:41:42.430 [info] Sync done. Took 331ms
2023-08-29 13:43:27.296 [info] Auto Sync: Triggered by Activity
2023-08-29 13:43:27.296 [info] Sync started.
2023-08-29 13:43:27.513 [info] Settings: No changes found during synchronizing settings.
2023-08-29 13:43:27.516 [info] Keybindings: No changes found during synchronizing keybindings.
2023-08-29 13:43:27.519 [info] Snippets: No changes found during synchronizing snippets.
2023-08-29 13:43:27.521 [info] Tasks: No changes found during synchronizing tasks.
2023-08-29 13:43:27.524 [info] GlobalState: No changes found during synchronizing ui state.
2023-08-29 13:43:27.604 [info] Extensions: No changes found during synchronizing extensions.
2023-08-29 13:43:27.605 [info] Profiles: No changes found during synchronizing profiles.
2023-08-29 13:43:27.606 [info] Sync done. Took 310ms
2023-08-29 13:43:44.127 [info] Auto Sync: Triggered by Activity
2023-08-29 13:43:44.127 [info] Sync started.
2023-08-29 13:43:44.421 [info] Settings: No changes found during synchronizing settings.
2023-08-29 13:43:44.434 [info] Keybindings: No changes found during synchronizing keybindings.
2023-08-29 13:43:44.442 [info] Snippets: No changes found during synchronizing snippets.
2023-08-29 13:43:44.446 [info] Tasks: No changes found during synchronizing tasks.
2023-08-29 13:43:44.450 [info] GlobalState: No changes found during synchronizing ui state.
2023-08-29 13:43:44.523 [info] Extensions: No changes found during synchronizing extensions.
2023-08-29 13:43:44.528 [info] Profiles: No changes found during synchronizing profiles.
2023-08-29 13:43:44.528 [info] Sync done. Took 403ms
2023-08-29 13:44:17.661 [info] Auto Sync: Triggered by Activity
2023-08-29 13:44:17.662 [info] Sync started.
2023-08-29 13:44:17.848 [info] Settings: No changes found during synchronizing settings.
2023-08-29 13:44:17.851 [info] Keybindings: No changes found during synchronizing keybindings.
2023-08-29 13:44:17.855 [info] Snippets: No changes found during synchronizing snippets.
2023-08-29 13:44:17.858 [info] Tasks: No changes found during synchronizing tasks.
2023-08-29 13:44:17.861 [info] GlobalState: No changes found during synchronizing ui state.
2023-08-29 13:44:17.938 [info] Extensions: No changes found during synchronizing extensions.
2023-08-29 13:44:17.939 [info] Profiles: No changes found during synchronizing profiles.
2023-08-29 13:44:17.940 [info] Sync done. Took 281ms
2023-08-29 13:45:49.133 [info] Auto Sync: Triggered by Activity
2023-08-29 13:45:49.133 [info] Sync started.
2023-08-29 13:45:49.318 [info] Settings: No changes found during synchronizing settings.
2023-08-29 13:45:49.321 [info] Keybindings: No changes found during synchronizing keybindings.
2023-08-29 13:45:49.324 [info] Snippets: No changes found during synchronizing snippets.
2023-08-29 13:45:49.327 [info] Tasks: No changes found during synchronizing tasks.
2023-08-29 13:45:49.329 [info] GlobalState: No changes found during synchronizing ui state.
2023-08-29 13:45:49.411 [info] Extensions: No changes found during synchronizing extensions.
2023-08-29 13:45:49.412 [info] Profiles: No changes found during synchronizing profiles.
2023-08-29 13:45:49.413 [info] Sync done. Took 282ms
2023-08-29 13:46:21.937 [info] Auto Sync: Triggered by Activity
2023-08-29 13:46:21.937 [info] Sync started.
2023-08-29 13:46:22.122 [info] Settings: No changes found during synchronizing settings.
2023-08-29 13:46:22.125 [info] Keybindings: No changes found during synchronizing keybindings.
2023-08-29 13:46:22.128 [info] Snippets: No changes found during synchronizing snippets.
2023-08-29 13:46:22.130 [info] Tasks: No changes found during synchronizing tasks.
2023-08-29 13:46:22.133 [info] GlobalState: No changes found during synchronizing ui state.
2023-08-29 13:46:22.224 [info] Extensions: No changes found during synchronizing extensions.
2023-08-29 13:46:22.225 [info] Profiles: No changes found during synchronizing profiles.
2023-08-29 13:46:22.226 [info] Sync done. Took 291ms
2023-08-29 13:46:37.667 [info] Auto Sync: Triggered by Activity
2023-08-29 13:46:37.667 [info] Sync started.
2023-08-29 13:46:37.856 [info] Settings: No changes found during synchronizing settings.
2023-08-29 13:46:37.882 [info] Keybindings: No changes found during synchronizing keybindings.
2023-08-29 13:46:37.887 [info] Snippets: No changes found during synchronizing snippets.
2023-08-29 13:46:37.889 [info] Tasks: No changes found during synchronizing tasks.
2023-08-29 13:46:37.893 [info] GlobalState: No changes found during synchronizing ui state.
2023-08-29 13:46:37.970 [info] Extensions: No changes found during synchronizing extensions.
2023-08-29 13:46:37.973 [info] Profiles: No changes found during synchronizing profiles.
2023-08-29 13:46:37.974 [info] Sync done. Took 308ms
2023-08-29 13:46:57.411 [info] Auto Sync: Triggered by Activity
2023-08-29 13:46:57.411 [info] Sync started.
2023-08-29 13:46:57.635 [info] Settings: No changes found during synchronizing settings.
2023-08-29 13:46:57.638 [info] Keybindings: No changes found during synchronizing keybindings.
2023-08-29 13:46:57.641 [info] Snippets: No changes found during synchronizing snippets.
2023-08-29 13:46:57.643 [info] Tasks: No changes found during synchronizing tasks.
2023-08-29 13:46:57.645 [info] GlobalState: No changes found during synchronizing ui state.
2023-08-29 13:46:57.722 [info] Extensions: No changes found during synchronizing extensions.
2023-08-29 13:46:57.723 [info] Profiles: No changes found during synchronizing profiles.
2023-08-29 13:46:57.724 [info] Sync done. Took 314ms
2023-08-29 13:47:26.065 [info] Auto Sync: Triggered by Activity
2023-08-29 13:47:26.065 [info] Sync started.
2023-08-29 13:47:26.307 [info] Settings: No changes found during synchronizing settings.
2023-08-29 13:47:26.315 [info] Keybindings: No changes found during synchronizing keybindings.
2023-08-29 13:47:26.325 [info] Snippets: No changes found during synchronizing snippets.
2023-08-29 13:47:26.331 [info] Tasks: No changes found during synchronizing tasks.
2023-08-29 13:47:26.338 [info] GlobalState: No changes found during synchronizing ui state.
2023-08-29 13:47:26.432 [info] Extensions: No changes found during synchronizing extensions.
2023-08-29 13:47:26.435 [info] Profiles: No changes found during synchronizing profiles.
2023-08-29 13:47:26.437 [info] Sync done. Took 373ms
2023-08-29 13:47:43.568 [info] Auto Sync: Triggered by Activity
2023-08-29 13:47:43.569 [info] Sync started.
2023-08-29 13:47:43.943 [info] Settings: No changes found during synchronizing settings.
2023-08-29 13:47:43.979 [info] Keybindings: No changes found during synchronizing keybindings.
2023-08-29 13:47:43.984 [info] Snippets: No changes found during synchronizing snippets.
2023-08-29 13:47:43.986 [info] Tasks: No changes found during synchronizing tasks.
2023-08-29 13:47:44.653 [info] GlobalState: Updated remote ui state. Updated: workbench.activity.pinnedViewlets2.
2023-08-29 13:47:44.670 [info] GlobalState: Updated last synchronized ui state
2023-08-29 13:47:44.735 [info] Extensions: No changes found during synchronizing extensions.
2023-08-29 13:47:44.736 [info] Profiles: No changes found during synchronizing profiles.
2023-08-29 13:47:44.737 [info] Sync done. Took 1170ms
2023-08-29 13:47:46.878 [info] Auto Sync: Triggered by Activity
2023-08-29 13:47:46.879 [info] Sync started.
2023-08-29 13:47:47.236 [info] Settings: No changes found during synchronizing settings.
2023-08-29 13:47:47.244 [info] Keybindings: No changes found during synchronizing keybindings.
2023-08-29 13:47:47.254 [info] Snippets: No changes found during synchronizing snippets.
2023-08-29 13:47:47.258 [info] Tasks: No changes found during synchronizing tasks.
2023-08-29 13:47:47.942 [info] GlobalState: Updated remote ui state. Updated: workbench.activity.pinnedViewlets2,workbench.panel.pinnedPanels.
2023-08-29 13:47:47.949 [info] GlobalState: Updated last synchronized ui state
2023-08-29 13:47:48.062 [info] Extensions: No changes found during synchronizing extensions.
2023-08-29 13:47:48.064 [info] Profiles: No changes found during synchronizing profiles.
2023-08-29 13:47:48.064 [info] Sync done. Took 1187ms
2023-08-29 13:49:58.289 [info] Auto Sync: Triggered by Activity
2023-08-29 13:49:58.289 [info] Sync started.
2023-08-29 13:49:58.475 [info] Settings: No changes found during synchronizing settings.
2023-08-29 13:49:58.484 [info] Keybindings: No changes found during synchronizing keybindings.
2023-08-29 13:49:58.490 [info] Snippets: No changes found during synchronizing snippets.
2023-08-29 13:49:58.493 [info] Tasks: No changes found during synchronizing tasks.
2023-08-29 13:49:58.497 [info] GlobalState: No changes found during synchronizing ui state.
2023-08-29 13:49:58.570 [info] Extensions: No changes found during synchronizing extensions.
2023-08-29 13:49:58.571 [info] Profiles: No changes found during synchronizing profiles.
2023-08-29 13:49:58.572 [info] Sync done. Took 285ms
2023-08-29 13:54:58.579 [info] Auto Sync: Triggered by Interval
2023-08-29 13:54:58.579 [info] Sync started.
2023-08-29 13:54:59.685 [info] Settings: No changes found during synchronizing settings.
2023-08-29 13:54:59.694 [info] Keybindings: No changes found during synchronizing keybindings.
2023-08-29 13:54:59.700 [info] Snippets: No changes found during synchronizing snippets.
2023-08-29 13:54:59.709 [info] Tasks: No changes found during synchronizing tasks.
2023-08-29 13:54:59.718 [info] GlobalState: No changes found during synchronizing ui state.
2023-08-29 13:54:59.848 [info] Extensions: No changes found during synchronizing extensions.
2023-08-29 13:54:59.849 [info] Profiles: No changes found during synchronizing profiles.
2023-08-29 13:54:59.850 [info] Sync done. Took 1272ms
2023-08-29 13:56:09.801 [info] Auto Sync: Triggered by Activity
2023-08-29 13:56:09.802 [info] Sync started.
2023-08-29 13:56:09.961 [info] Settings: No changes found during synchronizing settings.
2023-08-29 13:56:09.971 [info] Keybindings: No changes found during synchronizing keybindings.
2023-08-29 13:56:09.983 [info] Snippets: No changes found during synchronizing snippets.
2023-08-29 13:56:09.990 [info] Tasks: No changes found during synchronizing tasks.
2023-08-29 13:56:09.996 [info] GlobalState: No changes found during synchronizing ui state.
2023-08-29 13:56:10.092 [info] Extensions: No changes found during synchronizing extensions.
2023-08-29 13:56:10.093 [info] Profiles: No changes found during synchronizing profiles.
2023-08-29 13:56:10.094 [info] Sync done. Took 294ms
2023-08-29 14:01:10.103 [info] Auto Sync: Triggered by Interval
2023-08-29 14:01:10.103 [info] Sync started.
2023-08-29 14:01:10.662 [info] Settings: No changes found during synchronizing settings.
2023-08-29 14:01:10.669 [info] Keybindings: No changes found during synchronizing keybindings.
2023-08-29 14:01:10.677 [info] Snippets: No changes found during synchronizing snippets.
2023-08-29 14:01:10.682 [info] Tasks: No changes found during synchronizing tasks.
2023-08-29 14:01:10.689 [info] GlobalState: No changes found during synchronizing ui state.
2023-08-29 14:01:10.798 [info] Extensions: No changes found during synchronizing extensions.
2023-08-29 14:01:10.800 [info] Profiles: No changes found during synchronizing profiles.
2023-08-29 14:01:10.801 [info] Sync done. Took 700ms
2023-08-29 14:03:42.410 [info] Auto Sync: Triggered by Activity
2023-08-29 14:03:42.411 [info] Sync started.
2023-08-29 14:03:42.840 [info] Settings: No changes found during synchronizing settings.
2023-08-29 14:03:42.845 [info] Keybindings: No changes found during synchronizing keybindings.
2023-08-29 14:03:42.851 [info] Snippets: No changes found during synchronizing snippets.
2023-08-29 14:03:42.854 [info] Tasks: No changes found during synchronizing tasks.
2023-08-29 14:03:42.859 [info] GlobalState: No changes found during synchronizing ui state.
2023-08-29 14:03:42.936 [info] Extensions: No changes found during synchronizing extensions.
2023-08-29 14:03:42.937 [info] Profiles: No changes found during synchronizing profiles.
2023-08-29 14:03:42.939 [info] Sync done. Took 529ms
2023-08-29 15:42:02.204 [info] Auto Sync: Triggered by Activity
2023-08-29 15:42:02.204 [info] Sync started.
2023-08-29 15:42:03.076 [info] Settings: No changes found during synchronizing settings.
2023-08-29 15:42:03.082 [info] Keybindings: No changes found during synchronizing keybindings.
2023-08-29 15:42:03.086 [info] Snippets: No changes found during synchronizing snippets.
2023-08-29 15:42:03.089 [info] Tasks: No changes found during synchronizing tasks.
2023-08-29 15:42:03.092 [info] GlobalState: No changes found during synchronizing ui state.
2023-08-29 15:42:03.166 [info] Extensions: No changes found during synchronizing extensions.
2023-08-29 15:42:03.167 [info] Profiles: No changes found during synchronizing profiles.
2023-08-29 15:42:03.168 [info] Sync done. Took 966ms
2023-08-29 15:42:16.346 [info] Auto Sync: Triggered by Activity
2023-08-29 15:42:16.347 [info] Sync started.
2023-08-29 15:42:16.587 [info] Settings: No changes found during synchronizing settings.
2023-08-29 15:42:16.596 [info] Keybindings: No changes found during synchronizing keybindings.
2023-08-29 15:42:16.604 [info] Snippets: No changes found during synchronizing snippets.
2023-08-29 15:42:16.608 [info] Tasks: No changes found during synchronizing tasks.
2023-08-29 15:42:16.611 [info] GlobalState: No changes found during synchronizing ui state.
2023-08-29 15:42:16.707 [info] Extensions: No changes found during synchronizing extensions.
2023-08-29 15:42:16.709 [info] Profiles: No changes found during synchronizing profiles.
2023-08-29 15:42:16.710 [info] Sync done. Took 364ms
