2023-08-29 13:03:15.757 [info] Log level: Info
2023-08-29 13:03:15.757 [info] Validating found git in: "git"
2023-08-29 13:03:15.757 [info] Using git "2.41.0" from "git"
2023-08-29 13:03:15.757 [info] > git rev-parse --show-toplevel [8ms]
2023-08-29 13:03:15.757 [info] fatal: not a git repository (or any of the parent directories): .git
2023-08-29 13:03:15.757 [info] > git rev-parse --show-toplevel [3ms]
2023-08-29 13:03:15.757 [info] fatal: not a git repository (or any of the parent directories): .git
2023-08-29 13:03:15.758 [info] > git rev-parse --show-toplevel [2ms]
2023-08-29 13:03:15.758 [info] fatal: not a git repository (or any of the parent directories): .git
2023-08-29 13:03:15.772 [info] > git rev-parse --show-toplevel [4ms]
2023-08-29 13:03:15.772 [info] fatal: not a git repository (or any of the parent directories): .git
2023-08-29 13:03:15.782 [info] > git rev-parse --show-toplevel [1ms]
2023-08-29 13:03:15.782 [info] fatal: not a git repository (or any of the parent directories): .git
2023-08-29 13:03:15.842 [info] > git rev-parse --show-toplevel [8ms]
2023-08-29 13:03:15.842 [info] fatal: not a git repository (or any of the parent directories): .git
2023-08-29 13:03:15.985 [info] > git rev-parse --show-toplevel [1ms]
2023-08-29 13:03:15.985 [info] fatal: not a git repository (or any of the parent directories): .git
2023-08-29 13:03:16.076 [info] > git rev-parse --show-toplevel [1ms]
2023-08-29 13:03:16.076 [info] fatal: not a git repository (or any of the parent directories): .git
2023-08-29 13:19:33.640 [info] Log level: Info
2023-08-29 13:19:33.640 [info] Validating found git in: "git"
2023-08-29 13:19:33.640 [info] Using git "2.41.0" from "git"
2023-08-29 13:19:33.640 [info] > git rev-parse --show-toplevel [6ms]
2023-08-29 13:19:33.640 [info] fatal: not a git repository (or any of the parent directories): .git
2023-08-29 13:19:33.699 [info] > git rev-parse --show-toplevel [49ms]
2023-08-29 13:19:33.699 [info] fatal: not a git repository (or any of the parent directories): .git
2023-08-29 13:19:33.722 [info] > git rev-parse --show-toplevel [13ms]
2023-08-29 13:19:33.722 [info] fatal: not a git repository (or any of the parent directories): .git
2023-08-29 13:19:33.751 [info] > git rev-parse --show-toplevel [13ms]
2023-08-29 13:19:33.751 [info] fatal: not a git repository (or any of the parent directories): .git
2023-08-29 13:19:33.766 [info] > git rev-parse --show-toplevel [4ms]
2023-08-29 13:19:33.766 [info] fatal: not a git repository (or any of the parent directories): .git
2023-08-29 13:19:33.776 [info] > git rev-parse --show-toplevel [1ms]
2023-08-29 13:19:33.776 [info] fatal: not a git repository (or any of the parent directories): .git
2023-08-29 13:19:33.800 [info] > git rev-parse --show-toplevel [7ms]
2023-08-29 13:19:33.800 [info] fatal: not a git repository (or any of the parent directories): .git
2023-08-29 13:19:33.812 [info] > git rev-parse --show-toplevel [3ms]
2023-08-29 13:19:33.812 [info] fatal: not a git repository (or any of the parent directories): .git
2023-08-29 13:19:33.824 [info] > git rev-parse --show-toplevel [1ms]
2023-08-29 13:19:33.824 [info] fatal: not a git repository (or any of the parent directories): .git
2023-08-29 13:19:33.833 [info] > git rev-parse --show-toplevel [1ms]
2023-08-29 13:19:33.833 [info] fatal: not a git repository (or any of the parent directories): .git
2023-08-29 13:19:33.845 [info] > git rev-parse --show-toplevel [2ms]
2023-08-29 13:19:33.845 [info] fatal: not a git repository (or any of the parent directories): .git
2023-08-29 13:19:33.853 [info] > git rev-parse --show-toplevel [1ms]
2023-08-29 13:19:33.853 [info] fatal: not a git repository (or any of the parent directories): .git
2023-08-29 13:19:33.861 [info] > git rev-parse --show-toplevel [1ms]
2023-08-29 13:19:33.861 [info] fatal: not a git repository (or any of the parent directories): .git
2023-08-29 13:19:33.871 [info] > git rev-parse --show-toplevel [1ms]
2023-08-29 13:19:33.871 [info] fatal: not a git repository (or any of the parent directories): .git
2023-08-29 13:19:33.881 [info] > git rev-parse --show-toplevel [1ms]
2023-08-29 13:19:33.881 [info] fatal: not a git repository (or any of the parent directories): .git
2023-08-29 13:19:33.890 [info] > git rev-parse --show-toplevel [0ms]
2023-08-29 13:19:33.890 [info] fatal: not a git repository (or any of the parent directories): .git
2023-08-29 13:19:33.898 [info] > git rev-parse --show-toplevel [1ms]
2023-08-29 13:19:33.898 [info] fatal: not a git repository (or any of the parent directories): .git
2023-08-29 13:19:33.905 [info] > git rev-parse --show-toplevel [1ms]
2023-08-29 13:19:33.905 [info] fatal: not a git repository (or any of the parent directories): .git
2023-08-29 13:19:33.915 [info] > git rev-parse --show-toplevel [2ms]
2023-08-29 13:19:33.915 [info] fatal: not a git repository (or any of the parent directories): .git
2023-08-29 13:19:33.924 [info] > git rev-parse --show-toplevel [1ms]
2023-08-29 13:19:33.924 [info] fatal: not a git repository (or any of the parent directories): .git
2023-08-29 13:19:33.934 [info] > git rev-parse --show-toplevel [1ms]
2023-08-29 13:19:33.934 [info] fatal: not a git repository (or any of the parent directories): .git
2023-08-29 13:19:33.942 [info] > git rev-parse --show-toplevel [1ms]
2023-08-29 13:19:33.942 [info] fatal: not a git repository (or any of the parent directories): .git
2023-08-29 13:19:33.951 [info] > git rev-parse --show-toplevel [1ms]
2023-08-29 13:19:33.951 [info] fatal: not a git repository (or any of the parent directories): .git
2023-08-29 13:19:33.959 [info] > git rev-parse --show-toplevel [1ms]
2023-08-29 13:19:33.959 [info] fatal: not a git repository (or any of the parent directories): .git
2023-08-29 13:19:39.291 [info] > git rev-parse --show-toplevel [1ms]
2023-08-29 13:19:39.291 [info] fatal: not a git repository (or any of the parent directories): .git
