2023-08-31 19:51:55.604 [info] Log level: Info
2023-08-31 19:51:55.604 [info] Validating found git in: "git"
2023-08-31 19:51:55.604 [info] Using git "2.41.0" from "git"
2023-08-31 19:51:55.604 [info] > git rev-parse --show-toplevel [7ms]
2023-08-31 19:51:55.604 [info] fatal: not a git repository (or any of the parent directories): .git
2023-08-31 21:53:39.777 [info] Log level: Info
2023-08-31 21:53:39.777 [info] Validating found git in: "git"
2023-08-31 21:53:39.777 [info] Using git "2.41.0" from "git"
2023-08-31 21:53:39.777 [info] > git rev-parse --show-toplevel [2ms]
2023-08-31 21:53:39.777 [info] fatal: not a git repository (or any of the parent directories): .git
2023-08-31 21:53:39.777 [info] > git rev-parse --show-toplevel [5ms]
2023-08-31 21:53:39.777 [info] fatal: not a git repository (or any of the parent directories): .git
2023-08-31 21:53:40.131 [info] > git rev-parse --show-toplevel [355ms]
2023-08-31 21:53:40.131 [info] fatal: not a git repository (or any of the parent directories): .git
2023-08-31 21:53:40.169 [info] > git rev-parse --show-toplevel [5ms]
2023-08-31 21:53:40.169 [info] fatal: not a git repository (or any of the parent directories): .git
2023-08-31 21:53:40.196 [info] > git rev-parse --show-toplevel [4ms]
2023-08-31 21:53:40.196 [info] fatal: not a git repository (or any of the parent directories): .git
2023-08-31 21:53:40.208 [info] > git rev-parse --show-toplevel [1ms]
2023-08-31 21:53:40.208 [info] fatal: not a git repository (or any of the parent directories): .git
2023-08-31 21:53:40.405 [info] > git rev-parse --show-toplevel [1ms]
2023-08-31 21:53:40.405 [info] fatal: not a git repository (or any of the parent directories): .git
2023-08-31 21:53:40.481 [info] > git rev-parse --show-toplevel [1ms]
2023-08-31 21:53:40.481 [info] fatal: not a git repository (or any of the parent directories): .git
2023-08-31 21:53:40.666 [info] > git rev-parse --show-toplevel [1ms]
2023-08-31 21:53:40.666 [info] fatal: not a git repository (or any of the parent directories): .git
2023-08-31 21:53:40.919 [info] > git rev-parse --show-toplevel [1ms]
2023-08-31 21:53:40.919 [info] fatal: not a git repository (or any of the parent directories): .git
2023-08-31 21:53:41.397 [info] > git rev-parse --show-toplevel [2ms]
2023-08-31 21:53:41.397 [info] fatal: not a git repository (or any of the parent directories): .git
2023-08-31 22:37:10.211 [info] Log level: Info
2023-08-31 22:37:10.211 [info] Validating found git in: "git"
2023-08-31 22:37:10.211 [info] Using git "2.41.0" from "git"
