[13:01:25.714] Log Level: 2
[13:01:25.725] VS Code version: 1.81.1
[13:01:25.725] Remote-SSH version: remote-ssh@0.102.0
[13:01:25.726] linux x64
[13:01:25.739] SSH Resolver called for "ssh-remote+fcs", attempt 1
[13:01:25.740] "remote.SSH.useLocalServer": true
[13:01:25.741] "remote.SSH.path": undefined
[13:01:25.741] "remote.SSH.configFile": undefined
[13:01:25.741] "remote.SSH.useFlock": true
[13:01:25.741] "remote.SSH.lockfilesInTmp": false
[13:01:25.742] "remote.SSH.localServerDownload": auto
[13:01:25.742] "remote.SSH.remoteServerListenOnSocket": false
[13:01:25.742] "remote.SSH.showLoginTerminal": false
[13:01:25.743] "remote.SSH.defaultExtensions": []
[13:01:25.743] "remote.SSH.loglevel": 2
[13:01:25.746] "remote.SSH.enableDynamicForwarding": true
[13:01:25.747] "remote.SSH.enableRemoteCommand": false
[13:01:25.747] "remote.SSH.serverPickPortsFromRange": {}
[13:01:25.747] "remote.SSH.serverInstallPath": {}
[13:01:25.751] SSH Resolver called for host: fcs
[13:01:25.751] Setting up SSH remote "fcs"
[13:01:25.755] Acquiring local install lock: /tmp/vscode-remote-ssh-c5fe3847-install.lock
[13:01:25.756] Looking for existing server data file at /home/panda/.config/Code/User/globalStorage/ms-vscode-remote.remote-ssh/vscode-ssh-host-c5fe3847-6c3e3dba23e8fadc360aed75ce363ba185c49794-0.102.0/data.json
[13:01:25.757] Using commit id "6c3e3dba23e8fadc360aed75ce363ba185c49794" and quality "stable" for server
[13:01:25.764] Install and start server if needed
[13:01:25.769] PATH: /sbin:/bin:/usr/local/sbin:/usr/local/bin:/usr/bin:/usr/sbin:/usr/bin/site_perl:/usr/bin/vendor_perl:/usr/bin/core_perl:/usr/lib/rustup/bin
[13:01:25.769] Checking ssh with "ssh -V"
[13:01:25.779] > OpenSSH_9.4p1, OpenSSL 3.1.2 1 Aug 2023

[13:01:25.782] askpass server listening on /run/user/1000/vscode-ssh-askpass-1b796309c612dad72eb9d45f0e08f099721dd4c0.sock
[13:01:25.783] Spawning local server with {"serverId":1,"ipcHandlePath":"/run/user/1000/vscode-ssh-askpass-7dd44b3eb814f247313e8264ba2d29bae1f3ac34.sock","sshCommand":"ssh","sshArgs":["-v","-T","-D","44817","-o","ConnectTimeout=15","fcs"],"serverDataFolderName":".vscode-server","dataFilePath":"/home/panda/.config/Code/User/globalStorage/ms-vscode-remote.remote-ssh/vscode-ssh-host-c5fe3847-6c3e3dba23e8fadc360aed75ce363ba185c49794-0.102.0/data.json"}
[13:01:25.783] Local server env: {"SHELL":"/bin/zsh","DISPLAY":":0","ELECTRON_RUN_AS_NODE":"1","SSH_ASKPASS":"/home/panda/.vscode/extensions/ms-vscode-remote.remote-ssh-0.102.0/out/local-server/askpass.sh","VSCODE_SSH_ASKPASS_NODE":"/opt/visual-studio-code/code","VSCODE_SSH_ASKPASS_EXTRA_ARGS":"--ms-enable-electron-run-as-node","VSCODE_SSH_ASKPASS_MAIN":"/home/panda/.vscode/extensions/ms-vscode-remote.remote-ssh-0.102.0/out/askpass-main.js","VSCODE_SSH_ASKPASS_HANDLE":"/run/user/1000/vscode-ssh-askpass-1b796309c612dad72eb9d45f0e08f099721dd4c0.sock"}
[13:01:25.787] Spawned 9214
[13:01:25.924] > local-server-1> Running ssh connection command: "-v -T -D 44817 -o ConnectTimeout=15 fcs"
[13:01:25.929] > local-server-1> Spawned ssh, pid=9223
[13:01:25.932] stderr> OpenSSH_9.4p1, OpenSSL 3.1.2 1 Aug 2023
