2023-08-29 17:19:52.673 [info] Reading sessions from keychain...
2023-08-29 17:19:52.673 [info] Getting sessions for all scopes...
2023-08-29 17:19:52.675 [info] Got stored sessions!
2023-08-29 17:19:52.675 [info] Got 1 verified sessions.
2023-08-29 17:19:52.675 [info] Got 1 sessions for ...
2023-08-29 17:19:52.774 [info] Getting sessions for user:email...
2023-08-29 17:19:52.774 [info] Got 1 sessions for user:email...
2023-08-29 17:19:53.023 [info] Getting sessions for all scopes...
2023-08-29 17:19:53.023 [info] Got 1 sessions for ...
2023-08-29 17:28:57.032 [info] Reading sessions from keychain...
2023-08-29 17:28:57.032 [info] Getting sessions for all scopes...
2023-08-29 17:28:57.032 [info] Got stored sessions!
2023-08-29 17:28:57.032 [info] Got 1 verified sessions.
2023-08-29 17:28:57.032 [info] Got 1 sessions for ...
2023-08-29 17:28:57.032 [info] Getting sessions for user:email...
2023-08-29 17:28:57.032 [info] Got 1 sessions for user:email...
2023-08-29 17:28:57.049 [info] Getting sessions for all scopes...
2023-08-29 17:28:57.049 [info] Got 1 sessions for ...
2023-08-29 17:28:57.062 [info] Getting sessions for all scopes...
2023-08-29 17:28:57.062 [info] Got 1 sessions for ...
2023-08-29 17:29:33.782 [info] Reading sessions from keychain...
2023-08-29 17:29:33.782 [info] Getting sessions for all scopes...
2023-08-29 17:29:33.798 [info] Got stored sessions!
2023-08-29 17:29:33.798 [info] Got 1 verified sessions.
2023-08-29 17:29:33.798 [info] Got 1 sessions for ...
2023-08-29 17:29:33.849 [info] Getting sessions for all scopes...
2023-08-29 17:29:33.849 [info] Got 1 sessions for ...
2023-08-29 17:29:34.066 [info] Getting sessions for user:email...
2023-08-29 17:29:34.066 [info] Got 1 sessions for user:email...
2023-08-29 17:29:34.202 [info] Getting sessions for all scopes...
2023-08-29 17:29:34.202 [info] Got 1 sessions for ...
2023-08-29 17:48:01.133 [info] Getting sessions for read:user,repo,user:email,workflow...
2023-08-29 17:48:01.133 [info] Got 0 sessions for read:user,repo,user:email,workflow...
2023-08-29 17:48:03.061 [info] Logging in for the following scopes: read:user repo user:email workflow
2023-08-29 17:48:03.078 [info] Trying without local server... (read:user repo user:email workflow)
2023-08-29 17:48:05.296 [info] Exchanging code for token...
2023-08-29 17:48:05.869 [info] Token exchange success!
2023-08-29 17:48:05.873 [info] Getting user info...
2023-08-29 17:48:06.450 [info] Got account info!
2023-08-29 17:48:06.452 [info] Storing 2 sessions...
2023-08-29 17:48:06.459 [info] Reading sessions from keychain...
2023-08-29 17:48:06.460 [info] Stored 2 sessions!
2023-08-29 17:48:06.461 [info] Login success!
2023-08-29 17:48:06.464 [info] Getting sessions for user:email...
2023-08-29 17:48:06.470 [info] Got stored sessions!
2023-08-29 17:48:06.470 [info] Got 2 verified sessions.
2023-08-29 17:48:06.470 [info] Got 1 sessions for user:email...
2023-08-29 17:48:07.116 [info] Getting sessions for read:user,repo,user:email,workflow...
2023-08-29 17:48:07.116 [info] Got 1 sessions for read:user,repo,user:email,workflow...
2023-08-29 17:48:39.277 [info] Getting sessions for read:user,repo,user:email,workflow...
2023-08-29 17:48:39.277 [info] Got 1 sessions for read:user,repo,user:email,workflow...
2023-08-29 17:50:59.033 [info] Getting sessions for read:user,repo,user:email,workflow...
2023-08-29 17:50:59.033 [info] Got 1 sessions for read:user,repo,user:email,workflow...
2023-08-29 17:52:20.752 [info] Getting sessions for read:user,repo,user:email,workflow...
2023-08-29 17:52:20.752 [info] Got 1 sessions for read:user,repo,user:email,workflow...
2023-08-29 17:52:29.462 [info] Getting sessions for read:user,repo,user:email,workflow...
2023-08-29 17:52:29.462 [info] Got 1 sessions for read:user,repo,user:email,workflow...
2023-08-29 17:52:52.422 [info] Getting sessions for read:user,repo,user:email,workflow...
2023-08-29 17:52:52.422 [info] Got 1 sessions for read:user,repo,user:email,workflow...
