[22:40:14.807] Log Level: 2
[22:40:14.820] VS Code version: 1.81.1
[22:40:14.820] Remote-SSH version: remote-ssh@0.102.0
[22:40:14.820] linux x64
[22:40:14.827] SSH Resolver called for "ssh-remote+fcs", attempt 1
[22:40:14.828] "remote.SSH.useLocalServer": true
[22:40:14.828] "remote.SSH.path": undefined
[22:40:14.829] "remote.SSH.configFile": undefined
[22:40:14.829] "remote.SSH.useFlock": true
[22:40:14.829] "remote.SSH.lockfilesInTmp": false
[22:40:14.829] "remote.SSH.localServerDownload": auto
[22:40:14.829] "remote.SSH.remoteServerListenOnSocket": false
[22:40:14.829] "remote.SSH.showLoginTerminal": false
[22:40:14.829] "remote.SSH.defaultExtensions": []
[22:40:14.830] "remote.SSH.loglevel": 2
[22:40:14.830] "remote.SSH.enableDynamicForwarding": true
[22:40:14.831] "remote.SSH.enableRemoteCommand": false
[22:40:14.831] "remote.SSH.serverPickPortsFromRange": {}
[22:40:14.831] "remote.SSH.serverInstallPath": {}
[22:40:14.836] SSH Resolver called for host: fcs
[22:40:14.836] Setting up SSH remote "fcs"
[22:40:14.841] Acquiring local install lock: /tmp/vscode-remote-ssh-c5fe3847-install.lock
[22:40:14.842] Looking for existing server data file at /home/panda/.config/Code/User/globalStorage/ms-vscode-remote.remote-ssh/vscode-ssh-host-c5fe3847-6c3e3dba23e8fadc360aed75ce363ba185c49794-0.102.0/data.json
[22:40:14.843] Using commit id "6c3e3dba23e8fadc360aed75ce363ba185c49794" and quality "stable" for server
[22:40:14.848] Install and start server if needed
[22:40:14.853] PATH: /sbin:/bin:/usr/local/sbin:/usr/local/bin:/usr/bin:/usr/sbin:/usr/bin/site_perl:/usr/bin/vendor_perl:/usr/bin/core_perl:/usr/lib/rustup/bin
[22:40:14.854] Checking ssh with "ssh -V"
[22:40:14.862] > OpenSSH_9.4p1, OpenSSL 3.1.2 1 Aug 2023

[22:40:14.866] askpass server listening on /run/user/1000/vscode-ssh-askpass-7a084f5a6d1d1943bb8443a84b0635427607f3cf.sock
[22:40:14.866] Spawning local server with {"serverId":1,"ipcHandlePath":"/run/user/1000/vscode-ssh-askpass-0458a6c0122869a4702bf48bbeea31f1e10bb016.sock","sshCommand":"ssh","sshArgs":["-v","-T","-D","32955","-o","ConnectTimeout=15","fcs"],"serverDataFolderName":".vscode-server","dataFilePath":"/home/panda/.config/Code/User/globalStorage/ms-vscode-remote.remote-ssh/vscode-ssh-host-c5fe3847-6c3e3dba23e8fadc360aed75ce363ba185c49794-0.102.0/data.json"}
[22:40:14.866] Local server env: {"SHELL":"/bin/zsh","DISPLAY":":0","ELECTRON_RUN_AS_NODE":"1","SSH_ASKPASS":"/home/panda/.vscode/extensions/ms-vscode-remote.remote-ssh-0.102.0/out/local-server/askpass.sh","VSCODE_SSH_ASKPASS_NODE":"/opt/visual-studio-code/code","VSCODE_SSH_ASKPASS_EXTRA_ARGS":"--ms-enable-electron-run-as-node","VSCODE_SSH_ASKPASS_MAIN":"/home/panda/.vscode/extensions/ms-vscode-remote.remote-ssh-0.102.0/out/askpass-main.js","VSCODE_SSH_ASKPASS_HANDLE":"/run/user/1000/vscode-ssh-askpass-7a084f5a6d1d1943bb8443a84b0635427607f3cf.sock"}
[22:40:14.870] Spawned 52717
[22:40:14.976] > local-server-1> Running ssh connection command: "-v -T -D 32955 -o ConnectTimeout=15 fcs"
[22:40:14.980] > local-server-1> Spawned ssh, pid=52725
[22:40:14.984] stderr> OpenSSH_9.4p1, OpenSSL 3.1.2 1 Aug 2023
[22:40:15.159] stderr> debug1: Server host key: ssh-ed25519 SHA256:W7V3D0HZQ92QEyEiTOQpdGv9kRhmB4/661RXJ4xeTJs
[22:40:15.336] stderr> Authenticated to 192.168.2.234 ([192.168.2.234]:22) using "publickey".
[22:40:16.114] > Welcome to Ubuntu 22.04.3 LTS (GNU/Linux 5.15.0-82-generic x86_64)
> 
>  * Documentation:  https://help.ubuntu.com
>  * Management:     https://landscape.canonical.com
>  * Support:        https://ubuntu.com/advantage
> 
>   System information as of Tue Aug 29 05:10:12 PM UTC 2023
> 
>   System load:  0.400390625        Processes:               265
>   Usage of /:   10.8% of 97.87GB   Users logged in:         0
>   Memory usage: 5%                 IPv4 address for ens160: 192.168.2.234
>   Swap usage:   0%
> 
>  * Strictly confined Kubernetes makes edge and IoT secure. Learn how MicroK8s
>    just raised the bar for easy, resilient and secure K8s cluster deployment.
> 
>    https://ubuntu.com/engage/secure-kubernetes-at-the-edge
> 
> Expanded Security Maintenance for Applications is not enabled.
> 
> 1 update can be applied immediately.
> 1 of these updates is a standard security update.
> To see these additional updates run: apt list --upgradable
> 
> Enable ESM Apps to receive additional future security updates.
> See https://ubuntu.com/esm or run: sudo pro status
> 
[22:40:16.127] > ready: 6f8a0d01b87b
[22:40:16.140] > Linux 5.15.0-82-generic #91-Ubuntu SMP Mon Aug 14 14:14:14 UTC 2023
[22:40:16.141] Platform: linux
[22:40:16.151] > /bin/bash
[22:40:16.151] Shell: bash
[22:40:16.151] Creating bash subshell inside "bash"
[22:40:16.164] > bash version:  5.1.16(1)-release
[22:40:16.201] > 6f8a0d01b87b: running
[22:40:16.245] > Acquiring lock on /home/iiitd/.vscode-server/bin/6c3e3dba23e8fadc360aed75ce363ba185c49794/vscode-remote-lock.iiitd.6c3e3dba23e8fadc360aed75ce363ba185c49794
[22:40:16.252] > Found existing installation at /home/iiitd/.vscode-server/bin/6c3e3dba23e8fadc360aed75ce363ba185c49794...
> Checking /home/iiitd/.vscode-server/.6c3e3dba23e8fadc360aed75ce363ba185c49794.log and /home/iiitd/.vscode-server/.6c3e3dba23e8fadc360aed75ce363ba185c49794.pid for a running server
[22:40:16.255] > Looking for server with pid: 1321
[22:40:16.274] > Running ssh connection command... /home/iiitd/.vscode-server/bin/6c3e3dba23e8fadc360aed75ce363ba185c49794/bin/code-server --start-server --host=127.0.0.1 --accept-server-license-terms --enable-remote-auto-shutdown --port=0 --telemetry-level all   &> "/home/iiitd/.vscode-server/.6c3e3dba23e8fadc360aed75ce363ba185c49794.log" < /dev/null
> printenv:
[22:40:16.277] >     SHELL=/bin/bash
>     PWD=/home/iiitd
>     LOGNAME=iiitd
>     XDG_SESSION_TYPE=tty
>     MOTD_SHOWN=pam
>     HOME=/home/iiitd
>     LANG=en_US.UTF-8
>     VSCODE_AGENT_FOLDER=/home/iiitd/.vscode-server
>     SSH_CONNECTION=192.168.1.99 48356 192.168.2.234 22
>     XDG_SESSION_CLASS=user
>     USER=iiitd
>     SHLVL=1
>     XDG_SESSION_ID=8
>     XDG_RUNTIME_DIR=/run/user/1000
>     SSH_CLIENT=192.168.1.99 48356 22
>     XDG_DATA_DIRS=/usr/local/share:/usr/share:/var/lib/snapd/desktop
>     PATH=/home/iiitd/.local/bin:/usr/local/sbin:/usr/local/bin:/usr/sbin:/usr/bin:/sbin:/bin:/usr/games:/usr/local/games:/snap/bin
>     DBUS_SESSION_BUS_ADDRESS=unix:path=/run/user/1000/bus
>     _=/usr/bin/printenv
[22:40:16.290] > Removing old logfile at /home/iiitd/.vscode-server/.6c3e3dba23e8fadc360aed75ce363ba185c49794.log
[22:40:16.292] > Spawned remote server: 8672
[22:40:16.302] > Waiting for server log...
[22:40:16.336] > Waiting for server log...
[22:40:16.380] >  
> *
> * Visual Studio Code Server
> *
> * By using the software, you agree to
> * the Visual Studio Code Server License Terms (https://aka.ms/vscode-server-license) and
> * the Microsoft Privacy Statement (https://privacy.microsoft.com/en-US/privacystatement).
> *
>  
[22:40:16.392] > 6f8a0d01b87b: start
> SSH_AUTH_SOCK====
> DISPLAY====
> webUiAccessToken====
> listeningOn==41981==
> osReleaseId==ubuntu==
> arch==x86_64==
> vscodeArch==x64==
> bitness==64==
> tmpDir==/run/user/1000==
> platform==linux==
> unpackResult====
> didLocalDownload==0==
> downloadTime====
> installTime====
> extInstallTime====
> serverStartTime==98==
> connectionToken==aa111a11-a1aa-1aa1-11a1-111111aaaa1a==
> 6f8a0d01b87b: end
[22:40:16.392] Received install output: 
SSH_AUTH_SOCK====
DISPLAY====
webUiAccessToken====
listeningOn==41981==
osReleaseId==ubuntu==
arch==x86_64==
vscodeArch==x64==
bitness==64==
tmpDir==/run/user/1000==
platform==linux==
unpackResult====
didLocalDownload==0==
downloadTime====
installTime====
extInstallTime====
serverStartTime==98==
connectionToken==aa111a11-a1aa-1aa1-11a1-111111aaaa1a==

[22:40:16.392] Remote server is listening on 41981
[22:40:16.392] Parsed server configuration: {"serverConfiguration":{"remoteListeningOn":{"port":41981},"osReleaseId":"ubuntu","arch":"x86_64","webUiAccessToken":"","sshAuthSock":"","display":"","tmpDir":"/run/user/1000","platform":"linux","connectionToken":"aa111a11-a1aa-1aa1-11a1-111111aaaa1a"},"serverStartTime":98,"installUnpackCode":""}
[22:40:16.393] Persisting server connection details to /home/panda/.config/Code/User/globalStorage/ms-vscode-remote.remote-ssh/vscode-ssh-host-c5fe3847-6c3e3dba23e8fadc360aed75ce363ba185c49794-0.102.0/data.json
[22:40:16.395] Starting forwarding server. localPort 36555 -> socksPort 32955 -> remotePort 41981
[22:40:16.396] Forwarding server listening on 36555
[22:40:16.396] Waiting for ssh tunnel to be ready
[22:40:16.399] [Forwarding server 36555] Got connection 0
[22:40:16.401] Tunneled 41981 to local port 36555
[22:40:16.401] Resolved "ssh-remote+fcs" to "127.0.0.1:36555"
[22:40:16.416] ------




[22:40:16.462] [Forwarding server 36555] Got connection 1
[22:40:16.591] [Forwarding server 36555] Got connection 2
[22:49:17.639] [Forwarding server 36555] Got connection 3
[00:13:43.584] [Forwarding server 36555] Got connection 4
[00:13:43.909] [Forwarding server 36555] Got connection 5
[00:14:00.759] [Forwarding server 36555] Got connection 6
[00:14:01.163] [Forwarding server 36555] Got connection 7
[00:15:13.127] [Forwarding server 36555] Got connection 8
[00:15:13.358] [Forwarding server 36555] Got connection 9
