[19:46:46.590] Log Level: 2
[19:46:46.606] VS Code version: 1.81.1
[19:46:46.606] Remote-SSH version: remote-ssh@0.102.0
[19:46:46.606] linux x64
[19:46:46.615] SSH Resolver called for "ssh-remote+btp", attempt 1
[19:46:46.617] "remote.SSH.useLocalServer": true
[19:46:46.618] "remote.SSH.path": undefined
[19:46:46.618] "remote.SSH.configFile": undefined
[19:46:46.618] "remote.SSH.useFlock": true
[19:46:46.619] "remote.SSH.lockfilesInTmp": false
[19:46:46.619] "remote.SSH.localServerDownload": auto
[19:46:46.619] "remote.SSH.remoteServerListenOnSocket": false
[19:46:46.619] "remote.SSH.showLoginTerminal": false
[19:46:46.620] "remote.SSH.defaultExtensions": []
[19:46:46.620] "remote.SSH.loglevel": 2
[19:46:46.620] "remote.SSH.enableDynamicForwarding": true
[19:46:46.621] "remote.SSH.enableRemoteCommand": false
[19:46:46.621] "remote.SSH.serverPickPortsFromRange": {}
[19:46:46.622] "remote.SSH.serverInstallPath": {}
[19:46:46.628] SSH Resolver called for host: btp
[19:46:46.628] Setting up SSH remote "btp"
[19:46:46.631] Acquiring local install lock: /tmp/vscode-remote-ssh-62d7b149-install.lock
[19:46:46.633] Looking for existing server data file at /home/panda/.config/Code/User/globalStorage/ms-vscode-remote.remote-ssh/vscode-ssh-host-62d7b149-6c3e3dba23e8fadc360aed75ce363ba185c49794-0.102.0/data.json
[19:46:46.633] Using commit id "6c3e3dba23e8fadc360aed75ce363ba185c49794" and quality "stable" for server
[19:46:46.641] Install and start server if needed
[19:46:46.646] PATH: /sbin:/bin:/usr/local/sbin:/usr/local/bin:/usr/bin:/usr/sbin:/usr/bin/site_perl:/usr/bin/vendor_perl:/usr/bin/core_perl:/usr/lib/rustup/bin
[19:46:46.647] Checking ssh with "ssh -V"
[19:46:46.660] > OpenSSH_9.4p1, OpenSSL 3.1.2 1 Aug 2023

[19:46:46.664] askpass server listening on /run/user/1000/vscode-ssh-askpass-1a22f7a8e024eb9054460987d5b793b16ccaf4c8.sock
[19:46:46.665] Spawning local server with {"serverId":1,"ipcHandlePath":"/run/user/1000/vscode-ssh-askpass-18bca3bda35a1dfc9d36c8ebcebc0c72f4eacdfd.sock","sshCommand":"ssh","sshArgs":["-v","-T","-D","46709","-o","ConnectTimeout=15","btp"],"serverDataFolderName":".vscode-server","dataFilePath":"/home/panda/.config/Code/User/globalStorage/ms-vscode-remote.remote-ssh/vscode-ssh-host-62d7b149-6c3e3dba23e8fadc360aed75ce363ba185c49794-0.102.0/data.json"}
[19:46:46.665] Local server env: {"SHELL":"/bin/zsh","DISPLAY":":0","ELECTRON_RUN_AS_NODE":"1","SSH_ASKPASS":"/home/panda/.vscode/extensions/ms-vscode-remote.remote-ssh-0.102.0/out/local-server/askpass.sh","VSCODE_SSH_ASKPASS_NODE":"/opt/visual-studio-code/code","VSCODE_SSH_ASKPASS_EXTRA_ARGS":"--ms-enable-electron-run-as-node","VSCODE_SSH_ASKPASS_MAIN":"/home/panda/.vscode/extensions/ms-vscode-remote.remote-ssh-0.102.0/out/askpass-main.js","VSCODE_SSH_ASKPASS_HANDLE":"/run/user/1000/vscode-ssh-askpass-1a22f7a8e024eb9054460987d5b793b16ccaf4c8.sock"}
[19:46:46.671] Spawned 3880
[19:46:46.800] > local-server-1> Running ssh connection command: "-v -T -D 46709 -o ConnectTimeout=15 btp"
[19:46:46.804] > local-server-1> Spawned ssh, pid=3892
[19:46:46.808] stderr> OpenSSH_9.4p1, OpenSSL 3.1.2 1 Aug 2023
[19:46:47.136] stderr> debug1: Server host key: ssh-ed25519 SHA256:+DATUrYREP0BSwEjvWmY26KRE98fjVAacK1yr5wEiSE
[19:46:47.374] stderr> Authenticated to 192.168.16.203 ([192.168.16.203]:22) using "publickey".
[19:46:47.649] > Welcome to Ubuntu 22.04.2 LTS (GNU/Linux 5.19.0-41-generic x86_64)
> 
>  * Documentation:  https://help.ubuntu.com
>  * Management:     https://landscape.canonical.com
>  * Support:        https://ubuntu.com/advantage
> 
> Expanded Security Maintenance for Applications is not enabled.
> 
> 69 updates can be applied immediately.
> To see these additional updates run: apt list --upgradable
> 
> Enable ESM Apps to receive additional future security updates.
> See https://ubuntu.com/esm or run: sudo pro status
> 
> *** System restart required ***
[19:46:47.724] > ready: 9a10b1dd354e
[19:46:47.748] > Linux 5.19.0-41-generic #42~22.04.1-Ubuntu SMP PREEMPT_DYNAMIC Tue Apr 18 17:40:00 UTC 2
[19:46:47.749] Platform: linux
[19:46:47.785] > /bin/bash
[19:46:47.785] Shell: bash
[19:46:47.785] Creating bash subshell inside "bash"
[19:46:47.815] > bash version:  5.1.16(1)-release
[19:46:47.994] > 9a10b1dd354e: running
[19:46:48.026] > Acquiring lock on /home/web_server/.vscode-server/bin/6c3e3dba23e8fadc360aed75ce363ba185c49794/vscode-remote-lock.web_server.6c3e3dba23e8fadc360aed75ce363ba185c49794
[19:46:48.058] > Found existing installation at /home/web_server/.vscode-server/bin/6c3e3dba23e8fadc360aed75ce363ba185c49794...
> Checking /home/web_server/.vscode-server/.6c3e3dba23e8fadc360aed75ce363ba185c49794.log and /home/web_server/.vscode-server/.6c3e3dba23e8fadc360aed75ce363ba185c49794.pid for a running server
> Looking for server with pid: 2332692
[19:46:48.071] > Running ssh connection command... /home/web_server/.vscode-server/bin/6c3e3dba23e8fadc360aed75ce363ba185c49794/bin/code-server --start-server --host=127.0.0.1 --accept-server-license-terms --enable-remote-auto-shutdown --port=0 --telemetry-level all   &> "/home/web_server/.vscode-server/.6c3e3dba23e8fadc360aed75ce363ba185c49794.log" < /dev/null
> printenv:
[19:46:48.074] >     SHELL=/bin/bash
>     LANGUAGE=en_IN:en
>     PWD=/home/web_server
>     LOGNAME=web_server
>     XDG_SESSION_TYPE=tty
>     MOTD_SHOWN=pam
>     HOME=/home/web_server
>     LANG=en_IN
>     VSCODE_AGENT_FOLDER=/home/web_server/.vscode-server
>     SSH_CONNECTION=192.168.1.99 57028 192.168.16.203 22
>     XDG_SESSION_CLASS=user
>     USER=web_server
>     SHLVL=1
>     XDG_SESSION_ID=185441
>     XDG_RUNTIME_DIR=/run/user/1013
>     SSH_CLIENT=192.168.1.99 57028 22
>     XDG_DATA_DIRS=/usr/share/gnome:/usr/local/share:/usr/share:/var/lib/snapd/desktop
>     PATH=/home/web_server/.local/bin:/usr/local/sbin:/usr/local/bin:/usr/sbin:/usr/bin:/sbin:/bin:/usr/games:/usr/local/games:/snap/bin
>     DBUS_SESSION_BUS_ADDRESS=unix:path=/run/user/1013/bus
>     _=/usr/bin/printenv
[19:46:48.081] > Removing old logfile at /home/web_server/.vscode-server/.6c3e3dba23e8fadc360aed75ce363ba185c49794.log
[19:46:48.085] > Spawned remote server: 2364480
[19:46:48.114] > Waiting for server log...
[19:46:48.144] > Waiting for server log...
[19:46:48.167] >  
> *
> * Visual Studio Code Server
> *
> * By using the software, you agree to
> * the Visual Studio Code Server License Terms (https://aka.ms/vscode-server-license) and
> * the Microsoft Privacy Statement (https://privacy.microsoft.com/en-US/privacystatement).
> *
>  
[19:46:48.177] > 9a10b1dd354e: start
> SSH_AUTH_SOCK====
> DISPLAY====
> webUiAccessToken====
> listeningOn==43229==
> osReleaseId==ubuntu==
> arch==x86_64==
> vscodeArch==x64==
[19:46:48.180] > bitness==64==
> tmpDir==/run/user/1013==
> platform==linux==
> unpackResult====
> didLocalDownload==0==
> downloadTime====
> installTime====
> extInstallTime====
> serverStartTime==90==
> connectionToken==aa1111a1-aa1a-111a-1aaa-11111111111a==
> 9a10b1dd354e: end
[19:46:48.181] Received install output: 
SSH_AUTH_SOCK====
DISPLAY====
webUiAccessToken====
listeningOn==43229==
osReleaseId==ubuntu==
arch==x86_64==
vscodeArch==x64==bitness==64==
tmpDir==/run/user/1013==
platform==linux==
unpackResult====
didLocalDownload==0==
downloadTime====
installTime====
extInstallTime====
serverStartTime==90==
connectionToken==aa1111a1-aa1a-111a-1aaa-11111111111a==

[19:46:48.181] Remote server is listening on 43229
[19:46:48.182] Parsed server configuration: {"serverConfiguration":{"remoteListeningOn":{"port":43229},"osReleaseId":"ubuntu","arch":"x86_64","webUiAccessToken":"","sshAuthSock":"","display":"","tmpDir":"/run/user/1013","platform":"linux","connectionToken":"aa1111a1-aa1a-111a-1aaa-11111111111a"},"serverStartTime":90,"installUnpackCode":""}
[19:46:48.183] Persisting server connection details to /home/panda/.config/Code/User/globalStorage/ms-vscode-remote.remote-ssh/vscode-ssh-host-62d7b149-6c3e3dba23e8fadc360aed75ce363ba185c49794-0.102.0/data.json
[19:46:48.186] Starting forwarding server. localPort 39641 -> socksPort 46709 -> remotePort 43229
[19:46:48.187] Forwarding server listening on 39641
[19:46:48.187] Waiting for ssh tunnel to be ready
[19:46:48.189] [Forwarding server 39641] Got connection 0
[19:46:48.191] Tunneled 43229 to local port 39641
[19:46:48.191] Resolved "ssh-remote+btp" to "127.0.0.1:39641"
[19:46:48.206] ------




[19:46:48.230] [Forwarding server 39641] Got connection 1
[19:46:48.420] [Forwarding server 39641] Got connection 2
[19:48:43.453] [Forwarding server 39641] Got connection 3
[19:50:07.959] [Forwarding server 39641] Got connection 4
[19:51:03.657] [Forwarding server 39641] Got connection 5
