2023-09-04 22:14:14.016 [info] Reading sessions from keychain...
2023-09-04 22:14:14.016 [info] Getting sessions for all scopes...
2023-09-04 22:14:14.016 [info] Got stored sessions!
2023-09-04 22:14:14.016 [info] Got 2 verified sessions.
2023-09-04 22:14:14.016 [info] Got 2 sessions for ...
2023-09-04 22:14:14.016 [info] Getting sessions for user:email...
2023-09-04 22:14:14.016 [info] Got 1 sessions for user:email...
2023-09-04 22:14:27.147 [info] Getting sessions for all scopes...
2023-09-04 22:14:27.147 [info] Got 2 sessions for ...
2023-09-04 22:14:34.387 [info] Reading sessions from keychain...
2023-09-04 22:14:34.387 [info] Getting sessions for all scopes...
2023-09-04 22:14:34.387 [info] Got stored sessions!
2023-09-04 22:14:34.387 [info] Got 2 verified sessions.
2023-09-04 22:14:34.387 [info] Got 2 sessions for ...
2023-09-04 22:14:34.400 [info] Getting sessions for all scopes...
2023-09-04 22:14:34.400 [info] Got 2 sessions for ...
2023-09-04 22:14:35.359 [info] Getting sessions for user:email...
2023-09-04 22:14:35.359 [info] Got 1 sessions for user:email...
2023-09-04 22:14:35.413 [info] Getting sessions for all scopes...
2023-09-04 22:14:35.413 [info] Got 2 sessions for ...
