[22:13:57.859] Log Level: 2
[22:13:57.891] VS Code version: 1.81.1
[22:13:57.891] Remote-SSH version: remote-ssh@0.102.0
[22:13:57.892] linux x64
[22:13:57.899] SSH Resolver called for "ssh-remote+btp", attempt 1
[22:13:57.901] "remote.SSH.useLocalServer": true
[22:13:57.901] "remote.SSH.path": undefined
[22:13:57.901] "remote.SSH.configFile": undefined
[22:13:57.901] "remote.SSH.useFlock": true
[22:13:57.901] "remote.SSH.lockfilesInTmp": false
[22:13:57.901] "remote.SSH.localServerDownload": auto
[22:13:57.902] "remote.SSH.remoteServerListenOnSocket": false
[22:13:57.902] "remote.SSH.showLoginTerminal": false
[22:13:57.902] "remote.SSH.defaultExtensions": []
[22:13:57.902] "remote.SSH.loglevel": 2
[22:13:57.902] "remote.SSH.enableDynamicForwarding": true
[22:13:57.902] "remote.SSH.enableRemoteCommand": false
[22:13:57.903] "remote.SSH.serverPickPortsFromRange": {}
[22:13:57.903] "remote.SSH.serverInstallPath": {}
[22:13:57.910] SSH Resolver called for host: btp
[22:13:57.911] Setting up SSH remote "btp"
[22:13:57.915] Acquiring local install lock: /tmp/vscode-remote-ssh-62d7b149-install.lock
[22:13:57.916] Looking for existing server data file at /home/panda/.config/Code/User/globalStorage/ms-vscode-remote.remote-ssh/vscode-ssh-host-62d7b149-6c3e3dba23e8fadc360aed75ce363ba185c49794-0.102.0/data.json
[22:13:57.922] Using commit id "6c3e3dba23e8fadc360aed75ce363ba185c49794" and quality "stable" for server
[22:13:57.926] Install and start server if needed
[22:13:57.930] PATH: /sbin:/bin:/usr/local/sbin:/usr/local/bin:/usr/bin:/usr/sbin:/usr/bin/site_perl:/usr/bin/vendor_perl:/usr/bin/core_perl:/usr/lib/rustup/bin
[22:13:57.930] Checking ssh with "ssh -V"
[22:13:57.943] > OpenSSH_9.4p1, OpenSSL 3.1.2 1 Aug 2023

[22:13:57.946] askpass server listening on /run/user/1000/vscode-ssh-askpass-1b078d2b0859a83bbdf128c67c532ee8919db8b2.sock
[22:13:57.946] Spawning local server with {"serverId":1,"ipcHandlePath":"/run/user/1000/vscode-ssh-askpass-ba9ba887ff9c00aab96ebc80acdb0e01b3b4aeb1.sock","sshCommand":"ssh","sshArgs":["-v","-T","-D","33685","-o","ConnectTimeout=15","btp"],"serverDataFolderName":".vscode-server","dataFilePath":"/home/panda/.config/Code/User/globalStorage/ms-vscode-remote.remote-ssh/vscode-ssh-host-62d7b149-6c3e3dba23e8fadc360aed75ce363ba185c49794-0.102.0/data.json"}
[22:13:57.946] Local server env: {"SHELL":"/bin/zsh","DISPLAY":":0","ELECTRON_RUN_AS_NODE":"1","SSH_ASKPASS":"/home/panda/.vscode/extensions/ms-vscode-remote.remote-ssh-0.102.0/out/local-server/askpass.sh","VSCODE_SSH_ASKPASS_NODE":"/opt/visual-studio-code/code","VSCODE_SSH_ASKPASS_EXTRA_ARGS":"--ms-enable-electron-run-as-node","VSCODE_SSH_ASKPASS_MAIN":"/home/panda/.vscode/extensions/ms-vscode-remote.remote-ssh-0.102.0/out/askpass-main.js","VSCODE_SSH_ASKPASS_HANDLE":"/run/user/1000/vscode-ssh-askpass-1b078d2b0859a83bbdf128c67c532ee8919db8b2.sock"}
[22:13:57.949] Spawned 1536
[22:13:58.048] > local-server-1> Running ssh connection command: "-v -T -D 33685 -o ConnectTimeout=15 btp"
[22:13:58.051] > local-server-1> Spawned ssh, pid=1544
[22:13:58.056] stderr> OpenSSH_9.4p1, OpenSSL 3.1.2 1 Aug 2023
[22:14:13.079] stderr> ssh: connect to host 192.168.16.203 port 22: Connection timed out
[22:14:13.081] > local-server-1> ssh child died, shutting down
[22:14:13.088] Local server exit: 0
[22:14:13.089] Received install output: local-server-1> Running ssh connection command: "-v -T -D 33685 -o ConnectTimeout=15 btp"
local-server-1> Spawned ssh, pid=1544
OpenSSH_9.4p1, OpenSSL 3.1.2 1 Aug 2023
ssh: connect to host 192.168.16.203 port 22: Connection timed out
local-server-1> ssh child died, shutting down

[22:14:13.102] Resolver error: Error: The connection timed out
	at m.Offline (/home/panda/.vscode/extensions/ms-vscode-remote.remote-ssh-0.102.0/out/extension.js:1:584196)
	at /home/panda/.vscode/extensions/ms-vscode-remote.remote-ssh-0.102.0/out/extension.js:1:581580
	at t.handleInstallOutput (/home/panda/.vscode/extensions/ms-vscode-remote.remote-ssh-0.102.0/out/extension.js:1:581794)
	at Object.e [as tryInstallWithLocalServer] (/home/panda/.vscode/extensions/ms-vscode-remote.remote-ssh-0.102.0/out/extension.js:1:623656)
	at process.processTicksAndRejections (node:internal/process/task_queues:96:5)
	at async /home/panda/.vscode/extensions/ms-vscode-remote.remote-ssh-0.102.0/out/extension.js:1:643708
	at async t.withShowDetailsEvent (/home/panda/.vscode/extensions/ms-vscode-remote.remote-ssh-0.102.0/out/extension.js:1:647428)
	at async /home/panda/.vscode/extensions/ms-vscode-remote.remote-ssh-0.102.0/out/extension.js:1:622128
	at async C (/home/panda/.vscode/extensions/ms-vscode-remote.remote-ssh-0.102.0/out/extension.js:1:618634)
	at async t.resolveWithLocalServer (/home/panda/.vscode/extensions/ms-vscode-remote.remote-ssh-0.102.0/out/extension.js:1:621743)
	at async t.resolve (/home/panda/.vscode/extensions/ms-vscode-remote.remote-ssh-0.102.0/out/extension.js:1:645036)
	at async /home/panda/.vscode/extensions/ms-vscode-remote.remote-ssh-0.102.0/out/extension.js:1:720916
[22:14:13.121] ------




