2023-08-29 17:19:49.449 [info] Invoking resolveAuthority(ssh-remote)...
2023-08-29 17:19:49.451 [info] [LocalProcess0][resolveAuthority(ssh-remote,1)][0ms] obtaining proxy...
2023-08-29 17:19:49.452 [info] [LocalProcess0][resolveAuthority(ssh-remote,1)][1ms] invoking...
2023-08-29 17:19:50.452 [info] [LocalProcess0][resolveAuthority(ssh-remote,1)][1001ms] waiting...
2023-08-29 17:19:51.378 [error] [Extension Host] (node:34320) [DEP0005] DeprecationWarning: Buffer() is deprecated due to security and usability issues. Please use the Buffer.alloc(), Buffer.allocUnsafe(), or Buffer.from() methods instead.
(Use `exe --trace-deprecation ...` to show where the warning was created)
2023-08-29 17:19:51.395 [info] [LocalProcess0][resolveAuthority(ssh-remote,1)][1946ms] returned WebSocket(127.0.0.1:35793)
2023-08-29 17:19:51.396 [info] resolveAuthority(ssh-remote) returned 'WebSocket(127.0.0.1:35793)' after 1947 ms
2023-08-29 17:19:51.397 [info] Creating a socket (renderer-Management-2ac7d2fd-283e-4b4b-913e-21e41c87c7e5)...
2023-08-29 17:19:51.398 [info] Creating a socket (renderer-ExtensionHost-0176504c-27a9-4838-902d-d05769c5303a)...
2023-08-29 17:19:51.520 [info] Creating a socket (renderer-Management-2ac7d2fd-283e-4b4b-913e-21e41c87c7e5) was successful after 124 ms.
2023-08-29 17:19:51.581 [info] Creating a socket (renderer-ExtensionHost-0176504c-27a9-4838-902d-d05769c5303a) was successful after 184 ms.
2023-08-29 17:19:53.586 [info] [perf] Render performance baseline is 53ms
2023-08-29 17:28:37.709 [info] [remote-connection][Management   ][2ac7d…][reconnect] received socket close event (wasClean: false, code: 1006, reason: ).
2023-08-29 17:28:37.709 [error] {"isTrusted":true}
2023-08-29 17:28:37.710 [info] [remote-connection][Management   ][2ac7d…][reconnect] starting reconnecting loop. You can get more information with the trace log level.
2023-08-29 17:28:37.711 [info] [remote-connection][Management   ][2ac7d…][reconnect] resolving connection...
2023-08-29 17:28:37.711 [info] Invoking resolveAuthority(ssh-remote)...
2023-08-29 17:28:37.712 [info] [LocalProcess0][resolveAuthority(ssh-remote,2)][0ms] obtaining proxy...
2023-08-29 17:28:37.712 [info] [LocalProcess0][resolveAuthority(ssh-remote,2)][1ms] invoking...
2023-08-29 17:28:37.713 [info] [remote-connection][ExtensionHost][01765…][reconnect] received socket close event (wasClean: false, code: 1006, reason: ).
2023-08-29 17:28:37.713 [error] {"isTrusted":true}
2023-08-29 17:28:37.713 [info] [remote-connection][ExtensionHost][01765…][reconnect] starting reconnecting loop. You can get more information with the trace log level.
2023-08-29 17:28:37.713 [info] [remote-connection][ExtensionHost][01765…][reconnect] resolving connection...
2023-08-29 17:28:37.890 [error] [LocalProcess0][resolveAuthority(ssh-remote,2)][179ms] returned an error {"code":"NotAvailable","message":"","detail":false}
2023-08-29 17:28:37.891 [error] resolveAuthority(ssh-remote) returned an error after 179 ms An unknown error occurred. Please consult the log for more details.
2023-08-29 17:28:37.891 [error] [remote-connection][Management   ][2ac7d…][reconnect] A RemoteAuthorityResolverError occurred while trying to reconnect. Will give up now! Error:
2023-08-29 17:28:37.891 [error] CodeExpectedError
    at G.ob (vscode-file://vscode-app/opt/visual-studio-code/resources/app/out/vs/workbench/workbench.desktop.main.js:2616:20056)
    at async G.nb (vscode-file://vscode-app/opt/visual-studio-code/resources/app/out/vs/workbench/workbench.desktop.main.js:2616:19327)
    at async G.mb (vscode-file://vscode-app/opt/visual-studio-code/resources/app/out/vs/workbench/workbench.desktop.main.js:2616:19052)
2023-08-29 17:28:37.900 [error] [remote-connection][ExtensionHost][01765…][reconnect] A RemoteAuthorityResolverError occurred while trying to reconnect. Will give up now! Error:
2023-08-29 17:28:37.901 [error] CodeExpectedError
    at G.ob (vscode-file://vscode-app/opt/visual-studio-code/resources/app/out/vs/workbench/workbench.desktop.main.js:2616:20056)
    at async G.nb (vscode-file://vscode-app/opt/visual-studio-code/resources/app/out/vs/workbench/workbench.desktop.main.js:2616:19327)
    at async G.mb (vscode-file://vscode-app/opt/visual-studio-code/resources/app/out/vs/workbench/workbench.desktop.main.js:2616:19052)
2023-08-29 17:28:41.182 [info] Invoking resolveAuthority(ssh-remote)...
2023-08-29 17:28:41.182 [info] [LocalProcess0][resolveAuthority(ssh-remote,1)][0ms] obtaining proxy...
2023-08-29 17:28:41.182 [info] [LocalProcess0][resolveAuthority(ssh-remote,1)][0ms] invoking...
2023-08-29 17:28:42.184 [info] [LocalProcess0][resolveAuthority(ssh-remote,1)][1000ms] waiting...
2023-08-29 17:28:43.193 [info] [LocalProcess0][resolveAuthority(ssh-remote,1)][2010ms] waiting...
2023-08-29 17:28:44.184 [info] [LocalProcess0][resolveAuthority(ssh-remote,1)][3001ms] waiting...
2023-08-29 17:28:45.184 [info] [LocalProcess0][resolveAuthority(ssh-remote,1)][4001ms] waiting...
2023-08-29 17:28:46.184 [info] [LocalProcess0][resolveAuthority(ssh-remote,1)][5001ms] waiting...
2023-08-29 17:28:47.184 [info] [LocalProcess0][resolveAuthority(ssh-remote,1)][6001ms] waiting...
2023-08-29 17:28:48.184 [info] [LocalProcess0][resolveAuthority(ssh-remote,1)][7000ms] waiting...
2023-08-29 17:28:49.184 [info] [LocalProcess0][resolveAuthority(ssh-remote,1)][8001ms] waiting...
2023-08-29 17:28:50.184 [info] [LocalProcess0][resolveAuthority(ssh-remote,1)][9001ms] waiting...
2023-08-29 17:28:51.184 [info] [LocalProcess0][resolveAuthority(ssh-remote,1)][10001ms] waiting...
2023-08-29 17:28:52.184 [info] [LocalProcess0][resolveAuthority(ssh-remote,1)][11001ms] waiting...
2023-08-29 17:28:53.184 [info] [LocalProcess0][resolveAuthority(ssh-remote,1)][12001ms] waiting...
2023-08-29 17:28:54.184 [info] [LocalProcess0][resolveAuthority(ssh-remote,1)][13001ms] waiting...
2023-08-29 17:28:55.184 [info] [LocalProcess0][resolveAuthority(ssh-remote,1)][14001ms] waiting...
2023-08-29 17:28:56.184 [info] [LocalProcess0][resolveAuthority(ssh-remote,1)][15001ms] waiting...
2023-08-29 17:28:56.511 [error] [LocalProcess0][resolveAuthority(ssh-remote,1)][15327ms] returned an error {"code":"NotAvailable","message":"The connection timed out","detail":true}
2023-08-29 17:28:56.512 [error] resolveAuthority(ssh-remote) returned an error after 15330 ms The connection timed out
2023-08-29 17:28:56.513 [error] Error received from starting extension host (kind: Remote)
2023-08-29 17:28:56.513 [error] CodeExpectedError: The connection timed out
    at G.ob (vscode-file://vscode-app/opt/visual-studio-code/resources/app/out/vs/workbench/workbench.desktop.main.js:2616:20056)
    at async G.nb (vscode-file://vscode-app/opt/visual-studio-code/resources/app/out/vs/workbench/workbench.desktop.main.js:2616:19327)
    at async G.Lb (vscode-file://vscode-app/opt/visual-studio-code/resources/app/out/vs/workbench/workbench.desktop.main.js:2617:11191)
    at async G.gb (vscode-file://vscode-app/opt/visual-studio-code/resources/app/out/vs/workbench/workbench.desktop.main.js:2616:17108)
2023-08-29 17:28:56.514 [error] [remote-connection][attempt 1] An error occurred in initial connection! Will retry... Error:
2023-08-29 17:28:56.514 [error] CodeExpectedError: The connection timed out
    at G.ob (vscode-file://vscode-app/opt/visual-studio-code/resources/app/out/vs/workbench/workbench.desktop.main.js:2616:20056)
    at async G.nb (vscode-file://vscode-app/opt/visual-studio-code/resources/app/out/vs/workbench/workbench.desktop.main.js:2616:19327)
    at async G.Lb (vscode-file://vscode-app/opt/visual-studio-code/resources/app/out/vs/workbench/workbench.desktop.main.js:2617:11191)
    at async G.gb (vscode-file://vscode-app/opt/visual-studio-code/resources/app/out/vs/workbench/workbench.desktop.main.js:2616:17108)
2023-08-29 17:28:56.516 [error] [remote-connection][attempt 2] An error occurred in initial connection! Will retry... Error:
2023-08-29 17:28:56.516 [error] CodeExpectedError: The connection timed out
    at G.ob (vscode-file://vscode-app/opt/visual-studio-code/resources/app/out/vs/workbench/workbench.desktop.main.js:2616:20056)
    at async G.nb (vscode-file://vscode-app/opt/visual-studio-code/resources/app/out/vs/workbench/workbench.desktop.main.js:2616:19327)
    at async G.Lb (vscode-file://vscode-app/opt/visual-studio-code/resources/app/out/vs/workbench/workbench.desktop.main.js:2617:11191)
    at async G.gb (vscode-file://vscode-app/opt/visual-studio-code/resources/app/out/vs/workbench/workbench.desktop.main.js:2616:17108)
2023-08-29 17:28:56.579 [error] [remote-connection][attempt 3] An error occurred in initial connection! Will retry... Error:
2023-08-29 17:28:56.580 [error] CodeExpectedError: The connection timed out
    at G.ob (vscode-file://vscode-app/opt/visual-studio-code/resources/app/out/vs/workbench/workbench.desktop.main.js:2616:20056)
    at async G.nb (vscode-file://vscode-app/opt/visual-studio-code/resources/app/out/vs/workbench/workbench.desktop.main.js:2616:19327)
    at async G.Lb (vscode-file://vscode-app/opt/visual-studio-code/resources/app/out/vs/workbench/workbench.desktop.main.js:2617:11191)
    at async G.gb (vscode-file://vscode-app/opt/visual-studio-code/resources/app/out/vs/workbench/workbench.desktop.main.js:2616:17108)
2023-08-29 17:28:56.639 [error] [remote-connection][attempt 4] An error occurred in initial connection! Will retry... Error:
2023-08-29 17:28:56.639 [error] CodeExpectedError: The connection timed out
    at G.ob (vscode-file://vscode-app/opt/visual-studio-code/resources/app/out/vs/workbench/workbench.desktop.main.js:2616:20056)
    at async G.nb (vscode-file://vscode-app/opt/visual-studio-code/resources/app/out/vs/workbench/workbench.desktop.main.js:2616:19327)
    at async G.Lb (vscode-file://vscode-app/opt/visual-studio-code/resources/app/out/vs/workbench/workbench.desktop.main.js:2617:11191)
    at async G.gb (vscode-file://vscode-app/opt/visual-studio-code/resources/app/out/vs/workbench/workbench.desktop.main.js:2616:17108)
2023-08-29 17:28:56.640 [error] [remote-connection][attempt 5]  An error occurred in initial connection! It will be treated as a permanent error. Error:
2023-08-29 17:28:56.640 [error] CodeExpectedError: The connection timed out
    at G.ob (vscode-file://vscode-app/opt/visual-studio-code/resources/app/out/vs/workbench/workbench.desktop.main.js:2616:20056)
    at async G.nb (vscode-file://vscode-app/opt/visual-studio-code/resources/app/out/vs/workbench/workbench.desktop.main.js:2616:19327)
    at async G.Lb (vscode-file://vscode-app/opt/visual-studio-code/resources/app/out/vs/workbench/workbench.desktop.main.js:2617:11191)
    at async G.gb (vscode-file://vscode-app/opt/visual-studio-code/resources/app/out/vs/workbench/workbench.desktop.main.js:2616:17108)
2023-08-29 17:28:56.642 [error] CodeExpectedError: The connection timed out
    at G.ob (vscode-file://vscode-app/opt/visual-studio-code/resources/app/out/vs/workbench/workbench.desktop.main.js:2616:20056)
    at async G.nb (vscode-file://vscode-app/opt/visual-studio-code/resources/app/out/vs/workbench/workbench.desktop.main.js:2616:19327)
    at async G.Lb (vscode-file://vscode-app/opt/visual-studio-code/resources/app/out/vs/workbench/workbench.desktop.main.js:2617:11191)
    at async G.gb (vscode-file://vscode-app/opt/visual-studio-code/resources/app/out/vs/workbench/workbench.desktop.main.js:2616:17108)
2023-08-29 17:28:56.643 [error] Cannot register remote filesystem provider. Error while fetching remote environment. The connection timed out
2023-08-29 17:28:56.643 [error] CodeExpectedError: The connection timed out
    at G.ob (vscode-file://vscode-app/opt/visual-studio-code/resources/app/out/vs/workbench/workbench.desktop.main.js:2616:20056)
    at async G.nb (vscode-file://vscode-app/opt/visual-studio-code/resources/app/out/vs/workbench/workbench.desktop.main.js:2616:19327)
    at async G.Lb (vscode-file://vscode-app/opt/visual-studio-code/resources/app/out/vs/workbench/workbench.desktop.main.js:2617:11191)
    at async G.gb (vscode-file://vscode-app/opt/visual-studio-code/resources/app/out/vs/workbench/workbench.desktop.main.js:2616:17108)
2023-08-29 17:28:56.643 [error] CodeExpectedError: The connection timed out
    at G.ob (vscode-file://vscode-app/opt/visual-studio-code/resources/app/out/vs/workbench/workbench.desktop.main.js:2616:20056)
    at async G.nb (vscode-file://vscode-app/opt/visual-studio-code/resources/app/out/vs/workbench/workbench.desktop.main.js:2616:19327)
    at async G.Lb (vscode-file://vscode-app/opt/visual-studio-code/resources/app/out/vs/workbench/workbench.desktop.main.js:2617:11191)
    at async G.gb (vscode-file://vscode-app/opt/visual-studio-code/resources/app/out/vs/workbench/workbench.desktop.main.js:2616:17108)
2023-08-29 17:28:56.643 [error] CodeExpectedError: The connection timed out
    at G.ob (vscode-file://vscode-app/opt/visual-studio-code/resources/app/out/vs/workbench/workbench.desktop.main.js:2616:20056)
    at async G.nb (vscode-file://vscode-app/opt/visual-studio-code/resources/app/out/vs/workbench/workbench.desktop.main.js:2616:19327)
    at async G.Lb (vscode-file://vscode-app/opt/visual-studio-code/resources/app/out/vs/workbench/workbench.desktop.main.js:2617:11191)
    at async G.gb (vscode-file://vscode-app/opt/visual-studio-code/resources/app/out/vs/workbench/workbench.desktop.main.js:2616:17108)
2023-08-29 17:28:56.644 [error] CodeExpectedError: The connection timed out
    at G.ob (vscode-file://vscode-app/opt/visual-studio-code/resources/app/out/vs/workbench/workbench.desktop.main.js:2616:20056)
    at async G.nb (vscode-file://vscode-app/opt/visual-studio-code/resources/app/out/vs/workbench/workbench.desktop.main.js:2616:19327)
    at async G.Lb (vscode-file://vscode-app/opt/visual-studio-code/resources/app/out/vs/workbench/workbench.desktop.main.js:2617:11191)
    at async G.gb (vscode-file://vscode-app/opt/visual-studio-code/resources/app/out/vs/workbench/workbench.desktop.main.js:2616:17108)
2023-08-29 17:28:56.644 [error] CodeExpectedError: The connection timed out
    at G.ob (vscode-file://vscode-app/opt/visual-studio-code/resources/app/out/vs/workbench/workbench.desktop.main.js:2616:20056)
    at async G.nb (vscode-file://vscode-app/opt/visual-studio-code/resources/app/out/vs/workbench/workbench.desktop.main.js:2616:19327)
    at async G.Lb (vscode-file://vscode-app/opt/visual-studio-code/resources/app/out/vs/workbench/workbench.desktop.main.js:2617:11191)
    at async G.gb (vscode-file://vscode-app/opt/visual-studio-code/resources/app/out/vs/workbench/workbench.desktop.main.js:2616:17108)
2023-08-29 17:28:56.648 [warning] Ignoring the error while validating workspace folder vscode-remote://ssh-remote%2Bfcs/home/iiitd/Workspace - ENOPRO: No file system provider found for resource 'vscode-remote://ssh-remote%2Bfcs/home/iiitd/Workspace'
2023-08-29 17:28:56.648 [error] CodeExpectedError: ENOPRO: No file system provider found for resource 'vscode-remote://ssh-remote%2Bfcs/home/iiitd/Workspace'
    at o.j (vscode-file://vscode-app/opt/visual-studio-code/resources/app/out/vs/workbench/workbench.desktop.main.js:627:11395)
    at async o.W (vscode-file://vscode-app/opt/visual-studio-code/resources/app/out/vs/workbench/workbench.desktop.main.js:627:22002)
    at async vscode-file://vscode-app/opt/visual-studio-code/resources/app/out/vs/workbench/workbench.desktop.main.js:627:21897
2023-08-29 17:28:56.648 [error] ENOPRO: No file system provider found for resource 'vscode-remote://ssh-remote%2Bfcs/home/iiitd/Workspace/.git/config': CodeExpectedError: ENOPRO: No file system provider found for resource 'vscode-remote://ssh-remote%2Bfcs/home/iiitd/Workspace/.git/config'
    at o.j (vscode-file://vscode-app/opt/visual-studio-code/resources/app/out/vs/workbench/workbench.desktop.main.js:627:11395)
    at async o.exists (vscode-file://vscode-app/opt/visual-studio-code/resources/app/out/vs/workbench/workbench.desktop.main.js:627:13602)
    at async Promise.all (index 0)
2023-08-29 17:28:56.657 [error] ENOPRO: No file system provider found for resource 'vscode-remote://ssh-remote%2Bfcs/home/iiitd/Workspace/pom.xml': CodeExpectedError: ENOPRO: No file system provider found for resource 'vscode-remote://ssh-remote%2Bfcs/home/iiitd/Workspace/pom.xml'
    at o.j (vscode-file://vscode-app/opt/visual-studio-code/resources/app/out/vs/workbench/workbench.desktop.main.js:627:11395)
    at async o.exists (vscode-file://vscode-app/opt/visual-studio-code/resources/app/out/vs/workbench/workbench.desktop.main.js:627:13602)
    at async Promise.all (index 0)
2023-08-29 17:28:56.696 [error] The connection timed out: CodeExpectedError: The connection timed out
    at G.ob (vscode-file://vscode-app/opt/visual-studio-code/resources/app/out/vs/workbench/workbench.desktop.main.js:2616:20056)
    at async G.nb (vscode-file://vscode-app/opt/visual-studio-code/resources/app/out/vs/workbench/workbench.desktop.main.js:2616:19327)
    at async G.Lb (vscode-file://vscode-app/opt/visual-studio-code/resources/app/out/vs/workbench/workbench.desktop.main.js:2617:11191)
    at async G.gb (vscode-file://vscode-app/opt/visual-studio-code/resources/app/out/vs/workbench/workbench.desktop.main.js:2616:17108)
2023-08-29 17:28:56.697 [error] ENOPRO: No file system provider found for resource 'vscode-remote://ssh-remote%2Bfcs/home/iiitd/Workspace': CodeExpectedError: ENOPRO: No file system provider found for resource 'vscode-remote://ssh-remote%2Bfcs/home/iiitd/Workspace'
    at o.j (vscode-file://vscode-app/opt/visual-studio-code/resources/app/out/vs/workbench/workbench.desktop.main.js:627:11395)
    at async o.n (vscode-file://vscode-app/opt/visual-studio-code/resources/app/out/vs/workbench/workbench.desktop.main.js:627:12185)
    at async o.resolve (vscode-file://vscode-app/opt/visual-studio-code/resources/app/out/vs/workbench/workbench.desktop.main.js:627:12013)
    at async a.i (vscode-file://vscode-app/opt/visual-studio-code/resources/app/out/vs/workbench/workbench.desktop.main.js:1935:5269)
2023-08-29 17:28:56.697 [error] ENOPRO: No file system provider found for resource 'vscode-remote://ssh-remote%2Bfcs/home/iiitd/Workspace/.vscode': CodeExpectedError: ENOPRO: No file system provider found for resource 'vscode-remote://ssh-remote%2Bfcs/home/iiitd/Workspace/.vscode'
    at o.j (vscode-file://vscode-app/opt/visual-studio-code/resources/app/out/vs/workbench/workbench.desktop.main.js:627:11395)
    at async o.exists (vscode-file://vscode-app/opt/visual-studio-code/resources/app/out/vs/workbench/workbench.desktop.main.js:627:13602)
    at async vscode-file://vscode-app/opt/visual-studio-code/resources/app/out/vs/workbench/workbench.desktop.main.js:1997:6271
    at async Promise.all (index 0)
    at async E.v (vscode-file://vscode-app/opt/visual-studio-code/resources/app/out/vs/workbench/workbench.desktop.main.js:1997:6378)
2023-08-29 17:28:56.715 [error] The connection timed out: CodeExpectedError: The connection timed out
    at G.ob (vscode-file://vscode-app/opt/visual-studio-code/resources/app/out/vs/workbench/workbench.desktop.main.js:2616:20056)
    at async G.nb (vscode-file://vscode-app/opt/visual-studio-code/resources/app/out/vs/workbench/workbench.desktop.main.js:2616:19327)
    at async G.Lb (vscode-file://vscode-app/opt/visual-studio-code/resources/app/out/vs/workbench/workbench.desktop.main.js:2617:11191)
    at async G.gb (vscode-file://vscode-app/opt/visual-studio-code/resources/app/out/vs/workbench/workbench.desktop.main.js:2616:17108)
2023-08-29 17:28:56.954 [error] CodeExpectedError: The connection timed out
    at G.ob (vscode-file://vscode-app/opt/visual-studio-code/resources/app/out/vs/workbench/workbench.desktop.main.js:2616:20056)
    at async G.nb (vscode-file://vscode-app/opt/visual-studio-code/resources/app/out/vs/workbench/workbench.desktop.main.js:2616:19327)
    at async G.Lb (vscode-file://vscode-app/opt/visual-studio-code/resources/app/out/vs/workbench/workbench.desktop.main.js:2617:11191)
    at async G.gb (vscode-file://vscode-app/opt/visual-studio-code/resources/app/out/vs/workbench/workbench.desktop.main.js:2616:17108)
2023-08-29 17:28:58.668 [error] The connection timed out: CodeExpectedError: The connection timed out
    at G.ob (vscode-file://vscode-app/opt/visual-studio-code/resources/app/out/vs/workbench/workbench.desktop.main.js:2616:20056)
    at async G.nb (vscode-file://vscode-app/opt/visual-studio-code/resources/app/out/vs/workbench/workbench.desktop.main.js:2616:19327)
    at async G.Lb (vscode-file://vscode-app/opt/visual-studio-code/resources/app/out/vs/workbench/workbench.desktop.main.js:2617:11191)
    at async G.gb (vscode-file://vscode-app/opt/visual-studio-code/resources/app/out/vs/workbench/workbench.desktop.main.js:2616:17108)
2023-08-29 17:29:00.689 [error] The connection timed out: CodeExpectedError: The connection timed out
    at G.ob (vscode-file://vscode-app/opt/visual-studio-code/resources/app/out/vs/workbench/workbench.desktop.main.js:2616:20056)
    at async G.nb (vscode-file://vscode-app/opt/visual-studio-code/resources/app/out/vs/workbench/workbench.desktop.main.js:2616:19327)
    at async G.Lb (vscode-file://vscode-app/opt/visual-studio-code/resources/app/out/vs/workbench/workbench.desktop.main.js:2617:11191)
    at async G.gb (vscode-file://vscode-app/opt/visual-studio-code/resources/app/out/vs/workbench/workbench.desktop.main.js:2616:17108)
2023-08-29 17:29:02.689 [error] The connection timed out: CodeExpectedError: The connection timed out
    at G.ob (vscode-file://vscode-app/opt/visual-studio-code/resources/app/out/vs/workbench/workbench.desktop.main.js:2616:20056)
    at async G.nb (vscode-file://vscode-app/opt/visual-studio-code/resources/app/out/vs/workbench/workbench.desktop.main.js:2616:19327)
    at async G.Lb (vscode-file://vscode-app/opt/visual-studio-code/resources/app/out/vs/workbench/workbench.desktop.main.js:2617:11191)
    at async G.gb (vscode-file://vscode-app/opt/visual-studio-code/resources/app/out/vs/workbench/workbench.desktop.main.js:2616:17108)
2023-08-29 17:29:30.358 [info] Invoking resolveAuthority(ssh-remote)...
2023-08-29 17:29:30.358 [info] [LocalProcess0][resolveAuthority(ssh-remote,1)][0ms] obtaining proxy...
2023-08-29 17:29:30.358 [info] [LocalProcess0][resolveAuthority(ssh-remote,1)][0ms] invoking...
2023-08-29 17:29:31.359 [info] [LocalProcess0][resolveAuthority(ssh-remote,1)][1000ms] waiting...
2023-08-29 17:29:32.361 [info] [LocalProcess0][resolveAuthority(ssh-remote,1)][2002ms] waiting...
2023-08-29 17:29:32.506 [error] [Extension Host] (node:35760) [DEP0005] DeprecationWarning: Buffer() is deprecated due to security and usability issues. Please use the Buffer.alloc(), Buffer.allocUnsafe(), or Buffer.from() methods instead.
(Use `exe --trace-deprecation ...` to show where the warning was created)
2023-08-29 17:29:32.547 [info] [LocalProcess0][resolveAuthority(ssh-remote,1)][2189ms] returned WebSocket(127.0.0.1:34467)
2023-08-29 17:29:32.548 [info] resolveAuthority(ssh-remote) returned 'WebSocket(127.0.0.1:34467)' after 2190 ms
2023-08-29 17:29:32.549 [info] Creating a socket (renderer-Management-8155b158-1c38-4ebe-b0ff-df03c90ca893)...
2023-08-29 17:29:32.550 [info] Creating a socket (renderer-ExtensionHost-b6db0aa8-2993-4762-bb6b-4b2cabde0817)...
2023-08-29 17:29:32.750 [info] Creating a socket (renderer-Management-8155b158-1c38-4ebe-b0ff-df03c90ca893) was successful after 200 ms.
2023-08-29 17:29:32.792 [info] Creating a socket (renderer-ExtensionHost-b6db0aa8-2993-4762-bb6b-4b2cabde0817) was successful after 241 ms.
2023-08-29 17:29:34.507 [info] [perf] Render performance baseline is 37ms
2023-08-29 22:39:52.993 [info] [remote-connection][ExtensionHost][b6db0…][reconnect] received socket timeout event (unacknowledgedMsgCount: 16, timeSinceOldestUnacknowledgedMsg: 12976655, timeSinceLastReceivedSomeData: 12976655).
2023-08-29 22:39:52.994 [info] [remote-connection][ExtensionHost][b6db0…][reconnect] starting reconnecting loop. You can get more information with the trace log level.
2023-08-29 22:39:52.995 [info] [remote-connection][ExtensionHost][b6db0…][reconnect] resolving connection...
2023-08-29 22:39:52.996 [info] [remote-connection][ExtensionHost][b6db0…][reconnect] connecting to WebSocket(127.0.0.1:34467)...
2023-08-29 22:39:52.997 [info] Creating a socket (renderer-ExtensionHost-b6db0aa8-2993-4762-bb6b-4b2cabde0817)...
2023-08-29 22:39:53.002 [info] [remote-connection][Management   ][8155b…][reconnect] received socket timeout event (unacknowledgedMsgCount: 10, timeSinceOldestUnacknowledgedMsg: 10759619, timeSinceLastReceivedSomeData: 12976852).
2023-08-29 22:39:53.003 [info] [remote-connection][Management   ][8155b…][reconnect] starting reconnecting loop. You can get more information with the trace log level.
2023-08-29 22:39:53.011 [info] [remote-connection][Management   ][8155b…][reconnect] resolving connection...
2023-08-29 22:39:53.012 [info] Invoking resolveAuthority(ssh-remote)...
2023-08-29 22:39:53.013 [info] [LocalProcess0][resolveAuthority(ssh-remote,2)][1ms] obtaining proxy...
2023-08-29 22:39:53.014 [info] [LocalProcess0][resolveAuthority(ssh-remote,2)][2ms] invoking...
2023-08-29 22:39:53.168 [error] [LocalProcess0][resolveAuthority(ssh-remote,2)][156ms] returned an error {"code":"TemporarilyNotAvailable","message":"Network is unreachable"}
2023-08-29 22:39:53.168 [error] resolveAuthority(ssh-remote) returned an error after 157 ms Network is unreachable
2023-08-29 22:39:53.168 [info] [remote-connection][Management   ][8155b…][reconnect] A temporarily not available error occurred while trying to reconnect, will try again...
2023-08-29 22:39:53.169 [info] [remote-connection][Management   ][8155b…][reconnect] waiting for 5 seconds before reconnecting...
