2023-08-29 17:19:48.901 [info] Added views:workbench.panel.markers.view in workbench.panel.markers
2023-08-29 17:19:48.901 [info] Added views:workbench.panel.output in workbench.panel.output
2023-08-29 17:19:48.901 [info] Added views:terminal in terminal
2023-08-29 17:19:48.901 [info] Added views:outline in workbench.view.explorer
2023-08-29 17:19:48.901 [info] Added views:workbench.scm in workbench.view.scm
2023-08-29 17:19:48.901 [info] Added views:workbench.view.search in workbench.view.search
2023-08-29 17:19:48.901 [info] Added views:timeline in workbench.view.explorer
2023-08-29 17:19:48.901 [info] Added views:workbench.explorer.fileView in workbench.view.explorer
2023-08-29 17:19:49.156 [info] Added views:workbench.debug.welcome in workbench.view.debug
2023-08-29 17:19:49.461 [info] Added views:~remote.forwardedPorts in ~remote.forwardedPortsContainer
2023-08-29 17:19:52.085 [info] Added views:remoteTargets in workbench.view.remote
2023-08-29 17:19:52.767 [info] Added views:workbench.panel.repl.view in workbench.panel.repl
2023-08-29 17:28:40.665 [info] Added views:workbench.panel.markers.view in workbench.panel.markers
2023-08-29 17:28:40.665 [info] Added views:workbench.panel.output in workbench.panel.output
2023-08-29 17:28:40.665 [info] Added views:terminal in terminal
2023-08-29 17:28:40.665 [info] Added views:outline in workbench.view.explorer
2023-08-29 17:28:40.665 [info] Added views:workbench.scm in workbench.view.scm
2023-08-29 17:28:40.665 [info] Added views:workbench.view.search in workbench.view.search
2023-08-29 17:28:40.665 [info] Added views:timeline in workbench.view.explorer
2023-08-29 17:28:40.665 [info] Added views:workbench.explorer.fileView in workbench.view.explorer
2023-08-29 17:28:40.975 [info] Added views:workbench.debug.welcome in workbench.view.debug
2023-08-29 17:28:41.211 [info] Added views:~remote.forwardedPorts in ~remote.forwardedPortsContainer
2023-08-29 17:28:56.571 [info] Added views:remoteTargets in workbench.view.remote
2023-08-29 17:29:29.835 [info] Added views:workbench.panel.markers.view in workbench.panel.markers
2023-08-29 17:29:29.835 [info] Added views:workbench.panel.output in workbench.panel.output
2023-08-29 17:29:29.835 [info] Added views:terminal in terminal
2023-08-29 17:29:29.835 [info] Added views:outline in workbench.view.explorer
2023-08-29 17:29:29.835 [info] Added views:workbench.scm in workbench.view.scm
2023-08-29 17:29:29.835 [info] Added views:workbench.view.search in workbench.view.search
2023-08-29 17:29:29.835 [info] Added views:timeline in workbench.view.explorer
2023-08-29 17:29:29.835 [info] Added views:workbench.explorer.fileView in workbench.view.explorer
2023-08-29 17:29:30.028 [info] Added views:workbench.debug.welcome in workbench.view.debug
2023-08-29 17:29:30.403 [info] Added views:~remote.forwardedPorts in ~remote.forwardedPortsContainer
2023-08-29 17:29:33.334 [info] Added views:remoteTargets in workbench.view.remote
2023-08-29 17:29:34.043 [info] Added views:workbench.panel.repl.view in workbench.panel.repl
