[13:04:26.162] Log Level: 2
[13:04:26.178] VS Code version: 1.81.1
[13:04:26.178] Remote-SSH version: remote-ssh@0.102.0
[13:04:26.178] linux x64
[13:04:26.188] SSH Resolver called for "ssh-remote+fcs", attempt 1
[13:04:26.190] "remote.SSH.useLocalServer": true
[13:04:26.190] "remote.SSH.path": undefined
[13:04:26.191] "remote.SSH.configFile": undefined
[13:04:26.191] "remote.SSH.useFlock": true
[13:04:26.191] "remote.SSH.lockfilesInTmp": false
[13:04:26.191] "remote.SSH.localServerDownload": auto
[13:04:26.191] "remote.SSH.remoteServerListenOnSocket": false
[13:04:26.191] "remote.SSH.showLoginTerminal": false
[13:04:26.192] "remote.SSH.defaultExtensions": []
[13:04:26.192] "remote.SSH.loglevel": 2
[13:04:26.192] "remote.SSH.enableDynamicForwarding": true
[13:04:26.192] "remote.SSH.enableRemoteCommand": false
[13:04:26.192] "remote.SSH.serverPickPortsFromRange": {}
[13:04:26.193] "remote.SSH.serverInstallPath": {}
[13:04:26.200] SSH Resolver called for host: fcs
[13:04:26.201] Setting up SSH remote "fcs"
[13:04:26.205] Acquiring local install lock: /tmp/vscode-remote-ssh-c5fe3847-install.lock
[13:04:26.206] Looking for existing server data file at /home/panda/.config/Code/User/globalStorage/ms-vscode-remote.remote-ssh/vscode-ssh-host-c5fe3847-6c3e3dba23e8fadc360aed75ce363ba185c49794-0.102.0/data.json
[13:04:26.207] Using commit id "6c3e3dba23e8fadc360aed75ce363ba185c49794" and quality "stable" for server
[13:04:26.211] Install and start server if needed
[13:04:26.216] PATH: /sbin:/bin:/usr/local/sbin:/usr/local/bin:/usr/bin:/usr/sbin:/usr/bin/site_perl:/usr/bin/vendor_perl:/usr/bin/core_perl:/usr/lib/rustup/bin
[13:04:26.216] Checking ssh with "ssh -V"
[13:04:26.227] > OpenSSH_9.4p1, OpenSSL 3.1.2 1 Aug 2023

[13:04:26.231] askpass server listening on /run/user/1000/vscode-ssh-askpass-92d98202f456fc395a93e4c175955398a17029b2.sock
[13:04:26.231] Spawning local server with {"serverId":1,"ipcHandlePath":"/run/user/1000/vscode-ssh-askpass-8514a237f3956f62f6fffa2cd19a229aa766d24f.sock","sshCommand":"ssh","sshArgs":["-v","-T","-D","43541","-o","ConnectTimeout=15","fcs"],"serverDataFolderName":".vscode-server","dataFilePath":"/home/panda/.config/Code/User/globalStorage/ms-vscode-remote.remote-ssh/vscode-ssh-host-c5fe3847-6c3e3dba23e8fadc360aed75ce363ba185c49794-0.102.0/data.json"}
[13:04:26.231] Local server env: {"SHELL":"/bin/zsh","DISPLAY":":0","ELECTRON_RUN_AS_NODE":"1","SSH_ASKPASS":"/home/panda/.vscode/extensions/ms-vscode-remote.remote-ssh-0.102.0/out/local-server/askpass.sh","VSCODE_SSH_ASKPASS_NODE":"/opt/visual-studio-code/code","VSCODE_SSH_ASKPASS_EXTRA_ARGS":"--ms-enable-electron-run-as-node","VSCODE_SSH_ASKPASS_MAIN":"/home/panda/.vscode/extensions/ms-vscode-remote.remote-ssh-0.102.0/out/askpass-main.js","VSCODE_SSH_ASKPASS_HANDLE":"/run/user/1000/vscode-ssh-askpass-92d98202f456fc395a93e4c175955398a17029b2.sock"}
[13:04:26.237] Spawned 11183
[13:04:26.382] > local-server-1> Running ssh connection command: "-v -T -D 43541 -o ConnectTimeout=15 fcs"
[13:04:26.387] > local-server-1> Spawned ssh, pid=11194
[13:04:26.390] stderr> OpenSSH_9.4p1, OpenSSL 3.1.2 1 Aug 2023
[13:04:41.406] stderr> ssh: connect to host 192.168.2.234 port 22: Connection timed out
[13:04:41.408] > local-server-1> ssh child died, shutting down
[13:04:41.420] Local server exit: 0
[13:04:41.421] Received install output: local-server-1> Running ssh connection command: "-v -T -D 43541 -o ConnectTimeout=15 fcs"
local-server-1> Spawned ssh, pid=11194
OpenSSH_9.4p1, OpenSSL 3.1.2 1 Aug 2023
ssh: connect to host 192.168.2.234 port 22: Connection timed out
local-server-1> ssh child died, shutting down

[13:04:41.434] Resolver error: Error: The connection timed out
	at m.Offline (/home/panda/.vscode/extensions/ms-vscode-remote.remote-ssh-0.102.0/out/extension.js:1:584196)
	at /home/panda/.vscode/extensions/ms-vscode-remote.remote-ssh-0.102.0/out/extension.js:1:581580
	at t.handleInstallOutput (/home/panda/.vscode/extensions/ms-vscode-remote.remote-ssh-0.102.0/out/extension.js:1:581794)
	at Object.e [as tryInstallWithLocalServer] (/home/panda/.vscode/extensions/ms-vscode-remote.remote-ssh-0.102.0/out/extension.js:1:623656)
	at process.processTicksAndRejections (node:internal/process/task_queues:96:5)
	at async /home/panda/.vscode/extensions/ms-vscode-remote.remote-ssh-0.102.0/out/extension.js:1:643708
	at async t.withShowDetailsEvent (/home/panda/.vscode/extensions/ms-vscode-remote.remote-ssh-0.102.0/out/extension.js:1:647428)
	at async /home/panda/.vscode/extensions/ms-vscode-remote.remote-ssh-0.102.0/out/extension.js:1:622128
	at async C (/home/panda/.vscode/extensions/ms-vscode-remote.remote-ssh-0.102.0/out/extension.js:1:618634)
	at async t.resolveWithLocalServer (/home/panda/.vscode/extensions/ms-vscode-remote.remote-ssh-0.102.0/out/extension.js:1:621743)
	at async t.resolve (/home/panda/.vscode/extensions/ms-vscode-remote.remote-ssh-0.102.0/out/extension.js:1:645036)
	at async /home/panda/.vscode/extensions/ms-vscode-remote.remote-ssh-0.102.0/out/extension.js:1:720916
[13:04:41.454] ------




