2023-08-30 14:41:59.445 [info] Using settings sync service https://vscode-sync.trafficmanager.net/
2023-08-30 14:41:59.445 [info] Auto Sync is enabled.
2023-08-30 14:41:59.445 [info] Auto Sync: Suspended until auth token is available.
2023-08-30 14:42:00.141 [info] Deleting non existing profile from backup /home/panda/.config/Code/User/sync/extensions
2023-08-30 14:42:00.203 [info] Deleting non existing profile from backup /home/panda/.config/Code/User/sync/globalState
2023-08-30 14:42:00.204 [info] Deleting non existing profile from backup /home/panda/.config/Code/User/sync/keybindings
2023-08-30 14:42:00.205 [info] Deleting non existing profile from backup /home/panda/.config/Code/User/sync/profiles
2023-08-30 14:42:00.205 [info] Deleting non existing profile from backup /home/panda/.config/Code/User/sync/settings
2023-08-30 14:42:00.206 [info] Deleting non existing profile from backup /home/panda/.config/Code/User/sync/snippets
2023-08-30 14:42:00.207 [info] Deleting non existing profile from backup /home/panda/.config/Code/User/sync/tasks
2023-08-30 14:42:03.528 [info] Auto Sync: Triggered by Interval
2023-08-30 14:42:03.529 [info] Sync started.
2023-08-30 14:42:04.738 [info] Settings: Last sync resource does not exist locally.
2023-08-30 14:42:04.985 [info] Settings: No changes found during synchronizing settings.
2023-08-30 14:42:04.987 [info] Keybindings: Last sync resource does not exist locally.
2023-08-30 14:42:05.173 [info] Keybindings: No changes found during synchronizing keybindings.
2023-08-30 14:42:05.175 [info] Snippets: Last sync resource does not exist locally.
2023-08-30 14:42:05.386 [info] Snippets: No changes found during synchronizing snippets.
2023-08-30 14:42:05.388 [info] Tasks: Last sync resource does not exist locally.
2023-08-30 14:42:05.561 [info] Tasks: No changes found during synchronizing tasks.
2023-08-30 14:42:05.563 [info] GlobalState: Last sync resource does not exist locally.
2023-08-30 14:42:05.906 [info] GlobalState: No changes found during synchronizing ui state.
2023-08-30 14:42:05.910 [info] Extensions: Last sync resource does not exist locally.
2023-08-30 14:42:06.222 [info] Extensions: No changes found during synchronizing extensions.
2023-08-30 14:42:06.225 [info] Profiles: Last sync resource does not exist locally.
2023-08-30 14:42:06.463 [info] Profiles: No changes found during synchronizing profiles.
2023-08-30 14:42:06.470 [info] Sync done. Took 2940ms
2023-08-30 14:42:22.246 [info] Auto Sync: Triggered by Activity
2023-08-30 14:42:22.247 [info] Sync started.
2023-08-30 14:42:22.458 [info] Settings: No changes found during synchronizing settings.
2023-08-30 14:42:22.463 [info] Keybindings: No changes found during synchronizing keybindings.
2023-08-30 14:42:22.468 [info] Snippets: No changes found during synchronizing snippets.
2023-08-30 14:42:22.470 [info] Tasks: No changes found during synchronizing tasks.
2023-08-30 14:42:22.474 [info] GlobalState: No changes found during synchronizing ui state.
2023-08-30 14:42:22.565 [info] Extensions: No changes found during synchronizing extensions.
2023-08-30 14:42:22.566 [info] Profiles: No changes found during synchronizing profiles.
2023-08-30 14:42:22.568 [info] Sync done. Took 324ms
2023-08-30 14:44:58.489 [info] Auto Sync: Triggered by Activity
2023-08-30 14:44:58.491 [info] Sync started.
2023-08-30 14:44:59.158 [info] Settings: No changes found during synchronizing settings.
2023-08-30 14:44:59.166 [info] Keybindings: No changes found during synchronizing keybindings.
2023-08-30 14:44:59.173 [info] Snippets: No changes found during synchronizing snippets.
2023-08-30 14:44:59.176 [info] Tasks: No changes found during synchronizing tasks.
2023-08-30 14:44:59.180 [info] GlobalState: No changes found during synchronizing ui state.
2023-08-30 14:44:59.268 [info] Extensions: No changes found during synchronizing extensions.
2023-08-30 14:44:59.269 [info] Profiles: No changes found during synchronizing profiles.
2023-08-30 14:44:59.272 [info] Sync done. Took 783ms
2023-08-30 14:45:31.299 [info] Auto Sync: Triggered by Activity
2023-08-30 14:45:31.300 [info] Sync started.
2023-08-30 14:45:31.487 [info] Settings: No changes found during synchronizing settings.
2023-08-30 14:45:31.496 [info] Keybindings: No changes found during synchronizing keybindings.
2023-08-30 14:45:31.504 [info] Snippets: No changes found during synchronizing snippets.
2023-08-30 14:45:31.508 [info] Tasks: No changes found during synchronizing tasks.
2023-08-30 14:45:31.512 [info] GlobalState: No changes found during synchronizing ui state.
2023-08-30 14:45:31.638 [info] Extensions: No changes found during synchronizing extensions.
2023-08-30 14:45:31.640 [info] Profiles: No changes found during synchronizing profiles.
2023-08-30 14:45:31.642 [info] Sync done. Took 344ms
2023-08-30 14:45:58.655 [info] Auto Sync: Triggered by Activity
2023-08-30 14:45:58.655 [info] Sync started.
2023-08-30 14:45:58.837 [info] Settings: No changes found during synchronizing settings.
2023-08-30 14:45:58.845 [info] Keybindings: No changes found during synchronizing keybindings.
2023-08-30 14:45:58.861 [info] Snippets: No changes found during synchronizing snippets.
2023-08-30 14:45:58.866 [info] Tasks: No changes found during synchronizing tasks.
2023-08-30 14:45:58.873 [info] GlobalState: No changes found during synchronizing ui state.
2023-08-30 14:45:58.962 [info] Extensions: No changes found during synchronizing extensions.
2023-08-30 14:45:58.966 [info] Profiles: No changes found during synchronizing profiles.
2023-08-30 14:45:58.968 [info] Sync done. Took 314ms
2023-08-30 14:46:23.564 [info] Auto Sync: Triggered by Activity
2023-08-30 14:46:23.565 [info] Sync started.
2023-08-30 14:46:23.761 [info] Settings: No changes found during synchronizing settings.
2023-08-30 14:46:23.771 [info] Keybindings: No changes found during synchronizing keybindings.
2023-08-30 14:46:23.783 [info] Snippets: No changes found during synchronizing snippets.
2023-08-30 14:46:23.793 [info] Tasks: No changes found during synchronizing tasks.
2023-08-30 14:46:23.803 [info] GlobalState: No changes found during synchronizing ui state.
2023-08-30 14:46:23.889 [info] Extensions: No changes found during synchronizing extensions.
2023-08-30 14:46:23.890 [info] Profiles: No changes found during synchronizing profiles.
2023-08-30 14:46:23.892 [info] Sync done. Took 328ms
2023-08-30 14:46:38.027 [info] Auto Sync: Triggered by Activity
2023-08-30 14:46:38.028 [info] Sync started.
2023-08-30 14:46:38.200 [info] Settings: No changes found during synchronizing settings.
2023-08-30 14:46:38.211 [info] Keybindings: No changes found during synchronizing keybindings.
2023-08-30 14:46:38.224 [info] Snippets: No changes found during synchronizing snippets.
2023-08-30 14:46:38.229 [info] Tasks: No changes found during synchronizing tasks.
2023-08-30 14:46:38.234 [info] GlobalState: No changes found during synchronizing ui state.
2023-08-30 14:46:38.330 [info] Extensions: No changes found during synchronizing extensions.
2023-08-30 14:46:38.332 [info] Profiles: No changes found during synchronizing profiles.
2023-08-30 14:46:38.333 [info] Sync done. Took 307ms
2023-08-30 14:46:59.913 [info] Auto Sync: Triggered by Activity
2023-08-30 14:46:59.914 [info] Sync started.
2023-08-30 14:47:00.100 [info] Settings: No changes found during synchronizing settings.
2023-08-30 14:47:00.104 [info] Keybindings: No changes found during synchronizing keybindings.
2023-08-30 14:47:00.111 [info] Snippets: No changes found during synchronizing snippets.
2023-08-30 14:47:00.116 [info] Tasks: No changes found during synchronizing tasks.
2023-08-30 14:47:00.125 [info] GlobalState: No changes found during synchronizing ui state.
2023-08-30 14:47:00.208 [info] Extensions: No changes found during synchronizing extensions.
2023-08-30 14:47:00.209 [info] Profiles: No changes found during synchronizing profiles.
2023-08-30 14:47:00.210 [info] Sync done. Took 299ms
2023-08-30 14:47:18.196 [info] Auto Sync: Triggered by Activity
2023-08-30 14:47:18.196 [info] Sync started.
2023-08-30 14:47:18.369 [info] Settings: No changes found during synchronizing settings.
2023-08-30 14:47:18.373 [info] Keybindings: No changes found during synchronizing keybindings.
2023-08-30 14:47:18.376 [info] Snippets: No changes found during synchronizing snippets.
2023-08-30 14:47:18.378 [info] Tasks: No changes found during synchronizing tasks.
2023-08-30 14:47:18.381 [info] GlobalState: No changes found during synchronizing ui state.
2023-08-30 14:47:18.459 [info] Extensions: No changes found during synchronizing extensions.
2023-08-30 14:47:18.460 [info] Profiles: No changes found during synchronizing profiles.
2023-08-30 14:47:18.461 [info] Sync done. Took 267ms
2023-08-30 14:47:38.373 [info] Auto Sync: Triggered by Activity
2023-08-30 14:47:38.374 [info] Sync started.
2023-08-30 14:47:38.562 [info] Settings: No changes found during synchronizing settings.
2023-08-30 14:47:38.572 [info] Keybindings: No changes found during synchronizing keybindings.
2023-08-30 14:47:38.579 [info] Snippets: No changes found during synchronizing snippets.
2023-08-30 14:47:38.585 [info] Tasks: No changes found during synchronizing tasks.
2023-08-30 14:47:38.590 [info] GlobalState: No changes found during synchronizing ui state.
2023-08-30 14:47:38.667 [info] Extensions: No changes found during synchronizing extensions.
2023-08-30 14:47:38.668 [info] Profiles: No changes found during synchronizing profiles.
2023-08-30 14:47:38.669 [info] Sync done. Took 297ms
2023-08-30 14:47:50.757 [info] Auto Sync: Triggered by Activity
2023-08-30 14:47:50.757 [info] Sync started.
2023-08-30 14:47:50.926 [info] Settings: No changes found during synchronizing settings.
2023-08-30 14:47:50.929 [info] Keybindings: No changes found during synchronizing keybindings.
2023-08-30 14:47:50.932 [info] Snippets: No changes found during synchronizing snippets.
2023-08-30 14:47:50.934 [info] Tasks: No changes found during synchronizing tasks.
2023-08-30 14:47:50.937 [info] GlobalState: No changes found during synchronizing ui state.
2023-08-30 14:47:51.031 [info] Extensions: No changes found during synchronizing extensions.
2023-08-30 14:47:51.032 [info] Profiles: No changes found during synchronizing profiles.
2023-08-30 14:47:51.034 [info] Sync done. Took 278ms
2023-08-30 14:48:36.808 [info] Auto Sync: Triggered by Activity
2023-08-30 14:48:36.809 [info] Sync started.
2023-08-30 14:48:36.992 [info] Settings: No changes found during synchronizing settings.
2023-08-30 14:48:36.995 [info] Keybindings: No changes found during synchronizing keybindings.
2023-08-30 14:48:36.999 [info] Snippets: No changes found during synchronizing snippets.
2023-08-30 14:48:37.002 [info] Tasks: No changes found during synchronizing tasks.
2023-08-30 14:48:37.004 [info] GlobalState: No changes found during synchronizing ui state.
2023-08-30 14:48:37.080 [info] Extensions: No changes found during synchronizing extensions.
2023-08-30 14:48:37.082 [info] Profiles: No changes found during synchronizing profiles.
2023-08-30 14:48:37.083 [info] Sync done. Took 276ms
2023-08-30 14:48:58.914 [info] Auto Sync: Triggered by Activity
2023-08-30 14:48:58.915 [info] Sync started.
2023-08-30 14:48:59.136 [info] Settings: No changes found during synchronizing settings.
2023-08-30 14:48:59.139 [info] Keybindings: No changes found during synchronizing keybindings.
2023-08-30 14:48:59.143 [info] Snippets: No changes found during synchronizing snippets.
2023-08-30 14:48:59.145 [info] Tasks: No changes found during synchronizing tasks.
2023-08-30 14:48:59.148 [info] GlobalState: No changes found during synchronizing ui state.
2023-08-30 14:48:59.217 [info] Extensions: No changes found during synchronizing extensions.
2023-08-30 14:48:59.218 [info] Profiles: No changes found during synchronizing profiles.
2023-08-30 14:48:59.220 [info] Sync done. Took 307ms
2023-08-30 14:49:38.629 [info] Auto Sync: Triggered by Activity
2023-08-30 14:49:38.629 [info] Sync started.
2023-08-30 14:49:38.811 [info] Settings: No changes found during synchronizing settings.
2023-08-30 14:49:38.821 [info] Keybindings: No changes found during synchronizing keybindings.
2023-08-30 14:49:38.834 [info] Snippets: No changes found during synchronizing snippets.
2023-08-30 14:49:38.843 [info] Tasks: No changes found during synchronizing tasks.
2023-08-30 14:49:38.856 [info] GlobalState: No changes found during synchronizing ui state.
2023-08-30 14:49:38.953 [info] Extensions: No changes found during synchronizing extensions.
2023-08-30 14:49:38.954 [info] Profiles: No changes found during synchronizing profiles.
2023-08-30 14:49:38.956 [info] Sync done. Took 328ms
2023-08-30 14:49:52.029 [info] Auto Sync: Triggered by Activity
2023-08-30 14:49:52.029 [info] Sync started.
2023-08-30 14:49:52.184 [info] Settings: No changes found during synchronizing settings.
2023-08-30 14:49:52.186 [info] Keybindings: No changes found during synchronizing keybindings.
2023-08-30 14:49:52.189 [info] Snippets: No changes found during synchronizing snippets.
2023-08-30 14:49:52.191 [info] Tasks: No changes found during synchronizing tasks.
2023-08-30 14:49:52.195 [info] GlobalState: No changes found during synchronizing ui state.
2023-08-30 14:49:52.275 [info] Extensions: No changes found during synchronizing extensions.
2023-08-30 14:49:52.277 [info] Profiles: No changes found during synchronizing profiles.
2023-08-30 14:49:52.278 [info] Sync done. Took 248ms
