2023-08-31 19:45:38.705 [info] Reading sessions from secret storage...
2023-08-31 19:45:38.705 [info] Got 0 stored sessions
2023-08-31 19:45:38.705 [info] Getting sessions for all scopes...
2023-08-31 19:45:38.705 [info] Got 0 sessions for all scopes...
2023-08-31 19:45:38.705 [info] Getting sessions for the following scopes: email offline_access openid profile
2023-08-31 19:45:38.705 [info] Got 0 sessions for scopes: email offline_access openid profile
2023-08-31 19:46:07.653 [info] Reading sessions from secret storage...
2023-08-31 19:46:07.653 [info] Got 0 stored sessions
2023-08-31 19:46:07.653 [info] Getting sessions for all scopes...
2023-08-31 19:46:07.653 [info] Got 0 sessions for all scopes...
2023-08-31 19:46:07.653 [info] Getting sessions for the following scopes: email offline_access openid profile
2023-08-31 19:46:07.653 [info] Got 0 sessions for scopes: email offline_access openid profile
2023-08-31 19:46:26.051 [info] Reading sessions from secret storage...
2023-08-31 19:46:26.051 [info] Got 0 stored sessions
2023-08-31 19:46:26.051 [info] Getting sessions for all scopes...
2023-08-31 19:46:26.051 [info] Got 0 sessions for all scopes...
2023-08-31 19:46:26.051 [info] Getting sessions for the following scopes: email offline_access openid profile
2023-08-31 19:46:26.051 [info] Got 0 sessions for scopes: email offline_access openid profile
2023-08-31 19:46:44.607 [info] Reading sessions from secret storage...
2023-08-31 19:46:44.607 [info] Got 0 stored sessions
2023-08-31 19:46:44.607 [info] Getting sessions for all scopes...
2023-08-31 19:46:44.607 [info] Got 0 sessions for all scopes...
2023-08-31 19:46:44.607 [info] Getting sessions for the following scopes: email offline_access openid profile
2023-08-31 19:46:44.607 [info] Got 0 sessions for scopes: email offline_access openid profile
2023-08-31 19:46:51.703 [info] Reading sessions from secret storage...
2023-08-31 19:46:51.703 [info] Got 0 stored sessions
2023-08-31 19:46:51.703 [info] Getting sessions for all scopes...
2023-08-31 19:46:51.703 [info] Got 0 sessions for all scopes...
2023-08-31 19:46:51.963 [info] Getting sessions for the following scopes: email offline_access openid profile
2023-08-31 19:46:51.963 [info] Got 0 sessions for scopes: email offline_access openid profile
