[17:28:41.131] Log Level: 2
[17:28:41.148] VS Code version: 1.81.1
[17:28:41.148] Remote-SSH version: remote-ssh@0.102.0
[17:28:41.148] linux x64
[17:28:41.185] SSH Resolver called for "ssh-remote+fcs", attempt 1
[17:28:41.187] "remote.SSH.useLocalServer": true
[17:28:41.187] "remote.SSH.path": undefined
[17:28:41.188] "remote.SSH.configFile": undefined
[17:28:41.188] "remote.SSH.useFlock": true
[17:28:41.188] "remote.SSH.lockfilesInTmp": false
[17:28:41.188] "remote.SSH.localServerDownload": auto
[17:28:41.189] "remote.SSH.remoteServerListenOnSocket": false
[17:28:41.189] "remote.SSH.showLoginTerminal": false
[17:28:41.189] "remote.SSH.defaultExtensions": []
[17:28:41.189] "remote.SSH.loglevel": 2
[17:28:41.190] "remote.SSH.enableDynamicForwarding": true
[17:28:41.190] "remote.SSH.enableRemoteCommand": false
[17:28:41.190] "remote.SSH.serverPickPortsFromRange": {}
[17:28:41.191] "remote.SSH.serverInstallPath": {}
[17:28:41.197] SSH Resolver called for host: fcs
[17:28:41.198] Setting up SSH remote "fcs"
[17:28:41.203] Acquiring local install lock: /tmp/vscode-remote-ssh-c5fe3847-install.lock
[17:28:41.205] Looking for existing server data file at /home/panda/.config/Code/User/globalStorage/ms-vscode-remote.remote-ssh/vscode-ssh-host-c5fe3847-6c3e3dba23e8fadc360aed75ce363ba185c49794-0.102.0/data.json
[17:28:41.206] Using commit id "6c3e3dba23e8fadc360aed75ce363ba185c49794" and quality "stable" for server
[17:28:41.212] Install and start server if needed
[17:28:41.218] PATH: /sbin:/bin:/usr/local/sbin:/usr/local/bin:/usr/bin:/usr/sbin:/usr/bin/site_perl:/usr/bin/vendor_perl:/usr/bin/core_perl:/usr/lib/rustup/bin
[17:28:41.219] Checking ssh with "ssh -V"
[17:28:41.231] > OpenSSH_9.4p1, OpenSSL 3.1.2 1 Aug 2023

[17:28:41.234] askpass server listening on /run/user/1000/vscode-ssh-askpass-66a6a1ae57238ed7fc603e4f86a290e3d093c573.sock
[17:28:41.234] Spawning local server with {"serverId":1,"ipcHandlePath":"/run/user/1000/vscode-ssh-askpass-e2338ec88d2948bacff30c5093d1902b7d890569.sock","sshCommand":"ssh","sshArgs":["-v","-T","-D","46391","-o","ConnectTimeout=15","fcs"],"serverDataFolderName":".vscode-server","dataFilePath":"/home/panda/.config/Code/User/globalStorage/ms-vscode-remote.remote-ssh/vscode-ssh-host-c5fe3847-6c3e3dba23e8fadc360aed75ce363ba185c49794-0.102.0/data.json"}
[17:28:41.235] Local server env: {"SHELL":"/bin/zsh","DISPLAY":":0","ELECTRON_RUN_AS_NODE":"1","SSH_ASKPASS":"/home/panda/.vscode/extensions/ms-vscode-remote.remote-ssh-0.102.0/out/local-server/askpass.sh","VSCODE_SSH_ASKPASS_NODE":"/opt/visual-studio-code/code","VSCODE_SSH_ASKPASS_EXTRA_ARGS":"--ms-enable-electron-run-as-node","VSCODE_SSH_ASKPASS_MAIN":"/home/panda/.vscode/extensions/ms-vscode-remote.remote-ssh-0.102.0/out/askpass-main.js","VSCODE_SSH_ASKPASS_HANDLE":"/run/user/1000/vscode-ssh-askpass-66a6a1ae57238ed7fc603e4f86a290e3d093c573.sock"}
[17:28:41.239] Spawned 35669
[17:28:41.372] > local-server-1> Running ssh connection command: "-v -T -D 46391 -o ConnectTimeout=15 fcs"
[17:28:41.376] > local-server-1> Spawned ssh, pid=35677
[17:28:41.380] stderr> OpenSSH_9.4p1, OpenSSL 3.1.2 1 Aug 2023
[17:28:56.395] stderr> ssh: connect to host 192.168.2.234 port 22: Connection timed out
[17:28:56.405] > local-server-1> ssh child died, shutting down
[17:28:56.413] Local server exit: 0
[17:28:56.414] Received install output: local-server-1> Running ssh connection command: "-v -T -D 46391 -o ConnectTimeout=15 fcs"
local-server-1> Spawned ssh, pid=35677
OpenSSH_9.4p1, OpenSSL 3.1.2 1 Aug 2023
ssh: connect to host 192.168.2.234 port 22: Connection timed out
local-server-1> ssh child died, shutting down

[17:28:56.427] Resolver error: Error: The connection timed out
	at m.Offline (/home/panda/.vscode/extensions/ms-vscode-remote.remote-ssh-0.102.0/out/extension.js:1:584196)
	at /home/panda/.vscode/extensions/ms-vscode-remote.remote-ssh-0.102.0/out/extension.js:1:581580
	at t.handleInstallOutput (/home/panda/.vscode/extensions/ms-vscode-remote.remote-ssh-0.102.0/out/extension.js:1:581794)
	at Object.e [as tryInstallWithLocalServer] (/home/panda/.vscode/extensions/ms-vscode-remote.remote-ssh-0.102.0/out/extension.js:1:623656)
	at process.processTicksAndRejections (node:internal/process/task_queues:96:5)
	at async /home/panda/.vscode/extensions/ms-vscode-remote.remote-ssh-0.102.0/out/extension.js:1:643708
	at async t.withShowDetailsEvent (/home/panda/.vscode/extensions/ms-vscode-remote.remote-ssh-0.102.0/out/extension.js:1:647428)
	at async /home/panda/.vscode/extensions/ms-vscode-remote.remote-ssh-0.102.0/out/extension.js:1:622128
	at async C (/home/panda/.vscode/extensions/ms-vscode-remote.remote-ssh-0.102.0/out/extension.js:1:618634)
	at async t.resolveWithLocalServer (/home/panda/.vscode/extensions/ms-vscode-remote.remote-ssh-0.102.0/out/extension.js:1:621743)
	at async t.resolve (/home/panda/.vscode/extensions/ms-vscode-remote.remote-ssh-0.102.0/out/extension.js:1:645036)
	at async /home/panda/.vscode/extensions/ms-vscode-remote.remote-ssh-0.102.0/out/extension.js:1:720916
[17:28:56.447] ------




