2023-08-31 19:51:55.759 [info] Reading sessions from keychain...
2023-08-31 19:51:55.759 [info] Getting sessions for all scopes...
2023-08-31 19:51:55.759 [info] Getting sessions for user:email...
2023-08-31 19:51:55.804 [info] Got stored sessions!
2023-08-31 19:51:55.804 [info] Got 2 verified sessions.
2023-08-31 19:51:55.804 [info] Got 2 sessions for ...
2023-08-31 19:51:55.805 [info] Got 1 sessions for user:email...
2023-08-31 19:51:55.820 [info] Getting sessions for all scopes...
2023-08-31 19:51:55.820 [info] Got 2 sessions for ...
2023-08-31 19:51:55.858 [info] Getting sessions for all scopes...
2023-08-31 19:51:55.858 [info] Got 2 sessions for ...
2023-08-31 19:52:17.823 [info] Reading sessions from keychain...
2023-08-31 19:52:17.823 [info] Getting sessions for all scopes...
2023-08-31 19:52:17.823 [info] Getting sessions for all scopes...
2023-08-31 19:52:17.823 [info] Got stored sessions!
2023-08-31 19:52:17.823 [info] Got 2 verified sessions.
2023-08-31 19:52:17.823 [info] Got 2 sessions for ...
2023-08-31 19:52:17.823 [info] Got 2 sessions for ...
2023-08-31 19:52:19.926 [info] Getting sessions for user:email...
2023-08-31 19:52:19.926 [info] Got 1 sessions for user:email...
2023-08-31 19:52:19.948 [info] Getting sessions for all scopes...
2023-08-31 19:52:19.948 [info] Got 2 sessions for ...
2023-08-31 20:23:41.543 [info] Reading sessions from keychain...
2023-08-31 20:23:41.543 [info] Getting sessions for all scopes...
2023-08-31 20:23:41.543 [info] Got stored sessions!
2023-08-31 20:23:41.543 [info] Got 2 verified sessions.
2023-08-31 20:23:41.543 [info] Got 2 sessions for ...
2023-08-31 20:23:41.554 [info] Getting sessions for all scopes...
2023-08-31 20:23:41.554 [info] Got 2 sessions for ...
2023-08-31 20:23:42.277 [info] Getting sessions for user:email...
2023-08-31 20:23:42.277 [info] Got 1 sessions for user:email...
2023-08-31 20:23:42.332 [info] Getting sessions for all scopes...
2023-08-31 20:23:42.332 [info] Got 2 sessions for ...
2023-08-31 21:53:40.527 [info] Reading sessions from keychain...
2023-08-31 21:53:40.533 [info] Getting sessions for all scopes...
2023-08-31 21:53:40.533 [info] Getting sessions for user:email...
2023-08-31 21:53:40.539 [info] Got stored sessions!
2023-08-31 21:53:40.539 [info] Got 2 verified sessions.
2023-08-31 21:53:40.539 [info] Got 2 sessions for ...
2023-08-31 21:53:40.540 [info] Got 1 sessions for user:email...
2023-08-31 21:53:40.558 [info] Getting sessions for all scopes...
2023-08-31 21:53:40.558 [info] Got 2 sessions for ...
2023-08-31 21:53:40.571 [info] Getting sessions for all scopes...
2023-08-31 21:53:40.571 [info] Got 2 sessions for ...
2023-08-31 21:54:06.332 [info] Reading sessions from keychain...
2023-08-31 21:54:06.332 [info] Getting sessions for all scopes...
2023-08-31 21:54:06.333 [info] Got stored sessions!
2023-08-31 21:54:06.333 [info] Got 2 verified sessions.
2023-08-31 21:54:06.333 [info] Got 2 sessions for ...
2023-08-31 21:54:06.367 [info] Getting sessions for all scopes...
2023-08-31 21:54:06.367 [info] Got 2 sessions for ...
2023-08-31 21:54:07.399 [info] Getting sessions for user:email...
2023-08-31 21:54:07.399 [info] Got 1 sessions for user:email...
2023-08-31 21:54:08.399 [info] Getting sessions for all scopes...
2023-08-31 21:54:08.399 [info] Got 2 sessions for ...
2023-08-31 21:54:21.267 [info] Reading sessions from keychain...
2023-08-31 21:54:21.267 [info] Getting sessions for all scopes...
2023-08-31 21:54:21.305 [info] Got stored sessions!
2023-08-31 21:54:21.305 [info] Got 2 verified sessions.
2023-08-31 21:54:21.305 [info] Got 2 sessions for ...
2023-08-31 21:54:21.764 [info] Getting sessions for all scopes...
2023-08-31 21:54:21.764 [info] Got 2 sessions for ...
2023-08-31 21:54:23.962 [info] Getting sessions for user:email...
2023-08-31 21:54:23.962 [info] Got 1 sessions for user:email...
2023-08-31 21:54:23.983 [info] Getting sessions for all scopes...
2023-08-31 21:54:23.983 [info] Got 2 sessions for ...
2023-08-31 22:35:26.697 [info] Reading sessions from keychain...
2023-08-31 22:35:26.697 [info] Getting sessions for all scopes...
2023-08-31 22:35:26.698 [info] Getting sessions for user:email...
2023-08-31 22:35:26.698 [info] Got stored sessions!
2023-08-31 22:35:26.698 [info] Got 2 verified sessions.
2023-08-31 22:35:26.698 [info] Got 2 sessions for ...
2023-08-31 22:35:26.698 [info] Got 1 sessions for user:email...
2023-08-31 22:35:45.532 [info] Reading sessions from keychain...
2023-08-31 22:35:45.532 [info] Getting sessions for all scopes...
2023-08-31 22:35:45.532 [info] Got stored sessions!
2023-08-31 22:35:45.532 [info] Got 2 verified sessions.
2023-08-31 22:35:45.533 [info] Got 2 sessions for ...
2023-08-31 22:35:45.533 [info] Getting sessions for user:email...
2023-08-31 22:35:45.533 [info] Got 1 sessions for user:email...
2023-08-31 22:36:04.882 [info] Reading sessions from keychain...
2023-08-31 22:36:04.882 [info] Getting sessions for all scopes...
2023-08-31 22:36:04.882 [info] Getting sessions for user:email...
2023-08-31 22:36:04.882 [info] Got stored sessions!
2023-08-31 22:36:04.882 [info] Got 2 verified sessions.
2023-08-31 22:36:04.882 [info] Got 2 sessions for ...
2023-08-31 22:36:04.882 [info] Got 1 sessions for user:email...
2023-08-31 22:36:04.882 [info] Getting sessions for all scopes...
2023-08-31 22:36:04.882 [info] Got 2 sessions for ...
2023-08-31 22:36:04.963 [info] Getting sessions for all scopes...
2023-08-31 22:36:04.963 [info] Got 2 sessions for ...
2023-08-31 22:36:32.049 [info] Reading sessions from keychain...
2023-08-31 22:36:32.049 [info] Getting sessions for all scopes...
2023-08-31 22:36:32.049 [info] Getting sessions for user:email...
2023-08-31 22:36:32.049 [info] Got stored sessions!
2023-08-31 22:36:32.049 [info] Got 2 verified sessions.
2023-08-31 22:36:32.049 [info] Got 2 sessions for ...
2023-08-31 22:36:32.049 [info] Got 1 sessions for user:email...
2023-08-31 22:36:32.135 [info] Getting sessions for all scopes...
2023-08-31 22:36:32.135 [info] Got 2 sessions for ...
2023-08-31 22:36:32.147 [info] Getting sessions for all scopes...
2023-08-31 22:36:32.147 [info] Got 2 sessions for ...
2023-08-31 22:36:51.479 [info] Reading sessions from keychain...
2023-08-31 22:36:51.479 [info] Getting sessions for all scopes...
2023-08-31 22:36:51.479 [info] Getting sessions for user:email...
2023-08-31 22:36:51.479 [info] Got stored sessions!
2023-08-31 22:36:51.479 [info] Got 2 verified sessions.
2023-08-31 22:36:51.479 [info] Got 2 sessions for ...
2023-08-31 22:36:51.479 [info] Got 1 sessions for user:email...
2023-08-31 22:37:36.039 [info] Reading sessions from keychain...
2023-08-31 22:37:36.039 [info] Getting sessions for all scopes...
2023-08-31 22:37:36.040 [info] Getting sessions for user:email...
2023-08-31 22:37:36.040 [info] Got stored sessions!
2023-08-31 22:37:36.040 [info] Got 2 verified sessions.
2023-08-31 22:37:36.041 [info] Got 2 sessions for ...
2023-08-31 22:37:36.041 [info] Got 1 sessions for user:email...
2023-08-31 22:37:36.090 [info] Getting sessions for all scopes...
2023-08-31 22:37:36.090 [info] Got 2 sessions for ...
2023-08-31 22:37:36.097 [info] Getting sessions for all scopes...
2023-08-31 22:37:36.097 [info] Got 2 sessions for ...
2023-08-31 22:37:47.608 [info] Reading sessions from keychain...
2023-08-31 22:37:47.608 [info] Getting sessions for all scopes...
2023-08-31 22:37:47.608 [info] Got stored sessions!
2023-08-31 22:37:47.608 [info] Got 2 verified sessions.
2023-08-31 22:37:47.608 [info] Got 2 sessions for ...
2023-08-31 22:37:47.608 [info] Getting sessions for all scopes...
2023-08-31 22:37:47.608 [info] Got 2 sessions for ...
2023-08-31 22:37:50.760 [info] Getting sessions for user:email...
2023-08-31 22:37:50.760 [info] Got 1 sessions for user:email...
2023-08-31 22:37:50.812 [info] Getting sessions for all scopes...
2023-08-31 22:37:50.812 [info] Got 2 sessions for ...
