[02:02:37.037] Log Level: 2
[02:02:37.052] VS Code version: 1.81.1
[02:02:37.053] Remote-SSH version: remote-ssh@0.102.0
[02:02:37.053] linux x64
[02:02:37.077] SSH Resolver called for "ssh-remote+fcs", attempt 1
[02:02:37.079] "remote.SSH.useLocalServer": true
[02:02:37.080] "remote.SSH.path": undefined
[02:02:37.080] "remote.SSH.configFile": undefined
[02:02:37.080] "remote.SSH.useFlock": true
[02:02:37.080] "remote.SSH.lockfilesInTmp": false
[02:02:37.081] "remote.SSH.localServerDownload": auto
[02:02:37.081] "remote.SSH.remoteServerListenOnSocket": false
[02:02:37.081] "remote.SSH.showLoginTerminal": false
[02:02:37.081] "remote.SSH.defaultExtensions": []
[02:02:37.082] "remote.SSH.loglevel": 2
[02:02:37.082] "remote.SSH.enableDynamicForwarding": true
[02:02:37.083] "remote.SSH.enableRemoteCommand": false
[02:02:37.083] "remote.SSH.serverPickPortsFromRange": {}
[02:02:37.085] "remote.SSH.serverInstallPath": {}
[02:02:37.091] SSH Resolver called for host: fcs
[02:02:37.091] Setting up SSH remote "fcs"
[02:02:37.096] Acquiring local install lock: /tmp/vscode-remote-ssh-c5fe3847-install.lock
[02:02:37.098] Looking for existing server data file at /home/panda/.config/Code/User/globalStorage/ms-vscode-remote.remote-ssh/vscode-ssh-host-c5fe3847-6c3e3dba23e8fadc360aed75ce363ba185c49794-0.102.0/data.json
[02:02:37.099] Using commit id "6c3e3dba23e8fadc360aed75ce363ba185c49794" and quality "stable" for server
[02:02:37.106] Install and start server if needed
[02:02:37.112] PATH: /sbin:/bin:/usr/local/sbin:/usr/local/bin:/usr/bin:/usr/sbin:/usr/bin/site_perl:/usr/bin/vendor_perl:/usr/bin/core_perl:/usr/lib/rustup/bin
[02:02:37.112] Checking ssh with "ssh -V"
[02:02:37.122] > OpenSSH_9.4p1, OpenSSL 3.1.2 1 Aug 2023

[02:02:37.126] askpass server listening on /run/user/1000/vscode-ssh-askpass-b149f7d81c8028d130440088e8caa6db5ea38931.sock
[02:02:37.126] Spawning local server with {"serverId":1,"ipcHandlePath":"/run/user/1000/vscode-ssh-askpass-81a2c37771a5de24bcfc64be0552f0dab1ce6c1d.sock","sshCommand":"ssh","sshArgs":["-v","-T","-D","38253","-o","ConnectTimeout=15","fcs"],"serverDataFolderName":".vscode-server","dataFilePath":"/home/panda/.config/Code/User/globalStorage/ms-vscode-remote.remote-ssh/vscode-ssh-host-c5fe3847-6c3e3dba23e8fadc360aed75ce363ba185c49794-0.102.0/data.json"}
[02:02:37.126] Local server env: {"SHELL":"/bin/zsh","DISPLAY":":0","ELECTRON_RUN_AS_NODE":"1","SSH_ASKPASS":"/home/panda/.vscode/extensions/ms-vscode-remote.remote-ssh-0.102.0/out/local-server/askpass.sh","VSCODE_SSH_ASKPASS_NODE":"/opt/visual-studio-code/code","VSCODE_SSH_ASKPASS_EXTRA_ARGS":"--ms-enable-electron-run-as-node","VSCODE_SSH_ASKPASS_MAIN":"/home/panda/.vscode/extensions/ms-vscode-remote.remote-ssh-0.102.0/out/askpass-main.js","VSCODE_SSH_ASKPASS_HANDLE":"/run/user/1000/vscode-ssh-askpass-b149f7d81c8028d130440088e8caa6db5ea38931.sock"}
[02:02:37.131] Spawned 82447
[02:02:37.240] > local-server-1> Running ssh connection command: "-v -T -D 38253 -o ConnectTimeout=15 fcs"
[02:02:37.246] > local-server-1> Spawned ssh, pid=82457
[02:02:37.251] stderr> OpenSSH_9.4p1, OpenSSL 3.1.2 1 Aug 2023
[02:02:37.545] stderr> debug1: Server host key: ssh-ed25519 SHA256:W7V3D0HZQ92QEyEiTOQpdGv9kRhmB4/661RXJ4xeTJs
[02:02:37.757] stderr> Authenticated to 192.168.2.234 ([192.168.2.234]:22) using "publickey".
[02:02:38.625] > Welcome to Ubuntu 22.04.3 LTS (GNU/Linux 5.15.0-82-generic x86_64)
> 
>  * Documentation:  https://help.ubuntu.com
>  * Management:     https://landscape.canonical.com
>  * Support:        https://ubuntu.com/advantage
> 
>   System information as of Tue Aug 29 08:32:34 PM UTC 2023
> 
>   System load:  0.07080078125      Processes:               309
>   Usage of /:   11.1% of 97.87GB   Users logged in:         0
>   Memory usage: 5%                 IPv4 address for ens160: 192.168.2.234
>   Swap usage:   0%
> 
>  * Strictly confined Kubernetes makes edge and IoT secure. Learn how MicroK8s
>    just raised the bar for easy, resilient and secure K8s cluster deployment.
> 
>    https://ubuntu.com/engage/secure-kubernetes-at-the-edge
> 
> Expanded Security Maintenance for Applications is not enabled.
> 
> 1 update can be applied immediately.
> 1 of these updates is a standard security update.
> To see these additional updates run: apt list --upgradable
> 
> Enable ESM Apps to receive additional future security updates.
> See https://ubuntu.com/esm or run: sudo pro status
> 
[02:02:38.651] > ready: bec958ce5a43
[02:02:38.683] > Linux 5.15.0-82-generic #91-Ubuntu SMP Mon Aug 14 14:14:14 UTC 2023
[02:02:38.684] Platform: linux
[02:02:38.694] > /bin/bash
[02:02:38.695] Shell: bash
[02:02:38.695] Creating bash subshell inside "bash"
[02:02:38.713] > bash version:  5.1.16(1)-release
[02:02:38.773] > bec958ce5a43: running
[02:02:38.848] > Acquiring lock on /home/iiitd/.vscode-server/bin/6c3e3dba23e8fadc360aed75ce363ba185c49794/vscode-remote-lock.iiitd.6c3e3dba23e8fadc360aed75ce363ba185c49794
> Found existing installation at /home/iiitd/.vscode-server/bin/6c3e3dba23e8fadc360aed75ce363ba185c49794...
> Checking /home/iiitd/.vscode-server/.6c3e3dba23e8fadc360aed75ce363ba185c49794.log and /home/iiitd/.vscode-server/.6c3e3dba23e8fadc360aed75ce363ba185c49794.pid for a running server
> Looking for server with pid: 8672
[02:02:38.864] > Running ssh connection command... /home/iiitd/.vscode-server/bin/6c3e3dba23e8fadc360aed75ce363ba185c49794/bin/code-server --start-server --host=127.0.0.1 --accept-server-license-terms --enable-remote-auto-shutdown --port=0 --telemetry-level all   &> "/home/iiitd/.vscode-server/.6c3e3dba23e8fadc360aed75ce363ba185c49794.log" < /dev/null
> printenv:
>     SHELL=/bin/bash
>     PWD=/home/iiitd
>     LOGNAME=iiitd
>     XDG_SESSION_TYPE=tty
>     MOTD_SHOWN=pam
>     HOME=/home/iiitd
>     LANG=en_US.UTF-8
>     VSCODE_AGENT_FOLDER=/home/iiitd/.vscode-server
>     SSH_CONNECTION=192.168.1.99 54010 192.168.2.234 22
>     XDG_SESSION_CLASS=user
>     USER=iiitd
>     SHLVL=1
>     XDG_SESSION_ID=1
>     XDG_RUNTIME_DIR=/run/user/1000
>     SSH_CLIENT=192.168.1.99 54010 22
>     XDG_DATA_DIRS=/usr/local/share:/usr/share:/var/lib/snapd/desktop
>     PATH=/home/iiitd/.local/bin:/usr/local/sbin:/usr/local/bin:/usr/sbin:/usr/bin:/sbin:/bin:/usr/games:/usr/local/games:/snap/bin
>     DBUS_SESSION_BUS_ADDRESS=unix:path=/run/user/1000/bus
>     _=/usr/bin/printenv
[02:02:38.876] > Removing old logfile at /home/iiitd/.vscode-server/.6c3e3dba23e8fadc360aed75ce363ba185c49794.log
> Spawned remote server: 1331
[02:02:38.878] > Waiting for server log...
[02:02:38.923] > Waiting for server log...
[02:02:38.953] > Waiting for server log...
[02:02:39.014] > Waiting for server log...
[02:02:39.044] > Waiting for server log...
[02:02:39.073] > Waiting for server log...
[02:02:39.104] > Waiting for server log...
[02:02:39.164] > Waiting for server log...
[02:02:39.182] > Waiting for server log...
[02:02:39.223] > Waiting for server log...
[02:02:39.283] >  
> *
> * Visual Studio Code Server
> *
> * By using the software, you agree to
> * the Visual Studio Code Server License Terms (https://aka.ms/vscode-server-license) and
> * the Microsoft Privacy Statement (https://privacy.microsoft.com/en-US/privacystatement).
> *
>  
[02:02:39.315] > bec958ce5a43: start
> SSH_AUTH_SOCK====
> DISPLAY====
> webUiAccessToken====
> listeningOn==40859==
> osReleaseId==ubuntu==
> arch==x86_64==
> vscodeArch==x64==
> bitness==64==
> tmpDir==/run/user/1000==
> platform==linux==
> unpackResult====
> didLocalDownload==0==
> downloadTime====
> installTime====
> extInstallTime====
> serverStartTime==391==
> connectionToken==111aaaaa-1aa1-1111-aa1a-a11a1aa11111==
> bec958ce5a43: end
[02:02:39.316] Received install output: 
SSH_AUTH_SOCK====
DISPLAY====
webUiAccessToken====
listeningOn==40859==
osReleaseId==ubuntu==
arch==x86_64==
vscodeArch==x64==
bitness==64==
tmpDir==/run/user/1000==
platform==linux==
unpackResult====
didLocalDownload==0==
downloadTime====
installTime====
extInstallTime====
serverStartTime==391==
connectionToken==111aaaaa-1aa1-1111-aa1a-a11a1aa11111==

[02:02:39.318] Remote server is listening on 40859
[02:02:39.318] Parsed server configuration: {"serverConfiguration":{"remoteListeningOn":{"port":40859},"osReleaseId":"ubuntu","arch":"x86_64","webUiAccessToken":"","sshAuthSock":"","display":"","tmpDir":"/run/user/1000","platform":"linux","connectionToken":"111aaaaa-1aa1-1111-aa1a-a11a1aa11111"},"serverStartTime":391,"installUnpackCode":""}
[02:02:39.320] Persisting server connection details to /home/panda/.config/Code/User/globalStorage/ms-vscode-remote.remote-ssh/vscode-ssh-host-c5fe3847-6c3e3dba23e8fadc360aed75ce363ba185c49794-0.102.0/data.json
[02:02:39.323] Starting forwarding server. localPort 41529 -> socksPort 38253 -> remotePort 40859
[02:02:39.324] Forwarding server listening on 41529
[02:02:39.325] Waiting for ssh tunnel to be ready
[02:02:39.329] [Forwarding server 41529] Got connection 0
[02:02:39.333] Tunneled 40859 to local port 41529
[02:02:39.334] Resolved "ssh-remote+fcs" to "127.0.0.1:41529"
[02:02:39.358] ------




[02:02:39.393] [Forwarding server 41529] Got connection 1
[02:02:39.535] [Forwarding server 41529] Got connection 2
[02:07:18.521] [Forwarding server 41529] Got connection 3
[02:07:18.966] [Forwarding server 41529] Got connection 4
[02:40:17.133] [Forwarding server 41529] Got connection 5
[02:40:17.532] [Forwarding server 41529] Got connection 6
[02:43:32.015] [Forwarding server 41529] Got connection 7
