[00:26:55.058] Log Level: 2
[00:26:55.071] VS Code version: 1.81.1
[00:26:55.071] Remote-SSH version: remote-ssh@0.102.0
[00:26:55.071] linux x64
[00:26:55.081] SSH Resolver called for "ssh-remote+fcs", attempt 1
[00:26:55.082] "remote.SSH.useLocalServer": true
[00:26:55.082] "remote.SSH.path": undefined
[00:26:55.083] "remote.SSH.configFile": undefined
[00:26:55.083] "remote.SSH.useFlock": true
[00:26:55.083] "remote.SSH.lockfilesInTmp": false
[00:26:55.083] "remote.SSH.localServerDownload": auto
[00:26:55.083] "remote.SSH.remoteServerListenOnSocket": false
[00:26:55.083] "remote.SSH.showLoginTerminal": false
[00:26:55.083] "remote.SSH.defaultExtensions": []
[00:26:55.083] "remote.SSH.loglevel": 2
[00:26:55.084] "remote.SSH.enableDynamicForwarding": true
[00:26:55.084] "remote.SSH.enableRemoteCommand": false
[00:26:55.084] "remote.SSH.serverPickPortsFromRange": {}
[00:26:55.084] "remote.SSH.serverInstallPath": {}
[00:26:55.088] SSH Resolver called for host: fcs
[00:26:55.088] Setting up SSH remote "fcs"
[00:26:55.093] Acquiring local install lock: /tmp/vscode-remote-ssh-c5fe3847-install.lock
[00:26:55.094] Looking for existing server data file at /home/panda/.config/Code/User/globalStorage/ms-vscode-remote.remote-ssh/vscode-ssh-host-c5fe3847-6c3e3dba23e8fadc360aed75ce363ba185c49794-0.102.0/data.json
[00:26:55.095] Using commit id "6c3e3dba23e8fadc360aed75ce363ba185c49794" and quality "stable" for server
[00:26:55.102] Install and start server if needed
[00:26:55.107] PATH: /sbin:/bin:/usr/local/sbin:/usr/local/bin:/usr/bin:/usr/sbin:/usr/bin/site_perl:/usr/bin/vendor_perl:/usr/bin/core_perl:/usr/lib/rustup/bin
[00:26:55.108] Checking ssh with "ssh -V"
[00:26:55.117] > OpenSSH_9.4p1, OpenSSL 3.1.2 1 Aug 2023

[00:26:55.120] askpass server listening on /run/user/1000/vscode-ssh-askpass-3a545224a3255bd768216c82d2e8a1041716dbe4.sock
[00:26:55.120] Spawning local server with {"serverId":1,"ipcHandlePath":"/run/user/1000/vscode-ssh-askpass-4b51ab428ebaaf334ffa8cda5076df92b14ee89a.sock","sshCommand":"ssh","sshArgs":["-v","-T","-D","36375","-o","ConnectTimeout=15","fcs"],"serverDataFolderName":".vscode-server","dataFilePath":"/home/panda/.config/Code/User/globalStorage/ms-vscode-remote.remote-ssh/vscode-ssh-host-c5fe3847-6c3e3dba23e8fadc360aed75ce363ba185c49794-0.102.0/data.json"}
[00:26:55.120] Local server env: {"SHELL":"/bin/zsh","DISPLAY":":0","ELECTRON_RUN_AS_NODE":"1","SSH_ASKPASS":"/home/panda/.vscode/extensions/ms-vscode-remote.remote-ssh-0.102.0/out/local-server/askpass.sh","VSCODE_SSH_ASKPASS_NODE":"/opt/visual-studio-code/code","VSCODE_SSH_ASKPASS_EXTRA_ARGS":"--ms-enable-electron-run-as-node","VSCODE_SSH_ASKPASS_MAIN":"/home/panda/.vscode/extensions/ms-vscode-remote.remote-ssh-0.102.0/out/askpass-main.js","VSCODE_SSH_ASKPASS_HANDLE":"/run/user/1000/vscode-ssh-askpass-3a545224a3255bd768216c82d2e8a1041716dbe4.sock"}
[00:26:55.125] Spawned 65751
[00:26:55.233] > local-server-1> Running ssh connection command: "-v -T -D 36375 -o ConnectTimeout=15 fcs"
[00:26:55.236] > local-server-1> Spawned ssh, pid=65759
[00:26:55.240] stderr> OpenSSH_9.4p1, OpenSSL 3.1.2 1 Aug 2023
[00:26:55.430] stderr> debug1: Server host key: ssh-ed25519 SHA256:W7V3D0HZQ92QEyEiTOQpdGv9kRhmB4/661RXJ4xeTJs
[00:26:55.678] stderr> Authenticated to 192.168.2.234 ([192.168.2.234]:22) using "publickey".
[00:26:56.329] > Welcome to Ubuntu 22.04.3 LTS (GNU/Linux 5.15.0-82-generic x86_64)
> 
>  * Documentation:  https://help.ubuntu.com
>  * Management:     https://landscape.canonical.com
>  * Support:        https://ubuntu.com/advantage
> 
>   System information as of Tue Aug 29 06:56:52 PM UTC 2023
> 
>   System load:  0.1826171875       Processes:               293
>   Usage of /:   10.9% of 97.87GB   Users logged in:         0
>   Memory usage: 13%                IPv4 address for ens160: 192.168.2.234
>   Swap usage:   0%
> 
>  * Strictly confined Kubernetes makes edge and IoT secure. Learn how MicroK8s
>    just raised the bar for easy, resilient and secure K8s cluster deployment.
> 
>    https://ubuntu.com/engage/secure-kubernetes-at-the-edge
> 
> Expanded Security Maintenance for Applications is not enabled.
> 
> 1 update can be applied immediately.
> 1 of these updates is a standard security update.
> To see these additional updates run: apt list --upgradable
> 
> Enable ESM Apps to receive additional future security updates.
> See https://ubuntu.com/esm or run: sudo pro status
> 
[00:26:56.343] > ready: 7c81be6708b3
[00:26:56.392] > Linux 5.15.0-82-generic #91-Ubuntu SMP Mon Aug 14 14:14:14 UTC 2023
[00:26:56.392] Platform: linux
[00:26:56.407] > /bin/bash
[00:26:56.407] Shell: bash
[00:26:56.408] Creating bash subshell inside "bash"
[00:26:56.422] > bash version:  5.1.16(1)-release
[00:26:56.593] > 7c81be6708b3: running
> Acquiring lock on /home/iiitd/.vscode-server/bin/6c3e3dba23e8fadc360aed75ce363ba185c49794/vscode-remote-lock.iiitd.6c3e3dba23e8fadc360aed75ce363ba185c49794
[00:26:56.594] > Found existing installation at /home/iiitd/.vscode-server/bin/6c3e3dba23e8fadc360aed75ce363ba185c49794...
> Checking /home/iiitd/.vscode-server/.6c3e3dba23e8fadc360aed75ce363ba185c49794.log and /home/iiitd/.vscode-server/.6c3e3dba23e8fadc360aed75ce363ba185c49794.pid for a running server
> Looking for server with pid: 8672
[00:26:56.705] > Found running server...
>  
> *
> * Visual Studio Code Server
> *
> * By using the software, you agree to
> * the Visual Studio Code Server License Terms (https://aka.ms/vscode-server-license) and
> * the Microsoft Privacy Statement (https://privacy.microsoft.com/en-US/privacystatement).
> *
>  
> Checking server status on port 41981 with wget
> 7c81be6708b3: start
> SSH_AUTH_SOCK====
> DISPLAY====
> webUiAccessToken====
> listeningOn==41981==
> osReleaseId==ubuntu==
> arch==x86_64==
> vscodeArch==x64==
> bitness==64==
> tmpDir==/run/user/1000==
> platform==linux==
> unpackResult====
> didLocalDownload==0==
> downloadTime====
> installTime====
> extInstallTime====
> serverStartTime====
> connectionToken==aa111a11-a1aa-1aa1-11a1-111111aaaa1a==
> 7c81be6708b3: end
[00:26:56.706] Received install output: 
SSH_AUTH_SOCK====
DISPLAY====
webUiAccessToken====
listeningOn==41981==
osReleaseId==ubuntu==
arch==x86_64==
vscodeArch==x64==
bitness==64==
tmpDir==/run/user/1000==
platform==linux==
unpackResult====
didLocalDownload==0==
downloadTime====
installTime====
extInstallTime====
serverStartTime====
connectionToken==aa111a11-a1aa-1aa1-11a1-111111aaaa1a==

[00:26:56.707] Remote server is listening on 41981
[00:26:56.707] Parsed server configuration: {"serverConfiguration":{"remoteListeningOn":{"port":41981},"osReleaseId":"ubuntu","arch":"x86_64","webUiAccessToken":"","sshAuthSock":"","display":"","tmpDir":"/run/user/1000","platform":"linux","connectionToken":"aa111a11-a1aa-1aa1-11a1-111111aaaa1a"},"installUnpackCode":""}
[00:26:56.709] Persisting server connection details to /home/panda/.config/Code/User/globalStorage/ms-vscode-remote.remote-ssh/vscode-ssh-host-c5fe3847-6c3e3dba23e8fadc360aed75ce363ba185c49794-0.102.0/data.json
[00:26:56.714] Starting forwarding server. localPort 38231 -> socksPort 36375 -> remotePort 41981
[00:26:56.714] Forwarding server listening on 38231
[00:26:56.715] Waiting for ssh tunnel to be ready
[00:26:56.717] [Forwarding server 38231] Got connection 0
[00:26:56.719] Tunneled 41981 to local port 38231
[00:26:56.719] Resolved "ssh-remote+fcs" to "127.0.0.1:38231"
[00:26:56.741] ------




[00:26:56.778] [Forwarding server 38231] Got connection 1
[00:26:56.914] [Forwarding server 38231] Got connection 2
[00:29:02.886] [Forwarding server 38231] Got connection 3
[00:29:03.132] [Forwarding server 38231] Got connection 4
[00:29:35.937] [Forwarding server 38231] Got connection 5
[00:29:36.204] [Forwarding server 38231] Got connection 6
[00:30:01.448] [Forwarding server 38231] Got connection 7
[00:30:01.812] [Forwarding server 38231] Got connection 8
[00:30:08.781] [Forwarding server 38231] Got connection 9
[02:00:40.221] > local-server-1> ssh child died, shutting down
[02:00:40.236] Local server exit: 0
[02:00:40.276] ------




[02:00:40.276] SSH Resolver called for "ssh-remote+fcs", attempt 2, (Reconnection)
[02:00:40.277] SSH Resolver called for host: fcs
[02:00:40.277] Setting up SSH remote "fcs"
[02:00:40.279] Acquiring local install lock: /tmp/vscode-remote-ssh-c5fe3847-install.lock
[02:00:40.280] Looking for existing server data file at /home/panda/.config/Code/User/globalStorage/ms-vscode-remote.remote-ssh/vscode-ssh-host-c5fe3847-6c3e3dba23e8fadc360aed75ce363ba185c49794-0.102.0/data.json
[02:00:40.281] Using commit id "6c3e3dba23e8fadc360aed75ce363ba185c49794" and quality "stable" for server
[02:00:40.285] Install and start server if needed
[02:00:40.289] askpass server listening on /run/user/1000/vscode-ssh-askpass-d79ce3996ab8bf4d52f888ff4bcc30acb540c495.sock
[02:00:40.289] Spawning local server with {"serverId":2,"ipcHandlePath":"/run/user/1000/vscode-ssh-askpass-154e2c0174bc70749a101e539b74a8007379b1ab.sock","sshCommand":"ssh","sshArgs":["-v","-T","-D","40139","-o","ConnectTimeout=15","fcs"],"serverDataFolderName":".vscode-server","dataFilePath":"/home/panda/.config/Code/User/globalStorage/ms-vscode-remote.remote-ssh/vscode-ssh-host-c5fe3847-6c3e3dba23e8fadc360aed75ce363ba185c49794-0.102.0/data.json"}
[02:00:40.289] Local server env: {"SHELL":"/bin/zsh","DISPLAY":":0","ELECTRON_RUN_AS_NODE":"1","SSH_ASKPASS":"/home/panda/.vscode/extensions/ms-vscode-remote.remote-ssh-0.102.0/out/local-server/askpass.sh","VSCODE_SSH_ASKPASS_NODE":"/opt/visual-studio-code/code","VSCODE_SSH_ASKPASS_EXTRA_ARGS":"--ms-enable-electron-run-as-node","VSCODE_SSH_ASKPASS_MAIN":"/home/panda/.vscode/extensions/ms-vscode-remote.remote-ssh-0.102.0/out/askpass-main.js","VSCODE_SSH_ASKPASS_HANDLE":"/run/user/1000/vscode-ssh-askpass-d79ce3996ab8bf4d52f888ff4bcc30acb540c495.sock"}
[02:00:40.295] Spawned 81547
[02:00:40.399] > local-server-2> Running ssh connection command: "-v -T -D 40139 -o ConnectTimeout=15 fcs"
[02:00:40.403] > local-server-2> Spawned ssh, pid=81555
[02:00:40.406] stderr> OpenSSH_9.4p1, OpenSSL 3.1.2 1 Aug 2023
[02:00:40.426] stderr> ssh: connect to host 192.168.2.234 port 22: Connection refused
[02:00:40.427] > local-server-2> ssh child died, shutting down
[02:00:40.430] Local server exit: 0
[02:00:40.431] Received install output: local-server-2> Running ssh connection command: "-v -T -D 40139 -o ConnectTimeout=15 fcs"
local-server-2> Spawned ssh, pid=81555
OpenSSH_9.4p1, OpenSSL 3.1.2 1 Aug 2023
ssh: connect to host 192.168.2.234 port 22: Connection refused
local-server-2> ssh child died, shutting down

[02:00:40.432] Failed to parse remote port from server output
[02:00:40.433] Resolver error: Error: 
	at m.Create (/home/panda/.vscode/extensions/ms-vscode-remote.remote-ssh-0.102.0/out/extension.js:1:584145)
	at t.handleInstallOutput (/home/panda/.vscode/extensions/ms-vscode-remote.remote-ssh-0.102.0/out/extension.js:1:582705)
	at Object.e [as tryInstallWithLocalServer] (/home/panda/.vscode/extensions/ms-vscode-remote.remote-ssh-0.102.0/out/extension.js:1:623656)
	at process.processTicksAndRejections (node:internal/process/task_queues:96:5)
	at async /home/panda/.vscode/extensions/ms-vscode-remote.remote-ssh-0.102.0/out/extension.js:1:643708
	at async t.withShowDetailsEvent (/home/panda/.vscode/extensions/ms-vscode-remote.remote-ssh-0.102.0/out/extension.js:1:647428)
	at async /home/panda/.vscode/extensions/ms-vscode-remote.remote-ssh-0.102.0/out/extension.js:1:622128
	at async C (/home/panda/.vscode/extensions/ms-vscode-remote.remote-ssh-0.102.0/out/extension.js:1:618634)
	at async t.resolveWithLocalServer (/home/panda/.vscode/extensions/ms-vscode-remote.remote-ssh-0.102.0/out/extension.js:1:621743)
	at async t.resolve (/home/panda/.vscode/extensions/ms-vscode-remote.remote-ssh-0.102.0/out/extension.js:1:645036)
	at async /home/panda/.vscode/extensions/ms-vscode-remote.remote-ssh-0.102.0/out/extension.js:1:720916
[02:00:40.436] ------




