2023-08-31 19:51:54.240 [info] Added views:workbench.panel.markers.view in workbench.panel.markers
2023-08-31 19:51:54.240 [info] Added views:workbench.panel.output in workbench.panel.output
2023-08-31 19:51:54.240 [info] Added views:terminal in terminal
2023-08-31 19:51:54.240 [info] Added views:outline in workbench.view.explorer
2023-08-31 19:51:54.240 [info] Added views:workbench.scm in workbench.view.scm
2023-08-31 19:51:54.240 [info] Added views:workbench.view.search in workbench.view.search
2023-08-31 19:51:54.240 [info] Added views:timeline in workbench.view.explorer
2023-08-31 19:51:54.240 [info] Added views:workbench.explorer.emptyView in workbench.view.explorer
2023-08-31 19:51:54.413 [info] Added views:workbench.debug.variablesView,workbench.debug.watchExpressionsView,workbench.debug.callStackView,workbench.debug.breakPointsView in workbench.view.debug
2023-08-31 19:51:54.699 [info] Added views:cph.judgeView in workbench.view.extension.cph-judge-view-container
2023-08-31 19:51:54.702 [info] Added views:dockerContainers,dockerImages,dockerRegistries,dockerNetworks,dockerVolumes,vscode-docker.views.dockerContexts,vscode-docker.views.help in workbench.view.extension.dockerView
2023-08-31 19:51:54.704 [info] Added views:remoteTargets in workbench.view.remote
2023-08-31 19:51:54.972 [info] Added views:workbench.panel.repl.view in workbench.panel.repl
2023-08-31 19:51:54.974 [info] Removed views:workbench.debug.breakPointsView,workbench.debug.callStackView,workbench.debug.watchExpressionsView,workbench.debug.variablesView from workbench.view.debug
2023-08-31 19:51:54.975 [info] Added views:workbench.debug.welcome in workbench.view.debug
2023-08-31 19:52:10.843 [info] Added views:workbench.panel.markers.view in workbench.panel.markers
2023-08-31 19:52:10.843 [info] Added views:workbench.panel.output in workbench.panel.output
2023-08-31 19:52:10.843 [info] Added views:terminal in terminal
2023-08-31 19:52:10.843 [info] Added views:outline in workbench.view.explorer
2023-08-31 19:52:10.843 [info] Added views:workbench.scm in workbench.view.scm
2023-08-31 19:52:10.843 [info] Added views:workbench.view.search in workbench.view.search
2023-08-31 19:52:10.843 [info] Added views:timeline in workbench.view.explorer
2023-08-31 19:52:10.843 [info] Added views:workbench.explorer.fileView in workbench.view.explorer
2023-08-31 19:52:11.027 [info] Added views:workbench.debug.welcome in workbench.view.debug
2023-08-31 19:52:11.337 [info] Added views:~remote.forwardedPorts in ~remote.forwardedPortsContainer
2023-08-31 19:52:17.380 [info] Added views:remoteTargets in workbench.view.remote
2023-08-31 19:52:19.920 [info] Added views:workbench.panel.repl.view in workbench.panel.repl
2023-08-31 19:53:14.125 [info] Added views:workbench.view.testing in workbench.view.extension.test
2023-08-31 20:23:37.878 [info] Removed views:workbench.view.testing from workbench.view.extension.test
2023-08-31 20:23:38.521 [info] Added views:workbench.panel.markers.view in workbench.panel.markers
2023-08-31 20:23:38.521 [info] Added views:workbench.panel.output in workbench.panel.output
2023-08-31 20:23:38.521 [info] Added views:terminal in terminal
2023-08-31 20:23:38.521 [info] Added views:outline in workbench.view.explorer
2023-08-31 20:23:38.521 [info] Added views:workbench.scm in workbench.view.scm
2023-08-31 20:23:38.521 [info] Added views:workbench.view.search in workbench.view.search
2023-08-31 20:23:38.521 [info] Added views:timeline in workbench.view.explorer
2023-08-31 20:23:38.521 [info] Added views:workbench.explorer.fileView in workbench.view.explorer
2023-08-31 20:23:38.717 [info] Added views:workbench.debug.welcome in workbench.view.debug
2023-08-31 20:23:40.595 [info] Added views:remoteTargets in workbench.view.remote
2023-08-31 20:23:41.342 [info] Added views:~remote.forwardedPorts in ~remote.forwardedPortsContainer
2023-08-31 20:23:42.270 [info] Added views:workbench.panel.repl.view in workbench.panel.repl
2023-08-31 20:23:43.263 [info] Added views:workbench.view.testing in workbench.view.extension.test
2023-08-31 20:24:08.473 [info] Added views:jupyterViewVariables in workbench.view.extension.jupyter-variables
2023-08-31 20:24:08.597 [info] Added views:cell-tag in workbench.view.extension.jupyter-variables
2023-08-31 20:24:09.308 [info] Removed views:cell-tag,jupyterViewVariables from workbench.view.extension.jupyter-variables
2023-08-31 20:53:07.698 [info] Added views:jupyterViewVariables,cell-tag in workbench.view.extension.jupyter-variables
2023-08-31 20:53:18.783 [info] Removed views:cell-tag,jupyterViewVariables from workbench.view.extension.jupyter-variables
2023-08-31 21:24:33.572 [info] Added views:jupyterViewVariables,cell-tag in workbench.view.extension.jupyter-variables
2023-08-31 21:24:38.615 [info] Removed views:cell-tag,jupyterViewVariables from workbench.view.extension.jupyter-variables
2023-08-31 21:53:38.254 [info] Removed views:workbench.view.testing from workbench.view.extension.test
2023-08-31 21:53:38.882 [info] Added views:workbench.panel.markers.view in workbench.panel.markers
2023-08-31 21:53:38.882 [info] Added views:workbench.panel.output in workbench.panel.output
2023-08-31 21:53:38.882 [info] Added views:terminal in terminal
2023-08-31 21:53:38.882 [info] Added views:outline in workbench.view.explorer
2023-08-31 21:53:38.882 [info] Added views:workbench.scm in workbench.view.scm
2023-08-31 21:53:38.882 [info] Added views:workbench.view.search in workbench.view.search
2023-08-31 21:53:38.882 [info] Added views:timeline in workbench.view.explorer
2023-08-31 21:53:38.882 [info] Added views:workbench.explorer.fileView in workbench.view.explorer
2023-08-31 21:53:39.220 [info] Added views:cph.judgeView in workbench.view.extension.cph-judge-view-container
2023-08-31 21:53:39.221 [info] Added views:dockerContainers,dockerImages,dockerRegistries,dockerNetworks,dockerVolumes,vscode-docker.views.dockerContexts,vscode-docker.views.help in workbench.view.extension.dockerView
2023-08-31 21:53:39.221 [info] Added views:remoteTargets in workbench.view.remote
2023-08-31 21:53:39.432 [info] Added views:workbench.debug.welcome in workbench.view.debug
2023-08-31 21:53:39.490 [info] Added views:workbench.panel.repl.view in workbench.panel.repl
2023-08-31 21:53:41.738 [info] Added views:workbench.view.testing in workbench.view.extension.test
2023-08-31 21:54:02.299 [info] Removed views:workbench.view.testing from workbench.view.extension.test
2023-08-31 21:54:02.833 [info] Added views:workbench.panel.markers.view in workbench.panel.markers
2023-08-31 21:54:02.833 [info] Added views:workbench.panel.output in workbench.panel.output
2023-08-31 21:54:02.833 [info] Added views:terminal in terminal
2023-08-31 21:54:02.833 [info] Added views:outline in workbench.view.explorer
2023-08-31 21:54:02.833 [info] Added views:workbench.scm in workbench.view.scm
2023-08-31 21:54:02.833 [info] Added views:workbench.view.search in workbench.view.search
2023-08-31 21:54:02.833 [info] Added views:timeline in workbench.view.explorer
2023-08-31 21:54:02.833 [info] Added views:workbench.explorer.fileView in workbench.view.explorer
2023-08-31 21:54:02.947 [info] Added views:workbench.debug.welcome in workbench.view.debug
2023-08-31 21:54:05.012 [info] Added views:~remote.forwardedPorts in ~remote.forwardedPortsContainer
2023-08-31 21:54:05.692 [info] Added views:remoteTargets in workbench.view.remote
2023-08-31 21:54:07.389 [info] Added views:workbench.panel.repl.view in workbench.panel.repl
2023-08-31 21:54:09.698 [info] Added views:workbench.view.testing in workbench.view.extension.test
2023-08-31 21:54:18.446 [info] Removed views:workbench.view.testing from workbench.view.extension.test
2023-08-31 21:54:18.887 [info] Added views:workbench.panel.markers.view in workbench.panel.markers
2023-08-31 21:54:18.887 [info] Added views:workbench.panel.output in workbench.panel.output
2023-08-31 21:54:18.887 [info] Added views:terminal in terminal
2023-08-31 21:54:18.887 [info] Added views:outline in workbench.view.explorer
2023-08-31 21:54:18.887 [info] Added views:workbench.scm in workbench.view.scm
2023-08-31 21:54:18.887 [info] Added views:workbench.view.search in workbench.view.search
2023-08-31 21:54:18.887 [info] Added views:timeline in workbench.view.explorer
2023-08-31 21:54:18.887 [info] Added views:workbench.explorer.fileView in workbench.view.explorer
2023-08-31 21:54:19.071 [info] Added views:workbench.debug.welcome in workbench.view.debug
2023-08-31 21:54:20.811 [info] Added views:remoteTargets in workbench.view.remote
2023-08-31 21:54:21.163 [info] Added views:~remote.forwardedPorts in ~remote.forwardedPortsContainer
2023-08-31 21:54:23.960 [info] Added views:workbench.panel.repl.view in workbench.panel.repl
2023-08-31 21:54:28.193 [info] Added views:workbench.view.testing in workbench.view.extension.test
2023-08-31 21:54:31.378 [info] Added views:jupyterViewVariables in workbench.view.extension.jupyter-variables
2023-08-31 21:54:31.563 [info] Added views:cell-tag in workbench.view.extension.jupyter-variables
2023-08-31 21:54:51.042 [info] Removed views:cell-tag,jupyterViewVariables from workbench.view.extension.jupyter-variables
2023-08-31 21:56:02.176 [info] Added views:jupyterViewVariables,cell-tag in workbench.view.extension.jupyter-variables
2023-08-31 22:35:09.300 [info] Removed views:workbench.view.testing from workbench.view.extension.test
2023-08-31 22:35:10.116 [info] Added views:workbench.panel.markers.view in workbench.panel.markers
2023-08-31 22:35:10.116 [info] Added views:workbench.panel.output in workbench.panel.output
2023-08-31 22:35:10.116 [info] Added views:terminal in terminal
2023-08-31 22:35:10.116 [info] Added views:outline in workbench.view.explorer
2023-08-31 22:35:10.116 [info] Added views:workbench.scm in workbench.view.scm
2023-08-31 22:35:10.116 [info] Added views:workbench.view.search in workbench.view.search
2023-08-31 22:35:10.116 [info] Added views:timeline in workbench.view.explorer
2023-08-31 22:35:10.116 [info] Added views:workbench.debug.welcome in workbench.view.debug
2023-08-31 22:35:10.116 [info] Added views:workbench.explorer.fileView in workbench.view.explorer
2023-08-31 22:35:12.214 [info] Added views:~remote.forwardedPorts in ~remote.forwardedPortsContainer
2023-08-31 22:35:25.887 [info] Added views:remoteTargets in workbench.view.remote
2023-08-31 22:35:29.265 [info] Added views:workbench.panel.markers.view in workbench.panel.markers
2023-08-31 22:35:29.266 [info] Added views:workbench.panel.output in workbench.panel.output
2023-08-31 22:35:29.266 [info] Added views:terminal in terminal
2023-08-31 22:35:29.266 [info] Added views:outline in workbench.view.explorer
2023-08-31 22:35:29.266 [info] Added views:workbench.scm in workbench.view.scm
2023-08-31 22:35:29.266 [info] Added views:workbench.view.search in workbench.view.search
2023-08-31 22:35:29.266 [info] Added views:timeline in workbench.view.explorer
2023-08-31 22:35:29.266 [info] Added views:workbench.debug.welcome in workbench.view.debug
2023-08-31 22:35:29.266 [info] Added views:workbench.explorer.fileView in workbench.view.explorer
2023-08-31 22:35:31.327 [info] Added views:~remote.forwardedPorts in ~remote.forwardedPortsContainer
2023-08-31 22:35:44.979 [info] Added views:remoteTargets in workbench.view.remote
2023-08-31 22:35:48.291 [info] Added views:workbench.panel.markers.view in workbench.panel.markers
2023-08-31 22:35:48.291 [info] Added views:workbench.panel.output in workbench.panel.output
2023-08-31 22:35:48.291 [info] Added views:terminal in terminal
2023-08-31 22:35:48.291 [info] Added views:outline in workbench.view.explorer
2023-08-31 22:35:48.291 [info] Added views:workbench.scm in workbench.view.scm
2023-08-31 22:35:48.291 [info] Added views:workbench.view.search in workbench.view.search
2023-08-31 22:35:48.291 [info] Added views:timeline in workbench.view.explorer
2023-08-31 22:35:48.291 [info] Added views:workbench.debug.welcome in workbench.view.debug
2023-08-31 22:35:48.291 [info] Added views:workbench.explorer.fileView in workbench.view.explorer
2023-08-31 22:35:52.302 [info] Added views:~remote.forwardedPorts in ~remote.forwardedPortsContainer
2023-08-31 22:36:04.385 [info] Added views:remoteTargets in workbench.view.remote
2023-08-31 22:36:15.801 [info] Added views:workbench.panel.markers.view in workbench.panel.markers
2023-08-31 22:36:15.801 [info] Added views:workbench.panel.output in workbench.panel.output
2023-08-31 22:36:15.801 [info] Added views:terminal in terminal
2023-08-31 22:36:15.801 [info] Added views:outline in workbench.view.explorer
2023-08-31 22:36:15.801 [info] Added views:workbench.scm in workbench.view.scm
2023-08-31 22:36:15.801 [info] Added views:workbench.view.search in workbench.view.search
2023-08-31 22:36:15.801 [info] Added views:timeline in workbench.view.explorer
2023-08-31 22:36:15.801 [info] Added views:workbench.debug.welcome in workbench.view.debug
2023-08-31 22:36:15.801 [info] Added views:workbench.explorer.fileView in workbench.view.explorer
2023-08-31 22:36:17.972 [info] Added views:~remote.forwardedPorts in ~remote.forwardedPortsContainer
2023-08-31 22:36:31.466 [info] Added views:remoteTargets in workbench.view.remote
2023-08-31 22:36:35.106 [info] Added views:workbench.panel.markers.view in workbench.panel.markers
2023-08-31 22:36:35.106 [info] Added views:workbench.panel.output in workbench.panel.output
2023-08-31 22:36:35.106 [info] Added views:terminal in terminal
2023-08-31 22:36:35.106 [info] Added views:outline in workbench.view.explorer
2023-08-31 22:36:35.106 [info] Added views:workbench.scm in workbench.view.scm
2023-08-31 22:36:35.106 [info] Added views:workbench.view.search in workbench.view.search
2023-08-31 22:36:35.106 [info] Added views:timeline in workbench.view.explorer
2023-08-31 22:36:35.106 [info] Added views:workbench.debug.welcome in workbench.view.debug
2023-08-31 22:36:35.106 [info] Added views:workbench.explorer.fileView in workbench.view.explorer
2023-08-31 22:36:37.205 [info] Added views:~remote.forwardedPorts in ~remote.forwardedPortsContainer
2023-08-31 22:36:50.820 [info] Added views:remoteTargets in workbench.view.remote
2023-08-31 22:36:53.119 [info] Added views:workbench.panel.markers.view in workbench.panel.markers
2023-08-31 22:36:53.119 [info] Added views:workbench.panel.output in workbench.panel.output
2023-08-31 22:36:53.119 [info] Added views:terminal in terminal
2023-08-31 22:36:53.119 [info] Added views:outline in workbench.view.explorer
2023-08-31 22:36:53.119 [info] Added views:workbench.scm in workbench.view.scm
2023-08-31 22:36:53.119 [info] Added views:workbench.view.search in workbench.view.search
2023-08-31 22:36:53.119 [info] Added views:timeline in workbench.view.explorer
2023-08-31 22:36:53.119 [info] Added views:workbench.debug.welcome in workbench.view.debug
2023-08-31 22:36:53.119 [info] Added views:workbench.explorer.fileView in workbench.view.explorer
2023-08-31 22:37:08.751 [info] Added views:remoteTargets in workbench.view.remote
2023-08-31 22:37:09.624 [info] Added views:workbench.panel.markers.view in workbench.panel.markers
2023-08-31 22:37:09.624 [info] Added views:workbench.panel.output in workbench.panel.output
2023-08-31 22:37:09.624 [info] Added views:terminal in terminal
2023-08-31 22:37:09.624 [info] Added views:outline in workbench.view.explorer
2023-08-31 22:37:09.624 [info] Added views:workbench.scm in workbench.view.scm
2023-08-31 22:37:09.624 [info] Added views:workbench.view.search in workbench.view.search
2023-08-31 22:37:09.624 [info] Added views:timeline in workbench.view.explorer
2023-08-31 22:37:09.624 [info] Added views:workbench.explorer.emptyView in workbench.view.explorer
2023-08-31 22:37:09.797 [info] Added views:cph.judgeView in workbench.view.extension.cph-judge-view-container
2023-08-31 22:37:09.800 [info] Added views:dockerContainers,dockerImages,dockerRegistries,dockerNetworks,dockerVolumes,vscode-docker.views.dockerContexts,vscode-docker.views.help in workbench.view.extension.dockerView
2023-08-31 22:37:09.800 [info] Added views:remoteTargets in workbench.view.remote
2023-08-31 22:37:10.032 [info] Added views:workbench.debug.variablesView,workbench.debug.watchExpressionsView,workbench.debug.callStackView,workbench.debug.breakPointsView in workbench.view.debug
2023-08-31 22:37:10.091 [info] Added views:workbench.panel.repl.view in workbench.panel.repl
2023-08-31 22:37:10.091 [info] Removed views:workbench.debug.breakPointsView,workbench.debug.callStackView,workbench.debug.watchExpressionsView,workbench.debug.variablesView from workbench.view.debug
2023-08-31 22:37:10.092 [info] Added views:workbench.debug.welcome in workbench.view.debug
2023-08-31 22:37:43.409 [info] Added views:workbench.panel.markers.view in workbench.panel.markers
2023-08-31 22:37:43.409 [info] Added views:workbench.panel.output in workbench.panel.output
2023-08-31 22:37:43.409 [info] Added views:terminal in terminal
2023-08-31 22:37:43.409 [info] Added views:outline in workbench.view.explorer
2023-08-31 22:37:43.409 [info] Added views:workbench.scm in workbench.view.scm
2023-08-31 22:37:43.409 [info] Added views:workbench.view.search in workbench.view.search
2023-08-31 22:37:43.409 [info] Added views:timeline in workbench.view.explorer
2023-08-31 22:37:43.409 [info] Added views:workbench.debug.welcome in workbench.view.debug
2023-08-31 22:37:43.409 [info] Added views:workbench.explorer.fileView in workbench.view.explorer
2023-08-31 22:37:45.643 [info] Added views:~remote.forwardedPorts in ~remote.forwardedPortsContainer
2023-08-31 22:37:47.155 [info] Added views:remoteTargets in workbench.view.remote
2023-08-31 22:37:50.754 [info] Added views:workbench.panel.repl.view in workbench.panel.repl
2023-08-31 22:37:54.116 [info] Added views:jupyterViewVariables,cell-tag in workbench.view.extension.jupyter-variables
2023-08-31 22:37:54.638 [info] Added views:workbench.view.testing in workbench.view.extension.test
2023-08-31 22:39:05.807 [info] Removed views:cell-tag,jupyterViewVariables from workbench.view.extension.jupyter-variables
2023-08-31 22:39:07.007 [info] Added views:jupyterViewVariables,cell-tag in workbench.view.extension.jupyter-variables
2023-08-31 22:39:09.262 [info] Removed views:cell-tag,jupyterViewVariables from workbench.view.extension.jupyter-variables
2023-08-31 22:39:10.607 [info] Added views:jupyterViewVariables,cell-tag in workbench.view.extension.jupyter-variables
2023-08-31 22:39:17.340 [info] Removed views:cell-tag,jupyterViewVariables from workbench.view.extension.jupyter-variables
2023-08-31 22:39:20.994 [info] Added views:jupyterViewVariables,cell-tag in workbench.view.extension.jupyter-variables
2023-09-01 02:35:56.750 [info] Removed views:cell-tag,jupyterViewVariables from workbench.view.extension.jupyter-variables
2023-09-01 02:37:36.566 [info] Added views:jupyterViewVariables,cell-tag in workbench.view.extension.jupyter-variables
2023-09-01 02:42:18.263 [info] Removed views:cell-tag,jupyterViewVariables from workbench.view.extension.jupyter-variables
2023-09-01 02:42:25.167 [info] Removed views:workbench.view.testing from workbench.view.extension.test
