[19:46:10.302] Log Level: 2
[19:46:10.319] VS Code version: 1.81.1
[19:46:10.319] Remote-SSH version: remote-ssh@0.102.0
[19:46:10.320] linux x64
[19:46:10.355] SSH Resolver called for "ssh-remote+btp", attempt 1
[19:46:10.356] "remote.SSH.useLocalServer": true
[19:46:10.357] "remote.SSH.path": undefined
[19:46:10.357] "remote.SSH.configFile": undefined
[19:46:10.357] "remote.SSH.useFlock": true
[19:46:10.357] "remote.SSH.lockfilesInTmp": false
[19:46:10.357] "remote.SSH.localServerDownload": auto
[19:46:10.358] "remote.SSH.remoteServerListenOnSocket": false
[19:46:10.358] "remote.SSH.showLoginTerminal": false
[19:46:10.358] "remote.SSH.defaultExtensions": []
[19:46:10.358] "remote.SSH.loglevel": 2
[19:46:10.359] "remote.SSH.enableDynamicForwarding": true
[19:46:10.359] "remote.SSH.enableRemoteCommand": false
[19:46:10.360] "remote.SSH.serverPickPortsFromRange": {}
[19:46:10.360] "remote.SSH.serverInstallPath": {}
[19:46:10.365] SSH Resolver called for host: btp
[19:46:10.365] Setting up SSH remote "btp"
[19:46:10.370] Acquiring local install lock: /tmp/vscode-remote-ssh-62d7b149-install.lock
[19:46:10.372] Looking for existing server data file at /home/panda/.config/Code/User/globalStorage/ms-vscode-remote.remote-ssh/vscode-ssh-host-62d7b149-6c3e3dba23e8fadc360aed75ce363ba185c49794-0.102.0/data.json
[19:46:10.373] Using commit id "6c3e3dba23e8fadc360aed75ce363ba185c49794" and quality "stable" for server
[19:46:10.379] Install and start server if needed
[19:46:10.386] PATH: /sbin:/bin:/usr/local/sbin:/usr/local/bin:/usr/bin:/usr/sbin:/usr/bin/site_perl:/usr/bin/vendor_perl:/usr/bin/core_perl:/usr/lib/rustup/bin
[19:46:10.386] Checking ssh with "ssh -V"
[19:46:10.398] > OpenSSH_9.4p1, OpenSSL 3.1.2 1 Aug 2023

[19:46:10.404] askpass server listening on /run/user/1000/vscode-ssh-askpass-79deab384672bd8f70e26139cdc56048872ff41d.sock
[19:46:10.404] Spawning local server with {"serverId":1,"ipcHandlePath":"/run/user/1000/vscode-ssh-askpass-15845be5fccf700a3c1916dfd0dc17e27ee244f6.sock","sshCommand":"ssh","sshArgs":["-v","-T","-D","45415","-o","ConnectTimeout=15","btp"],"serverDataFolderName":".vscode-server","dataFilePath":"/home/panda/.config/Code/User/globalStorage/ms-vscode-remote.remote-ssh/vscode-ssh-host-62d7b149-6c3e3dba23e8fadc360aed75ce363ba185c49794-0.102.0/data.json"}
[19:46:10.404] Local server env: {"SHELL":"/bin/zsh","DISPLAY":":0","ELECTRON_RUN_AS_NODE":"1","SSH_ASKPASS":"/home/panda/.vscode/extensions/ms-vscode-remote.remote-ssh-0.102.0/out/local-server/askpass.sh","VSCODE_SSH_ASKPASS_NODE":"/opt/visual-studio-code/code","VSCODE_SSH_ASKPASS_EXTRA_ARGS":"--ms-enable-electron-run-as-node","VSCODE_SSH_ASKPASS_MAIN":"/home/panda/.vscode/extensions/ms-vscode-remote.remote-ssh-0.102.0/out/askpass-main.js","VSCODE_SSH_ASKPASS_HANDLE":"/run/user/1000/vscode-ssh-askpass-79deab384672bd8f70e26139cdc56048872ff41d.sock"}
[19:46:10.409] Spawned 3584
[19:46:10.565] > local-server-1> Running ssh connection command: "-v -T -D 45415 -o ConnectTimeout=15 btp"
[19:46:10.570] > local-server-1> Spawned ssh, pid=3592
[19:46:10.575] stderr> OpenSSH_9.4p1, OpenSSL 3.1.2 1 Aug 2023
[19:46:25.579] stderr> ssh: connect to host 192.168.16.203 port 22: Connection timed out
[19:46:25.581] > local-server-1> ssh child died, shutting down
[19:46:25.586] Local server exit: 0
[19:46:25.587] Received install output: local-server-1> Running ssh connection command: "-v -T -D 45415 -o ConnectTimeout=15 btp"
local-server-1> Spawned ssh, pid=3592
OpenSSH_9.4p1, OpenSSL 3.1.2 1 Aug 2023
ssh: connect to host 192.168.16.203 port 22: Connection timed out
local-server-1> ssh child died, shutting down

[19:46:25.591] Resolver error: Error: The connection timed out
	at m.Offline (/home/panda/.vscode/extensions/ms-vscode-remote.remote-ssh-0.102.0/out/extension.js:1:584196)
	at /home/panda/.vscode/extensions/ms-vscode-remote.remote-ssh-0.102.0/out/extension.js:1:581580
	at t.handleInstallOutput (/home/panda/.vscode/extensions/ms-vscode-remote.remote-ssh-0.102.0/out/extension.js:1:581794)
	at Object.e [as tryInstallWithLocalServer] (/home/panda/.vscode/extensions/ms-vscode-remote.remote-ssh-0.102.0/out/extension.js:1:623656)
	at process.processTicksAndRejections (node:internal/process/task_queues:96:5)
	at async /home/panda/.vscode/extensions/ms-vscode-remote.remote-ssh-0.102.0/out/extension.js:1:643708
	at async t.withShowDetailsEvent (/home/panda/.vscode/extensions/ms-vscode-remote.remote-ssh-0.102.0/out/extension.js:1:647428)
	at async /home/panda/.vscode/extensions/ms-vscode-remote.remote-ssh-0.102.0/out/extension.js:1:622128
	at async C (/home/panda/.vscode/extensions/ms-vscode-remote.remote-ssh-0.102.0/out/extension.js:1:618634)
	at async t.resolveWithLocalServer (/home/panda/.vscode/extensions/ms-vscode-remote.remote-ssh-0.102.0/out/extension.js:1:621743)
	at async t.resolve (/home/panda/.vscode/extensions/ms-vscode-remote.remote-ssh-0.102.0/out/extension.js:1:645036)
	at async /home/panda/.vscode/extensions/ms-vscode-remote.remote-ssh-0.102.0/out/extension.js:1:720916
[19:46:25.599] ------




