2023-08-29 13:03:10.089 [info] Invoking resolveAuthority(ssh-remote)...
2023-08-29 13:03:10.090 [info] [LocalProcess0][resolveAuthority(ssh-remote,1)][0ms] obtaining proxy...
2023-08-29 13:03:10.090 [info] [LocalProcess0][resolveAuthority(ssh-remote,1)][1ms] invoking...
2023-08-29 13:03:11.091 [info] [LocalProcess0][resolveAuthority(ssh-remote,1)][1001ms] waiting...
2023-08-29 13:03:12.090 [info] [LocalProcess0][resolveAuthority(ssh-remote,1)][2001ms] waiting...
2023-08-29 13:03:13.091 [info] [LocalProcess0][resolveAuthority(ssh-remote,1)][3001ms] waiting...
2023-08-29 13:03:14.092 [info] [LocalProcess0][resolveAuthority(ssh-remote,1)][4001ms] waiting...
2023-08-29 13:03:17.518 [info] [perf] Render performance baseline is 33ms
2023-08-29 13:04:26.184 [info] Invoking resolveAuthority(ssh-remote)...
2023-08-29 13:04:26.185 [info] [LocalProcess0][resolveAuthority(ssh-remote,1)][0ms] obtaining proxy...
2023-08-29 13:04:26.185 [info] [LocalProcess0][resolveAuthority(ssh-remote,1)][1ms] invoking...
2023-08-29 13:04:27.186 [info] [LocalProcess0][resolveAuthority(ssh-remote,1)][1001ms] waiting...
2023-08-29 13:04:28.187 [info] [LocalProcess0][resolveAuthority(ssh-remote,1)][2001ms] waiting...
2023-08-29 13:04:29.186 [info] [LocalProcess0][resolveAuthority(ssh-remote,1)][3001ms] waiting...
2023-08-29 13:04:30.187 [info] [LocalProcess0][resolveAuthority(ssh-remote,1)][4001ms] waiting...
2023-08-29 13:04:31.187 [info] [LocalProcess0][resolveAuthority(ssh-remote,1)][5001ms] waiting...
2023-08-29 13:04:32.186 [info] [LocalProcess0][resolveAuthority(ssh-remote,1)][6001ms] waiting...
2023-08-29 13:04:33.186 [info] [LocalProcess0][resolveAuthority(ssh-remote,1)][7001ms] waiting...
2023-08-29 13:04:34.187 [info] [LocalProcess0][resolveAuthority(ssh-remote,1)][8001ms] waiting...
2023-08-29 13:04:35.186 [info] [LocalProcess0][resolveAuthority(ssh-remote,1)][9001ms] waiting...
2023-08-29 13:04:36.186 [info] [LocalProcess0][resolveAuthority(ssh-remote,1)][10001ms] waiting...
2023-08-29 13:04:37.186 [info] [LocalProcess0][resolveAuthority(ssh-remote,1)][11001ms] waiting...
2023-08-29 13:04:38.186 [info] [LocalProcess0][resolveAuthority(ssh-remote,1)][12001ms] waiting...
2023-08-29 13:04:39.187 [info] [LocalProcess0][resolveAuthority(ssh-remote,1)][13001ms] waiting...
2023-08-29 13:04:40.186 [info] [LocalProcess0][resolveAuthority(ssh-remote,1)][14001ms] waiting...
2023-08-29 13:04:41.186 [info] [LocalProcess0][resolveAuthority(ssh-remote,1)][15001ms] waiting...
2023-08-29 13:04:41.540 [error] [LocalProcess0][resolveAuthority(ssh-remote,1)][15355ms] returned an error {"code":"NotAvailable","message":"The connection timed out","detail":true}
2023-08-29 13:04:41.541 [error] resolveAuthority(ssh-remote) returned an error after 15356 ms The connection timed out
2023-08-29 13:04:41.544 [error] Error received from starting extension host (kind: Remote)
2023-08-29 13:04:41.545 [error] CodeExpectedError: The connection timed out
    at G.ob (vscode-file://vscode-app/opt/visual-studio-code/resources/app/out/vs/workbench/workbench.desktop.main.js:2616:20056)
    at async G.nb (vscode-file://vscode-app/opt/visual-studio-code/resources/app/out/vs/workbench/workbench.desktop.main.js:2616:19327)
    at async G.Lb (vscode-file://vscode-app/opt/visual-studio-code/resources/app/out/vs/workbench/workbench.desktop.main.js:2617:11191)
    at async G.gb (vscode-file://vscode-app/opt/visual-studio-code/resources/app/out/vs/workbench/workbench.desktop.main.js:2616:17108)
2023-08-29 13:04:41.546 [error] [remote-connection][attempt 1] An error occurred in initial connection! Will retry... Error:
2023-08-29 13:04:41.546 [error] CodeExpectedError: The connection timed out
    at G.ob (vscode-file://vscode-app/opt/visual-studio-code/resources/app/out/vs/workbench/workbench.desktop.main.js:2616:20056)
    at async G.nb (vscode-file://vscode-app/opt/visual-studio-code/resources/app/out/vs/workbench/workbench.desktop.main.js:2616:19327)
    at async G.Lb (vscode-file://vscode-app/opt/visual-studio-code/resources/app/out/vs/workbench/workbench.desktop.main.js:2617:11191)
    at async G.gb (vscode-file://vscode-app/opt/visual-studio-code/resources/app/out/vs/workbench/workbench.desktop.main.js:2616:17108)
2023-08-29 13:04:41.550 [error] [remote-connection][attempt 2] An error occurred in initial connection! Will retry... Error:
2023-08-29 13:04:41.551 [error] CodeExpectedError: The connection timed out
    at G.ob (vscode-file://vscode-app/opt/visual-studio-code/resources/app/out/vs/workbench/workbench.desktop.main.js:2616:20056)
    at async G.nb (vscode-file://vscode-app/opt/visual-studio-code/resources/app/out/vs/workbench/workbench.desktop.main.js:2616:19327)
    at async G.Lb (vscode-file://vscode-app/opt/visual-studio-code/resources/app/out/vs/workbench/workbench.desktop.main.js:2617:11191)
    at async G.gb (vscode-file://vscode-app/opt/visual-studio-code/resources/app/out/vs/workbench/workbench.desktop.main.js:2616:17108)
2023-08-29 13:04:41.602 [error] [remote-connection][attempt 3] An error occurred in initial connection! Will retry... Error:
2023-08-29 13:04:41.602 [error] CodeExpectedError: The connection timed out
    at G.ob (vscode-file://vscode-app/opt/visual-studio-code/resources/app/out/vs/workbench/workbench.desktop.main.js:2616:20056)
    at async G.nb (vscode-file://vscode-app/opt/visual-studio-code/resources/app/out/vs/workbench/workbench.desktop.main.js:2616:19327)
    at async G.Lb (vscode-file://vscode-app/opt/visual-studio-code/resources/app/out/vs/workbench/workbench.desktop.main.js:2617:11191)
    at async G.gb (vscode-file://vscode-app/opt/visual-studio-code/resources/app/out/vs/workbench/workbench.desktop.main.js:2616:17108)
2023-08-29 13:04:41.642 [error] [remote-connection][attempt 4] An error occurred in initial connection! Will retry... Error:
2023-08-29 13:04:41.643 [error] CodeExpectedError: The connection timed out
    at G.ob (vscode-file://vscode-app/opt/visual-studio-code/resources/app/out/vs/workbench/workbench.desktop.main.js:2616:20056)
    at async G.nb (vscode-file://vscode-app/opt/visual-studio-code/resources/app/out/vs/workbench/workbench.desktop.main.js:2616:19327)
    at async G.Lb (vscode-file://vscode-app/opt/visual-studio-code/resources/app/out/vs/workbench/workbench.desktop.main.js:2617:11191)
    at async G.gb (vscode-file://vscode-app/opt/visual-studio-code/resources/app/out/vs/workbench/workbench.desktop.main.js:2616:17108)
2023-08-29 13:04:41.644 [error] [remote-connection][attempt 5]  An error occurred in initial connection! It will be treated as a permanent error. Error:
2023-08-29 13:04:41.644 [error] CodeExpectedError: The connection timed out
    at G.ob (vscode-file://vscode-app/opt/visual-studio-code/resources/app/out/vs/workbench/workbench.desktop.main.js:2616:20056)
    at async G.nb (vscode-file://vscode-app/opt/visual-studio-code/resources/app/out/vs/workbench/workbench.desktop.main.js:2616:19327)
    at async G.Lb (vscode-file://vscode-app/opt/visual-studio-code/resources/app/out/vs/workbench/workbench.desktop.main.js:2617:11191)
    at async G.gb (vscode-file://vscode-app/opt/visual-studio-code/resources/app/out/vs/workbench/workbench.desktop.main.js:2616:17108)
2023-08-29 13:04:41.645 [error] CodeExpectedError: The connection timed out
    at G.ob (vscode-file://vscode-app/opt/visual-studio-code/resources/app/out/vs/workbench/workbench.desktop.main.js:2616:20056)
    at async G.nb (vscode-file://vscode-app/opt/visual-studio-code/resources/app/out/vs/workbench/workbench.desktop.main.js:2616:19327)
    at async G.Lb (vscode-file://vscode-app/opt/visual-studio-code/resources/app/out/vs/workbench/workbench.desktop.main.js:2617:11191)
    at async G.gb (vscode-file://vscode-app/opt/visual-studio-code/resources/app/out/vs/workbench/workbench.desktop.main.js:2616:17108)
2023-08-29 13:04:41.646 [error] Cannot register remote filesystem provider. Error while fetching remote environment. The connection timed out
2023-08-29 13:04:41.646 [error] CodeExpectedError: The connection timed out
    at G.ob (vscode-file://vscode-app/opt/visual-studio-code/resources/app/out/vs/workbench/workbench.desktop.main.js:2616:20056)
    at async G.nb (vscode-file://vscode-app/opt/visual-studio-code/resources/app/out/vs/workbench/workbench.desktop.main.js:2616:19327)
    at async G.Lb (vscode-file://vscode-app/opt/visual-studio-code/resources/app/out/vs/workbench/workbench.desktop.main.js:2617:11191)
    at async G.gb (vscode-file://vscode-app/opt/visual-studio-code/resources/app/out/vs/workbench/workbench.desktop.main.js:2616:17108)
2023-08-29 13:04:41.646 [error] CodeExpectedError: The connection timed out
    at G.ob (vscode-file://vscode-app/opt/visual-studio-code/resources/app/out/vs/workbench/workbench.desktop.main.js:2616:20056)
    at async G.nb (vscode-file://vscode-app/opt/visual-studio-code/resources/app/out/vs/workbench/workbench.desktop.main.js:2616:19327)
    at async G.Lb (vscode-file://vscode-app/opt/visual-studio-code/resources/app/out/vs/workbench/workbench.desktop.main.js:2617:11191)
    at async G.gb (vscode-file://vscode-app/opt/visual-studio-code/resources/app/out/vs/workbench/workbench.desktop.main.js:2616:17108)
2023-08-29 13:04:41.647 [error] CodeExpectedError: The connection timed out
    at G.ob (vscode-file://vscode-app/opt/visual-studio-code/resources/app/out/vs/workbench/workbench.desktop.main.js:2616:20056)
    at async G.nb (vscode-file://vscode-app/opt/visual-studio-code/resources/app/out/vs/workbench/workbench.desktop.main.js:2616:19327)
    at async G.Lb (vscode-file://vscode-app/opt/visual-studio-code/resources/app/out/vs/workbench/workbench.desktop.main.js:2617:11191)
    at async G.gb (vscode-file://vscode-app/opt/visual-studio-code/resources/app/out/vs/workbench/workbench.desktop.main.js:2616:17108)
2023-08-29 13:04:41.647 [error] CodeExpectedError: The connection timed out
    at G.ob (vscode-file://vscode-app/opt/visual-studio-code/resources/app/out/vs/workbench/workbench.desktop.main.js:2616:20056)
    at async G.nb (vscode-file://vscode-app/opt/visual-studio-code/resources/app/out/vs/workbench/workbench.desktop.main.js:2616:19327)
    at async G.Lb (vscode-file://vscode-app/opt/visual-studio-code/resources/app/out/vs/workbench/workbench.desktop.main.js:2617:11191)
    at async G.gb (vscode-file://vscode-app/opt/visual-studio-code/resources/app/out/vs/workbench/workbench.desktop.main.js:2616:17108)
2023-08-29 13:04:41.648 [error] CodeExpectedError: The connection timed out
    at G.ob (vscode-file://vscode-app/opt/visual-studio-code/resources/app/out/vs/workbench/workbench.desktop.main.js:2616:20056)
    at async G.nb (vscode-file://vscode-app/opt/visual-studio-code/resources/app/out/vs/workbench/workbench.desktop.main.js:2616:19327)
    at async G.Lb (vscode-file://vscode-app/opt/visual-studio-code/resources/app/out/vs/workbench/workbench.desktop.main.js:2617:11191)
    at async G.gb (vscode-file://vscode-app/opt/visual-studio-code/resources/app/out/vs/workbench/workbench.desktop.main.js:2616:17108)
2023-08-29 13:04:41.651 [warning] Ignoring the error while validating workspace folder vscode-remote://ssh-remote%2Bfcs/home/iiitd/Workspace - ENOPRO: No file system provider found for resource 'vscode-remote://ssh-remote%2Bfcs/home/iiitd/Workspace'
2023-08-29 13:04:41.651 [error] CodeExpectedError: ENOPRO: No file system provider found for resource 'vscode-remote://ssh-remote%2Bfcs/home/iiitd/Workspace'
    at o.j (vscode-file://vscode-app/opt/visual-studio-code/resources/app/out/vs/workbench/workbench.desktop.main.js:627:11395)
    at async o.W (vscode-file://vscode-app/opt/visual-studio-code/resources/app/out/vs/workbench/workbench.desktop.main.js:627:22002)
    at async vscode-file://vscode-app/opt/visual-studio-code/resources/app/out/vs/workbench/workbench.desktop.main.js:627:21897
2023-08-29 13:04:41.652 [error] ENOPRO: No file system provider found for resource 'vscode-remote://ssh-remote%2Bfcs/home/iiitd/Workspace/.git/config': CodeExpectedError: ENOPRO: No file system provider found for resource 'vscode-remote://ssh-remote%2Bfcs/home/iiitd/Workspace/.git/config'
    at o.j (vscode-file://vscode-app/opt/visual-studio-code/resources/app/out/vs/workbench/workbench.desktop.main.js:627:11395)
    at async o.exists (vscode-file://vscode-app/opt/visual-studio-code/resources/app/out/vs/workbench/workbench.desktop.main.js:627:13602)
    at async Promise.all (index 0)
2023-08-29 13:04:41.653 [error] ENOPRO: No file system provider found for resource 'vscode-remote://ssh-remote%2Bfcs/home/iiitd/Workspace/pom.xml': CodeExpectedError: ENOPRO: No file system provider found for resource 'vscode-remote://ssh-remote%2Bfcs/home/iiitd/Workspace/pom.xml'
    at o.j (vscode-file://vscode-app/opt/visual-studio-code/resources/app/out/vs/workbench/workbench.desktop.main.js:627:11395)
    at async o.exists (vscode-file://vscode-app/opt/visual-studio-code/resources/app/out/vs/workbench/workbench.desktop.main.js:627:13602)
    at async Promise.all (index 0)
2023-08-29 13:04:41.673 [error] The connection timed out: CodeExpectedError: The connection timed out
    at G.ob (vscode-file://vscode-app/opt/visual-studio-code/resources/app/out/vs/workbench/workbench.desktop.main.js:2616:20056)
    at async G.nb (vscode-file://vscode-app/opt/visual-studio-code/resources/app/out/vs/workbench/workbench.desktop.main.js:2616:19327)
    at async G.Lb (vscode-file://vscode-app/opt/visual-studio-code/resources/app/out/vs/workbench/workbench.desktop.main.js:2617:11191)
    at async G.gb (vscode-file://vscode-app/opt/visual-studio-code/resources/app/out/vs/workbench/workbench.desktop.main.js:2616:17108)
2023-08-29 13:04:41.674 [error] ENOPRO: No file system provider found for resource 'vscode-remote://ssh-remote%2Bfcs/home/iiitd/Workspace': CodeExpectedError: ENOPRO: No file system provider found for resource 'vscode-remote://ssh-remote%2Bfcs/home/iiitd/Workspace'
    at o.j (vscode-file://vscode-app/opt/visual-studio-code/resources/app/out/vs/workbench/workbench.desktop.main.js:627:11395)
    at async o.n (vscode-file://vscode-app/opt/visual-studio-code/resources/app/out/vs/workbench/workbench.desktop.main.js:627:12185)
    at async o.resolve (vscode-file://vscode-app/opt/visual-studio-code/resources/app/out/vs/workbench/workbench.desktop.main.js:627:12013)
    at async a.i (vscode-file://vscode-app/opt/visual-studio-code/resources/app/out/vs/workbench/workbench.desktop.main.js:1935:5269)
2023-08-29 13:04:41.674 [error] ENOPRO: No file system provider found for resource 'vscode-remote://ssh-remote%2Bfcs/home/iiitd/Workspace/.vscode': CodeExpectedError: ENOPRO: No file system provider found for resource 'vscode-remote://ssh-remote%2Bfcs/home/iiitd/Workspace/.vscode'
    at o.j (vscode-file://vscode-app/opt/visual-studio-code/resources/app/out/vs/workbench/workbench.desktop.main.js:627:11395)
    at async o.exists (vscode-file://vscode-app/opt/visual-studio-code/resources/app/out/vs/workbench/workbench.desktop.main.js:627:13602)
    at async vscode-file://vscode-app/opt/visual-studio-code/resources/app/out/vs/workbench/workbench.desktop.main.js:1997:6271
    at async Promise.all (index 0)
    at async E.v (vscode-file://vscode-app/opt/visual-studio-code/resources/app/out/vs/workbench/workbench.desktop.main.js:1997:6378)
2023-08-29 13:04:41.987 [error] CodeExpectedError: The connection timed out
    at G.ob (vscode-file://vscode-app/opt/visual-studio-code/resources/app/out/vs/workbench/workbench.desktop.main.js:2616:20056)
    at async G.nb (vscode-file://vscode-app/opt/visual-studio-code/resources/app/out/vs/workbench/workbench.desktop.main.js:2616:19327)
    at async G.Lb (vscode-file://vscode-app/opt/visual-studio-code/resources/app/out/vs/workbench/workbench.desktop.main.js:2617:11191)
    at async G.gb (vscode-file://vscode-app/opt/visual-studio-code/resources/app/out/vs/workbench/workbench.desktop.main.js:2616:17108)
2023-08-29 13:04:45.025 [info] Invoking resolveAuthority(ssh-remote)...
2023-08-29 13:04:45.026 [info] [LocalProcess0][resolveAuthority(ssh-remote,1)][0ms] obtaining proxy...
2023-08-29 13:04:45.026 [info] [LocalProcess0][resolveAuthority(ssh-remote,1)][0ms] invoking...
2023-08-29 13:04:46.027 [info] [LocalProcess0][resolveAuthority(ssh-remote,1)][1001ms] waiting...
2023-08-29 13:04:47.049 [info] [LocalProcess0][resolveAuthority(ssh-remote,1)][2023ms] waiting...
2023-08-29 13:04:47.076 [error] [Extension Host] (node:11297) [DEP0005] DeprecationWarning: Buffer() is deprecated due to security and usability issues. Please use the Buffer.alloc(), Buffer.allocUnsafe(), or Buffer.from() methods instead.
(Use `exe --trace-deprecation ...` to show where the warning was created)
2023-08-29 13:04:47.094 [info] [LocalProcess0][resolveAuthority(ssh-remote,1)][2069ms] returned WebSocket(127.0.0.1:41225)
2023-08-29 13:04:47.095 [info] resolveAuthority(ssh-remote) returned 'WebSocket(127.0.0.1:41225)' after 2069 ms
2023-08-29 13:04:47.096 [info] Creating a socket (renderer-Management-cc97778b-2c0d-4f51-a8ca-23037cad9cc8)...
2023-08-29 13:04:47.100 [info] Creating a socket (renderer-ExtensionHost-781a868c-b17a-420c-8196-b07b4495e307)...
2023-08-29 13:04:47.227 [info] Creating a socket (renderer-Management-cc97778b-2c0d-4f51-a8ca-23037cad9cc8) was successful after 131 ms.
2023-08-29 13:04:47.294 [info] Creating a socket (renderer-ExtensionHost-781a868c-b17a-420c-8196-b07b4495e307) was successful after 195 ms.
2023-08-29 13:04:49.206 [info] [perf] Render performance baseline is 39ms
2023-08-29 13:06:49.856 [error] No row 0 or output length 6 for command [object Object]: Error: No row 0 or output length 6 for command [object Object]
    at _i.getSelectionAsHtml (vscode-file://vscode-app/opt/visual-studio-code/resources/app/out/vs/workbench/workbench.desktop.main.js:1840:11863)
    at async _i.copySelection (vscode-file://vscode-app/opt/visual-studio-code/resources/app/out/vs/workbench/workbench.desktop.main.js:1840:16582)
    at async Ui.copySelection (vscode-file://vscode-app/opt/visual-studio-code/resources/app/out/vs/workbench/workbench.desktop.main.js:2518:161469)
2023-08-29 13:19:35.366 [info] [perf] Render performance baseline is 34ms
2023-08-29 13:47:40.995 [info] Invoking resolveAuthority(ssh-remote)...
2023-08-29 13:47:40.995 [info] [LocalProcess0][resolveAuthority(ssh-remote,1)][0ms] obtaining proxy...
2023-08-29 13:47:40.995 [info] [LocalProcess0][resolveAuthority(ssh-remote,1)][0ms] invoking...
2023-08-29 13:47:41.997 [info] [LocalProcess0][resolveAuthority(ssh-remote,1)][1001ms] waiting...
2023-08-29 13:47:42.985 [error] [Extension Host] (node:27057) [DEP0005] DeprecationWarning: Buffer() is deprecated due to security and usability issues. Please use the Buffer.alloc(), Buffer.allocUnsafe(), or Buffer.from() methods instead.
(Use `exe --trace-deprecation ...` to show where the warning was created)
2023-08-29 13:47:43.000 [info] [LocalProcess0][resolveAuthority(ssh-remote,1)][2004ms] returned WebSocket(127.0.0.1:35493)
2023-08-29 13:47:43.000 [info] resolveAuthority(ssh-remote) returned 'WebSocket(127.0.0.1:35493)' after 2006 ms
2023-08-29 13:47:43.002 [info] Creating a socket (renderer-Management-f58722c4-3ca5-4cd3-aa98-c39c9911c84f)...
2023-08-29 13:47:43.003 [info] Creating a socket (renderer-ExtensionHost-9f90111a-24f7-4c28-864e-519332a2ae7f)...
2023-08-29 13:47:43.158 [info] Creating a socket (renderer-Management-f58722c4-3ca5-4cd3-aa98-c39c9911c84f) was successful after 156 ms.
2023-08-29 13:47:43.221 [info] Creating a socket (renderer-ExtensionHost-9f90111a-24f7-4c28-864e-519332a2ae7f) was successful after 217 ms.
2023-08-29 13:47:53.881 [info] [perf] Render performance baseline is 36ms
2023-08-29 15:42:19.241 [info] [remote-connection][ExtensionHost][9f901…][reconnect] received socket timeout event (unacknowledgedMsgCount: 9, timeSinceOldestUnacknowledgedMsg: 20001, timeSinceLastReceivedSomeData: 5919369).
2023-08-29 15:42:19.241 [info] [remote-connection][ExtensionHost][9f901…][reconnect] starting reconnecting loop. You can get more information with the trace log level.
2023-08-29 15:42:19.242 [info] [remote-connection][ExtensionHost][9f901…][reconnect] resolving connection...
2023-08-29 15:42:19.242 [info] [remote-connection][ExtensionHost][9f901…][reconnect] connecting to WebSocket(127.0.0.1:35493)...
2023-08-29 15:42:19.242 [info] Creating a socket (renderer-ExtensionHost-9f90111a-24f7-4c28-864e-519332a2ae7f)...
2023-08-29 15:42:19.245 [info] [remote-connection][Management   ][f5872…][reconnect] received socket timeout event (unacknowledgedMsgCount: 2, timeSinceOldestUnacknowledgedMsg: 20035, timeSinceLastReceivedSomeData: 5919768).
2023-08-29 15:42:19.246 [info] [remote-connection][Management   ][f5872…][reconnect] starting reconnecting loop. You can get more information with the trace log level.
2023-08-29 15:42:19.251 [info] [remote-connection][Management   ][f5872…][reconnect] resolving connection...
2023-08-29 15:42:19.251 [info] Invoking resolveAuthority(ssh-remote)...
2023-08-29 15:42:19.251 [info] [LocalProcess0][resolveAuthority(ssh-remote,2)][0ms] obtaining proxy...
2023-08-29 15:42:19.252 [info] [LocalProcess0][resolveAuthority(ssh-remote,2)][0ms] invoking...
2023-08-29 15:42:20.253 [info] [LocalProcess0][resolveAuthority(ssh-remote,2)][1001ms] waiting...
2023-08-29 15:42:21.253 [info] [LocalProcess0][resolveAuthority(ssh-remote,2)][2001ms] waiting...
2023-08-29 15:42:22.253 [info] [LocalProcess0][resolveAuthority(ssh-remote,2)][3001ms] waiting...
