2023-08-29 13:03:09.464 [info] Added views:workbench.panel.markers.view in workbench.panel.markers
2023-08-29 13:03:09.464 [info] Added views:workbench.panel.output in workbench.panel.output
2023-08-29 13:03:09.464 [info] Added views:terminal in terminal
2023-08-29 13:03:09.464 [info] Added views:outline in workbench.view.explorer
2023-08-29 13:03:09.464 [info] Added views:workbench.scm in workbench.view.scm
2023-08-29 13:03:09.464 [info] Added views:workbench.view.search in workbench.view.search
2023-08-29 13:03:09.464 [info] Added views:timeline in workbench.view.explorer
2023-08-29 13:03:09.464 [info] Added views:workbench.explorer.fileView in workbench.view.explorer
2023-08-29 13:03:09.749 [info] Added views:workbench.debug.welcome in workbench.view.debug
2023-08-29 13:03:10.106 [info] Added views:~remote.forwardedPorts in ~remote.forwardedPortsContainer
2023-08-29 13:03:14.715 [info] Added views:workbench.panel.markers.view in workbench.panel.markers
2023-08-29 13:03:14.715 [info] Added views:workbench.panel.output in workbench.panel.output
2023-08-29 13:03:14.715 [info] Added views:terminal in terminal
2023-08-29 13:03:14.715 [info] Added views:outline in workbench.view.explorer
2023-08-29 13:03:14.715 [info] Added views:workbench.scm in workbench.view.scm
2023-08-29 13:03:14.715 [info] Added views:workbench.view.search in workbench.view.search
2023-08-29 13:03:14.715 [info] Added views:timeline in workbench.view.explorer
2023-08-29 13:03:14.715 [info] Added views:workbench.explorer.fileView in workbench.view.explorer
2023-08-29 13:03:14.972 [info] Added views:cph.judgeView in workbench.view.extension.cph-judge-view-container
2023-08-29 13:03:14.974 [info] Added views:dockerContainers,dockerImages,dockerRegistries,dockerNetworks,dockerVolumes,vscode-docker.views.dockerContexts,vscode-docker.views.help in workbench.view.extension.dockerView
2023-08-29 13:03:14.975 [info] Added views:remoteTargets in workbench.view.remote
2023-08-29 13:03:15.174 [info] Added views:workbench.debug.welcome in workbench.view.debug
2023-08-29 13:03:15.223 [info] Added views:workbench.panel.repl.view in workbench.panel.repl
2023-08-29 13:04:25.719 [info] Added views:workbench.panel.markers.view in workbench.panel.markers
2023-08-29 13:04:25.719 [info] Added views:workbench.panel.output in workbench.panel.output
2023-08-29 13:04:25.719 [info] Added views:terminal in terminal
2023-08-29 13:04:25.719 [info] Added views:outline in workbench.view.explorer
2023-08-29 13:04:25.719 [info] Added views:workbench.scm in workbench.view.scm
2023-08-29 13:04:25.719 [info] Added views:workbench.view.search in workbench.view.search
2023-08-29 13:04:25.719 [info] Added views:timeline in workbench.view.explorer
2023-08-29 13:04:25.719 [info] Added views:workbench.explorer.fileView in workbench.view.explorer
2023-08-29 13:04:25.975 [info] Added views:workbench.debug.welcome in workbench.view.debug
2023-08-29 13:04:26.195 [info] Added views:~remote.forwardedPorts in ~remote.forwardedPortsContainer
2023-08-29 13:04:41.596 [info] Added views:remoteTargets in workbench.view.remote
2023-08-29 13:04:44.549 [info] Added views:workbench.panel.markers.view in workbench.panel.markers
2023-08-29 13:04:44.549 [info] Added views:workbench.panel.output in workbench.panel.output
2023-08-29 13:04:44.549 [info] Added views:terminal in terminal
2023-08-29 13:04:44.549 [info] Added views:outline in workbench.view.explorer
2023-08-29 13:04:44.549 [info] Added views:workbench.scm in workbench.view.scm
2023-08-29 13:04:44.549 [info] Added views:workbench.view.search in workbench.view.search
2023-08-29 13:04:44.549 [info] Added views:timeline in workbench.view.explorer
2023-08-29 13:04:44.549 [info] Added views:workbench.explorer.fileView in workbench.view.explorer
2023-08-29 13:04:44.714 [info] Added views:workbench.debug.welcome in workbench.view.debug
2023-08-29 13:04:45.053 [info] Added views:~remote.forwardedPorts in ~remote.forwardedPortsContainer
2023-08-29 13:04:48.035 [info] Added views:remoteTargets in workbench.view.remote
2023-08-29 13:04:48.733 [info] Added views:workbench.panel.repl.view in workbench.panel.repl
2023-08-29 13:19:32.577 [info] Added views:workbench.panel.markers.view in workbench.panel.markers
2023-08-29 13:19:32.577 [info] Added views:workbench.panel.output in workbench.panel.output
2023-08-29 13:19:32.577 [info] Added views:terminal in terminal
2023-08-29 13:19:32.577 [info] Added views:outline in workbench.view.explorer
2023-08-29 13:19:32.577 [info] Added views:workbench.scm in workbench.view.scm
2023-08-29 13:19:32.577 [info] Added views:workbench.view.search in workbench.view.search
2023-08-29 13:19:32.577 [info] Added views:timeline in workbench.view.explorer
2023-08-29 13:19:32.577 [info] Added views:workbench.explorer.fileView in workbench.view.explorer
2023-08-29 13:19:32.890 [info] Added views:cph.judgeView in workbench.view.extension.cph-judge-view-container
2023-08-29 13:19:32.891 [info] Added views:dockerContainers,dockerImages,dockerRegistries,dockerNetworks,dockerVolumes,vscode-docker.views.dockerContexts,vscode-docker.views.help in workbench.view.extension.dockerView
2023-08-29 13:19:32.892 [info] Added views:remoteTargets in workbench.view.remote
2023-08-29 13:19:33.121 [info] Added views:workbench.debug.welcome in workbench.view.debug
2023-08-29 13:19:33.163 [info] Added views:workbench.panel.repl.view in workbench.panel.repl
2023-08-29 13:47:40.506 [info] Added views:workbench.panel.markers.view in workbench.panel.markers
2023-08-29 13:47:40.506 [info] Added views:workbench.panel.output in workbench.panel.output
2023-08-29 13:47:40.506 [info] Added views:terminal in terminal
2023-08-29 13:47:40.506 [info] Added views:outline in workbench.view.explorer
2023-08-29 13:47:40.506 [info] Added views:workbench.scm in workbench.view.scm
2023-08-29 13:47:40.506 [info] Added views:workbench.view.search in workbench.view.search
2023-08-29 13:47:40.506 [info] Added views:timeline in workbench.view.explorer
2023-08-29 13:47:40.506 [info] Added views:workbench.explorer.fileView in workbench.view.explorer
2023-08-29 13:47:40.751 [info] Added views:workbench.debug.welcome in workbench.view.debug
2023-08-29 13:47:41.017 [info] Added views:~remote.forwardedPorts in ~remote.forwardedPortsContainer
2023-08-29 13:47:43.831 [info] Added views:remoteTargets in workbench.view.remote
2023-08-29 13:47:44.629 [info] Added views:workbench.panel.repl.view in workbench.panel.repl
