2023-09-04 15:10:27.560 [info] Reading sessions from keychain...
2023-09-04 15:10:27.560 [info] Getting sessions for all scopes...
2023-09-04 15:10:27.560 [info] Got stored sessions!
2023-09-04 15:10:27.560 [info] Got 2 verified sessions.
2023-09-04 15:10:27.560 [info] Got 2 sessions for ...
2023-09-04 15:10:27.560 [info] Getting sessions for all scopes...
2023-09-04 15:10:27.560 [info] Got 2 sessions for ...
2023-09-04 15:10:27.560 [info] Getting sessions for user:email...
2023-09-04 15:10:27.560 [info] Got 1 sessions for user:email...
2023-09-04 15:10:27.590 [info] Getting sessions for all scopes...
2023-09-04 15:10:27.590 [info] Got 2 sessions for ...
2023-09-04 15:10:34.563 [info] Reading sessions from keychain...
2023-09-04 15:10:34.563 [info] Getting sessions for all scopes...
2023-09-04 15:10:34.574 [info] Got stored sessions!
2023-09-04 15:10:34.574 [info] Got 2 verified sessions.
2023-09-04 15:10:34.574 [info] Got 2 sessions for ...
2023-09-04 15:10:34.813 [info] Getting sessions for user:email...
2023-09-04 15:10:34.813 [info] Got 1 sessions for user:email...
2023-09-04 15:10:34.961 [info] Getting sessions for all scopes...
2023-09-04 15:10:34.961 [info] Got 2 sessions for ...
