2023-09-02 20:33:12.563 [info] Invoking resolveAuthority(ssh-remote)...
2023-09-02 20:33:12.564 [info] [LocalProcess0][resolveAuthority(ssh-remote,1)][0ms] obtaining proxy...
2023-09-02 20:33:12.565 [info] [LocalProcess0][resolveAuthority(ssh-remote,1)][0ms] invoking...
2023-09-02 20:33:13.566 [info] [LocalProcess0][resolveAuthority(ssh-remote,1)][1001ms] waiting...
2023-09-02 20:33:14.572 [info] [LocalProcess0][resolveAuthority(ssh-remote,1)][2007ms] waiting...
2023-09-02 20:33:15.567 [info] [LocalProcess0][resolveAuthority(ssh-remote,1)][3001ms] waiting...
2023-09-02 20:33:16.566 [info] [LocalProcess0][resolveAuthority(ssh-remote,1)][4001ms] waiting...
2023-09-02 20:33:17.566 [info] [LocalProcess0][resolveAuthority(ssh-remote,1)][5001ms] waiting...
2023-09-02 20:33:18.566 [info] [LocalProcess0][resolveAuthority(ssh-remote,1)][6001ms] waiting...
2023-09-02 20:33:19.567 [info] [LocalProcess0][resolveAuthority(ssh-remote,1)][7001ms] waiting...
2023-09-02 20:33:20.565 [info] [LocalProcess0][resolveAuthority(ssh-remote,1)][8000ms] waiting...
2023-09-02 20:33:21.566 [info] [LocalProcess0][resolveAuthority(ssh-remote,1)][9001ms] waiting...
2023-09-02 20:33:22.566 [info] [LocalProcess0][resolveAuthority(ssh-remote,1)][10001ms] waiting...
2023-09-02 20:33:23.566 [info] [LocalProcess0][resolveAuthority(ssh-remote,1)][11001ms] waiting...
2023-09-02 20:33:24.566 [info] [LocalProcess0][resolveAuthority(ssh-remote,1)][12001ms] waiting...
2023-09-02 20:33:25.566 [info] [LocalProcess0][resolveAuthority(ssh-remote,1)][13001ms] waiting...
2023-09-02 20:33:26.566 [info] [LocalProcess0][resolveAuthority(ssh-remote,1)][14001ms] waiting...
2023-09-02 20:33:30.580 [info] [perf] Render performance baseline is 38ms
2023-09-02 20:33:57.484 [error] [Extension Host] (node:23896) [DEP0005] DeprecationWarning: Buffer() is deprecated due to security and usability issues. Please use the Buffer.alloc(), Buffer.allocUnsafe(), or Buffer.from() methods instead.
(Use `exe --trace-deprecation ...` to show where the warning was created)
