2023-08-31 19:51:54.830 [info] Extension host with pid 4840 started
2023-08-31 19:51:54.970 [info] ExtensionService#_doActivateExtension vscode.emmet, startup: false, activationEvent: 'onLanguage'
2023-08-31 19:51:55.024 [info] ExtensionService#_doActivateExtension vscode.git-base, startup: true, activationEvent: '*', root cause: vscode.git
2023-08-31 19:51:55.032 [info] ExtensionService#_doActivateExtension DivyanshuAgrawal.competitive-programming-helper, startup: true, activationEvent: '*'
2023-08-31 19:51:55.040 [info] ExtensionService#_doActivateExtension ecmel.vscode-html-css, startup: true, activationEvent: '*'
2023-08-31 19:51:55.086 [info] ExtensionService#_doActivateExtension vscode.git, startup: true, activationEvent: '*'
2023-08-31 19:51:55.125 [info] ExtensionService#_doActivateExtension vscode.github, startup: true, activationEvent: '*'
2023-08-31 19:51:55.189 [info] Eager extensions activated
2023-08-31 19:51:55.221 [info] ExtensionService#_doActivateExtension vscode.debug-auto-launch, startup: false, activationEvent: 'onStartupFinished'
2023-08-31 19:51:55.234 [info] ExtensionService#_doActivateExtension vscode.merge-conflict, startup: false, activationEvent: 'onStartupFinished'
2023-08-31 19:51:55.255 [info] ExtensionService#_doActivateExtension bradlc.vscode-tailwindcss, startup: false, activationEvent: 'onStartupFinished'
2023-08-31 19:51:55.280 [info] ExtensionService#_doActivateExtension dbaeumer.vscode-eslint, startup: false, activationEvent: 'onStartupFinished'
2023-08-31 19:51:55.296 [info] ExtensionService#_doActivateExtension dsznajder.es7-react-js-snippets, startup: false, activationEvent: 'onStartupFinished'
2023-08-31 19:51:55.538 [info] ExtensionService#_doActivateExtension equinusocio.vsc-material-theme-icons, startup: false, activationEvent: 'onStartupFinished'
2023-08-31 19:51:55.613 [info] ExtensionService#_doActivateExtension vscode.github-authentication, startup: false, activationEvent: 'onAuthenticationRequest:github'
2023-08-31 19:51:55.808 [info] ExtensionService#_doActivateExtension vscode.microsoft-authentication, startup: false, activationEvent: 'onAuthenticationRequest:microsoft'
2023-08-31 19:52:01.031 [info] ExtensionService#_doActivateExtension vscode.json-language-features, startup: false, activationEvent: 'onLanguage:jsonc'
2023-08-31 19:52:01.064 [info] ExtensionService#_doActivateExtension vscode.typescript-language-features, startup: false, activationEvent: 'onLanguage:jsonc'
2023-08-31 19:52:10.358 [info] Extension host terminating: renderer closed the MessagePort
2023-08-31 19:52:10.385 [info] Extension host with pid 4840 exiting with code 0
2023-08-31 19:52:11.247 [info] Extension host with pid 5271 started
2023-08-31 19:52:11.247 [info] Skipping acquiring lock for /home/panda/.config/Code/User/workspaceStorage/1ea18a5da3c0ee093ddc523a8e7e269b.
2023-08-31 19:52:11.261 [info] $getCanonicalURI invoked for authority (ssh-remote)
2023-08-31 19:52:11.271 [info] ExtensionService#_doActivateExtension ms-vscode-remote.remote-ssh, startup: false, activationEvent: 'onResolveRemoteAuthority:ssh-remote'
2023-08-31 19:52:11.316 [info] [resolveAuthority(ssh-remote,1)][0ms] activating remote resolvers ssh-remote+btp
2023-08-31 19:52:11.316 [info] [resolveAuthority(ssh-remote,1)][0ms] activating resolver for ssh-remote+btp...
2023-08-31 19:52:11.316 [info] [resolveAuthority(ssh-remote,1)][0ms] invoking final resolve()...
2023-08-31 19:52:12.317 [info] [resolveAuthority(ssh-remote,1)][1001ms] waiting...
2023-08-31 19:52:13.318 [info] [resolveAuthority(ssh-remote,1)][2002ms] waiting...
2023-08-31 19:52:14.320 [info] [resolveAuthority(ssh-remote,1)][3004ms] waiting...
2023-08-31 19:52:15.321 [info] [resolveAuthority(ssh-remote,1)][4005ms] waiting...
2023-08-31 19:52:16.321 [info] [resolveAuthority(ssh-remote,1)][5005ms] waiting...
2023-08-31 19:52:16.610 [info] [resolveAuthority(ssh-remote,1)][5294ms] setting tunnel factory...
2023-08-31 19:52:16.611 [info] [resolveAuthority(ssh-remote,1)][5295ms] returned 127.0.0.1:41919
2023-08-31 19:52:17.412 [info] Eager extensions activated
2023-08-31 19:52:17.502 [info] ExtensionService#_doActivateExtension dsznajder.es7-react-js-snippets, startup: false, activationEvent: 'onStartupFinished'
2023-08-31 19:52:17.763 [info] ExtensionService#_doActivateExtension equinusocio.vsc-material-theme-icons, startup: false, activationEvent: 'onStartupFinished'
2023-08-31 19:52:17.785 [info] ExtensionService#_doActivateExtension ms-vscode.remote-explorer, startup: false, activationEvent: 'onCommand:remote-internal.setActiveFolders'
2023-08-31 19:52:17.795 [info] ExtensionService#_doActivateExtension vscode.github-authentication, startup: false, activationEvent: 'onAuthenticationRequest:github'
2023-08-31 19:52:19.931 [info] ExtensionService#_doActivateExtension vscode.microsoft-authentication, startup: false, activationEvent: 'onAuthenticationRequest:microsoft'
2023-08-31 19:58:22.957 [info] [resolveAuthority(ssh-remote,2)][0ms] activating remote resolvers ssh-remote+btp
2023-08-31 19:58:22.957 [info] [resolveAuthority(ssh-remote,2)][0ms] activating resolver for ssh-remote+btp...
2023-08-31 19:58:22.958 [info] [resolveAuthority(ssh-remote,2)][1ms] invoking final resolve()...
2023-08-31 19:58:23.958 [info] [resolveAuthority(ssh-remote,2)][1001ms] waiting...
2023-08-31 19:58:24.959 [info] [resolveAuthority(ssh-remote,2)][2002ms] waiting...
2023-08-31 19:58:25.960 [info] [resolveAuthority(ssh-remote,2)][3003ms] waiting...
2023-08-31 19:58:26.961 [info] [resolveAuthority(ssh-remote,2)][4004ms] waiting...
2023-08-31 19:58:27.961 [info] [resolveAuthority(ssh-remote,2)][5004ms] waiting...
2023-08-31 19:58:28.963 [info] [resolveAuthority(ssh-remote,2)][6006ms] waiting...
2023-08-31 19:58:29.963 [info] [resolveAuthority(ssh-remote,2)][7006ms] waiting...
2023-08-31 19:58:30.964 [info] [resolveAuthority(ssh-remote,2)][8007ms] waiting...
2023-08-31 19:58:31.965 [info] [resolveAuthority(ssh-remote,2)][9008ms] waiting...
2023-08-31 19:58:32.966 [info] [resolveAuthority(ssh-remote,2)][10009ms] waiting...
2023-08-31 19:58:33.967 [info] [resolveAuthority(ssh-remote,2)][11010ms] waiting...
2023-08-31 19:58:34.969 [info] [resolveAuthority(ssh-remote,2)][12012ms] waiting...
2023-08-31 19:58:35.970 [info] [resolveAuthority(ssh-remote,2)][13013ms] waiting...
2023-08-31 19:58:36.971 [info] [resolveAuthority(ssh-remote,2)][14014ms] waiting...
2023-08-31 19:58:37.972 [info] [resolveAuthority(ssh-remote,2)][15014ms] waiting...
2023-08-31 19:58:38.155 [error] [resolveAuthority(ssh-remote,2)][15190ms] returned an error The connection timed out
2023-08-31 19:58:43.218 [info] [resolveAuthority(ssh-remote,3)][0ms] activating remote resolvers ssh-remote+btp
2023-08-31 19:58:43.218 [info] [resolveAuthority(ssh-remote,3)][0ms] activating resolver for ssh-remote+btp...
2023-08-31 19:58:43.218 [info] [resolveAuthority(ssh-remote,3)][0ms] invoking final resolve()...
2023-08-31 19:58:44.218 [info] [resolveAuthority(ssh-remote,3)][1000ms] waiting...
2023-08-31 19:58:45.219 [info] [resolveAuthority(ssh-remote,3)][2001ms] waiting...
2023-08-31 19:58:45.315 [info] [resolveAuthority(ssh-remote,3)][2097ms] setting tunnel factory...
2023-08-31 19:58:45.315 [info] [resolveAuthority(ssh-remote,3)][2097ms] returned 127.0.0.1:38721
2023-08-31 20:23:37.897 [info] Extension host terminating: renderer closed the MessagePort
2023-08-31 20:23:37.901 [error] Canceled: Canceled
	at new h (/opt/visual-studio-code/resources/app/out/vs/workbench/api/node/extensionHostProcess.js:102:56634)
	at t.O (/opt/visual-studio-code/resources/app/out/vs/workbench/api/node/extensionHostProcess.js:114:8020)
	at N.<computed>.T.charCodeAt.N.<computed> (/opt/visual-studio-code/resources/app/out/vs/workbench/api/node/extensionHostProcess.js:114:5459)
	at a.g (/opt/visual-studio-code/resources/app/out/vs/workbench/api/node/extensionHostProcess.js:102:77241)
	at a.executeCommand (/opt/visual-studio-code/resources/app/out/vs/workbench/api/node/extensionHostProcess.js:102:76679)
	at v.registerCommand.description (/opt/visual-studio-code/resources/app/out/vs/workbench/api/node/extensionHostProcess.js:102:76000)
	at a.h (/opt/visual-studio-code/resources/app/out/vs/workbench/api/node/extensionHostProcess.js:102:77777)
	at a.g (/opt/visual-studio-code/resources/app/out/vs/workbench/api/node/extensionHostProcess.js:102:76772)
	at a.executeCommand (/opt/visual-studio-code/resources/app/out/vs/workbench/api/node/extensionHostProcess.js:102:76679)
	at Object.executeCommand (/opt/visual-studio-code/resources/app/out/vs/workbench/api/node/extensionHostProcess.js:120:20977)
	at t.shutdown (/home/panda/.vscode/extensions/ms-vscode-remote.remote-ssh-0.102.0/out/extension.js:1:646929)
	at e.deactivate (/home/panda/.vscode/extensions/ms-vscode-remote.remote-ssh-0.102.0/out/extension.js:1:723956)
	at r.Z (/opt/visual-studio-code/resources/app/out/vs/workbench/api/node/extensionHostProcess.js:116:9494)
	at /opt/visual-studio-code/resources/app/out/vs/workbench/api/node/extensionHostProcess.js:116:7582
	at Array.map (<anonymous>)
	at r.S (/opt/visual-studio-code/resources/app/out/vs/workbench/api/node/extensionHostProcess.js:116:7570)
	at r.terminate (/opt/visual-studio-code/resources/app/out/vs/workbench/api/node/extensionHostProcess.js:116:7842)
	at s.terminate (/opt/visual-studio-code/resources/app/out/vs/workbench/api/node/extensionHostProcess.js:120:1506)
	at C (/opt/visual-studio-code/resources/app/out/vs/workbench/api/node/extensionHostProcess.js:130:32254)
	at MessagePortMain.<anonymous> (/opt/visual-studio-code/resources/app/out/vs/workbench/api/node/extensionHostProcess.js:130:28679)
	at MessagePortMain.emit (node:events:513:28)
	at MessagePortMain._internalPort.emit (node:electron/js2c/utility_init:2:367) setContext undefined
2023-08-31 20:23:37.901 [info] Extension host with pid 5271 exiting with code 0
2023-08-31 20:23:38.874 [info] Extension host with pid 9258 started
2023-08-31 20:23:38.874 [info] Skipping acquiring lock for /home/panda/.config/Code/User/workspaceStorage/76b00d16e5642a66e0c94d335e639da4.
2023-08-31 20:23:38.878 [info] $getCanonicalURI invoked for authority (ssh-remote)
2023-08-31 20:23:38.883 [info] ExtensionService#_doActivateExtension ms-vscode-remote.remote-ssh, startup: false, activationEvent: 'onResolveRemoteAuthority:ssh-remote'
2023-08-31 20:23:38.916 [info] [resolveAuthority(ssh-remote,1)][0ms] activating remote resolvers ssh-remote+btp
2023-08-31 20:23:38.916 [info] [resolveAuthority(ssh-remote,1)][0ms] activating resolver for ssh-remote+btp...
2023-08-31 20:23:38.917 [info] [resolveAuthority(ssh-remote,1)][1ms] invoking final resolve()...
2023-08-31 20:23:39.917 [info] [resolveAuthority(ssh-remote,1)][1001ms] waiting...
2023-08-31 20:23:40.002 [info] [resolveAuthority(ssh-remote,1)][1086ms] setting tunnel factory...
2023-08-31 20:23:40.002 [info] [resolveAuthority(ssh-remote,1)][1086ms] returned 127.0.0.1:42183
2023-08-31 20:23:40.629 [info] Eager extensions activated
2023-08-31 20:23:40.739 [info] ExtensionService#_doActivateExtension dsznajder.es7-react-js-snippets, startup: false, activationEvent: 'onStartupFinished'
2023-08-31 20:23:40.961 [info] ExtensionService#_doActivateExtension equinusocio.vsc-material-theme-icons, startup: false, activationEvent: 'onStartupFinished'
2023-08-31 20:23:40.989 [info] ExtensionService#_doActivateExtension ms-vscode.remote-explorer, startup: false, activationEvent: 'onCommand:remote-internal.setActiveFolders'
2023-08-31 20:23:41.513 [info] ExtensionService#_doActivateExtension vscode.github-authentication, startup: false, activationEvent: 'onAuthenticationRequest:github'
2023-08-31 20:23:42.289 [info] ExtensionService#_doActivateExtension vscode.microsoft-authentication, startup: false, activationEvent: 'onAuthenticationRequest:microsoft'
2023-08-31 21:53:38.264 [info] Extension host terminating: renderer closed the MessagePort
2023-08-31 21:53:38.273 [error] Canceled: Canceled
	at new h (/opt/visual-studio-code/resources/app/out/vs/workbench/api/node/extensionHostProcess.js:102:56634)
	at t.O (/opt/visual-studio-code/resources/app/out/vs/workbench/api/node/extensionHostProcess.js:114:8020)
	at N.<computed>.T.charCodeAt.N.<computed> (/opt/visual-studio-code/resources/app/out/vs/workbench/api/node/extensionHostProcess.js:114:5459)
	at a.g (/opt/visual-studio-code/resources/app/out/vs/workbench/api/node/extensionHostProcess.js:102:77241)
	at a.executeCommand (/opt/visual-studio-code/resources/app/out/vs/workbench/api/node/extensionHostProcess.js:102:76679)
	at v.registerCommand.description (/opt/visual-studio-code/resources/app/out/vs/workbench/api/node/extensionHostProcess.js:102:76000)
	at a.h (/opt/visual-studio-code/resources/app/out/vs/workbench/api/node/extensionHostProcess.js:102:77777)
	at a.g (/opt/visual-studio-code/resources/app/out/vs/workbench/api/node/extensionHostProcess.js:102:76772)
	at a.executeCommand (/opt/visual-studio-code/resources/app/out/vs/workbench/api/node/extensionHostProcess.js:102:76679)
	at Object.executeCommand (/opt/visual-studio-code/resources/app/out/vs/workbench/api/node/extensionHostProcess.js:120:20977)
	at t.shutdown (/home/panda/.vscode/extensions/ms-vscode-remote.remote-ssh-0.102.0/out/extension.js:1:646929)
	at e.deactivate (/home/panda/.vscode/extensions/ms-vscode-remote.remote-ssh-0.102.0/out/extension.js:1:723956)
	at r.Z (/opt/visual-studio-code/resources/app/out/vs/workbench/api/node/extensionHostProcess.js:116:9494)
	at /opt/visual-studio-code/resources/app/out/vs/workbench/api/node/extensionHostProcess.js:116:7582
	at Array.map (<anonymous>)
	at r.S (/opt/visual-studio-code/resources/app/out/vs/workbench/api/node/extensionHostProcess.js:116:7570)
	at r.terminate (/opt/visual-studio-code/resources/app/out/vs/workbench/api/node/extensionHostProcess.js:116:7842)
	at s.terminate (/opt/visual-studio-code/resources/app/out/vs/workbench/api/node/extensionHostProcess.js:120:1506)
	at C (/opt/visual-studio-code/resources/app/out/vs/workbench/api/node/extensionHostProcess.js:130:32254)
	at MessagePortMain.<anonymous> (/opt/visual-studio-code/resources/app/out/vs/workbench/api/node/extensionHostProcess.js:130:28679)
	at MessagePortMain.emit (node:events:513:28)
	at MessagePortMain._internalPort.emit (node:electron/js2c/utility_init:2:367) setContext undefined
2023-08-31 21:53:38.273 [info] Extension host with pid 9258 exiting with code 0
2023-08-31 21:53:39.369 [info] Extension host with pid 21978 started
2023-08-31 21:53:39.369 [info] Skipping acquiring lock for /home/panda/.config/Code/User/workspaceStorage/7f22555c73cb266cac87a8067ede317c.
2023-08-31 21:53:39.498 [info] ExtensionService#_doActivateExtension vscode.git-base, startup: true, activationEvent: '*', root cause: vscode.git
2023-08-31 21:53:39.501 [info] ExtensionService#_doActivateExtension DivyanshuAgrawal.competitive-programming-helper, startup: true, activationEvent: '*'
2023-08-31 21:53:39.508 [info] ExtensionService#_doActivateExtension ecmel.vscode-html-css, startup: true, activationEvent: '*'
2023-08-31 21:53:39.640 [info] ExtensionService#_doActivateExtension vscode.git, startup: true, activationEvent: '*'
2023-08-31 21:53:39.667 [info] ExtensionService#_doActivateExtension vscode.github, startup: true, activationEvent: '*'
2023-08-31 21:53:39.728 [info] Eager extensions activated
2023-08-31 21:53:39.781 [info] ExtensionService#_doActivateExtension vscode.debug-auto-launch, startup: false, activationEvent: 'onStartupFinished'
2023-08-31 21:53:39.782 [info] ExtensionService#_doActivateExtension vscode.merge-conflict, startup: false, activationEvent: 'onStartupFinished'
2023-08-31 21:53:39.789 [info] ExtensionService#_doActivateExtension bradlc.vscode-tailwindcss, startup: false, activationEvent: 'onStartupFinished'
2023-08-31 21:53:39.811 [info] ExtensionService#_doActivateExtension dbaeumer.vscode-eslint, startup: false, activationEvent: 'onStartupFinished'
2023-08-31 21:53:39.819 [info] ExtensionService#_doActivateExtension dsznajder.es7-react-js-snippets, startup: false, activationEvent: 'onStartupFinished'
2023-08-31 21:53:40.092 [info] ExtensionService#_doActivateExtension equinusocio.vsc-material-theme-icons, startup: false, activationEvent: 'onStartupFinished'
2023-08-31 21:53:40.484 [info] ExtensionService#_doActivateExtension vscode.github-authentication, startup: false, activationEvent: 'onAuthenticationRequest:github'
2023-08-31 21:53:40.543 [info] ExtensionService#_doActivateExtension vscode.microsoft-authentication, startup: false, activationEvent: 'onAuthenticationRequest:microsoft'
2023-08-31 21:53:41.458 [info] ExtensionService#_doActivateExtension batisteo.vscode-django, startup: false, activationEvent: 'onLanguage:python'
2023-08-31 21:53:41.476 [info] ExtensionService#_doActivateExtension ms-python.python, startup: false, activationEvent: 'onLanguage:python'
2023-08-31 21:53:41.585 [info] ExtensionService#_doActivateExtension vscode.emmet, startup: false, activationEvent: 'onLanguage'
2023-08-31 21:53:41.864 [info] ExtensionService#_doActivateExtension ms-python.vscode-pylance, startup: false, activationEvent: 'onLanguage:python'
2023-08-31 21:54:02.298 [info] Extension host terminating: renderer closed the MessagePort
2023-08-31 21:54:02.323 [info] Extension host with pid 21978 exiting with code 0
2023-08-31 21:54:03.149 [info] Extension host with pid 22721 started
2023-08-31 21:54:03.150 [info] Skipping acquiring lock for /home/panda/.config/Code/User/workspaceStorage/1ea18a5da3c0ee093ddc523a8e7e269b.
2023-08-31 21:54:03.156 [info] $getCanonicalURI invoked for authority (ssh-remote)
2023-08-31 21:54:03.167 [info] ExtensionService#_doActivateExtension ms-vscode-remote.remote-ssh, startup: false, activationEvent: 'onResolveRemoteAuthority:ssh-remote'
2023-08-31 21:54:03.196 [info] [resolveAuthority(ssh-remote,1)][0ms] activating remote resolvers ssh-remote+btp
2023-08-31 21:54:03.196 [info] [resolveAuthority(ssh-remote,1)][0ms] activating resolver for ssh-remote+btp...
2023-08-31 21:54:03.196 [info] [resolveAuthority(ssh-remote,1)][0ms] invoking final resolve()...
2023-08-31 21:54:04.196 [info] [resolveAuthority(ssh-remote,1)][1000ms] waiting...
2023-08-31 21:54:04.618 [info] [resolveAuthority(ssh-remote,1)][1422ms] setting tunnel factory...
2023-08-31 21:54:04.618 [info] [resolveAuthority(ssh-remote,1)][1422ms] returned 127.0.0.1:43273
2023-08-31 21:54:05.726 [info] Eager extensions activated
2023-08-31 21:54:05.779 [info] ExtensionService#_doActivateExtension dsznajder.es7-react-js-snippets, startup: false, activationEvent: 'onStartupFinished'
2023-08-31 21:54:06.025 [info] ExtensionService#_doActivateExtension equinusocio.vsc-material-theme-icons, startup: false, activationEvent: 'onStartupFinished'
2023-08-31 21:54:06.056 [info] ExtensionService#_doActivateExtension ms-vscode.remote-explorer, startup: false, activationEvent: 'onCommand:remote-internal.setActiveFolders'
2023-08-31 21:54:06.118 [info] ExtensionService#_doActivateExtension vscode.github-authentication, startup: false, activationEvent: 'onAuthenticationRequest:github'
2023-08-31 21:54:07.409 [info] ExtensionService#_doActivateExtension vscode.microsoft-authentication, startup: false, activationEvent: 'onAuthenticationRequest:microsoft'
2023-08-31 21:54:18.450 [info] Extension host terminating: renderer closed the MessagePort
2023-08-31 21:54:18.459 [error] Canceled: Canceled
	at new h (/opt/visual-studio-code/resources/app/out/vs/workbench/api/node/extensionHostProcess.js:102:56634)
	at t.O (/opt/visual-studio-code/resources/app/out/vs/workbench/api/node/extensionHostProcess.js:114:8020)
	at N.<computed>.T.charCodeAt.N.<computed> (/opt/visual-studio-code/resources/app/out/vs/workbench/api/node/extensionHostProcess.js:114:5459)
	at a.g (/opt/visual-studio-code/resources/app/out/vs/workbench/api/node/extensionHostProcess.js:102:77241)
	at a.executeCommand (/opt/visual-studio-code/resources/app/out/vs/workbench/api/node/extensionHostProcess.js:102:76679)
	at v.registerCommand.description (/opt/visual-studio-code/resources/app/out/vs/workbench/api/node/extensionHostProcess.js:102:76000)
	at a.h (/opt/visual-studio-code/resources/app/out/vs/workbench/api/node/extensionHostProcess.js:102:77777)
	at a.g (/opt/visual-studio-code/resources/app/out/vs/workbench/api/node/extensionHostProcess.js:102:76772)
	at a.executeCommand (/opt/visual-studio-code/resources/app/out/vs/workbench/api/node/extensionHostProcess.js:102:76679)
	at Object.executeCommand (/opt/visual-studio-code/resources/app/out/vs/workbench/api/node/extensionHostProcess.js:120:20977)
	at t.shutdown (/home/panda/.vscode/extensions/ms-vscode-remote.remote-ssh-0.102.0/out/extension.js:1:646929)
	at e.deactivate (/home/panda/.vscode/extensions/ms-vscode-remote.remote-ssh-0.102.0/out/extension.js:1:723956)
	at r.Z (/opt/visual-studio-code/resources/app/out/vs/workbench/api/node/extensionHostProcess.js:116:9494)
	at /opt/visual-studio-code/resources/app/out/vs/workbench/api/node/extensionHostProcess.js:116:7582
	at Array.map (<anonymous>)
	at r.S (/opt/visual-studio-code/resources/app/out/vs/workbench/api/node/extensionHostProcess.js:116:7570)
	at r.terminate (/opt/visual-studio-code/resources/app/out/vs/workbench/api/node/extensionHostProcess.js:116:7842)
	at s.terminate (/opt/visual-studio-code/resources/app/out/vs/workbench/api/node/extensionHostProcess.js:120:1506)
	at C (/opt/visual-studio-code/resources/app/out/vs/workbench/api/node/extensionHostProcess.js:130:32254)
	at MessagePortMain.<anonymous> (/opt/visual-studio-code/resources/app/out/vs/workbench/api/node/extensionHostProcess.js:130:28679)
	at MessagePortMain.emit (node:events:513:28)
	at MessagePortMain._internalPort.emit (node:electron/js2c/utility_init:2:367) setContext undefined
2023-08-31 21:54:18.460 [info] Extension host with pid 22721 exiting with code 0
2023-08-31 21:54:19.209 [info] Extension host with pid 23120 started
2023-08-31 21:54:19.209 [info] Skipping acquiring lock for /home/panda/.config/Code/User/workspaceStorage/76b00d16e5642a66e0c94d335e639da4.
2023-08-31 21:54:19.215 [info] $getCanonicalURI invoked for authority (ssh-remote)
2023-08-31 21:54:19.219 [info] ExtensionService#_doActivateExtension ms-vscode-remote.remote-ssh, startup: false, activationEvent: 'onResolveRemoteAuthority:ssh-remote'
2023-08-31 21:54:19.259 [info] [resolveAuthority(ssh-remote,1)][0ms] activating remote resolvers ssh-remote+btp
2023-08-31 21:54:19.259 [info] [resolveAuthority(ssh-remote,1)][0ms] activating resolver for ssh-remote+btp...
2023-08-31 21:54:19.259 [info] [resolveAuthority(ssh-remote,1)][0ms] invoking final resolve()...
2023-08-31 21:54:20.263 [info] [resolveAuthority(ssh-remote,1)][1004ms] setting tunnel factory...
2023-08-31 21:54:20.263 [info] [resolveAuthority(ssh-remote,1)][1004ms] returned 127.0.0.1:46543
2023-08-31 21:54:20.845 [info] Eager extensions activated
2023-08-31 21:54:20.881 [info] ExtensionService#_doActivateExtension dsznajder.es7-react-js-snippets, startup: false, activationEvent: 'onStartupFinished'
2023-08-31 21:54:21.155 [info] ExtensionService#_doActivateExtension equinusocio.vsc-material-theme-icons, startup: false, activationEvent: 'onStartupFinished'
2023-08-31 21:54:21.187 [info] ExtensionService#_doActivateExtension ms-vscode.remote-explorer, startup: false, activationEvent: 'onCommand:remote-internal.setActiveFolders'
2023-08-31 21:54:21.212 [info] ExtensionService#_doActivateExtension vscode.github-authentication, startup: false, activationEvent: 'onAuthenticationRequest:github'
2023-08-31 21:54:23.964 [info] ExtensionService#_doActivateExtension vscode.microsoft-authentication, startup: false, activationEvent: 'onAuthenticationRequest:microsoft'
2023-08-31 22:32:45.376 [info] [resolveAuthority(ssh-remote,2)][1ms] activating remote resolvers ssh-remote+btp
2023-08-31 22:32:45.376 [info] [resolveAuthority(ssh-remote,2)][1ms] activating resolver for ssh-remote+btp...
2023-08-31 22:32:45.377 [info] [resolveAuthority(ssh-remote,2)][2ms] invoking final resolve()...
2023-08-31 22:32:46.378 [info] [resolveAuthority(ssh-remote,2)][1003ms] waiting...
2023-08-31 22:32:47.378 [info] [resolveAuthority(ssh-remote,2)][2003ms] waiting...
2023-08-31 22:32:48.378 [info] [resolveAuthority(ssh-remote,2)][3003ms] waiting...
2023-08-31 22:32:49.378 [info] [resolveAuthority(ssh-remote,2)][4003ms] waiting...
2023-08-31 22:32:50.379 [info] [resolveAuthority(ssh-remote,2)][5004ms] waiting...
2023-08-31 22:32:51.380 [info] [resolveAuthority(ssh-remote,2)][6005ms] waiting...
2023-08-31 22:32:52.383 [info] [resolveAuthority(ssh-remote,2)][7008ms] waiting...
2023-08-31 22:32:53.387 [info] [resolveAuthority(ssh-remote,2)][8011ms] waiting...
2023-08-31 22:32:54.387 [info] [resolveAuthority(ssh-remote,2)][9012ms] waiting...
2023-08-31 22:32:55.388 [info] [resolveAuthority(ssh-remote,2)][10013ms] waiting...
2023-08-31 22:32:56.389 [info] [resolveAuthority(ssh-remote,2)][11014ms] waiting...
2023-08-31 22:32:57.393 [info] [resolveAuthority(ssh-remote,2)][12018ms] waiting...
2023-08-31 22:32:58.394 [info] [resolveAuthority(ssh-remote,2)][13019ms] waiting...
2023-08-31 22:32:59.395 [info] [resolveAuthority(ssh-remote,2)][14020ms] waiting...
2023-08-31 22:33:00.396 [info] [resolveAuthority(ssh-remote,2)][15021ms] waiting...
2023-08-31 22:33:01.397 [info] [resolveAuthority(ssh-remote,2)][16022ms] waiting...
2023-08-31 22:33:02.398 [info] [resolveAuthority(ssh-remote,2)][17023ms] waiting...
2023-08-31 22:33:02.451 [error] [resolveAuthority(ssh-remote,2)][17069ms] returned an error Connecting with SSH timed out
2023-08-31 22:33:07.465 [info] [resolveAuthority(ssh-remote,3)][0ms] activating remote resolvers ssh-remote+btp
2023-08-31 22:33:07.466 [info] [resolveAuthority(ssh-remote,3)][1ms] activating resolver for ssh-remote+btp...
2023-08-31 22:33:07.466 [info] [resolveAuthority(ssh-remote,3)][1ms] invoking final resolve()...
2023-08-31 22:33:08.468 [info] [resolveAuthority(ssh-remote,3)][1003ms] waiting...
2023-08-31 22:33:09.467 [info] [resolveAuthority(ssh-remote,3)][2002ms] waiting...
2023-08-31 22:33:09.828 [info] [resolveAuthority(ssh-remote,3)][2363ms] setting tunnel factory...
2023-08-31 22:33:09.829 [info] [resolveAuthority(ssh-remote,3)][2364ms] returned 127.0.0.1:34633
2023-08-31 22:35:03.201 [info] [resolveAuthority(ssh-remote,4)][0ms] activating remote resolvers ssh-remote+btp
2023-08-31 22:35:03.201 [info] [resolveAuthority(ssh-remote,4)][0ms] activating resolver for ssh-remote+btp...
2023-08-31 22:35:03.201 [info] [resolveAuthority(ssh-remote,4)][0ms] invoking final resolve()...
2023-08-31 22:35:04.202 [info] [resolveAuthority(ssh-remote,4)][1001ms] waiting...
2023-08-31 22:35:05.202 [info] [resolveAuthority(ssh-remote,4)][2001ms] waiting...
2023-08-31 22:35:06.203 [info] [resolveAuthority(ssh-remote,4)][3002ms] waiting...
2023-08-31 22:35:07.203 [info] [resolveAuthority(ssh-remote,4)][4002ms] waiting...
2023-08-31 22:35:08.203 [info] [resolveAuthority(ssh-remote,4)][5002ms] waiting...
2023-08-31 22:35:09.204 [info] [resolveAuthority(ssh-remote,4)][6003ms] waiting...
2023-08-31 22:35:09.372 [info] Extension host terminating: renderer closed the MessagePort
2023-08-31 22:35:09.376 [error] Canceled: Canceled
	at new h (/opt/visual-studio-code/resources/app/out/vs/workbench/api/node/extensionHostProcess.js:102:56634)
	at t.O (/opt/visual-studio-code/resources/app/out/vs/workbench/api/node/extensionHostProcess.js:114:8020)
	at N.<computed>.T.charCodeAt.N.<computed> (/opt/visual-studio-code/resources/app/out/vs/workbench/api/node/extensionHostProcess.js:114:5459)
	at a.g (/opt/visual-studio-code/resources/app/out/vs/workbench/api/node/extensionHostProcess.js:102:77241)
	at a.executeCommand (/opt/visual-studio-code/resources/app/out/vs/workbench/api/node/extensionHostProcess.js:102:76679)
	at v.registerCommand.description (/opt/visual-studio-code/resources/app/out/vs/workbench/api/node/extensionHostProcess.js:102:76000)
	at a.h (/opt/visual-studio-code/resources/app/out/vs/workbench/api/node/extensionHostProcess.js:102:77777)
	at a.g (/opt/visual-studio-code/resources/app/out/vs/workbench/api/node/extensionHostProcess.js:102:76772)
	at a.executeCommand (/opt/visual-studio-code/resources/app/out/vs/workbench/api/node/extensionHostProcess.js:102:76679)
	at Object.executeCommand (/opt/visual-studio-code/resources/app/out/vs/workbench/api/node/extensionHostProcess.js:120:20977)
	at t.shutdown (/home/panda/.vscode/extensions/ms-vscode-remote.remote-ssh-0.102.0/out/extension.js:1:646929)
	at e.deactivate (/home/panda/.vscode/extensions/ms-vscode-remote.remote-ssh-0.102.0/out/extension.js:1:723956)
	at r.Z (/opt/visual-studio-code/resources/app/out/vs/workbench/api/node/extensionHostProcess.js:116:9494)
	at /opt/visual-studio-code/resources/app/out/vs/workbench/api/node/extensionHostProcess.js:116:7582
	at Array.map (<anonymous>)
	at r.S (/opt/visual-studio-code/resources/app/out/vs/workbench/api/node/extensionHostProcess.js:116:7570)
	at r.terminate (/opt/visual-studio-code/resources/app/out/vs/workbench/api/node/extensionHostProcess.js:116:7842)
	at s.terminate (/opt/visual-studio-code/resources/app/out/vs/workbench/api/node/extensionHostProcess.js:120:1506)
	at C (/opt/visual-studio-code/resources/app/out/vs/workbench/api/node/extensionHostProcess.js:130:32254)
	at MessagePortMain.<anonymous> (/opt/visual-studio-code/resources/app/out/vs/workbench/api/node/extensionHostProcess.js:130:28679)
	at MessagePortMain.emit (node:events:513:28)
	at MessagePortMain._internalPort.emit (node:electron/js2c/utility_init:2:367) setContext undefined
2023-08-31 22:35:09.376 [info] Extension host with pid 23120 exiting with code 0
2023-08-31 22:35:10.442 [info] Extension host with pid 28125 started
2023-08-31 22:35:10.442 [info] Skipping acquiring lock for /home/panda/.config/Code/User/workspaceStorage/76b00d16e5642a66e0c94d335e639da4.
2023-08-31 22:35:10.446 [info] $getCanonicalURI invoked for authority (ssh-remote)
2023-08-31 22:35:10.453 [info] ExtensionService#_doActivateExtension ms-vscode-remote.remote-ssh, startup: false, activationEvent: 'onResolveRemoteAuthority:ssh-remote'
2023-08-31 22:35:10.491 [info] [resolveAuthority(ssh-remote,1)][0ms] activating remote resolvers ssh-remote+btp
2023-08-31 22:35:10.491 [info] [resolveAuthority(ssh-remote,1)][0ms] activating resolver for ssh-remote+btp...
2023-08-31 22:35:10.491 [info] [resolveAuthority(ssh-remote,1)][0ms] invoking final resolve()...
2023-08-31 22:35:11.491 [info] [resolveAuthority(ssh-remote,1)][1000ms] waiting...
2023-08-31 22:35:12.492 [info] [resolveAuthority(ssh-remote,1)][2001ms] waiting...
2023-08-31 22:35:13.493 [info] [resolveAuthority(ssh-remote,1)][3002ms] waiting...
2023-08-31 22:35:14.494 [info] [resolveAuthority(ssh-remote,1)][4003ms] waiting...
2023-08-31 22:35:15.494 [info] [resolveAuthority(ssh-remote,1)][5003ms] waiting...
2023-08-31 22:35:16.494 [info] [resolveAuthority(ssh-remote,1)][6003ms] waiting...
2023-08-31 22:35:17.495 [info] [resolveAuthority(ssh-remote,1)][7004ms] waiting...
2023-08-31 22:35:18.495 [info] [resolveAuthority(ssh-remote,1)][8004ms] waiting...
2023-08-31 22:35:19.495 [info] [resolveAuthority(ssh-remote,1)][9004ms] waiting...
2023-08-31 22:35:20.495 [info] [resolveAuthority(ssh-remote,1)][10004ms] waiting...
2023-08-31 22:35:21.497 [info] [resolveAuthority(ssh-remote,1)][11006ms] waiting...
2023-08-31 22:35:22.499 [info] [resolveAuthority(ssh-remote,1)][12008ms] waiting...
2023-08-31 22:35:23.500 [info] [resolveAuthority(ssh-remote,1)][13009ms] waiting...
2023-08-31 22:35:24.502 [info] [resolveAuthority(ssh-remote,1)][14011ms] waiting...
2023-08-31 22:35:25.503 [info] [resolveAuthority(ssh-remote,1)][15012ms] waiting...
2023-08-31 22:35:25.706 [error] [resolveAuthority(ssh-remote,1)][15209ms] returned an error The connection timed out
2023-08-31 22:35:25.904 [info] Eager extensions activated
2023-08-31 22:35:26.059 [info] ExtensionService#_doActivateExtension dsznajder.es7-react-js-snippets, startup: false, activationEvent: 'onStartupFinished'
2023-08-31 22:35:26.467 [info] ExtensionService#_doActivateExtension equinusocio.vsc-material-theme-icons, startup: false, activationEvent: 'onStartupFinished'
2023-08-31 22:35:26.594 [info] ExtensionService#_doActivateExtension vscode.ipynb, startup: false, activationEvent: 'onNotebookSerializer:jupyter-notebook'
2023-08-31 22:35:26.616 [info] ExtensionService#_doActivateExtension ms-vscode.remote-explorer, startup: false, activationEvent: 'onCommand:remote-internal.setActiveFolders'
2023-08-31 22:35:26.628 [info] ExtensionService#_doActivateExtension vscode.github-authentication, startup: false, activationEvent: 'onAuthenticationRequest:github'
2023-08-31 22:35:26.750 [info] ExtensionService#_doActivateExtension vscode.microsoft-authentication, startup: false, activationEvent: 'onAuthenticationRequest:microsoft'
2023-08-31 22:35:28.706 [info] Extension host terminating: renderer closed the MessagePort
2023-08-31 22:35:28.716 [error] Canceled: Canceled
	at new h (/opt/visual-studio-code/resources/app/out/vs/workbench/api/node/extensionHostProcess.js:102:56634)
	at t.O (/opt/visual-studio-code/resources/app/out/vs/workbench/api/node/extensionHostProcess.js:114:8020)
	at N.<computed>.T.charCodeAt.N.<computed> (/opt/visual-studio-code/resources/app/out/vs/workbench/api/node/extensionHostProcess.js:114:5459)
	at a.g (/opt/visual-studio-code/resources/app/out/vs/workbench/api/node/extensionHostProcess.js:102:77241)
	at a.executeCommand (/opt/visual-studio-code/resources/app/out/vs/workbench/api/node/extensionHostProcess.js:102:76679)
	at v.registerCommand.description (/opt/visual-studio-code/resources/app/out/vs/workbench/api/node/extensionHostProcess.js:102:76000)
	at a.h (/opt/visual-studio-code/resources/app/out/vs/workbench/api/node/extensionHostProcess.js:102:77777)
	at a.g (/opt/visual-studio-code/resources/app/out/vs/workbench/api/node/extensionHostProcess.js:102:76772)
	at a.executeCommand (/opt/visual-studio-code/resources/app/out/vs/workbench/api/node/extensionHostProcess.js:102:76679)
	at Object.executeCommand (/opt/visual-studio-code/resources/app/out/vs/workbench/api/node/extensionHostProcess.js:120:20977)
	at t.shutdown (/home/panda/.vscode/extensions/ms-vscode-remote.remote-ssh-0.102.0/out/extension.js:1:646929)
	at e.deactivate (/home/panda/.vscode/extensions/ms-vscode-remote.remote-ssh-0.102.0/out/extension.js:1:723956)
	at r.Z (/opt/visual-studio-code/resources/app/out/vs/workbench/api/node/extensionHostProcess.js:116:9494)
	at /opt/visual-studio-code/resources/app/out/vs/workbench/api/node/extensionHostProcess.js:116:7582
	at Array.map (<anonymous>)
	at r.S (/opt/visual-studio-code/resources/app/out/vs/workbench/api/node/extensionHostProcess.js:116:7570)
	at r.terminate (/opt/visual-studio-code/resources/app/out/vs/workbench/api/node/extensionHostProcess.js:116:7842)
	at s.terminate (/opt/visual-studio-code/resources/app/out/vs/workbench/api/node/extensionHostProcess.js:120:1506)
	at C (/opt/visual-studio-code/resources/app/out/vs/workbench/api/node/extensionHostProcess.js:130:32254)
	at MessagePortMain.<anonymous> (/opt/visual-studio-code/resources/app/out/vs/workbench/api/node/extensionHostProcess.js:130:28679)
	at MessagePortMain.emit (node:events:513:28)
	at MessagePortMain._internalPort.emit (node:electron/js2c/utility_init:2:367) setContext undefined
2023-08-31 22:35:28.716 [info] Extension host with pid 28125 exiting with code 0
2023-08-31 22:35:29.623 [info] Extension host with pid 28229 started
2023-08-31 22:35:29.623 [info] Skipping acquiring lock for /home/panda/.config/Code/User/workspaceStorage/76b00d16e5642a66e0c94d335e639da4.
2023-08-31 22:35:29.629 [info] $getCanonicalURI invoked for authority (ssh-remote)
2023-08-31 22:35:29.640 [info] ExtensionService#_doActivateExtension ms-vscode-remote.remote-ssh, startup: false, activationEvent: 'onResolveRemoteAuthority:ssh-remote'
2023-08-31 22:35:29.670 [info] [resolveAuthority(ssh-remote,1)][0ms] activating remote resolvers ssh-remote+btp
2023-08-31 22:35:29.670 [info] [resolveAuthority(ssh-remote,1)][0ms] activating resolver for ssh-remote+btp...
2023-08-31 22:35:29.670 [info] [resolveAuthority(ssh-remote,1)][0ms] invoking final resolve()...
2023-08-31 22:35:30.670 [info] [resolveAuthority(ssh-remote,1)][1000ms] waiting...
2023-08-31 22:35:31.672 [info] [resolveAuthority(ssh-remote,1)][2002ms] waiting...
2023-08-31 22:35:32.673 [info] [resolveAuthority(ssh-remote,1)][3003ms] waiting...
2023-08-31 22:35:33.674 [info] [resolveAuthority(ssh-remote,1)][4004ms] waiting...
2023-08-31 22:35:34.675 [info] [resolveAuthority(ssh-remote,1)][5005ms] waiting...
2023-08-31 22:35:35.676 [info] [resolveAuthority(ssh-remote,1)][6006ms] waiting...
2023-08-31 22:35:36.677 [info] [resolveAuthority(ssh-remote,1)][7007ms] waiting...
2023-08-31 22:35:37.677 [info] [resolveAuthority(ssh-remote,1)][8007ms] waiting...
2023-08-31 22:35:38.677 [info] [resolveAuthority(ssh-remote,1)][9007ms] waiting...
2023-08-31 22:35:39.677 [info] [resolveAuthority(ssh-remote,1)][10007ms] waiting...
2023-08-31 22:35:40.678 [info] [resolveAuthority(ssh-remote,1)][11008ms] waiting...
2023-08-31 22:35:41.680 [info] [resolveAuthority(ssh-remote,1)][12009ms] waiting...
2023-08-31 22:35:42.681 [info] [resolveAuthority(ssh-remote,1)][13011ms] waiting...
2023-08-31 22:35:43.683 [info] [resolveAuthority(ssh-remote,1)][14012ms] waiting...
2023-08-31 22:35:44.683 [info] [resolveAuthority(ssh-remote,1)][15013ms] waiting...
2023-08-31 22:35:44.910 [error] [resolveAuthority(ssh-remote,1)][15235ms] returned an error The connection timed out
2023-08-31 22:35:44.986 [info] Eager extensions activated
2023-08-31 22:35:45.099 [info] ExtensionService#_doActivateExtension dsznajder.es7-react-js-snippets, startup: false, activationEvent: 'onStartupFinished'
2023-08-31 22:35:45.372 [info] ExtensionService#_doActivateExtension equinusocio.vsc-material-theme-icons, startup: false, activationEvent: 'onStartupFinished'
2023-08-31 22:35:45.411 [info] ExtensionService#_doActivateExtension vscode.ipynb, startup: false, activationEvent: 'onNotebookSerializer:jupyter-notebook'
2023-08-31 22:35:45.427 [info] ExtensionService#_doActivateExtension ms-vscode.remote-explorer, startup: false, activationEvent: 'onCommand:remote-internal.setActiveFolders'
2023-08-31 22:35:45.440 [info] ExtensionService#_doActivateExtension vscode.github-authentication, startup: false, activationEvent: 'onAuthenticationRequest:github'
2023-08-31 22:35:45.565 [info] ExtensionService#_doActivateExtension vscode.microsoft-authentication, startup: false, activationEvent: 'onAuthenticationRequest:microsoft'
2023-08-31 22:35:47.609 [info] Extension host terminating: renderer closed the MessagePort
2023-08-31 22:35:47.618 [error] Canceled: Canceled
	at new h (/opt/visual-studio-code/resources/app/out/vs/workbench/api/node/extensionHostProcess.js:102:56634)
	at t.O (/opt/visual-studio-code/resources/app/out/vs/workbench/api/node/extensionHostProcess.js:114:8020)
	at N.<computed>.T.charCodeAt.N.<computed> (/opt/visual-studio-code/resources/app/out/vs/workbench/api/node/extensionHostProcess.js:114:5459)
	at a.g (/opt/visual-studio-code/resources/app/out/vs/workbench/api/node/extensionHostProcess.js:102:77241)
	at a.executeCommand (/opt/visual-studio-code/resources/app/out/vs/workbench/api/node/extensionHostProcess.js:102:76679)
	at v.registerCommand.description (/opt/visual-studio-code/resources/app/out/vs/workbench/api/node/extensionHostProcess.js:102:76000)
	at a.h (/opt/visual-studio-code/resources/app/out/vs/workbench/api/node/extensionHostProcess.js:102:77777)
	at a.g (/opt/visual-studio-code/resources/app/out/vs/workbench/api/node/extensionHostProcess.js:102:76772)
	at a.executeCommand (/opt/visual-studio-code/resources/app/out/vs/workbench/api/node/extensionHostProcess.js:102:76679)
	at Object.executeCommand (/opt/visual-studio-code/resources/app/out/vs/workbench/api/node/extensionHostProcess.js:120:20977)
	at t.shutdown (/home/panda/.vscode/extensions/ms-vscode-remote.remote-ssh-0.102.0/out/extension.js:1:646929)
	at e.deactivate (/home/panda/.vscode/extensions/ms-vscode-remote.remote-ssh-0.102.0/out/extension.js:1:723956)
	at r.Z (/opt/visual-studio-code/resources/app/out/vs/workbench/api/node/extensionHostProcess.js:116:9494)
	at /opt/visual-studio-code/resources/app/out/vs/workbench/api/node/extensionHostProcess.js:116:7582
	at Array.map (<anonymous>)
	at r.S (/opt/visual-studio-code/resources/app/out/vs/workbench/api/node/extensionHostProcess.js:116:7570)
	at r.terminate (/opt/visual-studio-code/resources/app/out/vs/workbench/api/node/extensionHostProcess.js:116:7842)
	at s.terminate (/opt/visual-studio-code/resources/app/out/vs/workbench/api/node/extensionHostProcess.js:120:1506)
	at C (/opt/visual-studio-code/resources/app/out/vs/workbench/api/node/extensionHostProcess.js:130:32254)
	at MessagePortMain.<anonymous> (/opt/visual-studio-code/resources/app/out/vs/workbench/api/node/extensionHostProcess.js:130:28679)
	at MessagePortMain.emit (node:events:513:28)
	at MessagePortMain._internalPort.emit (node:electron/js2c/utility_init:2:367) setContext undefined
2023-08-31 22:35:47.618 [info] Extension host with pid 28229 exiting with code 0
2023-08-31 22:35:48.761 [info] Extension host with pid 28336 started
2023-08-31 22:35:48.761 [info] Skipping acquiring lock for /home/panda/.config/Code/User/workspaceStorage/76b00d16e5642a66e0c94d335e639da4.
2023-08-31 22:35:48.772 [info] $getCanonicalURI invoked for authority (ssh-remote)
2023-08-31 22:35:48.802 [info] ExtensionService#_doActivateExtension ms-vscode-remote.remote-ssh, startup: false, activationEvent: 'onResolveRemoteAuthority:ssh-remote'
2023-08-31 22:35:48.928 [info] [resolveAuthority(ssh-remote,1)][0ms] activating remote resolvers ssh-remote+btp
2023-08-31 22:35:48.928 [info] [resolveAuthority(ssh-remote,1)][0ms] activating resolver for ssh-remote+btp...
2023-08-31 22:35:48.928 [info] [resolveAuthority(ssh-remote,1)][0ms] invoking final resolve()...
2023-08-31 22:35:49.928 [info] [resolveAuthority(ssh-remote,1)][1000ms] waiting...
2023-08-31 22:35:50.930 [info] [resolveAuthority(ssh-remote,1)][2002ms] waiting...
2023-08-31 22:35:51.931 [info] [resolveAuthority(ssh-remote,1)][3003ms] waiting...
2023-08-31 22:35:52.932 [info] [resolveAuthority(ssh-remote,1)][4004ms] waiting...
2023-08-31 22:35:53.933 [info] [resolveAuthority(ssh-remote,1)][5005ms] waiting...
2023-08-31 22:35:54.933 [info] [resolveAuthority(ssh-remote,1)][6005ms] waiting...
2023-08-31 22:35:55.934 [info] [resolveAuthority(ssh-remote,1)][7006ms] waiting...
2023-08-31 22:35:56.935 [info] [resolveAuthority(ssh-remote,1)][8007ms] waiting...
2023-08-31 22:35:57.936 [info] [resolveAuthority(ssh-remote,1)][9008ms] waiting...
2023-08-31 22:35:58.937 [info] [resolveAuthority(ssh-remote,1)][10009ms] waiting...
2023-08-31 22:35:59.938 [info] [resolveAuthority(ssh-remote,1)][11010ms] waiting...
2023-08-31 22:36:00.939 [info] [resolveAuthority(ssh-remote,1)][12011ms] waiting...
2023-08-31 22:36:01.941 [info] [resolveAuthority(ssh-remote,1)][13013ms] waiting...
2023-08-31 22:36:02.942 [info] [resolveAuthority(ssh-remote,1)][14014ms] waiting...
2023-08-31 22:36:03.943 [info] [resolveAuthority(ssh-remote,1)][15015ms] waiting...
2023-08-31 22:36:04.331 [error] [resolveAuthority(ssh-remote,1)][15398ms] returned an error The connection timed out
2023-08-31 22:36:04.392 [info] Eager extensions activated
2023-08-31 22:36:04.457 [info] ExtensionService#_doActivateExtension dsznajder.es7-react-js-snippets, startup: false, activationEvent: 'onStartupFinished'
2023-08-31 22:36:04.740 [info] ExtensionService#_doActivateExtension equinusocio.vsc-material-theme-icons, startup: false, activationEvent: 'onStartupFinished'
2023-08-31 22:36:04.778 [info] ExtensionService#_doActivateExtension vscode.ipynb, startup: false, activationEvent: 'onNotebookSerializer:jupyter-notebook'
2023-08-31 22:36:04.794 [info] ExtensionService#_doActivateExtension ms-vscode.remote-explorer, startup: false, activationEvent: 'onCommand:remote-internal.setActiveFolders'
2023-08-31 22:36:04.812 [info] ExtensionService#_doActivateExtension vscode.github-authentication, startup: false, activationEvent: 'onAuthenticationRequest:github'
2023-08-31 22:36:04.924 [info] ExtensionService#_doActivateExtension vscode.microsoft-authentication, startup: false, activationEvent: 'onAuthenticationRequest:microsoft'
2023-08-31 22:36:15.308 [info] Extension host terminating: renderer closed the MessagePort
2023-08-31 22:36:15.314 [error] Canceled: Canceled
	at new h (/opt/visual-studio-code/resources/app/out/vs/workbench/api/node/extensionHostProcess.js:102:56634)
	at t.O (/opt/visual-studio-code/resources/app/out/vs/workbench/api/node/extensionHostProcess.js:114:8020)
	at N.<computed>.T.charCodeAt.N.<computed> (/opt/visual-studio-code/resources/app/out/vs/workbench/api/node/extensionHostProcess.js:114:5459)
	at a.g (/opt/visual-studio-code/resources/app/out/vs/workbench/api/node/extensionHostProcess.js:102:77241)
	at a.executeCommand (/opt/visual-studio-code/resources/app/out/vs/workbench/api/node/extensionHostProcess.js:102:76679)
	at v.registerCommand.description (/opt/visual-studio-code/resources/app/out/vs/workbench/api/node/extensionHostProcess.js:102:76000)
	at a.h (/opt/visual-studio-code/resources/app/out/vs/workbench/api/node/extensionHostProcess.js:102:77777)
	at a.g (/opt/visual-studio-code/resources/app/out/vs/workbench/api/node/extensionHostProcess.js:102:76772)
	at a.executeCommand (/opt/visual-studio-code/resources/app/out/vs/workbench/api/node/extensionHostProcess.js:102:76679)
	at Object.executeCommand (/opt/visual-studio-code/resources/app/out/vs/workbench/api/node/extensionHostProcess.js:120:20977)
	at t.shutdown (/home/panda/.vscode/extensions/ms-vscode-remote.remote-ssh-0.102.0/out/extension.js:1:646929)
	at e.deactivate (/home/panda/.vscode/extensions/ms-vscode-remote.remote-ssh-0.102.0/out/extension.js:1:723956)
	at r.Z (/opt/visual-studio-code/resources/app/out/vs/workbench/api/node/extensionHostProcess.js:116:9494)
	at /opt/visual-studio-code/resources/app/out/vs/workbench/api/node/extensionHostProcess.js:116:7582
	at Array.map (<anonymous>)
	at r.S (/opt/visual-studio-code/resources/app/out/vs/workbench/api/node/extensionHostProcess.js:116:7570)
	at r.terminate (/opt/visual-studio-code/resources/app/out/vs/workbench/api/node/extensionHostProcess.js:116:7842)
	at s.terminate (/opt/visual-studio-code/resources/app/out/vs/workbench/api/node/extensionHostProcess.js:120:1506)
	at C (/opt/visual-studio-code/resources/app/out/vs/workbench/api/node/extensionHostProcess.js:130:32254)
	at MessagePortMain.<anonymous> (/opt/visual-studio-code/resources/app/out/vs/workbench/api/node/extensionHostProcess.js:130:28679)
	at MessagePortMain.emit (node:events:513:28)
	at MessagePortMain._internalPort.emit (node:electron/js2c/utility_init:2:367) setContext undefined
2023-08-31 22:36:15.315 [info] Extension host with pid 28336 exiting with code 0
2023-08-31 22:36:16.143 [info] Extension host with pid 28519 started
2023-08-31 22:36:16.143 [info] Skipping acquiring lock for /home/panda/.config/Code/User/workspaceStorage/76b00d16e5642a66e0c94d335e639da4.
2023-08-31 22:36:16.143 [info] $getCanonicalURI invoked for authority (ssh-remote)
2023-08-31 22:36:16.151 [info] ExtensionService#_doActivateExtension ms-vscode-remote.remote-ssh, startup: false, activationEvent: 'onResolveRemoteAuthority:ssh-remote'
2023-08-31 22:36:16.181 [info] [resolveAuthority(ssh-remote,1)][0ms] activating remote resolvers ssh-remote+btp
2023-08-31 22:36:16.181 [info] [resolveAuthority(ssh-remote,1)][0ms] activating resolver for ssh-remote+btp...
2023-08-31 22:36:16.182 [info] [resolveAuthority(ssh-remote,1)][1ms] invoking final resolve()...
2023-08-31 22:36:17.183 [info] [resolveAuthority(ssh-remote,1)][1002ms] waiting...
2023-08-31 22:36:18.183 [info] [resolveAuthority(ssh-remote,1)][2002ms] waiting...
2023-08-31 22:36:19.184 [info] [resolveAuthority(ssh-remote,1)][3003ms] waiting...
2023-08-31 22:36:20.186 [info] [resolveAuthority(ssh-remote,1)][4005ms] waiting...
2023-08-31 22:36:21.187 [info] [resolveAuthority(ssh-remote,1)][5006ms] waiting...
2023-08-31 22:36:22.186 [info] [resolveAuthority(ssh-remote,1)][6005ms] waiting...
2023-08-31 22:36:23.187 [info] [resolveAuthority(ssh-remote,1)][7006ms] waiting...
2023-08-31 22:36:24.187 [info] [resolveAuthority(ssh-remote,1)][8006ms] waiting...
2023-08-31 22:36:25.187 [info] [resolveAuthority(ssh-remote,1)][9006ms] waiting...
2023-08-31 22:36:26.187 [info] [resolveAuthority(ssh-remote,1)][10006ms] waiting...
2023-08-31 22:36:27.188 [info] [resolveAuthority(ssh-remote,1)][11007ms] waiting...
2023-08-31 22:36:28.190 [info] [resolveAuthority(ssh-remote,1)][12009ms] waiting...
2023-08-31 22:36:29.192 [info] [resolveAuthority(ssh-remote,1)][13011ms] waiting...
2023-08-31 22:36:30.193 [info] [resolveAuthority(ssh-remote,1)][14012ms] waiting...
2023-08-31 22:36:31.194 [info] [resolveAuthority(ssh-remote,1)][15013ms] waiting...
2023-08-31 22:36:31.420 [error] [resolveAuthority(ssh-remote,1)][15233ms] returned an error The connection timed out
2023-08-31 22:36:31.474 [info] Eager extensions activated
2023-08-31 22:36:31.586 [info] ExtensionService#_doActivateExtension dsznajder.es7-react-js-snippets, startup: false, activationEvent: 'onStartupFinished'
2023-08-31 22:36:31.908 [info] ExtensionService#_doActivateExtension equinusocio.vsc-material-theme-icons, startup: false, activationEvent: 'onStartupFinished'
2023-08-31 22:36:31.928 [info] ExtensionService#_doActivateExtension vscode.ipynb, startup: false, activationEvent: 'onNotebookSerializer:jupyter-notebook'
2023-08-31 22:36:31.946 [info] ExtensionService#_doActivateExtension ms-vscode.remote-explorer, startup: false, activationEvent: 'onCommand:remote-internal.setActiveFolders'
2023-08-31 22:36:31.971 [info] ExtensionService#_doActivateExtension vscode.github-authentication, startup: false, activationEvent: 'onAuthenticationRequest:github'
2023-08-31 22:36:32.117 [info] ExtensionService#_doActivateExtension vscode.microsoft-authentication, startup: false, activationEvent: 'onAuthenticationRequest:microsoft'
2023-08-31 22:36:34.493 [info] Extension host terminating: renderer closed the MessagePort
2023-08-31 22:36:34.496 [error] Canceled: Canceled
	at new h (/opt/visual-studio-code/resources/app/out/vs/workbench/api/node/extensionHostProcess.js:102:56634)
	at t.O (/opt/visual-studio-code/resources/app/out/vs/workbench/api/node/extensionHostProcess.js:114:8020)
	at N.<computed>.T.charCodeAt.N.<computed> (/opt/visual-studio-code/resources/app/out/vs/workbench/api/node/extensionHostProcess.js:114:5459)
	at a.g (/opt/visual-studio-code/resources/app/out/vs/workbench/api/node/extensionHostProcess.js:102:77241)
	at a.executeCommand (/opt/visual-studio-code/resources/app/out/vs/workbench/api/node/extensionHostProcess.js:102:76679)
	at v.registerCommand.description (/opt/visual-studio-code/resources/app/out/vs/workbench/api/node/extensionHostProcess.js:102:76000)
	at a.h (/opt/visual-studio-code/resources/app/out/vs/workbench/api/node/extensionHostProcess.js:102:77777)
	at a.g (/opt/visual-studio-code/resources/app/out/vs/workbench/api/node/extensionHostProcess.js:102:76772)
	at a.executeCommand (/opt/visual-studio-code/resources/app/out/vs/workbench/api/node/extensionHostProcess.js:102:76679)
	at Object.executeCommand (/opt/visual-studio-code/resources/app/out/vs/workbench/api/node/extensionHostProcess.js:120:20977)
	at t.shutdown (/home/panda/.vscode/extensions/ms-vscode-remote.remote-ssh-0.102.0/out/extension.js:1:646929)
	at e.deactivate (/home/panda/.vscode/extensions/ms-vscode-remote.remote-ssh-0.102.0/out/extension.js:1:723956)
	at r.Z (/opt/visual-studio-code/resources/app/out/vs/workbench/api/node/extensionHostProcess.js:116:9494)
	at /opt/visual-studio-code/resources/app/out/vs/workbench/api/node/extensionHostProcess.js:116:7582
	at Array.map (<anonymous>)
	at r.S (/opt/visual-studio-code/resources/app/out/vs/workbench/api/node/extensionHostProcess.js:116:7570)
	at r.terminate (/opt/visual-studio-code/resources/app/out/vs/workbench/api/node/extensionHostProcess.js:116:7842)
	at s.terminate (/opt/visual-studio-code/resources/app/out/vs/workbench/api/node/extensionHostProcess.js:120:1506)
	at C (/opt/visual-studio-code/resources/app/out/vs/workbench/api/node/extensionHostProcess.js:130:32254)
	at MessagePortMain.<anonymous> (/opt/visual-studio-code/resources/app/out/vs/workbench/api/node/extensionHostProcess.js:130:28679)
	at MessagePortMain.emit (node:events:513:28)
	at MessagePortMain._internalPort.emit (node:electron/js2c/utility_init:2:367) setContext undefined
2023-08-31 22:36:34.496 [info] Extension host with pid 28519 exiting with code 0
2023-08-31 22:36:35.454 [info] Extension host with pid 28629 started
2023-08-31 22:36:35.454 [info] Skipping acquiring lock for /home/panda/.config/Code/User/workspaceStorage/76b00d16e5642a66e0c94d335e639da4.
2023-08-31 22:36:35.463 [info] $getCanonicalURI invoked for authority (ssh-remote)
2023-08-31 22:36:35.473 [info] ExtensionService#_doActivateExtension ms-vscode-remote.remote-ssh, startup: false, activationEvent: 'onResolveRemoteAuthority:ssh-remote'
2023-08-31 22:36:35.504 [info] [resolveAuthority(ssh-remote,1)][0ms] activating remote resolvers ssh-remote+btp
2023-08-31 22:36:35.505 [info] [resolveAuthority(ssh-remote,1)][1ms] activating resolver for ssh-remote+btp...
2023-08-31 22:36:35.505 [info] [resolveAuthority(ssh-remote,1)][1ms] invoking final resolve()...
2023-08-31 22:36:36.506 [info] [resolveAuthority(ssh-remote,1)][1002ms] waiting...
2023-08-31 22:36:37.507 [info] [resolveAuthority(ssh-remote,1)][2003ms] waiting...
2023-08-31 22:36:38.509 [info] [resolveAuthority(ssh-remote,1)][3005ms] waiting...
2023-08-31 22:36:39.509 [info] [resolveAuthority(ssh-remote,1)][4005ms] waiting...
2023-08-31 22:36:40.509 [info] [resolveAuthority(ssh-remote,1)][5005ms] waiting...
2023-08-31 22:36:41.510 [info] [resolveAuthority(ssh-remote,1)][6006ms] waiting...
2023-08-31 22:36:42.510 [info] [resolveAuthority(ssh-remote,1)][7006ms] waiting...
2023-08-31 22:36:43.510 [info] [resolveAuthority(ssh-remote,1)][8006ms] waiting...
2023-08-31 22:36:44.511 [info] [resolveAuthority(ssh-remote,1)][9006ms] waiting...
2023-08-31 22:36:45.510 [info] [resolveAuthority(ssh-remote,1)][10006ms] waiting...
2023-08-31 22:36:46.512 [info] [resolveAuthority(ssh-remote,1)][11008ms] waiting...
2023-08-31 22:36:47.514 [info] [resolveAuthority(ssh-remote,1)][12009ms] waiting...
2023-08-31 22:36:48.515 [info] [resolveAuthority(ssh-remote,1)][13011ms] waiting...
2023-08-31 22:36:49.515 [info] [resolveAuthority(ssh-remote,1)][14011ms] waiting...
2023-08-31 22:36:50.516 [info] [resolveAuthority(ssh-remote,1)][15012ms] waiting...
2023-08-31 22:36:50.752 [error] [resolveAuthority(ssh-remote,1)][15242ms] returned an error The connection timed out
2023-08-31 22:36:50.856 [info] Eager extensions activated
2023-08-31 22:36:51.043 [info] ExtensionService#_doActivateExtension dsznajder.es7-react-js-snippets, startup: false, activationEvent: 'onStartupFinished'
2023-08-31 22:36:51.309 [info] ExtensionService#_doActivateExtension equinusocio.vsc-material-theme-icons, startup: false, activationEvent: 'onStartupFinished'
2023-08-31 22:36:51.352 [info] ExtensionService#_doActivateExtension vscode.ipynb, startup: false, activationEvent: 'onNotebookSerializer:jupyter-notebook'
2023-08-31 22:36:51.368 [info] ExtensionService#_doActivateExtension ms-vscode.remote-explorer, startup: false, activationEvent: 'onCommand:remote-internal.setActiveFolders'
2023-08-31 22:36:51.387 [info] ExtensionService#_doActivateExtension vscode.github-authentication, startup: false, activationEvent: 'onAuthenticationRequest:github'
2023-08-31 22:36:51.562 [info] ExtensionService#_doActivateExtension vscode.microsoft-authentication, startup: false, activationEvent: 'onAuthenticationRequest:microsoft'
2023-08-31 22:36:52.524 [info] Extension host terminating: renderer closed the MessagePort
2023-08-31 22:36:52.529 [error] ProxyResolver#resolveProxy undefined Canceled: Canceled
	at Object.I [as $4] (/opt/visual-studio-code/resources/app/out/vs/workbench/api/node/extensionHostProcess.js:10:1032)
	at /opt/visual-studio-code/resources/app/out/vs/workbench/api/node/extensionHostProcess.js:114:4817
	at Array.forEach (<anonymous>)
	at t.dispose (/opt/visual-studio-code/resources/app/out/vs/workbench/api/node/extensionHostProcess.js:114:4782)
	at r.terminate (/opt/visual-studio-code/resources/app/out/vs/workbench/api/node/extensionHostProcess.js:116:7818)
	at s.terminate (/opt/visual-studio-code/resources/app/out/vs/workbench/api/node/extensionHostProcess.js:120:1506)
	at C (/opt/visual-studio-code/resources/app/out/vs/workbench/api/node/extensionHostProcess.js:130:32254)
	at MessagePortMain.<anonymous> (/opt/visual-studio-code/resources/app/out/vs/workbench/api/node/extensionHostProcess.js:130:28679)
	at MessagePortMain.emit (node:events:513:28)
	at MessagePortMain._internalPort.emit (node:electron/js2c/utility_init:2:367) 
2023-08-31 22:36:52.542 [error] Canceled: Canceled
	at new h (/opt/visual-studio-code/resources/app/out/vs/workbench/api/node/extensionHostProcess.js:102:56634)
	at t.O (/opt/visual-studio-code/resources/app/out/vs/workbench/api/node/extensionHostProcess.js:114:8020)
	at N.<computed>.T.charCodeAt.N.<computed> (/opt/visual-studio-code/resources/app/out/vs/workbench/api/node/extensionHostProcess.js:114:5459)
	at a.g (/opt/visual-studio-code/resources/app/out/vs/workbench/api/node/extensionHostProcess.js:102:77241)
	at a.executeCommand (/opt/visual-studio-code/resources/app/out/vs/workbench/api/node/extensionHostProcess.js:102:76679)
	at v.registerCommand.description (/opt/visual-studio-code/resources/app/out/vs/workbench/api/node/extensionHostProcess.js:102:76000)
	at a.h (/opt/visual-studio-code/resources/app/out/vs/workbench/api/node/extensionHostProcess.js:102:77777)
	at a.g (/opt/visual-studio-code/resources/app/out/vs/workbench/api/node/extensionHostProcess.js:102:76772)
	at a.executeCommand (/opt/visual-studio-code/resources/app/out/vs/workbench/api/node/extensionHostProcess.js:102:76679)
	at Object.executeCommand (/opt/visual-studio-code/resources/app/out/vs/workbench/api/node/extensionHostProcess.js:120:20977)
	at t.shutdown (/home/panda/.vscode/extensions/ms-vscode-remote.remote-ssh-0.102.0/out/extension.js:1:646929)
	at e.deactivate (/home/panda/.vscode/extensions/ms-vscode-remote.remote-ssh-0.102.0/out/extension.js:1:723956)
	at r.Z (/opt/visual-studio-code/resources/app/out/vs/workbench/api/node/extensionHostProcess.js:116:9494)
	at /opt/visual-studio-code/resources/app/out/vs/workbench/api/node/extensionHostProcess.js:116:7582
	at Array.map (<anonymous>)
	at r.S (/opt/visual-studio-code/resources/app/out/vs/workbench/api/node/extensionHostProcess.js:116:7570)
	at r.terminate (/opt/visual-studio-code/resources/app/out/vs/workbench/api/node/extensionHostProcess.js:116:7842)
	at s.terminate (/opt/visual-studio-code/resources/app/out/vs/workbench/api/node/extensionHostProcess.js:120:1506)
	at C (/opt/visual-studio-code/resources/app/out/vs/workbench/api/node/extensionHostProcess.js:130:32254)
	at MessagePortMain.<anonymous> (/opt/visual-studio-code/resources/app/out/vs/workbench/api/node/extensionHostProcess.js:130:28679)
	at MessagePortMain.emit (node:events:513:28)
	at MessagePortMain._internalPort.emit (node:electron/js2c/utility_init:2:367) setContext undefined
2023-08-31 22:36:52.542 [info] Extension host with pid 28629 exiting with code 0
2023-08-31 22:36:53.384 [info] Extension host with pid 28740 started
2023-08-31 22:36:53.384 [info] Skipping acquiring lock for /home/panda/.config/Code/User/workspaceStorage/76b00d16e5642a66e0c94d335e639da4.
2023-08-31 22:36:53.390 [info] $getCanonicalURI invoked for authority (ssh-remote)
2023-08-31 22:36:53.404 [info] ExtensionService#_doActivateExtension ms-vscode-remote.remote-ssh, startup: false, activationEvent: 'onResolveRemoteAuthority:ssh-remote'
2023-08-31 22:36:53.450 [info] [resolveAuthority(ssh-remote,1)][0ms] activating remote resolvers ssh-remote+btp
2023-08-31 22:36:53.450 [info] [resolveAuthority(ssh-remote,1)][0ms] activating resolver for ssh-remote+btp...
2023-08-31 22:36:53.450 [info] [resolveAuthority(ssh-remote,1)][0ms] invoking final resolve()...
2023-08-31 22:36:54.450 [info] [resolveAuthority(ssh-remote,1)][1000ms] waiting...
2023-08-31 22:36:55.450 [info] [resolveAuthority(ssh-remote,1)][2000ms] waiting...
2023-08-31 22:36:56.451 [info] [resolveAuthority(ssh-remote,1)][3001ms] waiting...
2023-08-31 22:36:57.452 [info] [resolveAuthority(ssh-remote,1)][4002ms] waiting...
2023-08-31 22:36:58.452 [info] [resolveAuthority(ssh-remote,1)][5002ms] waiting...
2023-08-31 22:36:59.453 [info] [resolveAuthority(ssh-remote,1)][6003ms] waiting...
2023-08-31 22:37:00.452 [info] [resolveAuthority(ssh-remote,1)][7002ms] waiting...
2023-08-31 22:37:01.452 [info] [resolveAuthority(ssh-remote,1)][8002ms] waiting...
2023-08-31 22:37:02.453 [info] [resolveAuthority(ssh-remote,1)][9003ms] waiting...
2023-08-31 22:37:03.453 [info] [resolveAuthority(ssh-remote,1)][10003ms] waiting...
2023-08-31 22:37:04.455 [info] [resolveAuthority(ssh-remote,1)][11005ms] waiting...
2023-08-31 22:37:05.457 [info] [resolveAuthority(ssh-remote,1)][12007ms] waiting...
2023-08-31 22:37:06.457 [info] [resolveAuthority(ssh-remote,1)][13007ms] waiting...
2023-08-31 22:37:07.457 [info] [resolveAuthority(ssh-remote,1)][14007ms] waiting...
2023-08-31 22:37:08.458 [info] [resolveAuthority(ssh-remote,1)][15008ms] waiting...
2023-08-31 22:37:08.678 [error] [resolveAuthority(ssh-remote,1)][15223ms] returned an error The connection timed out
2023-08-31 22:37:08.761 [info] Eager extensions activated
2023-08-31 22:37:08.866 [info] ExtensionService#_doActivateExtension dsznajder.es7-react-js-snippets, startup: false, activationEvent: 'onStartupFinished'
2023-08-31 22:37:09.177 [info] ExtensionService#_doActivateExtension equinusocio.vsc-material-theme-icons, startup: false, activationEvent: 'onStartupFinished'
2023-08-31 22:37:09.194 [info] ExtensionService#_doActivateExtension vscode.ipynb, startup: false, activationEvent: 'onNotebookSerializer:jupyter-notebook'
2023-08-31 22:37:09.208 [info] ExtensionService#_doActivateExtension ms-vscode.remote-explorer, startup: false, activationEvent: 'onCommand:remote-internal.setActiveFolders'
2023-08-31 22:37:09.234 [info] Extension host terminating: renderer closed the MessagePort
2023-08-31 22:37:09.239 [error] Canceled: Canceled
	at new h (/opt/visual-studio-code/resources/app/out/vs/workbench/api/node/extensionHostProcess.js:102:56634)
	at t.O (/opt/visual-studio-code/resources/app/out/vs/workbench/api/node/extensionHostProcess.js:114:8020)
	at N.<computed>.T.charCodeAt.N.<computed> (/opt/visual-studio-code/resources/app/out/vs/workbench/api/node/extensionHostProcess.js:114:5459)
	at a.g (/opt/visual-studio-code/resources/app/out/vs/workbench/api/node/extensionHostProcess.js:102:77241)
	at a.executeCommand (/opt/visual-studio-code/resources/app/out/vs/workbench/api/node/extensionHostProcess.js:102:76679)
	at v.registerCommand.description (/opt/visual-studio-code/resources/app/out/vs/workbench/api/node/extensionHostProcess.js:102:76000)
	at a.h (/opt/visual-studio-code/resources/app/out/vs/workbench/api/node/extensionHostProcess.js:102:77777)
	at a.g (/opt/visual-studio-code/resources/app/out/vs/workbench/api/node/extensionHostProcess.js:102:76772)
	at a.executeCommand (/opt/visual-studio-code/resources/app/out/vs/workbench/api/node/extensionHostProcess.js:102:76679)
	at Object.executeCommand (/opt/visual-studio-code/resources/app/out/vs/workbench/api/node/extensionHostProcess.js:120:20977)
	at t.shutdown (/home/panda/.vscode/extensions/ms-vscode-remote.remote-ssh-0.102.0/out/extension.js:1:646929)
	at e.deactivate (/home/panda/.vscode/extensions/ms-vscode-remote.remote-ssh-0.102.0/out/extension.js:1:723956)
	at r.Z (/opt/visual-studio-code/resources/app/out/vs/workbench/api/node/extensionHostProcess.js:116:9494)
	at /opt/visual-studio-code/resources/app/out/vs/workbench/api/node/extensionHostProcess.js:116:7582
	at Array.map (<anonymous>)
	at r.S (/opt/visual-studio-code/resources/app/out/vs/workbench/api/node/extensionHostProcess.js:116:7570)
	at r.terminate (/opt/visual-studio-code/resources/app/out/vs/workbench/api/node/extensionHostProcess.js:116:7842)
	at s.terminate (/opt/visual-studio-code/resources/app/out/vs/workbench/api/node/extensionHostProcess.js:120:1506)
	at C (/opt/visual-studio-code/resources/app/out/vs/workbench/api/node/extensionHostProcess.js:130:32254)
	at MessagePortMain.<anonymous> (/opt/visual-studio-code/resources/app/out/vs/workbench/api/node/extensionHostProcess.js:130:28679)
	at MessagePortMain.emit (node:events:513:28)
	at MessagePortMain._internalPort.emit (node:electron/js2c/utility_init:2:367) setContext undefined
2023-08-31 22:37:09.239 [info] Extension host with pid 28740 exiting with code 0
2023-08-31 22:37:10.027 [info] Extension host with pid 28872 started
2023-08-31 22:37:10.093 [info] ExtensionService#_doActivateExtension vscode.git-base, startup: true, activationEvent: '*', root cause: vscode.git
2023-08-31 22:37:10.096 [info] ExtensionService#_doActivateExtension DivyanshuAgrawal.competitive-programming-helper, startup: true, activationEvent: '*'
2023-08-31 22:37:10.104 [info] ExtensionService#_doActivateExtension ecmel.vscode-html-css, startup: true, activationEvent: '*'
2023-08-31 22:37:10.143 [info] ExtensionService#_doActivateExtension vscode.git, startup: true, activationEvent: '*'
2023-08-31 22:37:10.160 [info] ExtensionService#_doActivateExtension vscode.github, startup: true, activationEvent: '*'
2023-08-31 22:37:10.205 [info] Eager extensions activated
2023-08-31 22:37:10.212 [info] ExtensionService#_doActivateExtension vscode.debug-auto-launch, startup: false, activationEvent: 'onStartupFinished'
2023-08-31 22:37:10.214 [info] ExtensionService#_doActivateExtension vscode.merge-conflict, startup: false, activationEvent: 'onStartupFinished'
2023-08-31 22:37:10.221 [info] ExtensionService#_doActivateExtension bradlc.vscode-tailwindcss, startup: false, activationEvent: 'onStartupFinished'
2023-08-31 22:37:10.242 [info] ExtensionService#_doActivateExtension dbaeumer.vscode-eslint, startup: false, activationEvent: 'onStartupFinished'
2023-08-31 22:37:10.251 [info] ExtensionService#_doActivateExtension dsznajder.es7-react-js-snippets, startup: false, activationEvent: 'onStartupFinished'
2023-08-31 22:37:10.563 [info] ExtensionService#_doActivateExtension equinusocio.vsc-material-theme-icons, startup: false, activationEvent: 'onStartupFinished'
2023-08-31 22:37:36.003 [info] ExtensionService#_doActivateExtension vscode.github-authentication, startup: false, activationEvent: 'onAuthenticationRequest:github'
2023-08-31 22:37:36.043 [info] ExtensionService#_doActivateExtension vscode.microsoft-authentication, startup: false, activationEvent: 'onAuthenticationRequest:microsoft'
2023-08-31 22:37:42.742 [info] Extension host terminating: renderer closed the MessagePort
2023-08-31 22:37:42.754 [info] Extension host with pid 28872 exiting with code 0
2023-08-31 22:37:43.794 [info] Extension host with pid 29444 started
2023-08-31 22:37:43.795 [info] Skipping acquiring lock for /home/panda/.config/Code/User/workspaceStorage/76b00d16e5642a66e0c94d335e639da4.
2023-08-31 22:37:43.807 [info] $getCanonicalURI invoked for authority (ssh-remote)
2023-08-31 22:37:43.813 [info] ExtensionService#_doActivateExtension ms-vscode-remote.remote-ssh, startup: false, activationEvent: 'onResolveRemoteAuthority:ssh-remote'
2023-08-31 22:37:43.854 [info] [resolveAuthority(ssh-remote,1)][0ms] activating remote resolvers ssh-remote+btp
2023-08-31 22:37:43.854 [info] [resolveAuthority(ssh-remote,1)][0ms] activating resolver for ssh-remote+btp...
2023-08-31 22:37:43.854 [info] [resolveAuthority(ssh-remote,1)][0ms] invoking final resolve()...
2023-08-31 22:37:44.855 [info] [resolveAuthority(ssh-remote,1)][1001ms] waiting...
2023-08-31 22:37:45.820 [info] [resolveAuthority(ssh-remote,1)][1966ms] setting tunnel factory...
2023-08-31 22:37:45.821 [info] [resolveAuthority(ssh-remote,1)][1967ms] returned 127.0.0.1:42973
2023-08-31 22:37:47.196 [info] Eager extensions activated
2023-08-31 22:37:47.284 [info] ExtensionService#_doActivateExtension dsznajder.es7-react-js-snippets, startup: false, activationEvent: 'onStartupFinished'
2023-08-31 22:37:47.536 [info] ExtensionService#_doActivateExtension equinusocio.vsc-material-theme-icons, startup: false, activationEvent: 'onStartupFinished'
2023-08-31 22:37:47.556 [info] ExtensionService#_doActivateExtension ms-vscode.remote-explorer, startup: false, activationEvent: 'onCommand:remote-internal.setActiveFolders'
2023-08-31 22:37:47.576 [info] ExtensionService#_doActivateExtension vscode.github-authentication, startup: false, activationEvent: 'onAuthenticationRequest:github'
2023-08-31 22:37:50.772 [info] ExtensionService#_doActivateExtension vscode.microsoft-authentication, startup: false, activationEvent: 'onAuthenticationRequest:microsoft'
2023-08-31 23:13:14.275 [info] [resolveAuthority(ssh-remote,2)][1ms] activating remote resolvers ssh-remote+btp
2023-08-31 23:13:14.275 [info] [resolveAuthority(ssh-remote,2)][1ms] activating resolver for ssh-remote+btp...
2023-08-31 23:13:14.276 [info] [resolveAuthority(ssh-remote,2)][2ms] invoking final resolve()...
2023-08-31 23:13:15.277 [info] [resolveAuthority(ssh-remote,2)][1003ms] waiting...
2023-08-31 23:13:16.277 [info] [resolveAuthority(ssh-remote,2)][2002ms] waiting...
2023-08-31 23:13:17.277 [info] [resolveAuthority(ssh-remote,2)][3002ms] waiting...
2023-08-31 23:13:18.277 [info] [resolveAuthority(ssh-remote,2)][4003ms] waiting...
2023-08-31 23:13:19.277 [info] [resolveAuthority(ssh-remote,2)][5003ms] waiting...
2023-08-31 23:13:20.278 [info] [resolveAuthority(ssh-remote,2)][6004ms] waiting...
2023-08-31 23:13:21.279 [info] [resolveAuthority(ssh-remote,2)][7005ms] waiting...
2023-08-31 23:13:22.278 [info] [resolveAuthority(ssh-remote,2)][8004ms] waiting...
2023-08-31 23:13:22.601 [info] [resolveAuthority(ssh-remote,2)][8327ms] setting tunnel factory...
2023-08-31 23:13:22.601 [info] [resolveAuthority(ssh-remote,2)][8327ms] returned 127.0.0.1:44923
2023-09-01 02:42:25.172 [info] Extension host terminating: renderer closed the MessagePort
2023-09-01 02:42:25.183 [error] Canceled: Canceled
	at new h (/opt/visual-studio-code/resources/app/out/vs/workbench/api/node/extensionHostProcess.js:102:56634)
	at t.O (/opt/visual-studio-code/resources/app/out/vs/workbench/api/node/extensionHostProcess.js:114:8020)
	at N.<computed>.T.charCodeAt.N.<computed> (/opt/visual-studio-code/resources/app/out/vs/workbench/api/node/extensionHostProcess.js:114:5459)
	at a.g (/opt/visual-studio-code/resources/app/out/vs/workbench/api/node/extensionHostProcess.js:102:77241)
	at a.executeCommand (/opt/visual-studio-code/resources/app/out/vs/workbench/api/node/extensionHostProcess.js:102:76679)
	at v.registerCommand.description (/opt/visual-studio-code/resources/app/out/vs/workbench/api/node/extensionHostProcess.js:102:76000)
	at a.h (/opt/visual-studio-code/resources/app/out/vs/workbench/api/node/extensionHostProcess.js:102:77777)
	at a.g (/opt/visual-studio-code/resources/app/out/vs/workbench/api/node/extensionHostProcess.js:102:76772)
	at a.executeCommand (/opt/visual-studio-code/resources/app/out/vs/workbench/api/node/extensionHostProcess.js:102:76679)
	at Object.executeCommand (/opt/visual-studio-code/resources/app/out/vs/workbench/api/node/extensionHostProcess.js:120:20977)
	at t.shutdown (/home/panda/.vscode/extensions/ms-vscode-remote.remote-ssh-0.102.0/out/extension.js:1:646929)
	at e.deactivate (/home/panda/.vscode/extensions/ms-vscode-remote.remote-ssh-0.102.0/out/extension.js:1:723956)
	at r.Z (/opt/visual-studio-code/resources/app/out/vs/workbench/api/node/extensionHostProcess.js:116:9494)
	at /opt/visual-studio-code/resources/app/out/vs/workbench/api/node/extensionHostProcess.js:116:7582
	at Array.map (<anonymous>)
	at r.S (/opt/visual-studio-code/resources/app/out/vs/workbench/api/node/extensionHostProcess.js:116:7570)
	at r.terminate (/opt/visual-studio-code/resources/app/out/vs/workbench/api/node/extensionHostProcess.js:116:7842)
	at s.terminate (/opt/visual-studio-code/resources/app/out/vs/workbench/api/node/extensionHostProcess.js:120:1506)
	at C (/opt/visual-studio-code/resources/app/out/vs/workbench/api/node/extensionHostProcess.js:130:32254)
	at MessagePortMain.<anonymous> (/opt/visual-studio-code/resources/app/out/vs/workbench/api/node/extensionHostProcess.js:130:28679)
	at MessagePortMain.emit (node:events:513:28)
	at MessagePortMain._internalPort.emit (node:electron/js2c/utility_init:2:367) setContext undefined
2023-09-01 02:42:25.183 [info] Extension host with pid 29444 exiting with code 0
