2023-09-04 22:13:57.896 [info] Invoking resolveAuthority(ssh-remote)...
2023-09-04 22:13:57.897 [info] [LocalProcess0][resolveAuthority(ssh-remote,1)][0ms] obtaining proxy...
2023-09-04 22:13:57.897 [info] [LocalProcess0][resolveAuthority(ssh-remote,1)][0ms] invoking...
2023-09-04 22:13:58.898 [info] [LocalProcess0][resolveAuthority(ssh-remote,1)][1001ms] waiting...
2023-09-04 22:13:59.897 [info] [LocalProcess0][resolveAuthority(ssh-remote,1)][2001ms] waiting...
2023-09-04 22:14:00.899 [info] [LocalProcess0][resolveAuthority(ssh-remote,1)][3001ms] waiting...
2023-09-04 22:14:01.903 [info] [LocalProcess0][resolveAuthority(ssh-remote,1)][4006ms] waiting...
2023-09-04 22:14:02.898 [info] [LocalProcess0][resolveAuthority(ssh-remote,1)][5001ms] waiting...
2023-09-04 22:14:03.898 [info] [LocalProcess0][resolveAuthority(ssh-remote,1)][6001ms] waiting...
2023-09-04 22:14:04.899 [info] [LocalProcess0][resolveAuthority(ssh-remote,1)][7001ms] waiting...
2023-09-04 22:14:05.899 [info] [LocalProcess0][resolveAuthority(ssh-remote,1)][8001ms] waiting...
2023-09-04 22:14:06.898 [info] [LocalProcess0][resolveAuthority(ssh-remote,1)][9001ms] waiting...
2023-09-04 22:14:07.898 [info] [LocalProcess0][resolveAuthority(ssh-remote,1)][10001ms] waiting...
2023-09-04 22:14:08.898 [info] [LocalProcess0][resolveAuthority(ssh-remote,1)][11001ms] waiting...
2023-09-04 22:14:09.898 [info] [LocalProcess0][resolveAuthority(ssh-remote,1)][12001ms] waiting...
2023-09-04 22:14:10.898 [info] [LocalProcess0][resolveAuthority(ssh-remote,1)][13001ms] waiting...
2023-09-04 22:14:11.898 [info] [LocalProcess0][resolveAuthority(ssh-remote,1)][14001ms] waiting...
2023-09-04 22:14:12.897 [info] [LocalProcess0][resolveAuthority(ssh-remote,1)][15001ms] waiting...
2023-09-04 22:14:13.243 [error] [LocalProcess0][resolveAuthority(ssh-remote,1)][15346ms] returned an error {"code":"NotAvailable","message":"The connection timed out","detail":true}
2023-09-04 22:14:13.243 [error] resolveAuthority(ssh-remote) returned an error after 15348 ms The connection timed out
2023-09-04 22:14:13.244 [error] Error received from starting extension host (kind: Remote)
2023-09-04 22:14:13.244 [error] CodeExpectedError: The connection timed out
    at G.ob (vscode-file://vscode-app/opt/visual-studio-code/resources/app/out/vs/workbench/workbench.desktop.main.js:2616:20056)
    at async G.nb (vscode-file://vscode-app/opt/visual-studio-code/resources/app/out/vs/workbench/workbench.desktop.main.js:2616:19327)
    at async G.Lb (vscode-file://vscode-app/opt/visual-studio-code/resources/app/out/vs/workbench/workbench.desktop.main.js:2617:11191)
    at async G.gb (vscode-file://vscode-app/opt/visual-studio-code/resources/app/out/vs/workbench/workbench.desktop.main.js:2616:17108)
2023-09-04 22:14:13.245 [error] [remote-connection][attempt 1] An error occurred in initial connection! Will retry... Error:
2023-09-04 22:14:13.245 [error] CodeExpectedError: The connection timed out
    at G.ob (vscode-file://vscode-app/opt/visual-studio-code/resources/app/out/vs/workbench/workbench.desktop.main.js:2616:20056)
    at async G.nb (vscode-file://vscode-app/opt/visual-studio-code/resources/app/out/vs/workbench/workbench.desktop.main.js:2616:19327)
    at async G.Lb (vscode-file://vscode-app/opt/visual-studio-code/resources/app/out/vs/workbench/workbench.desktop.main.js:2617:11191)
    at async G.gb (vscode-file://vscode-app/opt/visual-studio-code/resources/app/out/vs/workbench/workbench.desktop.main.js:2616:17108)
2023-09-04 22:14:13.247 [error] [remote-connection][attempt 2] An error occurred in initial connection! Will retry... Error:
2023-09-04 22:14:13.247 [error] CodeExpectedError: The connection timed out
    at G.ob (vscode-file://vscode-app/opt/visual-studio-code/resources/app/out/vs/workbench/workbench.desktop.main.js:2616:20056)
    at async G.nb (vscode-file://vscode-app/opt/visual-studio-code/resources/app/out/vs/workbench/workbench.desktop.main.js:2616:19327)
    at async G.Lb (vscode-file://vscode-app/opt/visual-studio-code/resources/app/out/vs/workbench/workbench.desktop.main.js:2617:11191)
    at async G.gb (vscode-file://vscode-app/opt/visual-studio-code/resources/app/out/vs/workbench/workbench.desktop.main.js:2616:17108)
2023-09-04 22:14:13.296 [error] [remote-connection][attempt 3] An error occurred in initial connection! Will retry... Error:
2023-09-04 22:14:13.296 [error] CodeExpectedError: The connection timed out
    at G.ob (vscode-file://vscode-app/opt/visual-studio-code/resources/app/out/vs/workbench/workbench.desktop.main.js:2616:20056)
    at async G.nb (vscode-file://vscode-app/opt/visual-studio-code/resources/app/out/vs/workbench/workbench.desktop.main.js:2616:19327)
    at async G.Lb (vscode-file://vscode-app/opt/visual-studio-code/resources/app/out/vs/workbench/workbench.desktop.main.js:2617:11191)
    at async G.gb (vscode-file://vscode-app/opt/visual-studio-code/resources/app/out/vs/workbench/workbench.desktop.main.js:2616:17108)
2023-09-04 22:14:13.348 [error] [remote-connection][attempt 4] An error occurred in initial connection! Will retry... Error:
2023-09-04 22:14:13.348 [error] CodeExpectedError: The connection timed out
    at G.ob (vscode-file://vscode-app/opt/visual-studio-code/resources/app/out/vs/workbench/workbench.desktop.main.js:2616:20056)
    at async G.nb (vscode-file://vscode-app/opt/visual-studio-code/resources/app/out/vs/workbench/workbench.desktop.main.js:2616:19327)
    at async G.Lb (vscode-file://vscode-app/opt/visual-studio-code/resources/app/out/vs/workbench/workbench.desktop.main.js:2617:11191)
    at async G.gb (vscode-file://vscode-app/opt/visual-studio-code/resources/app/out/vs/workbench/workbench.desktop.main.js:2616:17108)
2023-09-04 22:14:13.349 [error] [remote-connection][attempt 5]  An error occurred in initial connection! It will be treated as a permanent error. Error:
2023-09-04 22:14:13.349 [error] CodeExpectedError: The connection timed out
    at G.ob (vscode-file://vscode-app/opt/visual-studio-code/resources/app/out/vs/workbench/workbench.desktop.main.js:2616:20056)
    at async G.nb (vscode-file://vscode-app/opt/visual-studio-code/resources/app/out/vs/workbench/workbench.desktop.main.js:2616:19327)
    at async G.Lb (vscode-file://vscode-app/opt/visual-studio-code/resources/app/out/vs/workbench/workbench.desktop.main.js:2617:11191)
    at async G.gb (vscode-file://vscode-app/opt/visual-studio-code/resources/app/out/vs/workbench/workbench.desktop.main.js:2616:17108)
2023-09-04 22:14:13.350 [error] CodeExpectedError: The connection timed out
    at G.ob (vscode-file://vscode-app/opt/visual-studio-code/resources/app/out/vs/workbench/workbench.desktop.main.js:2616:20056)
    at async G.nb (vscode-file://vscode-app/opt/visual-studio-code/resources/app/out/vs/workbench/workbench.desktop.main.js:2616:19327)
    at async G.Lb (vscode-file://vscode-app/opt/visual-studio-code/resources/app/out/vs/workbench/workbench.desktop.main.js:2617:11191)
    at async G.gb (vscode-file://vscode-app/opt/visual-studio-code/resources/app/out/vs/workbench/workbench.desktop.main.js:2616:17108)
2023-09-04 22:14:13.352 [error] Cannot register remote filesystem provider. Error while fetching remote environment. The connection timed out
2023-09-04 22:14:13.355 [error] CodeExpectedError: The connection timed out
    at G.ob (vscode-file://vscode-app/opt/visual-studio-code/resources/app/out/vs/workbench/workbench.desktop.main.js:2616:20056)
    at async G.nb (vscode-file://vscode-app/opt/visual-studio-code/resources/app/out/vs/workbench/workbench.desktop.main.js:2616:19327)
    at async G.Lb (vscode-file://vscode-app/opt/visual-studio-code/resources/app/out/vs/workbench/workbench.desktop.main.js:2617:11191)
    at async G.gb (vscode-file://vscode-app/opt/visual-studio-code/resources/app/out/vs/workbench/workbench.desktop.main.js:2616:17108)
2023-09-04 22:14:13.356 [error] CodeExpectedError: The connection timed out
    at G.ob (vscode-file://vscode-app/opt/visual-studio-code/resources/app/out/vs/workbench/workbench.desktop.main.js:2616:20056)
    at async G.nb (vscode-file://vscode-app/opt/visual-studio-code/resources/app/out/vs/workbench/workbench.desktop.main.js:2616:19327)
    at async G.Lb (vscode-file://vscode-app/opt/visual-studio-code/resources/app/out/vs/workbench/workbench.desktop.main.js:2617:11191)
    at async G.gb (vscode-file://vscode-app/opt/visual-studio-code/resources/app/out/vs/workbench/workbench.desktop.main.js:2616:17108)
2023-09-04 22:14:13.356 [error] CodeExpectedError: The connection timed out
    at G.ob (vscode-file://vscode-app/opt/visual-studio-code/resources/app/out/vs/workbench/workbench.desktop.main.js:2616:20056)
    at async G.nb (vscode-file://vscode-app/opt/visual-studio-code/resources/app/out/vs/workbench/workbench.desktop.main.js:2616:19327)
    at async G.Lb (vscode-file://vscode-app/opt/visual-studio-code/resources/app/out/vs/workbench/workbench.desktop.main.js:2617:11191)
    at async G.gb (vscode-file://vscode-app/opt/visual-studio-code/resources/app/out/vs/workbench/workbench.desktop.main.js:2616:17108)
2023-09-04 22:14:13.356 [error] CodeExpectedError: The connection timed out
    at G.ob (vscode-file://vscode-app/opt/visual-studio-code/resources/app/out/vs/workbench/workbench.desktop.main.js:2616:20056)
    at async G.nb (vscode-file://vscode-app/opt/visual-studio-code/resources/app/out/vs/workbench/workbench.desktop.main.js:2616:19327)
    at async G.Lb (vscode-file://vscode-app/opt/visual-studio-code/resources/app/out/vs/workbench/workbench.desktop.main.js:2617:11191)
    at async G.gb (vscode-file://vscode-app/opt/visual-studio-code/resources/app/out/vs/workbench/workbench.desktop.main.js:2616:17108)
2023-09-04 22:14:13.357 [error] CodeExpectedError: The connection timed out
    at G.ob (vscode-file://vscode-app/opt/visual-studio-code/resources/app/out/vs/workbench/workbench.desktop.main.js:2616:20056)
    at async G.nb (vscode-file://vscode-app/opt/visual-studio-code/resources/app/out/vs/workbench/workbench.desktop.main.js:2616:19327)
    at async G.Lb (vscode-file://vscode-app/opt/visual-studio-code/resources/app/out/vs/workbench/workbench.desktop.main.js:2617:11191)
    at async G.gb (vscode-file://vscode-app/opt/visual-studio-code/resources/app/out/vs/workbench/workbench.desktop.main.js:2616:17108)
2023-09-04 22:14:13.360 [warning] Ignoring the error while validating workspace folder vscode-remote://ssh-remote%2Bbtp/storage2/web_server/ankit - ENOPRO: No file system provider found for resource 'vscode-remote://ssh-remote%2Bbtp/storage2/web_server/ankit'
2023-09-04 22:14:13.361 [error] CodeExpectedError: ENOPRO: No file system provider found for resource 'vscode-remote://ssh-remote%2Bbtp/storage2/web_server/ankit'
    at o.j (vscode-file://vscode-app/opt/visual-studio-code/resources/app/out/vs/workbench/workbench.desktop.main.js:627:11395)
    at async o.W (vscode-file://vscode-app/opt/visual-studio-code/resources/app/out/vs/workbench/workbench.desktop.main.js:627:22002)
    at async vscode-file://vscode-app/opt/visual-studio-code/resources/app/out/vs/workbench/workbench.desktop.main.js:627:21897
2023-09-04 22:14:13.361 [error] ENOPRO: No file system provider found for resource 'vscode-remote://ssh-remote%2Bbtp/storage2/web_server/ankit/.git/config': CodeExpectedError: ENOPRO: No file system provider found for resource 'vscode-remote://ssh-remote%2Bbtp/storage2/web_server/ankit/.git/config'
    at o.j (vscode-file://vscode-app/opt/visual-studio-code/resources/app/out/vs/workbench/workbench.desktop.main.js:627:11395)
    at async o.exists (vscode-file://vscode-app/opt/visual-studio-code/resources/app/out/vs/workbench/workbench.desktop.main.js:627:13602)
    at async Promise.all (index 0)
2023-09-04 22:14:13.372 [error] ENOPRO: No file system provider found for resource 'vscode-remote://ssh-remote%2Bbtp/storage2/web_server/ankit/pom.xml': CodeExpectedError: ENOPRO: No file system provider found for resource 'vscode-remote://ssh-remote%2Bbtp/storage2/web_server/ankit/pom.xml'
    at o.j (vscode-file://vscode-app/opt/visual-studio-code/resources/app/out/vs/workbench/workbench.desktop.main.js:627:11395)
    at async o.exists (vscode-file://vscode-app/opt/visual-studio-code/resources/app/out/vs/workbench/workbench.desktop.main.js:627:13602)
    at async Promise.all (index 0)
2023-09-04 22:14:13.412 [error] The connection timed out: CodeExpectedError: The connection timed out
    at G.ob (vscode-file://vscode-app/opt/visual-studio-code/resources/app/out/vs/workbench/workbench.desktop.main.js:2616:20056)
    at async G.nb (vscode-file://vscode-app/opt/visual-studio-code/resources/app/out/vs/workbench/workbench.desktop.main.js:2616:19327)
    at async G.Lb (vscode-file://vscode-app/opt/visual-studio-code/resources/app/out/vs/workbench/workbench.desktop.main.js:2617:11191)
    at async G.gb (vscode-file://vscode-app/opt/visual-studio-code/resources/app/out/vs/workbench/workbench.desktop.main.js:2616:17108)
2023-09-04 22:14:13.413 [error] ENOPRO: No file system provider found for resource 'vscode-remote://ssh-remote%2Bbtp/storage2/web_server/ankit': CodeExpectedError: ENOPRO: No file system provider found for resource 'vscode-remote://ssh-remote%2Bbtp/storage2/web_server/ankit'
    at o.j (vscode-file://vscode-app/opt/visual-studio-code/resources/app/out/vs/workbench/workbench.desktop.main.js:627:11395)
    at async o.n (vscode-file://vscode-app/opt/visual-studio-code/resources/app/out/vs/workbench/workbench.desktop.main.js:627:12185)
    at async o.resolve (vscode-file://vscode-app/opt/visual-studio-code/resources/app/out/vs/workbench/workbench.desktop.main.js:627:12013)
    at async a.i (vscode-file://vscode-app/opt/visual-studio-code/resources/app/out/vs/workbench/workbench.desktop.main.js:1935:5269)
2023-09-04 22:14:13.414 [error] ENOPRO: No file system provider found for resource 'vscode-remote://ssh-remote%2Bbtp/storage2/web_server/ankit/.vscode': CodeExpectedError: ENOPRO: No file system provider found for resource 'vscode-remote://ssh-remote%2Bbtp/storage2/web_server/ankit/.vscode'
    at o.j (vscode-file://vscode-app/opt/visual-studio-code/resources/app/out/vs/workbench/workbench.desktop.main.js:627:11395)
    at async o.exists (vscode-file://vscode-app/opt/visual-studio-code/resources/app/out/vs/workbench/workbench.desktop.main.js:627:13602)
    at async vscode-file://vscode-app/opt/visual-studio-code/resources/app/out/vs/workbench/workbench.desktop.main.js:1997:6271
    at async Promise.all (index 0)
    at async E.v (vscode-file://vscode-app/opt/visual-studio-code/resources/app/out/vs/workbench/workbench.desktop.main.js:1997:6378)
2023-09-04 22:14:13.762 [error] CodeExpectedError: The connection timed out
    at G.ob (vscode-file://vscode-app/opt/visual-studio-code/resources/app/out/vs/workbench/workbench.desktop.main.js:2616:20056)
    at async G.nb (vscode-file://vscode-app/opt/visual-studio-code/resources/app/out/vs/workbench/workbench.desktop.main.js:2616:19327)
    at async G.Lb (vscode-file://vscode-app/opt/visual-studio-code/resources/app/out/vs/workbench/workbench.desktop.main.js:2617:11191)
    at async G.gb (vscode-file://vscode-app/opt/visual-studio-code/resources/app/out/vs/workbench/workbench.desktop.main.js:2616:17108)
2023-09-04 22:14:13.967 [error] FAILED to destory notebook ENOPRO: No file system provider found for resource 'vscode-remote://ssh-remote%2Bbtp/storage2/web_server/ankit/research/test.ipynb'
2023-09-04 22:14:13.967 [warning] NotebookEditorWidget#setInput failed ENOPRO: No file system provider found for resource 'vscode-remote://ssh-remote%2Bbtp/storage2/web_server/ankit/research/test.ipynb'
2023-09-04 22:14:13.968 [error] CodeExpectedError: ENOPRO: No file system provider found for resource 'vscode-remote://ssh-remote%2Bbtp/storage2/web_server/ankit/research/test.ipynb'
    at o.j (vscode-file://vscode-app/opt/visual-studio-code/resources/app/out/vs/workbench/workbench.desktop.main.js:627:11395)
    at async o.k (vscode-file://vscode-app/opt/visual-studio-code/resources/app/out/vs/workbench/workbench.desktop.main.js:627:11487)
    at async o.readFileStream (vscode-file://vscode-app/opt/visual-studio-code/resources/app/out/vs/workbench/workbench.desktop.main.js:627:15782)
    at async Bo.U (vscode-file://vscode-app/opt/visual-studio-code/resources/app/out/vs/workbench/workbench.desktop.main.js:2319:47374)
    at async w.gb (vscode-file://vscode-app/opt/visual-studio-code/resources/app/out/vs/workbench/workbench.desktop.main.js:2319:59120)
    at async os.load (vscode-file://vscode-app/opt/visual-studio-code/resources/app/out/vs/workbench/workbench.desktop.main.js:1542:140598)
    at async u.b (vscode-file://vscode-app/opt/visual-studio-code/resources/app/out/vs/workbench/workbench.desktop.main.js:2319:65591)
    at async o.resolve (vscode-file://vscode-app/opt/visual-studio-code/resources/app/out/vs/workbench/workbench.desktop.main.js:2319:67768)
    at async ns.resolve (vscode-file://vscode-app/opt/visual-studio-code/resources/app/out/vs/workbench/workbench.desktop.main.js:1542:799)
    at async oa.setInput (vscode-file://vscode-app/opt/visual-studio-code/resources/app/out/vs/workbench/workbench.desktop.main.js:2612:14646)
    at async s.M (vscode-file://vscode-app/opt/visual-studio-code/resources/app/out/vs/workbench/workbench.desktop.main.js:2295:20269)
    at async s.D (vscode-file://vscode-app/opt/visual-studio-code/resources/app/out/vs/workbench/workbench.desktop.main.js:2295:18937)
    at async s.openEditor (vscode-file://vscode-app/opt/visual-studio-code/resources/app/out/vs/workbench/workbench.desktop.main.js:2295:17925)
    at async vscode-file://vscode-app/opt/visual-studio-code/resources/app/out/vs/workbench/workbench.desktop.main.js:2480:12423
2023-09-04 22:14:17.428 [error] The connection timed out: CodeExpectedError: The connection timed out
    at G.ob (vscode-file://vscode-app/opt/visual-studio-code/resources/app/out/vs/workbench/workbench.desktop.main.js:2616:20056)
    at async G.nb (vscode-file://vscode-app/opt/visual-studio-code/resources/app/out/vs/workbench/workbench.desktop.main.js:2616:19327)
    at async G.Lb (vscode-file://vscode-app/opt/visual-studio-code/resources/app/out/vs/workbench/workbench.desktop.main.js:2617:11191)
    at async G.gb (vscode-file://vscode-app/opt/visual-studio-code/resources/app/out/vs/workbench/workbench.desktop.main.js:2616:17108)
2023-09-04 22:14:19.427 [error] The connection timed out: CodeExpectedError: The connection timed out
    at G.ob (vscode-file://vscode-app/opt/visual-studio-code/resources/app/out/vs/workbench/workbench.desktop.main.js:2616:20056)
    at async G.nb (vscode-file://vscode-app/opt/visual-studio-code/resources/app/out/vs/workbench/workbench.desktop.main.js:2616:19327)
    at async G.Lb (vscode-file://vscode-app/opt/visual-studio-code/resources/app/out/vs/workbench/workbench.desktop.main.js:2617:11191)
    at async G.gb (vscode-file://vscode-app/opt/visual-studio-code/resources/app/out/vs/workbench/workbench.desktop.main.js:2616:17108)
2023-09-04 22:14:30.161 [info] Invoking resolveAuthority(ssh-remote)...
2023-09-04 22:14:30.161 [info] [LocalProcess0][resolveAuthority(ssh-remote,1)][0ms] obtaining proxy...
2023-09-04 22:14:30.162 [info] [LocalProcess0][resolveAuthority(ssh-remote,1)][0ms] invoking...
2023-09-04 22:14:31.163 [info] [LocalProcess0][resolveAuthority(ssh-remote,1)][1000ms] waiting...
2023-09-04 22:14:32.164 [info] [LocalProcess0][resolveAuthority(ssh-remote,1)][2002ms] waiting...
2023-09-04 22:14:32.226 [error] [Extension Host] (node:1743) [DEP0005] DeprecationWarning: Buffer() is deprecated due to security and usability issues. Please use the Buffer.alloc(), Buffer.allocUnsafe(), or Buffer.from() methods instead.
(Use `exe --trace-deprecation ...` to show where the warning was created)
2023-09-04 22:14:32.287 [info] [LocalProcess0][resolveAuthority(ssh-remote,1)][2125ms] returned WebSocket(127.0.0.1:44045)
2023-09-04 22:14:32.287 [info] resolveAuthority(ssh-remote) returned 'WebSocket(127.0.0.1:44045)' after 2127 ms
2023-09-04 22:14:32.288 [info] Creating a socket (renderer-Management-8d7d030e-51fe-481e-aebe-efa448b6efc8)...
2023-09-04 22:14:32.306 [info] Creating a socket (renderer-ExtensionHost-c58fbcf8-bc2d-485a-bc34-8183e51b1806)...
2023-09-04 22:14:32.489 [info] Creating a socket (renderer-Management-8d7d030e-51fe-481e-aebe-efa448b6efc8) was successful after 200 ms.
2023-09-04 22:14:32.696 [info] Creating a socket (renderer-ExtensionHost-c58fbcf8-bc2d-485a-bc34-8183e51b1806) was successful after 391 ms.
2023-09-04 22:14:37.501 [info] [perf] Render performance baseline is 39ms
2023-09-04 22:17:43.067 [error] Failed to execute 'postMessage' on 'Worker': (E,D,M)=>{if(this.f&&this.u>this.f.threshold*3)return console.warn(`[${this.f.name}] REFUSES to accept new list...<omitted>...R} could not be cloned.: Error: Failed to execute 'postMessage' on 'Worker': (E,D,M)=>{if(this.f&&this.u>this.f.threshold*3)return console.warn(`[${this.f.name}] REFUSES to accept new list...<omitted>...R} could not be cloned.
    at vscode-file://vscode-app/opt/visual-studio-code/resources/app/out/vs/workbench/workbench.desktop.main.js:594:47235
2023-09-04 22:18:18.565 [error] Failed to execute 'postMessage' on 'Worker': (E,D,M)=>{if(this.f&&this.u>this.f.threshold*3)return console.warn(`[${this.f.name}] REFUSES to accept new list...<omitted>...R} could not be cloned.: Error: Failed to execute 'postMessage' on 'Worker': (E,D,M)=>{if(this.f&&this.u>this.f.threshold*3)return console.warn(`[${this.f.name}] REFUSES to accept new list...<omitted>...R} could not be cloned.
    at vscode-file://vscode-app/opt/visual-studio-code/resources/app/out/vs/workbench/workbench.desktop.main.js:594:47235
2023-09-04 22:21:33.235 [error] Failed to execute 'postMessage' on 'Worker': (E,D,M)=>{if(this.f&&this.u>this.f.threshold*3)return console.warn(`[${this.f.name}] REFUSES to accept new list...<omitted>...R} could not be cloned.: Error: Failed to execute 'postMessage' on 'Worker': (E,D,M)=>{if(this.f&&this.u>this.f.threshold*3)return console.warn(`[${this.f.name}] REFUSES to accept new list...<omitted>...R} could not be cloned.
    at vscode-file://vscode-app/opt/visual-studio-code/resources/app/out/vs/workbench/workbench.desktop.main.js:594:47235
2023-09-04 22:22:23.882 [error] read ECONNRESET: Error: read ECONNRESET
	at TLSWrap.onStreamRead (node:internal/stream_base_commons:217:20)
2023-09-04 22:29:29.322 [error] Failed to execute 'postMessage' on 'Worker': (E,D,M)=>{if(this.f&&this.u>this.f.threshold*3)return console.warn(`[${this.f.name}] REFUSES to accept new list...<omitted>...R} could not be cloned.: Error: Failed to execute 'postMessage' on 'Worker': (E,D,M)=>{if(this.f&&this.u>this.f.threshold*3)return console.warn(`[${this.f.name}] REFUSES to accept new list...<omitted>...R} could not be cloned.
    at vscode-file://vscode-app/opt/visual-studio-code/resources/app/out/vs/workbench/workbench.desktop.main.js:594:47235
2023-09-04 23:47:53.172 [error] Failed to execute 'postMessage' on 'Worker': (E,D,M)=>{if(this.f&&this.u>this.f.threshold*3)return console.warn(`[${this.f.name}] REFUSES to accept new list...<omitted>...R} could not be cloned.: Error: Failed to execute 'postMessage' on 'Worker': (E,D,M)=>{if(this.f&&this.u>this.f.threshold*3)return console.warn(`[${this.f.name}] REFUSES to accept new list...<omitted>...R} could not be cloned.
    at vscode-file://vscode-app/opt/visual-studio-code/resources/app/out/vs/workbench/workbench.desktop.main.js:594:47235
