2023-09-04 22:13:57.274 [info] Added views:workbench.panel.markers.view in workbench.panel.markers
2023-09-04 22:13:57.274 [info] Added views:workbench.panel.output in workbench.panel.output
2023-09-04 22:13:57.274 [info] Added views:terminal in terminal
2023-09-04 22:13:57.274 [info] Added views:outline in workbench.view.explorer
2023-09-04 22:13:57.274 [info] Added views:workbench.scm in workbench.view.scm
2023-09-04 22:13:57.274 [info] Added views:workbench.view.search in workbench.view.search
2023-09-04 22:13:57.274 [info] Added views:timeline in workbench.view.explorer
2023-09-04 22:13:57.274 [info] Added views:workbench.debug.welcome in workbench.view.debug
2023-09-04 22:13:57.274 [info] Added views:workbench.explorer.fileView in workbench.view.explorer
2023-09-04 22:13:59.321 [info] Added views:~remote.forwardedPorts in ~remote.forwardedPortsContainer
2023-09-04 22:14:13.291 [info] Added views:remoteTargets in workbench.view.remote
2023-09-04 22:14:29.801 [info] Added views:workbench.panel.markers.view in workbench.panel.markers
2023-09-04 22:14:29.801 [info] Added views:workbench.panel.output in workbench.panel.output
2023-09-04 22:14:29.801 [info] Added views:terminal in terminal
2023-09-04 22:14:29.801 [info] Added views:outline in workbench.view.explorer
2023-09-04 22:14:29.801 [info] Added views:workbench.scm in workbench.view.scm
2023-09-04 22:14:29.801 [info] Added views:workbench.view.search in workbench.view.search
2023-09-04 22:14:29.801 [info] Added views:timeline in workbench.view.explorer
2023-09-04 22:14:29.801 [info] Added views:workbench.debug.welcome in workbench.view.debug
2023-09-04 22:14:29.801 [info] Added views:workbench.explorer.fileView in workbench.view.explorer
2023-09-04 22:14:31.991 [info] Added views:~remote.forwardedPorts in ~remote.forwardedPortsContainer
2023-09-04 22:14:33.808 [info] Added views:remoteTargets in workbench.view.remote
2023-09-04 22:14:33.809 [info] Added views:workspaceViewer in workbench.view.extension.workspaceViewer
2023-09-04 22:14:35.351 [info] Added views:workbench.panel.repl.view in workbench.panel.repl
2023-09-04 22:14:37.152 [info] Added views:jupyterViewVariables,cell-tag in workbench.view.extension.jupyter-variables
2023-09-04 22:14:37.686 [info] Added views:workbench.view.testing in workbench.view.extension.test
2023-09-04 23:55:08.615 [info] Removed views:workbench.view.testing from workbench.view.extension.test
