2023-08-29 12:41:21.179 [info] Using settings sync service https://vscode-sync.trafficmanager.net/
2023-08-29 12:41:21.185 [info] Auto Sync is enabled.
2023-08-29 12:41:21.185 [info] Auto Sync: Suspended until auth token is available.
2023-08-29 12:41:21.882 [info] Deleting non existing profile from backup /home/panda/.config/Code/User/sync/extensions
2023-08-29 12:41:22.221 [info] Deleting non existing profile from backup /home/panda/.config/Code/User/sync/globalState
2023-08-29 12:41:22.232 [info] Auto Sync: Triggered by Interval
2023-08-29 12:41:22.232 [info] Sync started.
2023-08-29 12:41:22.360 [info] Deleting non existing profile from backup /home/panda/.config/Code/User/sync/keybindings
2023-08-29 12:41:22.422 [info] Deleting non existing profile from backup /home/panda/.config/Code/User/sync/profiles
2023-08-29 12:41:22.448 [info] Deleting non existing profile from backup /home/panda/.config/Code/User/sync/settings
2023-08-29 12:41:22.449 [info] Deleting non existing profile from backup /home/panda/.config/Code/User/sync/snippets
2023-08-29 12:41:22.450 [info] Deleting non existing profile from backup /home/panda/.config/Code/User/sync/tasks
2023-08-29 12:41:22.988 [info] Settings: Last sync resource does not exist locally.
2023-08-29 12:41:23.251 [info] Settings: No changes found during synchronizing settings.
2023-08-29 12:41:23.253 [info] Keybindings: Last sync resource does not exist locally.
2023-08-29 12:41:23.482 [info] Keybindings: No changes found during synchronizing keybindings.
2023-08-29 12:41:23.515 [info] Snippets: Last sync resource does not exist locally.
2023-08-29 12:41:23.669 [info] Snippets: No changes found during synchronizing snippets.
2023-08-29 12:41:23.670 [info] Tasks: Last sync resource does not exist locally.
2023-08-29 12:41:23.816 [info] Tasks: No changes found during synchronizing tasks.
2023-08-29 12:41:23.819 [info] GlobalState: Last sync resource does not exist locally.
2023-08-29 12:41:24.254 [info] GlobalState: No changes found during synchronizing ui state.
2023-08-29 12:41:24.256 [info] Extensions: Last sync resource does not exist locally.
2023-08-29 12:41:24.508 [info] Extensions: No changes found during synchronizing extensions.
2023-08-29 12:41:24.509 [info] Profiles: Last sync resource does not exist locally.
2023-08-29 12:41:24.658 [info] Profiles: No changes found during synchronizing profiles.
2023-08-29 12:41:24.663 [info] Sync done. Took 2430ms
2023-08-29 12:45:43.398 [info] Auto Sync: Triggered by Activity
2023-08-29 12:45:43.398 [info] Sync started.
2023-08-29 12:45:44.096 [info] Settings: No changes found during synchronizing settings.
2023-08-29 12:45:44.102 [info] Keybindings: No changes found during synchronizing keybindings.
2023-08-29 12:45:44.109 [info] Snippets: No changes found during synchronizing snippets.
2023-08-29 12:45:44.114 [info] Tasks: No changes found during synchronizing tasks.
2023-08-29 12:45:44.117 [info] GlobalState: No changes found during synchronizing ui state.
2023-08-29 12:45:44.214 [info] Extensions: No changes found during synchronizing extensions.
2023-08-29 12:45:44.219 [info] Profiles: No changes found during synchronizing profiles.
2023-08-29 12:45:44.221 [info] Sync done. Took 825ms
2023-08-29 12:49:50.103 [info] Auto Sync: Triggered by Activity
2023-08-29 12:49:50.103 [info] Sync started.
2023-08-29 12:49:50.555 [info] Settings: No changes found during synchronizing settings.
2023-08-29 12:49:50.559 [info] Keybindings: No changes found during synchronizing keybindings.
2023-08-29 12:49:50.562 [info] Snippets: No changes found during synchronizing snippets.
2023-08-29 12:49:50.564 [info] Tasks: No changes found during synchronizing tasks.
2023-08-29 12:49:50.567 [info] GlobalState: No changes found during synchronizing ui state.
2023-08-29 12:49:50.649 [info] Extensions: No changes found during synchronizing extensions.
2023-08-29 12:49:50.650 [info] Profiles: No changes found during synchronizing profiles.
2023-08-29 12:49:50.652 [info] Sync done. Took 549ms
2023-08-29 12:50:17.639 [info] Auto Sync: Triggered by Activity
2023-08-29 12:50:17.640 [info] Sync started.
2023-08-29 12:50:17.799 [info] Settings: No changes found during synchronizing settings.
2023-08-29 12:50:17.806 [info] Keybindings: No changes found during synchronizing keybindings.
2023-08-29 12:50:17.814 [info] Snippets: No changes found during synchronizing snippets.
2023-08-29 12:50:17.816 [info] Tasks: No changes found during synchronizing tasks.
2023-08-29 12:50:17.819 [info] GlobalState: No changes found during synchronizing ui state.
2023-08-29 12:50:17.932 [info] Extensions: No changes found during synchronizing extensions.
2023-08-29 12:50:17.934 [info] Profiles: No changes found during synchronizing profiles.
2023-08-29 12:50:17.935 [info] Sync done. Took 297ms
2023-08-29 12:50:49.198 [info] Auto Sync: Triggered by Activity
2023-08-29 12:50:49.199 [info] Sync started.
2023-08-29 12:50:49.379 [info] Settings: No changes found during synchronizing settings.
2023-08-29 12:50:49.387 [info] Keybindings: No changes found during synchronizing keybindings.
2023-08-29 12:50:49.395 [info] Snippets: No changes found during synchronizing snippets.
2023-08-29 12:50:49.400 [info] Tasks: No changes found during synchronizing tasks.
2023-08-29 12:50:49.405 [info] GlobalState: No changes found during synchronizing ui state.
2023-08-29 12:50:49.496 [info] Extensions: No changes found during synchronizing extensions.
2023-08-29 12:50:49.497 [info] Profiles: No changes found during synchronizing profiles.
2023-08-29 12:50:49.498 [info] Sync done. Took 301ms
2023-08-29 12:51:10.654 [info] Auto Sync: Triggered by Activity
2023-08-29 12:51:10.655 [info] Sync started.
2023-08-29 12:51:10.813 [info] Settings: No changes found during synchronizing settings.
2023-08-29 12:51:10.817 [info] Keybindings: No changes found during synchronizing keybindings.
2023-08-29 12:51:10.823 [info] Snippets: No changes found during synchronizing snippets.
2023-08-29 12:51:10.825 [info] Tasks: No changes found during synchronizing tasks.
2023-08-29 12:51:10.829 [info] GlobalState: No changes found during synchronizing ui state.
2023-08-29 12:51:10.909 [info] Extensions: No changes found during synchronizing extensions.
2023-08-29 12:51:10.910 [info] Profiles: No changes found during synchronizing profiles.
2023-08-29 12:51:10.911 [info] Sync done. Took 257ms
2023-08-29 12:52:05.872 [info] Auto Sync: Triggered by Activity
2023-08-29 12:52:05.873 [info] Sync started.
2023-08-29 12:52:06.044 [info] Settings: No changes found during synchronizing settings.
2023-08-29 12:52:06.049 [info] Keybindings: No changes found during synchronizing keybindings.
2023-08-29 12:52:06.056 [info] Snippets: No changes found during synchronizing snippets.
2023-08-29 12:52:06.059 [info] Tasks: No changes found during synchronizing tasks.
2023-08-29 12:52:06.062 [info] GlobalState: No changes found during synchronizing ui state.
2023-08-29 12:52:06.146 [info] Extensions: No changes found during synchronizing extensions.
2023-08-29 12:52:06.150 [info] Profiles: No changes found during synchronizing profiles.
2023-08-29 12:52:06.152 [info] Sync done. Took 281ms
2023-08-29 12:52:23.516 [info] Auto Sync: Triggered by Activity
2023-08-29 12:52:23.517 [info] Sync started.
2023-08-29 12:52:23.674 [info] Settings: No changes found during synchronizing settings.
2023-08-29 12:52:23.677 [info] Keybindings: No changes found during synchronizing keybindings.
2023-08-29 12:52:23.681 [info] Snippets: No changes found during synchronizing snippets.
2023-08-29 12:52:23.683 [info] Tasks: No changes found during synchronizing tasks.
2023-08-29 12:52:23.687 [info] GlobalState: No changes found during synchronizing ui state.
2023-08-29 12:52:23.770 [info] Extensions: No changes found during synchronizing extensions.
2023-08-29 12:52:23.771 [info] Profiles: No changes found during synchronizing profiles.
2023-08-29 12:52:23.772 [info] Sync done. Took 256ms
2023-08-29 12:53:03.051 [info] Auto Sync: Triggered by Activity
2023-08-29 12:53:03.052 [info] Sync started.
2023-08-29 12:53:03.226 [info] Settings: No changes found during synchronizing settings.
2023-08-29 12:53:03.230 [info] Keybindings: No changes found during synchronizing keybindings.
2023-08-29 12:53:03.235 [info] Snippets: No changes found during synchronizing snippets.
2023-08-29 12:53:03.238 [info] Tasks: No changes found during synchronizing tasks.
2023-08-29 12:53:03.243 [info] GlobalState: No changes found during synchronizing ui state.
2023-08-29 12:53:03.332 [info] Extensions: No changes found during synchronizing extensions.
2023-08-29 12:53:03.335 [info] Profiles: No changes found during synchronizing profiles.
2023-08-29 12:53:03.336 [info] Sync done. Took 286ms
2023-08-29 12:54:03.233 [info] Auto Sync: Triggered by Activity
2023-08-29 12:54:03.234 [info] Sync started.
2023-08-29 12:54:03.380 [info] Settings: No changes found during synchronizing settings.
2023-08-29 12:54:03.390 [info] Keybindings: No changes found during synchronizing keybindings.
2023-08-29 12:54:03.402 [info] Snippets: No changes found during synchronizing snippets.
2023-08-29 12:54:03.410 [info] Tasks: No changes found during synchronizing tasks.
2023-08-29 12:54:03.421 [info] GlobalState: No changes found during synchronizing ui state.
2023-08-29 12:54:03.528 [info] Extensions: No changes found during synchronizing extensions.
2023-08-29 12:54:03.529 [info] Profiles: No changes found during synchronizing profiles.
2023-08-29 12:54:03.530 [info] Sync done. Took 298ms
2023-08-29 12:54:34.839 [info] Auto Sync: Triggered by Activity
2023-08-29 12:54:34.840 [info] Sync started.
2023-08-29 12:54:34.998 [info] Settings: No changes found during synchronizing settings.
2023-08-29 12:54:35.005 [info] Keybindings: No changes found during synchronizing keybindings.
2023-08-29 12:54:35.012 [info] Snippets: No changes found during synchronizing snippets.
2023-08-29 12:54:35.015 [info] Tasks: No changes found during synchronizing tasks.
2023-08-29 12:54:35.018 [info] GlobalState: No changes found during synchronizing ui state.
2023-08-29 12:54:35.126 [info] Extensions: No changes found during synchronizing extensions.
2023-08-29 12:54:35.135 [info] Profiles: No changes found during synchronizing profiles.
2023-08-29 12:54:35.138 [info] Sync done. Took 300ms
2023-08-29 12:55:39.703 [info] Auto Sync: Triggered by Activity
2023-08-29 12:55:39.704 [info] Sync started.
2023-08-29 12:55:39.874 [info] Settings: No changes found during synchronizing settings.
2023-08-29 12:55:39.887 [info] Keybindings: No changes found during synchronizing keybindings.
2023-08-29 12:55:39.898 [info] Snippets: No changes found during synchronizing snippets.
2023-08-29 12:55:39.904 [info] Tasks: No changes found during synchronizing tasks.
2023-08-29 12:55:39.912 [info] GlobalState: No changes found during synchronizing ui state.
2023-08-29 12:55:40.055 [info] Extensions: No changes found during synchronizing extensions.
2023-08-29 12:55:40.059 [info] Profiles: No changes found during synchronizing profiles.
2023-08-29 12:55:40.061 [info] Sync done. Took 359ms
2023-08-29 13:00:40.071 [info] Auto Sync: Triggered by Interval
2023-08-29 13:00:40.071 [info] Sync started.
2023-08-29 13:00:40.712 [info] Settings: No changes found during synchronizing settings.
2023-08-29 13:00:40.717 [info] Keybindings: No changes found during synchronizing keybindings.
2023-08-29 13:00:40.720 [info] Snippets: No changes found during synchronizing snippets.
2023-08-29 13:00:40.722 [info] Tasks: No changes found during synchronizing tasks.
2023-08-29 13:00:40.725 [info] GlobalState: No changes found during synchronizing ui state.
2023-08-29 13:00:40.803 [info] Extensions: No changes found during synchronizing extensions.
2023-08-29 13:00:40.807 [info] Profiles: No changes found during synchronizing profiles.
2023-08-29 13:00:40.810 [info] Sync done. Took 739ms
2023-08-29 13:01:27.980 [info] Auto Sync: Triggered by Activity
2023-08-29 13:01:27.980 [info] Sync started.
2023-08-29 13:01:28.199 [info] Settings: No changes found during synchronizing settings.
2023-08-29 13:01:28.202 [info] Keybindings: No changes found during synchronizing keybindings.
2023-08-29 13:01:28.205 [info] Snippets: No changes found during synchronizing snippets.
2023-08-29 13:01:28.209 [info] Tasks: No changes found during synchronizing tasks.
2023-08-29 13:01:28.811 [info] GlobalState: Updated remote ui state. Updated: workbench.activity.pinnedViewlets2.
2023-08-29 13:01:28.821 [info] GlobalState: Updated last synchronized ui state
2023-08-29 13:01:28.910 [info] Extensions: No changes found during synchronizing extensions.
2023-08-29 13:01:28.912 [info] Profiles: No changes found during synchronizing profiles.
2023-08-29 13:01:28.913 [info] Sync done. Took 934ms
