[21:54:03.180] Log Level: 2
[21:54:03.192] VS Code version: 1.81.1
[21:54:03.192] Remote-SSH version: remote-ssh@0.102.0
[21:54:03.192] linux x64
[21:54:03.198] SSH Resolver called for "ssh-remote+btp", attempt 1
[21:54:03.200] "remote.SSH.useLocalServer": true
[21:54:03.201] "remote.SSH.path": undefined
[21:54:03.201] "remote.SSH.configFile": undefined
[21:54:03.201] "remote.SSH.useFlock": true
[21:54:03.201] "remote.SSH.lockfilesInTmp": false
[21:54:03.202] "remote.SSH.localServerDownload": auto
[21:54:03.202] "remote.SSH.remoteServerListenOnSocket": false
[21:54:03.202] "remote.SSH.showLoginTerminal": false
[21:54:03.202] "remote.SSH.defaultExtensions": []
[21:54:03.203] "remote.SSH.loglevel": 2
[21:54:03.203] "remote.SSH.enableDynamicForwarding": true
[21:54:03.203] "remote.SSH.enableRemoteCommand": false
[21:54:03.204] "remote.SSH.serverPickPortsFromRange": {}
[21:54:03.204] "remote.SSH.serverInstallPath": {}
[21:54:03.209] SSH Resolver called for host: btp
[21:54:03.209] Setting up SSH remote "btp"
[21:54:03.213] Acquiring local install lock: /tmp/vscode-remote-ssh-62d7b149-install.lock
[21:54:03.214] Looking for existing server data file at /home/panda/.config/Code/User/globalStorage/ms-vscode-remote.remote-ssh/vscode-ssh-host-62d7b149-6c3e3dba23e8fadc360aed75ce363ba185c49794-0.102.0/data.json
[21:54:03.215] Using commit id "6c3e3dba23e8fadc360aed75ce363ba185c49794" and quality "stable" for server
[21:54:03.220] Install and start server if needed
[21:54:03.225] PATH: /sbin:/bin:/usr/local/sbin:/usr/local/bin:/usr/bin:/usr/sbin:/usr/bin/site_perl:/usr/bin/vendor_perl:/usr/bin/core_perl:/usr/lib/rustup/bin
[21:54:03.225] Checking ssh with "ssh -V"
[21:54:03.232] > OpenSSH_9.4p1, OpenSSL 3.1.2 1 Aug 2023

[21:54:03.235] askpass server listening on /run/user/1000/vscode-ssh-askpass-b0c1b843bc89951605e3dbdaa7b62044fed7d949.sock
[21:54:03.236] Spawning local server with {"serverId":1,"ipcHandlePath":"/run/user/1000/vscode-ssh-askpass-c056b136a0da8332ad72c6df5b808e67aa37e656.sock","sshCommand":"ssh","sshArgs":["-v","-T","-D","46189","-o","ConnectTimeout=15","btp"],"serverDataFolderName":".vscode-server","dataFilePath":"/home/panda/.config/Code/User/globalStorage/ms-vscode-remote.remote-ssh/vscode-ssh-host-62d7b149-6c3e3dba23e8fadc360aed75ce363ba185c49794-0.102.0/data.json"}
[21:54:03.236] Local server env: {"SHELL":"/bin/zsh","DISPLAY":":0","ELECTRON_RUN_AS_NODE":"1","SSH_ASKPASS":"/home/panda/.vscode/extensions/ms-vscode-remote.remote-ssh-0.102.0/out/local-server/askpass.sh","VSCODE_SSH_ASKPASS_NODE":"/opt/visual-studio-code/code","VSCODE_SSH_ASKPASS_EXTRA_ARGS":"--ms-enable-electron-run-as-node","VSCODE_SSH_ASKPASS_MAIN":"/home/panda/.vscode/extensions/ms-vscode-remote.remote-ssh-0.102.0/out/askpass-main.js","VSCODE_SSH_ASKPASS_HANDLE":"/run/user/1000/vscode-ssh-askpass-b0c1b843bc89951605e3dbdaa7b62044fed7d949.sock"}
[21:54:03.240] Spawned 22737
[21:54:03.342] > local-server-1> Running ssh connection command: "-v -T -D 46189 -o ConnectTimeout=15 btp"
[21:54:03.346] > local-server-1> Spawned ssh, pid=22746
[21:54:03.349] stderr> OpenSSH_9.4p1, OpenSSL 3.1.2 1 Aug 2023
[21:54:03.686] stderr> debug1: Server host key: ssh-ed25519 SHA256:+DATUrYREP0BSwEjvWmY26KRE98fjVAacK1yr5wEiSE
[21:54:03.928] stderr> Authenticated to 192.168.16.203 ([192.168.16.203]:22) using "publickey".
[21:54:04.213] > Welcome to Ubuntu 22.04.2 LTS (GNU/Linux 5.19.0-41-generic x86_64)
> 
>  * Documentation:  https://help.ubuntu.com
>  * Management:     https://landscape.canonical.com
>  * Support:        https://ubuntu.com/advantage
> 
> Expanded Security Maintenance for Applications is not enabled.
> 
> 69 updates can be applied immediately.
> To see these additional updates run: apt list --upgradable
> 
> Enable ESM Apps to receive additional future security updates.
> See https://ubuntu.com/esm or run: sudo pro status
> 
> *** System restart required ***
[21:54:04.221] > ready: c560f7298b86
[21:54:04.239] > Linux 5.19.0-41-generic #42~22.04.1-Ubuntu SMP PREEMPT_DYNAMIC Tue Apr 18 17:40:00 UTC 2
[21:54:04.240] Platform: linux
[21:54:04.354] > /bin/bash
[21:54:04.355] Shell: bash
[21:54:04.356] Creating bash subshell inside "bash"
[21:54:04.385] > bash version:  5.1.16(1)-release
[21:54:04.455] > c560f7298b86: running
[21:54:04.496] > Acquiring lock on /home/web_server/.vscode-server/bin/6c3e3dba23e8fadc360aed75ce363ba185c49794/vscode-remote-lock.web_server.6c3e3dba23e8fadc360aed75ce363ba185c49794
[21:54:04.503] > Found existing installation at /home/web_server/.vscode-server/bin/6c3e3dba23e8fadc360aed75ce363ba185c49794...
> Checking /home/web_server/.vscode-server/.6c3e3dba23e8fadc360aed75ce363ba185c49794.log and /home/web_server/.vscode-server/.6c3e3dba23e8fadc360aed75ce363ba185c49794.pid for a running server
> Looking for server with pid: 2364480
[21:54:04.541] > Found running server...
[21:54:04.546] >  
> *
> * Visual Studio Code Server
> *
> * By using the software, you agree to
> * the Visual Studio Code Server License Terms (https://aka.ms/vscode-server-license) and
> * the Microsoft Privacy Statement (https://privacy.microsoft.com/en-US/privacystatement).
> *
>  
[21:54:04.559] > Checking server status on port 43229 with wget
[21:54:04.571] > c560f7298b86: start
> SSH_AUTH_SOCK====
> DISPLAY====
> webUiAccessToken====
> listeningOn==43229==
> osReleaseId==ubuntu==
> arch==x86_64==
> vscodeArch==x64==
> bitness==64==
> tmpDir==/run/user/1013==
> platform==linux==
[21:54:04.575] > unpackResult====
> didLocalDownload==0==
> downloadTime====
> installTime====
> extInstallTime====
> serverStartTime====
> connectionToken==aa1111a1-aa1a-111a-1aaa-11111111111a==
> c560f7298b86: end
[21:54:04.576] Received install output: 
SSH_AUTH_SOCK====
DISPLAY====
webUiAccessToken====
listeningOn==43229==
osReleaseId==ubuntu==
arch==x86_64==
vscodeArch==x64==
bitness==64==
tmpDir==/run/user/1013==
platform==linux==unpackResult====
didLocalDownload==0==
downloadTime====
installTime====
extInstallTime====
serverStartTime====
connectionToken==aa1111a1-aa1a-111a-1aaa-11111111111a==

[21:54:04.579] Remote server is listening on 43229
[21:54:04.579] Parsed server configuration: {"serverConfiguration":{"remoteListeningOn":{"port":43229},"osReleaseId":"ubuntu","arch":"x86_64","webUiAccessToken":"","sshAuthSock":"","display":"","tmpDir":"/run/user/1013","platform":"linux","connectionToken":"aa1111a1-aa1a-111a-1aaa-11111111111a"},"installUnpackCode":""}
[21:54:04.582] Persisting server connection details to /home/panda/.config/Code/User/globalStorage/ms-vscode-remote.remote-ssh/vscode-ssh-host-62d7b149-6c3e3dba23e8fadc360aed75ce363ba185c49794-0.102.0/data.json
[21:54:04.591] Starting forwarding server. localPort 43273 -> socksPort 46189 -> remotePort 43229
[21:54:04.592] Forwarding server listening on 43273
[21:54:04.593] Waiting for ssh tunnel to be ready
[21:54:04.596] [Forwarding server 43273] Got connection 0
[21:54:04.598] Tunneled 43229 to local port 43273
[21:54:04.599] Resolved "ssh-remote+btp" to "127.0.0.1:43273"
[21:54:04.618] ------




[21:54:04.625] [Forwarding server 43273] Got connection 1
[21:54:04.662] [Forwarding server 43273] Got connection 2
