[22:37:43.830] Log Level: 2
[22:37:43.843] VS Code version: 1.81.1
[22:37:43.844] Remote-SSH version: remote-ssh@0.102.0
[22:37:43.844] linux x64
[22:37:43.857] SSH Resolver called for "ssh-remote+btp", attempt 1
[22:37:43.858] "remote.SSH.useLocalServer": true
[22:37:43.858] "remote.SSH.path": undefined
[22:37:43.859] "remote.SSH.configFile": undefined
[22:37:43.859] "remote.SSH.useFlock": true
[22:37:43.859] "remote.SSH.lockfilesInTmp": false
[22:37:43.859] "remote.SSH.localServerDownload": auto
[22:37:43.859] "remote.SSH.remoteServerListenOnSocket": false
[22:37:43.859] "remote.SSH.showLoginTerminal": false
[22:37:43.859] "remote.SSH.defaultExtensions": []
[22:37:43.859] "remote.SSH.loglevel": 2
[22:37:43.860] "remote.SSH.enableDynamicForwarding": true
[22:37:43.860] "remote.SSH.enableRemoteCommand": false
[22:37:43.860] "remote.SSH.serverPickPortsFromRange": {}
[22:37:43.860] "remote.SSH.serverInstallPath": {}
[22:37:43.866] SSH Resolver called for host: btp
[22:37:43.866] Setting up SSH remote "btp"
[22:37:43.870] Acquiring local install lock: /tmp/vscode-remote-ssh-62d7b149-install.lock
[22:37:43.872] Looking for existing server data file at /home/panda/.config/Code/User/globalStorage/ms-vscode-remote.remote-ssh/vscode-ssh-host-62d7b149-6c3e3dba23e8fadc360aed75ce363ba185c49794-0.102.0/data.json
[22:37:43.874] Using commit id "6c3e3dba23e8fadc360aed75ce363ba185c49794" and quality "stable" for server
[22:37:43.879] Install and start server if needed
[22:37:43.883] PATH: /sbin:/bin:/usr/local/sbin:/usr/local/bin:/usr/bin:/usr/sbin:/usr/bin/site_perl:/usr/bin/vendor_perl:/usr/bin/core_perl:/usr/lib/rustup/bin
[22:37:43.884] Checking ssh with "ssh -V"
[22:37:43.892] > OpenSSH_9.4p1, OpenSSL 3.1.2 1 Aug 2023

[22:37:43.896] askpass server listening on /run/user/1000/vscode-ssh-askpass-967fdfced43372ce5c960a34e6644327f6b3f290.sock
[22:37:43.896] Spawning local server with {"serverId":1,"ipcHandlePath":"/run/user/1000/vscode-ssh-askpass-480aad5c919e443af04df832caa7078ebe4da877.sock","sshCommand":"ssh","sshArgs":["-v","-T","-D","37427","-o","ConnectTimeout=15","btp"],"serverDataFolderName":".vscode-server","dataFilePath":"/home/panda/.config/Code/User/globalStorage/ms-vscode-remote.remote-ssh/vscode-ssh-host-62d7b149-6c3e3dba23e8fadc360aed75ce363ba185c49794-0.102.0/data.json"}
[22:37:43.896] Local server env: {"SHELL":"/bin/zsh","DISPLAY":":0","ELECTRON_RUN_AS_NODE":"1","SSH_ASKPASS":"/home/panda/.vscode/extensions/ms-vscode-remote.remote-ssh-0.102.0/out/local-server/askpass.sh","VSCODE_SSH_ASKPASS_NODE":"/opt/visual-studio-code/code","VSCODE_SSH_ASKPASS_EXTRA_ARGS":"--ms-enable-electron-run-as-node","VSCODE_SSH_ASKPASS_MAIN":"/home/panda/.vscode/extensions/ms-vscode-remote.remote-ssh-0.102.0/out/askpass-main.js","VSCODE_SSH_ASKPASS_HANDLE":"/run/user/1000/vscode-ssh-askpass-967fdfced43372ce5c960a34e6644327f6b3f290.sock"}
[22:37:43.901] Spawned 29463
[22:37:44.022] > local-server-1> Running ssh connection command: "-v -T -D 37427 -o ConnectTimeout=15 btp"
[22:37:44.026] > local-server-1> Spawned ssh, pid=29472
[22:37:44.030] stderr> OpenSSH_9.4p1, OpenSSL 3.1.2 1 Aug 2023
[22:37:44.596] stderr> debug1: Server host key: ssh-ed25519 SHA256:+DATUrYREP0BSwEjvWmY26KRE98fjVAacK1yr5wEiSE
[22:37:45.075] stderr> Authenticated to 192.168.16.203 ([192.168.16.203]:22) using "publickey".
[22:37:45.332] > Welcome to Ubuntu 22.04.2 LTS (GNU/Linux 5.19.0-41-generic x86_64)
> 
>  * Documentation:  https://help.ubuntu.com
>  * Management:     https://landscape.canonical.com
>  * Support:        https://ubuntu.com/advantage
> 
> Expanded Security Maintenance for Applications is not enabled.
> 
> 69 updates can be applied immediately.
> To see these additional updates run: apt list --upgradable
> 
> Enable ESM Apps to receive additional future security updates.
> See https://ubuntu.com/esm or run: sudo pro status
> 
> *** System restart required ***
[22:37:45.363] > ready: bb552d41f327
[22:37:45.422] > Linux 5.19.0-41-generic #42~22.04.1-Ubuntu SMP PREEMPT_DYNAMIC Tue Apr 18 17:40:00 UTC 2
[22:37:45.423] Platform: linux
[22:37:45.481] > /bin/bash
[22:37:45.482] Shell: bash
[22:37:45.482] Creating bash subshell inside "bash"
[22:37:45.537] > bash version:  5.1.16(1)-release
[22:37:45.570] > bash version:  5.1.16(1)-release
[22:37:45.633] > bb552d41f327: running
[22:37:45.691] > Acquiring lock on /home/web_server/.vscode-server/bin/6c3e3dba23e8fadc360aed75ce363ba185c49794/vscode-remote-lock.web_server.6c3e3dba23e8fadc360aed75ce363ba185c49794
> Found existing installation at /home/web_server/.vscode-server/bin/6c3e3dba23e8fadc360aed75ce363ba185c49794...
> Checking /home/web_server/.vscode-server/.6c3e3dba23e8fadc360aed75ce363ba185c49794.log and /home/web_server/.vscode-server/.6c3e3dba23e8fadc360aed75ce363ba185c49794.pid for a running server
> Looking for server with pid: 2364480
[22:37:45.752] > Found running server...
>  
> *
> * Visual Studio Code Server
> *
> * By using the software, you agree to
> * the Visual Studio Code Server License Terms (https://aka.ms/vscode-server-license) and
> * the Microsoft Privacy Statement (https://privacy.microsoft.com/en-US/privacystatement).
> *
>  
> Checking server status on port 43229 with wget
> bb552d41f327: start
> SSH_AUTH_SOCK====
> DISPLAY====
> webUiAccessToken====
[22:37:45.789] > listeningOn==43229==
> osReleaseId==ubuntu==
> arch==x86_64==
> vscodeArch==x64==
> bitness==64==
> tmpDir==/run/user/1013==
> platform==linux==
> unpackResult====
> didLocalDownload==0==
> downloadTime====
> installTime====
> extInstallTime====
> serverStartTime====
> connectionToken==aa1111a1-aa1a-111a-1aaa-11111111111a==
> bb552d41f327: end
[22:37:45.790] Received install output: 
SSH_AUTH_SOCK====
DISPLAY====
webUiAccessToken====listeningOn==43229==
osReleaseId==ubuntu==
arch==x86_64==
vscodeArch==x64==
bitness==64==
tmpDir==/run/user/1013==
platform==linux==
unpackResult====
didLocalDownload==0==
downloadTime====
installTime====
extInstallTime====
serverStartTime====
connectionToken==aa1111a1-aa1a-111a-1aaa-11111111111a==

[22:37:45.791] Remote server is listening on 43229
[22:37:45.792] Parsed server configuration: {"serverConfiguration":{"remoteListeningOn":{"port":43229},"osReleaseId":"ubuntu","arch":"x86_64","webUiAccessToken":"","sshAuthSock":"","display":"","tmpDir":"/run/user/1013","platform":"linux","connectionToken":"aa1111a1-aa1a-111a-1aaa-11111111111a"},"installUnpackCode":""}
[22:37:45.793] Persisting server connection details to /home/panda/.config/Code/User/globalStorage/ms-vscode-remote.remote-ssh/vscode-ssh-host-62d7b149-6c3e3dba23e8fadc360aed75ce363ba185c49794-0.102.0/data.json
[22:37:45.796] Starting forwarding server. localPort 42973 -> socksPort 37427 -> remotePort 43229
[22:37:45.798] Forwarding server listening on 42973
[22:37:45.798] Waiting for ssh tunnel to be ready
[22:37:45.800] [Forwarding server 42973] Got connection 0
[22:37:45.802] Tunneled 43229 to local port 42973
[22:37:45.802] Resolved "ssh-remote+btp" to "127.0.0.1:42973"
[22:37:45.820] ------




[22:37:45.844] [Forwarding server 42973] Got connection 1
[22:37:45.934] [Forwarding server 42973] Got connection 2
[22:37:54.909] [Forwarding server 42973] Got connection 3
[23:12:13.596] [Forwarding server 42973] Got connection 4
[23:13:14.278] ------




[23:13:14.279] SSH Resolver called for "ssh-remote+btp", attempt 2, (Reconnection)
[23:13:14.285] SSH Resolver called for host: btp
[23:13:14.286] Setting up SSH remote "btp"
[23:13:14.297] Acquiring local install lock: /tmp/vscode-remote-ssh-62d7b149-install.lock
[23:13:14.300] Looking for existing server data file at /home/panda/.config/Code/User/globalStorage/ms-vscode-remote.remote-ssh/vscode-ssh-host-62d7b149-6c3e3dba23e8fadc360aed75ce363ba185c49794-0.102.0/data.json
[23:13:14.301] Found local server running: {"remoteListeningOn":{"port":43229},"osReleaseId":"ubuntu","arch":"x86_64","webUiAccessToken":"","sshAuthSock":"","display":"","tmpDir":"/run/user/1013","platform":"linux","connectionToken":"aa1111a1-aa1a-111a-1aaa-11111111111a","pid":29463,"ipcHandlePath":"/run/user/1000/vscode-ssh-askpass-480aad5c919e443af04df832caa7078ebe4da877.sock","socksPort":37427,"startupTime":1693501663902}
[23:13:14.302] Running server is stale. Ignoring
[23:13:14.303] Using commit id "6c3e3dba23e8fadc360aed75ce363ba185c49794" and quality "stable" for server
[23:13:14.311] Install and start server if needed
[23:13:14.318] askpass server listening on /run/user/1000/vscode-ssh-askpass-ad2460cd786cf4f2b17645cdcdd2c846ab6111e7.sock
[23:13:14.318] Spawning local server with {"serverId":2,"ipcHandlePath":"/run/user/1000/vscode-ssh-askpass-e5535bb83f00ad3cc8b45414152b8af6348ed720.sock","sshCommand":"ssh","sshArgs":["-v","-T","-D","39977","-o","ConnectTimeout=15","btp"],"serverDataFolderName":".vscode-server","dataFilePath":"/home/panda/.config/Code/User/globalStorage/ms-vscode-remote.remote-ssh/vscode-ssh-host-62d7b149-6c3e3dba23e8fadc360aed75ce363ba185c49794-0.102.0/data.json"}
[23:13:14.318] Local server env: {"SHELL":"/bin/zsh","DISPLAY":":0","ELECTRON_RUN_AS_NODE":"1","SSH_ASKPASS":"/home/panda/.vscode/extensions/ms-vscode-remote.remote-ssh-0.102.0/out/local-server/askpass.sh","VSCODE_SSH_ASKPASS_NODE":"/opt/visual-studio-code/code","VSCODE_SSH_ASKPASS_EXTRA_ARGS":"--ms-enable-electron-run-as-node","VSCODE_SSH_ASKPASS_MAIN":"/home/panda/.vscode/extensions/ms-vscode-remote.remote-ssh-0.102.0/out/askpass-main.js","VSCODE_SSH_ASKPASS_HANDLE":"/run/user/1000/vscode-ssh-askpass-ad2460cd786cf4f2b17645cdcdd2c846ab6111e7.sock"}
[23:13:14.327] Spawned 33596
[23:13:14.438] > local-server-2> Running ssh connection command: "-v -T -D 39977 -o ConnectTimeout=15 btp"
[23:13:14.443] > local-server-2> Spawned ssh, pid=33604
[23:13:14.447] stderr> OpenSSH_9.4p1, OpenSSL 3.1.2 1 Aug 2023
[23:13:18.365] > local-server-1> Timed out
[23:13:18.381] Local server exit: 0
[23:13:21.747] stderr> debug1: Server host key: ssh-ed25519 SHA256:+DATUrYREP0BSwEjvWmY26KRE98fjVAacK1yr5wEiSE
[23:13:21.926] stderr> Authenticated to 192.168.16.203 ([192.168.16.203]:22) using "publickey".
[23:13:22.208] > Welcome to Ubuntu 22.04.2 LTS (GNU/Linux 5.19.0-41-generic x86_64)
> 
>  * Documentation:  https://help.ubuntu.com
>  * Management:     https://landscape.canonical.com
>  * Support:        https://ubuntu.com/advantage
> 
> Expanded Security Maintenance for Applications is not enabled.
> 
> 69 updates can be applied immediately.
> To see these additional updates run: apt list --upgradable
> 
> Enable ESM Apps to receive additional future security updates.
> See https://ubuntu.com/esm or run: sudo pro status
> 
> *** System restart required ***
[23:13:22.231] > ready: 379f98b94774
[23:13:22.244] > Linux 5.19.0-41-generic #42~22.04.1-Ubuntu SMP PREEMPT_DYNAMIC Tue Apr 18 17:40:00 UTC 2
[23:13:22.245] Platform: linux
[23:13:22.315] > /bin/bash
[23:13:22.315] Shell: bash
[23:13:22.315] Creating bash subshell inside "bash"
[23:13:22.373] > bash version:  5.1.16(1)-release
[23:13:22.381] > bash version:  5.1.16(1)-release
[23:13:22.449] > 379f98b94774: running
[23:13:22.485] > Acquiring lock on /home/web_server/.vscode-server/bin/6c3e3dba23e8fadc360aed75ce363ba185c49794/vscode-remote-lock.web_server.6c3e3dba23e8fadc360aed75ce363ba185c49794
[23:13:22.488] > Found existing installation at /home/web_server/.vscode-server/bin/6c3e3dba23e8fadc360aed75ce363ba185c49794...
> Checking /home/web_server/.vscode-server/.6c3e3dba23e8fadc360aed75ce363ba185c49794.log and /home/web_server/.vscode-server/.6c3e3dba23e8fadc360aed75ce363ba185c49794.pid for a running server
[23:13:22.490] > Looking for server with pid: 2364480
[23:13:22.530] > Found running server...
>  
> *
> * Visual Studio Code Server
> *
[23:13:22.535] > * By using the software, you agree to
> * the Visual Studio Code Server License Terms (https://aka.ms/vscode-server-license) and
> * the Microsoft Privacy Statement (https://privacy.microsoft.com/en-US/privacystatement).
> *
>  
[23:13:22.563] > Checking server status on port 43229 with wget
> 379f98b94774: start
> SSH_AUTH_SOCK====
> DISPLAY====
> webUiAccessToken====
> listeningOn==43229==
> osReleaseId==ubuntu==
> arch==x86_64==
> vscodeArch==x64==
> bitness==64==
> tmpDir==/run/user/1013==
> platform==linux==
> unpackResult====
> didLocalDownload==0==
> downloadTime====
> installTime====
> extInstallTime====
> serverStartTime====
> connectionToken==aa1111a1-aa1a-111a-1aaa-11111111111a==
> 379f98b94774: end
[23:13:22.565] Received install output: 
SSH_AUTH_SOCK====
DISPLAY====
webUiAccessToken====
listeningOn==43229==
osReleaseId==ubuntu==
arch==x86_64==
vscodeArch==x64==
bitness==64==
tmpDir==/run/user/1013==
platform==linux==
unpackResult====
didLocalDownload==0==
downloadTime====
installTime====
extInstallTime====
serverStartTime====
connectionToken==aa1111a1-aa1a-111a-1aaa-11111111111a==

[23:13:22.567] Remote server is listening on 43229
[23:13:22.568] Parsed server configuration: {"serverConfiguration":{"remoteListeningOn":{"port":43229},"osReleaseId":"ubuntu","arch":"x86_64","webUiAccessToken":"","sshAuthSock":"","display":"","tmpDir":"/run/user/1013","platform":"linux","connectionToken":"aa1111a1-aa1a-111a-1aaa-11111111111a"},"installUnpackCode":""}
[23:13:22.570] Persisting server connection details to /home/panda/.config/Code/User/globalStorage/ms-vscode-remote.remote-ssh/vscode-ssh-host-62d7b149-6c3e3dba23e8fadc360aed75ce363ba185c49794-0.102.0/data.json
[23:13:22.580] Starting forwarding server. localPort 44923 -> socksPort 39977 -> remotePort 43229
[23:13:22.581] Forwarding server listening on 44923
[23:13:22.582] Waiting for ssh tunnel to be ready
[23:13:22.585] [Forwarding server 44923] Got connection 0
[23:13:22.587] Tunneled 43229 to local port 44923
[23:13:22.588] Resolved "ssh-remote+btp" to "127.0.0.1:44923"
[23:13:22.601] ------




[23:13:22.635] [Forwarding server 44923] Got connection 1
[23:13:22.676] [Forwarding server 44923] Got connection 2
[23:13:22.729] [Forwarding server 44923] Got connection 3
