2023-08-31 19:51:53.499 [info] update#setState idle
2023-08-31 19:52:10.373 [error] [UtilityProcessWorker]: terminated unexpectedly with code 15, signal: unknown
2023-08-31 19:52:10.374 [error] [UtilityProcess id: 1, type: fileWatcher, pid: 4851]: crashed with code 15 and reason 'killed'
2023-08-31 19:52:10.385 [info] Extension host with pid 4840 exited with code: 0, signal: unknown.
2023-08-31 19:52:23.501 [info] update#setState checking for updates
2023-08-31 19:52:26.704 [info] update#setState idle
2023-08-31 19:53:27.429 [info] Extension host with pid 5746 exited with code: 0, signal: unknown.
2023-08-31 19:53:27.433 [error] [UtilityProcessWorker]: terminated unexpectedly with code 15, signal: unknown
2023-08-31 19:53:27.434 [error] [UtilityProcess id: 2, type: fileWatcher, pid: 5756]: crashed with code 15 and reason 'killed'
2023-08-31 20:23:37.902 [info] Extension host with pid 5271 exited with code: 0, signal: unknown.
2023-08-31 20:23:37.910 [error] [UtilityProcessWorker]: terminated unexpectedly with code 15, signal: unknown
2023-08-31 20:23:37.911 [error] [UtilityProcess id: 1, type: fileWatcher, pid: 5258]: crashed with code 15 and reason 'killed'
2023-08-31 20:52:23.504 [info] update#setState checking for updates
2023-08-31 20:52:23.693 [info] update#setState idle
2023-08-31 21:29:37.079 [info] Extension host with pid 16627 exited with code: 0, signal: unknown.
2023-08-31 21:29:37.086 [error] [UtilityProcessWorker]: terminated unexpectedly with code 15, signal: unknown
2023-08-31 21:29:37.086 [error] [UtilityProcess id: 3, type: fileWatcher, pid: 16636]: crashed with code 15 and reason 'killed'
2023-08-31 21:52:23.509 [info] update#setState checking for updates
2023-08-31 21:52:23.771 [info] update#setState idle
2023-08-31 21:53:38.277 [info] Extension host with pid 9258 exited with code: 0, signal: unknown.
2023-08-31 21:53:38.278 [error] [UtilityProcessWorker]: terminated unexpectedly with code 15, signal: unknown
2023-08-31 21:53:38.279 [error] [UtilityProcess id: 1, type: fileWatcher, pid: 9289]: crashed with code 15 and reason 'killed'
2023-08-31 21:54:02.323 [info] Extension host with pid 21978 exited with code: 0, signal: unknown.
2023-08-31 21:54:02.331 [error] [UtilityProcessWorker]: terminated unexpectedly with code 15, signal: unknown
2023-08-31 21:54:02.331 [error] [UtilityProcess id: 1, type: fileWatcher, pid: 21965]: crashed with code 15 and reason 'killed'
2023-08-31 21:54:18.461 [info] Extension host with pid 22721 exited with code: 0, signal: unknown.
2023-08-31 21:54:18.462 [error] [UtilityProcessWorker]: terminated unexpectedly with code 15, signal: unknown
2023-08-31 21:54:18.462 [error] [UtilityProcess id: 1, type: fileWatcher, pid: 22748]: crashed with code 15 and reason 'killed'
2023-08-31 22:35:09.376 [info] Extension host with pid 23120 exited with code: 0, signal: unknown.
2023-08-31 22:35:28.717 [info] Extension host with pid 28125 exited with code: 0, signal: unknown.
2023-08-31 22:35:28.728 [error] [UtilityProcessWorker]: terminated unexpectedly with code 15, signal: unknown
2023-08-31 22:35:28.728 [error] [UtilityProcess id: 1, type: fileWatcher, pid: 28151]: crashed with code 15 and reason 'killed'
2023-08-31 22:35:47.619 [info] Extension host with pid 28229 exited with code: 0, signal: unknown.
2023-08-31 22:36:15.315 [info] Extension host with pid 28336 exited with code: 0, signal: unknown.
2023-08-31 22:36:34.497 [info] Extension host with pid 28519 exited with code: 0, signal: unknown.
2023-08-31 22:36:34.505 [error] [UtilityProcess id: 1, type: fileWatcher, pid: 28549]: crashed with code 15 and reason 'killed'
2023-08-31 22:36:52.543 [info] Extension host with pid 28629 exited with code: 0, signal: unknown.
2023-08-31 22:37:09.242 [info] Extension host with pid 28740 exited with code: 0, signal: unknown.
2023-08-31 22:37:42.755 [info] Extension host with pid 28872 exited with code: 0, signal: unknown.
2023-08-31 22:37:42.757 [error] [UtilityProcessWorker]: terminated unexpectedly with code 15, signal: unknown
2023-08-31 22:37:42.757 [error] [UtilityProcess id: 1, type: fileWatcher, pid: 28861]: crashed with code 15 and reason 'killed'
2023-08-31 22:52:23.512 [info] update#setState checking for updates
2023-08-31 22:52:23.688 [info] update#setState idle
2023-08-31 23:52:23.517 [info] update#setState checking for updates
2023-08-31 23:52:23.854 [info] update#setState idle
2023-09-01 00:52:23.520 [info] update#setState checking for updates
2023-09-01 00:52:23.825 [info] update#setState idle
2023-09-01 01:52:23.524 [info] update#setState checking for updates
2023-09-01 01:52:23.765 [info] update#setState idle
2023-09-01 02:42:25.194 [info] Extension host with pid 29444 exited with code: 0, signal: unknown.
2023-09-01 02:42:25.198 [error] [UtilityProcessWorker]: terminated unexpectedly with code 15, signal: unknown
2023-09-01 02:42:25.199 [error] [UtilityProcess id: 1, type: fileWatcher, pid: 29474]: crashed with code 15 and reason 'killed'
