2023-08-31 20:23:01.518 [info] [SharedProcessTunnelService] Created tunnel 1: 127.0.0.1:8000 (local) to 127.0.0.1:8000 (remote).
2023-08-31 20:23:06.493 [info] Creating a socket (renderer-Tunnel-efa7a0ca-af0e-48e2-be4a-ccb7479adc80)...
2023-08-31 20:23:06.540 [info] Creating a socket (renderer-Tunnel-efa7a0ca-af0e-48e2-be4a-ccb7479adc80) was successful after 43 ms.
2023-08-31 20:23:37.907 [info] [SharedProcessTunnelService] Disposing tunnel 1.
2023-08-31 20:23:48.445 [info] [SharedProcessTunnelService] Created tunnel 2: 127.0.0.1:8000 (local) to 127.0.0.1:8000 (remote).
2023-08-31 20:23:58.498 [info] Creating a socket (renderer-Tunnel-0b588ac1-ed51-4baa-b17f-f92896f8c5a2)...
2023-08-31 20:23:58.560 [info] Creating a socket (renderer-Tunnel-0b588ac1-ed51-4baa-b17f-f92896f8c5a2) was successful after 61 ms.
2023-08-31 20:24:42.292 [info] Creating a socket (renderer-Tunnel-58e4b923-8b3a-4560-bc7a-e4f1ce09fdb1)...
2023-08-31 20:24:42.325 [info] Creating a socket (renderer-Tunnel-58e4b923-8b3a-4560-bc7a-e4f1ce09fdb1) was successful after 32 ms.
2023-08-31 20:52:42.440 [info] Creating a socket (renderer-Tunnel-1e42c7d7-4708-46b6-8877-bd4ae6c2d709)...
2023-08-31 20:52:42.473 [info] Creating a socket (renderer-Tunnel-1e42c7d7-4708-46b6-8877-bd4ae6c2d709) was successful after 34 ms.
2023-08-31 20:53:47.669 [info] Creating a socket (renderer-Tunnel-79cf4ae5-766d-494a-b4a5-8416ed172d4c)...
2023-08-31 20:53:47.700 [info] Creating a socket (renderer-Tunnel-79cf4ae5-766d-494a-b4a5-8416ed172d4c) was successful after 30 ms.
2023-08-31 20:53:59.294 [info] Creating a socket (renderer-Tunnel-295b5587-3455-41a3-b91a-ad42c1408d3b)...
2023-08-31 20:53:59.336 [info] Creating a socket (renderer-Tunnel-295b5587-3455-41a3-b91a-ad42c1408d3b) was successful after 43 ms.
2023-08-31 20:54:41.095 [info] Creating a socket (renderer-Tunnel-0da19321-1cc3-4d7b-9447-2cad0efd6578)...
2023-08-31 20:54:41.127 [info] Creating a socket (renderer-Tunnel-0da19321-1cc3-4d7b-9447-2cad0efd6578) was successful after 31 ms.
2023-08-31 20:55:50.734 [info] Creating a socket (renderer-Tunnel-977b1ad2-9483-4610-b845-b1569771f5c2)...
2023-08-31 20:55:50.760 [info] Creating a socket (renderer-Tunnel-977b1ad2-9483-4610-b845-b1569771f5c2) was successful after 25 ms.
2023-08-31 20:56:14.333 [info] Creating a socket (renderer-Tunnel-f26e2b5d-6891-4eeb-9566-721ae3898f4e)...
2023-08-31 20:56:14.361 [info] Creating a socket (renderer-Tunnel-f26e2b5d-6891-4eeb-9566-721ae3898f4e) was successful after 29 ms.
2023-08-31 20:58:16.159 [info] Creating a socket (renderer-Tunnel-5f3f90d0-3354-4f51-8733-194a30f4cc83)...
2023-08-31 20:58:16.194 [info] Creating a socket (renderer-Tunnel-5f3f90d0-3354-4f51-8733-194a30f4cc83) was successful after 35 ms.
2023-08-31 20:59:03.870 [info] Creating a socket (renderer-Tunnel-e8723202-4d71-4398-8b8f-450072abd8b7)...
2023-08-31 20:59:03.908 [info] Creating a socket (renderer-Tunnel-e8723202-4d71-4398-8b8f-450072abd8b7) was successful after 38 ms.
2023-08-31 21:00:19.255 [info] Creating a socket (renderer-Tunnel-b9e0b9d2-bf52-4b74-8e9b-d4ed19710144)...
2023-08-31 21:00:19.335 [info] Creating a socket (renderer-Tunnel-b9e0b9d2-bf52-4b74-8e9b-d4ed19710144) was successful after 80 ms.
2023-08-31 21:00:37.170 [info] Creating a socket (renderer-Tunnel-f9360693-152e-4cbb-ac9c-e28f3a96f46b)...
2023-08-31 21:00:37.244 [info] Creating a socket (renderer-Tunnel-f9360693-152e-4cbb-ac9c-e28f3a96f46b) was successful after 71 ms.
2023-08-31 21:00:44.711 [info] Creating a socket (renderer-Tunnel-11254040-4ae3-4da4-b879-86059300cd47)...
2023-08-31 21:00:44.863 [info] Creating a socket (renderer-Tunnel-11254040-4ae3-4da4-b879-86059300cd47) was successful after 150 ms.
2023-08-31 21:00:58.572 [info] Creating a socket (renderer-Tunnel-7edf4fa9-dbe3-409e-b228-f2828aa3e159)...
2023-08-31 21:00:58.666 [info] Creating a socket (renderer-Tunnel-7edf4fa9-dbe3-409e-b228-f2828aa3e159) was successful after 92 ms.
2023-08-31 21:01:22.690 [info] Creating a socket (renderer-Tunnel-a917fb64-92c5-4041-be46-5e17fcd3fa1c)...
2023-08-31 21:01:22.719 [info] Creating a socket (renderer-Tunnel-a917fb64-92c5-4041-be46-5e17fcd3fa1c) was successful after 30 ms.
2023-08-31 21:01:51.109 [info] Creating a socket (renderer-Tunnel-2fbe0c8a-73f4-4c53-aa96-02548d3d3307)...
2023-08-31 21:01:51.136 [info] Creating a socket (renderer-Tunnel-2fbe0c8a-73f4-4c53-aa96-02548d3d3307) was successful after 27 ms.
2023-08-31 21:02:09.464 [info] Creating a socket (renderer-Tunnel-2ac5a320-1a5c-450b-9fbd-007e8852e5bd)...
2023-08-31 21:02:09.520 [info] Creating a socket (renderer-Tunnel-2ac5a320-1a5c-450b-9fbd-007e8852e5bd) was successful after 55 ms.
2023-08-31 21:02:17.972 [info] Creating a socket (renderer-Tunnel-b1b0bb13-8cd7-411f-9033-44a6aeaaf334)...
2023-08-31 21:02:18.008 [info] Creating a socket (renderer-Tunnel-b1b0bb13-8cd7-411f-9033-44a6aeaaf334) was successful after 36 ms.
2023-08-31 21:02:23.897 [info] Creating a socket (renderer-Tunnel-54a612d0-1534-4c70-b4bc-974872379539)...
2023-08-31 21:02:23.946 [info] Creating a socket (renderer-Tunnel-54a612d0-1534-4c70-b4bc-974872379539) was successful after 50 ms.
2023-08-31 21:02:35.645 [info] Creating a socket (renderer-Tunnel-95ed560f-91d9-4f77-9121-b5150262fde5)...
2023-08-31 21:02:35.690 [info] Creating a socket (renderer-Tunnel-95ed560f-91d9-4f77-9121-b5150262fde5) was successful after 44 ms.
2023-08-31 21:02:44.816 [info] Creating a socket (renderer-Tunnel-66b5ba85-85f7-4179-9a15-e70644d6cc75)...
2023-08-31 21:02:44.842 [info] Creating a socket (renderer-Tunnel-66b5ba85-85f7-4179-9a15-e70644d6cc75) was successful after 26 ms.
2023-08-31 21:02:56.435 [info] Creating a socket (renderer-Tunnel-538291b0-b98b-4260-b2fb-cc223842dec2)...
2023-08-31 21:02:56.466 [info] Creating a socket (renderer-Tunnel-538291b0-b98b-4260-b2fb-cc223842dec2) was successful after 32 ms.
2023-08-31 21:03:07.821 [info] Creating a socket (renderer-Tunnel-8e2e5023-47d8-4aed-acd0-d6d5bda21a88)...
2023-08-31 21:03:07.853 [info] Creating a socket (renderer-Tunnel-8e2e5023-47d8-4aed-acd0-d6d5bda21a88) was successful after 31 ms.
2023-08-31 21:03:21.115 [info] Creating a socket (renderer-Tunnel-64e3ec78-577f-44c0-8dfd-9f6bacd41373)...
2023-08-31 21:03:21.138 [info] Creating a socket (renderer-Tunnel-64e3ec78-577f-44c0-8dfd-9f6bacd41373) was successful after 24 ms.
2023-08-31 21:03:56.061 [info] Creating a socket (renderer-Tunnel-38d0a1a4-2368-4e93-a23d-e6eea1d21924)...
2023-08-31 21:03:56.105 [info] Creating a socket (renderer-Tunnel-38d0a1a4-2368-4e93-a23d-e6eea1d21924) was successful after 44 ms.
2023-08-31 21:04:27.747 [info] Creating a socket (renderer-Tunnel-78bf8c1a-7d18-4eaf-b4bc-b5b8a3027f29)...
2023-08-31 21:04:27.801 [info] Creating a socket (renderer-Tunnel-78bf8c1a-7d18-4eaf-b4bc-b5b8a3027f29) was successful after 54 ms.
2023-08-31 21:04:37.376 [info] Creating a socket (renderer-Tunnel-702ad88f-8713-4fa5-9504-68360e4d8446)...
2023-08-31 21:04:37.414 [info] Creating a socket (renderer-Tunnel-702ad88f-8713-4fa5-9504-68360e4d8446) was successful after 38 ms.
2023-08-31 21:05:40.219 [info] Creating a socket (renderer-Tunnel-e7536494-8c32-401c-9fe9-afb390cebb38)...
2023-08-31 21:05:40.247 [info] Creating a socket (renderer-Tunnel-e7536494-8c32-401c-9fe9-afb390cebb38) was successful after 28 ms.
2023-08-31 21:05:45.562 [info] Creating a socket (renderer-Tunnel-27b54e45-94b3-495a-8ed1-14efa270d18d)...
2023-08-31 21:05:45.593 [info] Creating a socket (renderer-Tunnel-27b54e45-94b3-495a-8ed1-14efa270d18d) was successful after 30 ms.
2023-08-31 21:05:51.422 [info] Creating a socket (renderer-Tunnel-6339a030-eb6c-47d5-bab1-fbea9545b2e8)...
2023-08-31 21:05:51.474 [info] Creating a socket (renderer-Tunnel-6339a030-eb6c-47d5-bab1-fbea9545b2e8) was successful after 52 ms.
2023-08-31 21:07:40.315 [info] Creating a socket (renderer-Tunnel-012ef73a-86ff-428b-ab63-d50c93f6b1d6)...
2023-08-31 21:07:40.340 [info] Creating a socket (renderer-Tunnel-012ef73a-86ff-428b-ab63-d50c93f6b1d6) was successful after 25 ms.
2023-08-31 21:07:56.260 [info] Creating a socket (renderer-Tunnel-3788a0d1-c1e8-4af1-8d99-85dc5f8b182a)...
2023-08-31 21:07:56.289 [info] Creating a socket (renderer-Tunnel-3788a0d1-c1e8-4af1-8d99-85dc5f8b182a) was successful after 29 ms.
2023-08-31 21:08:01.771 [info] Creating a socket (renderer-Tunnel-26ea2c48-24f5-40cc-9e83-7cb825fa8d71)...
2023-08-31 21:08:01.798 [info] Creating a socket (renderer-Tunnel-26ea2c48-24f5-40cc-9e83-7cb825fa8d71) was successful after 27 ms.
2023-08-31 21:08:06.092 [info] Creating a socket (renderer-Tunnel-e6203d3a-4c11-4fd6-bed7-0bb851a5b8d3)...
2023-08-31 21:08:06.132 [info] Creating a socket (renderer-Tunnel-e6203d3a-4c11-4fd6-bed7-0bb851a5b8d3) was successful after 39 ms.
2023-08-31 21:08:26.234 [info] Creating a socket (renderer-Tunnel-da4ee398-5e14-4833-8f04-77d747ddd86e)...
2023-08-31 21:08:26.262 [info] Creating a socket (renderer-Tunnel-da4ee398-5e14-4833-8f04-77d747ddd86e) was successful after 28 ms.
2023-08-31 21:08:32.967 [info] Creating a socket (renderer-Tunnel-ce3aaab6-486b-4200-95d1-2bb37a27b20a)...
2023-08-31 21:08:33.013 [info] Creating a socket (renderer-Tunnel-ce3aaab6-486b-4200-95d1-2bb37a27b20a) was successful after 46 ms.
2023-08-31 21:10:19.614 [info] Creating a socket (renderer-Tunnel-0c3a957c-210d-4ca7-bd9c-c6e2ca00956e)...
2023-08-31 21:10:19.647 [info] Creating a socket (renderer-Tunnel-0c3a957c-210d-4ca7-bd9c-c6e2ca00956e) was successful after 34 ms.
2023-08-31 21:10:45.948 [info] Creating a socket (renderer-Tunnel-ad958cc8-05e4-4e67-a24e-c1d5493213d8)...
2023-08-31 21:10:45.989 [info] Creating a socket (renderer-Tunnel-ad958cc8-05e4-4e67-a24e-c1d5493213d8) was successful after 41 ms.
2023-08-31 21:10:51.317 [info] Creating a socket (renderer-Tunnel-c3a0c578-cc1b-4532-b6d9-c4ce06b4a3c6)...
2023-08-31 21:10:51.347 [info] Creating a socket (renderer-Tunnel-c3a0c578-cc1b-4532-b6d9-c4ce06b4a3c6) was successful after 30 ms.
2023-08-31 21:10:58.726 [info] Creating a socket (renderer-Tunnel-9eea8456-5fb5-469f-886b-f4de8c49ecfe)...
2023-08-31 21:10:58.749 [info] Creating a socket (renderer-Tunnel-9eea8456-5fb5-469f-886b-f4de8c49ecfe) was successful after 23 ms.
2023-08-31 21:11:05.358 [info] Creating a socket (renderer-Tunnel-d1d3b4e9-9a3b-4a3d-8388-da5ad1c24194)...
2023-08-31 21:11:05.398 [info] Creating a socket (renderer-Tunnel-d1d3b4e9-9a3b-4a3d-8388-da5ad1c24194) was successful after 39 ms.
2023-08-31 21:12:29.149 [info] Creating a socket (renderer-Tunnel-67669c50-2883-40dc-a5c1-d306ec5ae639)...
2023-08-31 21:12:29.177 [info] Creating a socket (renderer-Tunnel-67669c50-2883-40dc-a5c1-d306ec5ae639) was successful after 28 ms.
2023-08-31 21:13:11.276 [info] Creating a socket (renderer-Tunnel-03a9de88-eddd-418a-b901-880c2abf4207)...
2023-08-31 21:13:11.303 [info] Creating a socket (renderer-Tunnel-03a9de88-eddd-418a-b901-880c2abf4207) was successful after 26 ms.
2023-08-31 21:13:30.327 [info] Creating a socket (renderer-Tunnel-fd5c7411-01c7-4577-ae2e-e54eef5ee305)...
2023-08-31 21:13:30.388 [info] Creating a socket (renderer-Tunnel-fd5c7411-01c7-4577-ae2e-e54eef5ee305) was successful after 61 ms.
2023-08-31 21:13:54.403 [info] Creating a socket (renderer-Tunnel-84a6543d-fce8-4518-9fd7-5c1260adb770)...
2023-08-31 21:13:54.433 [info] Creating a socket (renderer-Tunnel-84a6543d-fce8-4518-9fd7-5c1260adb770) was successful after 30 ms.
2023-08-31 21:15:02.019 [info] Creating a socket (renderer-Tunnel-f39f9afe-e84d-4ec4-901c-c9a1e3e89a95)...
2023-08-31 21:15:02.124 [info] Creating a socket (renderer-Tunnel-f39f9afe-e84d-4ec4-901c-c9a1e3e89a95) was successful after 103 ms.
2023-08-31 21:15:29.638 [info] Creating a socket (renderer-Tunnel-e14fbe6b-ee56-4e34-8cb3-0ea1b705b740)...
2023-08-31 21:15:29.683 [info] Creating a socket (renderer-Tunnel-e14fbe6b-ee56-4e34-8cb3-0ea1b705b740) was successful after 44 ms.
2023-08-31 21:15:48.986 [info] Creating a socket (renderer-Tunnel-13a202a3-d4ce-4b21-964e-9e44128459ce)...
2023-08-31 21:15:49.044 [info] Creating a socket (renderer-Tunnel-13a202a3-d4ce-4b21-964e-9e44128459ce) was successful after 58 ms.
2023-08-31 21:15:57.469 [info] Creating a socket (renderer-Tunnel-468c03d2-0b4f-4d24-a0a5-ae2283bfb63f)...
2023-08-31 21:15:57.511 [info] Creating a socket (renderer-Tunnel-468c03d2-0b4f-4d24-a0a5-ae2283bfb63f) was successful after 43 ms.
2023-08-31 21:16:29.081 [info] Creating a socket (renderer-Tunnel-fd63de48-0b7d-428c-a04e-8b3f6ee8f921)...
2023-08-31 21:16:29.105 [info] Creating a socket (renderer-Tunnel-fd63de48-0b7d-428c-a04e-8b3f6ee8f921) was successful after 25 ms.
2023-08-31 21:16:43.274 [info] Creating a socket (renderer-Tunnel-686b8958-566a-442c-9dbc-7f4ee359ae14)...
2023-08-31 21:16:43.301 [info] Creating a socket (renderer-Tunnel-686b8958-566a-442c-9dbc-7f4ee359ae14) was successful after 26 ms.
2023-08-31 21:17:08.186 [info] Creating a socket (renderer-Tunnel-dafe50d7-5db9-4ca0-b1eb-59e4668e23d6)...
2023-08-31 21:17:08.214 [info] Creating a socket (renderer-Tunnel-dafe50d7-5db9-4ca0-b1eb-59e4668e23d6) was successful after 28 ms.
2023-08-31 21:17:16.628 [info] Creating a socket (renderer-Tunnel-6e22830f-86eb-4ab9-b5ba-acddc8c59343)...
2023-08-31 21:17:16.679 [info] Creating a socket (renderer-Tunnel-6e22830f-86eb-4ab9-b5ba-acddc8c59343) was successful after 51 ms.
2023-08-31 21:17:22.899 [info] Creating a socket (renderer-Tunnel-32aa614a-b9c4-4766-b050-8bbdd1e6e2e1)...
2023-08-31 21:17:22.933 [info] Creating a socket (renderer-Tunnel-32aa614a-b9c4-4766-b050-8bbdd1e6e2e1) was successful after 33 ms.
2023-08-31 21:17:53.902 [info] Creating a socket (renderer-Tunnel-318e8bd6-f739-4ce5-bf8a-f8be385d003e)...
2023-08-31 21:17:53.931 [info] Creating a socket (renderer-Tunnel-318e8bd6-f739-4ce5-bf8a-f8be385d003e) was successful after 27 ms.
2023-08-31 21:18:10.549 [info] Creating a socket (renderer-Tunnel-1a4f4123-51de-4043-bf9d-07db68ffe563)...
2023-08-31 21:18:10.579 [info] Creating a socket (renderer-Tunnel-1a4f4123-51de-4043-bf9d-07db68ffe563) was successful after 30 ms.
2023-08-31 21:18:19.843 [info] Creating a socket (renderer-Tunnel-888859e5-206f-44f9-9d33-60a09b9cd627)...
2023-08-31 21:18:19.875 [info] Creating a socket (renderer-Tunnel-888859e5-206f-44f9-9d33-60a09b9cd627) was successful after 32 ms.
2023-08-31 21:28:38.534 [info] Creating a socket (renderer-Tunnel-9a3a0007-7820-4ac7-807c-be85be33531c)...
2023-08-31 21:28:38.560 [info] Creating a socket (renderer-Tunnel-9a3a0007-7820-4ac7-807c-be85be33531c) was successful after 25 ms.
2023-08-31 21:28:46.750 [info] Creating a socket (renderer-Tunnel-761e2559-a64f-4920-b3d8-a03efa3f6496)...
2023-08-31 21:28:46.774 [info] Creating a socket (renderer-Tunnel-761e2559-a64f-4920-b3d8-a03efa3f6496) was successful after 24 ms.
2023-08-31 21:28:57.386 [info] Creating a socket (renderer-Tunnel-59cec671-b9d6-434a-aa93-a7e49a7d15ec)...
2023-08-31 21:28:57.422 [info] Creating a socket (renderer-Tunnel-59cec671-b9d6-434a-aa93-a7e49a7d15ec) was successful after 35 ms.
2023-08-31 21:29:13.103 [info] Creating a socket (renderer-Tunnel-506acec1-14e3-4abf-8fda-a3304ffe6feb)...
2023-08-31 21:29:13.134 [info] Creating a socket (renderer-Tunnel-506acec1-14e3-4abf-8fda-a3304ffe6feb) was successful after 32 ms.
2023-08-31 21:30:09.112 [info] Creating a socket (renderer-Tunnel-9e040e2b-8ca5-4285-a912-bc3db7e12582)...
2023-08-31 21:30:09.180 [info] Creating a socket (renderer-Tunnel-9e040e2b-8ca5-4285-a912-bc3db7e12582) was successful after 67 ms.
2023-08-31 21:31:34.467 [info] Creating a socket (renderer-Tunnel-d8e5a423-a789-4fcc-b7eb-ea10e3ca63cf)...
2023-08-31 21:31:34.503 [info] Creating a socket (renderer-Tunnel-d8e5a423-a789-4fcc-b7eb-ea10e3ca63cf) was successful after 37 ms.
2023-08-31 21:32:07.913 [info] Creating a socket (renderer-Tunnel-0a2dc2b3-8974-4016-9a5c-7eba63097b4e)...
2023-08-31 21:32:07.957 [info] Creating a socket (renderer-Tunnel-0a2dc2b3-8974-4016-9a5c-7eba63097b4e) was successful after 44 ms.
2023-08-31 21:32:55.966 [info] Creating a socket (renderer-Tunnel-f045a7f4-e596-43a9-8920-0dc5ee9f04da)...
2023-08-31 21:32:56.004 [info] Creating a socket (renderer-Tunnel-f045a7f4-e596-43a9-8920-0dc5ee9f04da) was successful after 38 ms.
2023-08-31 21:50:41.864 [info] Creating a socket (renderer-Tunnel-0606762c-8e96-451d-bca2-799982f31135)...
2023-08-31 21:50:41.894 [info] Creating a socket (renderer-Tunnel-0606762c-8e96-451d-bca2-799982f31135) was successful after 29 ms.
2023-08-31 21:50:49.230 [info] Creating a socket (renderer-Tunnel-fb980817-2ca7-4923-aa10-48d2ed6747c4)...
2023-08-31 21:50:49.266 [info] Creating a socket (renderer-Tunnel-fb980817-2ca7-4923-aa10-48d2ed6747c4) was successful after 36 ms.
2023-08-31 21:51:31.801 [info] Creating a socket (renderer-Tunnel-c5e9e20c-3ded-4546-90dd-fe95ba09ff4b)...
2023-08-31 21:51:31.849 [info] Creating a socket (renderer-Tunnel-c5e9e20c-3ded-4546-90dd-fe95ba09ff4b) was successful after 47 ms.
2023-08-31 21:52:32.651 [info] Creating a socket (renderer-Tunnel-6b3b9e0c-920d-4564-a79c-f9f46490e70a)...
2023-08-31 21:52:32.689 [info] Creating a socket (renderer-Tunnel-6b3b9e0c-920d-4564-a79c-f9f46490e70a) was successful after 37 ms.
2023-08-31 21:52:43.515 [info] Creating a socket (renderer-Tunnel-c5e1d6ed-b24d-43b5-8697-9de1ec636a15)...
2023-08-31 21:52:43.572 [info] Creating a socket (renderer-Tunnel-c5e1d6ed-b24d-43b5-8697-9de1ec636a15) was successful after 58 ms.
2023-08-31 21:52:48.240 [info] Creating a socket (renderer-Tunnel-494d2cc1-eff3-491e-9367-b851c5d52bfd)...
2023-08-31 21:52:48.278 [info] Creating a socket (renderer-Tunnel-494d2cc1-eff3-491e-9367-b851c5d52bfd) was successful after 38 ms.
2023-08-31 21:53:38.274 [info] [SharedProcessTunnelService] Disposing tunnel 2.
2023-08-31 22:35:57.432 [error] [uncaught exception in sharedProcess]: net::ERR_NETWORK_CHANGED: Error: net::ERR_NETWORK_CHANGED
    at SimpleURLLoaderWrapper.<anonymous> (node:electron/js2c/browser_init:2:49312)
    at SimpleURLLoaderWrapper.emit (node:events:513:28)
2023-08-31 22:35:57.433 [error] [uncaught exception in sharedProcess]: net::ERR_NETWORK_CHANGED: Error: net::ERR_NETWORK_CHANGED
    at SimpleURLLoaderWrapper.<anonymous> (node:electron/js2c/browser_init:2:49312)
    at SimpleURLLoaderWrapper.emit (node:events:513:28)
